trsact: data/conditions/data_714.csv.4lcm53 ,#transactions 16228 ,#items 107 ,size 19113 extracted database: #transactions 16228 ,#items 101 ,size 19106
 output to: data/conditions/data_714.csv.4lcm53.results.lcm/data_714.csv.4lcm53.lowsup3.closed
separated at 0
iters=1809
1755
1
100
483
671
393
96
10
1
finish calculation of K: 1754
3
--- testing 1 : set([14])p: 3.32151716701e-11
--- testing 2 : set([105])p: 0.000137018566123
--- testing 3 : set([105, 14])p: 9.8269404014e-06
--- testing 4 : set([38])p: 1.18635995107e-06
--- testing 5 : set([14, 38])p: 4.04279953543e-09
--- testing 6 : set([34])p: 0.0148794588475
--- testing 7 : set([50])p: 5.26073401083e-08
--- testing 8 : set([105, 50])p: 0.00195085590918
--- testing 9 : set([26])p: 5.62265757591e-11
--- testing 10 : set([53])p: 0.0794170176741
--- testing 11 : set([105, 53])p: 0.152513866622
--- testing 12 : set([79])p: 6.13403506397e-05
--- testing 13 : set([2])p: 0.000659481767031
--- testing 14 : set([64])p: 1.11971035986e-06
--- testing 15 : set([81])p: 6.23312531048e-10
--- testing 16 : set([10])p: 0.0330056777984
--- testing 17 : set([96])p: 1.14643459234e-15
--- testing 18 : set([105, 38])p: 0.000540920101849
--- testing 19 : set([4])p: 0.0354133256713
--- testing 20 : set([105, 34])p: 0.00409535196669
--- testing 21 : set([34, 14])p: 4.47446400976e-05
--- testing 22 : set([50, 14])p: 1.94968523639e-09
--- testing 23 : set([105, 79])p: 0.00339338273379
--- testing 24 : set([50, 53])p: 0.142718208413
--- testing 25 : set([26, 14])p: 7.228400965e-05
--- testing 26 : set([34, 38])p: 0.000489347237659
--- testing 27 : set([10, 38])p: 0.00339107498
--- testing 28 : set([105, 50, 53])p: 0.0724631331037
--- testing 29 : set([26, 38])p: 0.00127956712552
--- testing 30 : set([2, 14])p: 0.000377704468888
--- testing 31 : set([10, 14])p: 0.00714068810596
--- testing 32 : set([6])p: 0.248412641926
--- testing 33 : set([105, 26])p: 4.30854570948e-06
--- testing 34 : set([64, 14])p: 1.30704654878e-05
--- testing 35 : set([50, 38])p: 4.11710518679e-05
--- testing 36 : set([50, 79])p: 0.00831474396132
--- testing 37 : set([50, 34])p: 0.0442159741067
--- testing 38 : set([105, 2])p: 0.031999669085
--- testing 39 : set([26, 34])p: 0.0639628246162
--- testing 40 : set([23])p: 0.53043982374
--- testing 41 : set([14, 79])p: 8.83168011028e-05
--- testing 42 : set([8])p: 0.519526841415
--- testing 43 : set([53, 14])p: 0.0383148482523
--- testing 44 : set([105, 50, 14])p: 1.14349233837e-05
--- testing 45 : set([96, 14])p: 1.84755423758e-06
--- testing 46 : set([64, 38])p: 0.000103634930678
--- testing 47 : set([106])p: 0.0624677541158
--- testing 48 : set([31])p: 3.97867317808e-06
--- testing 49 : set([86])p: 0.587074313093
--- testing 50 : set([95])p: 0.00254133751476
--- testing 51 : set([105, 14, 38])p: 0.00189892330197
--- testing 52 : set([34, 79])p: 0.0139469864454
--- testing 53 : set([2, 38])p: 0.0139469864454
--- testing 54 : set([53, 38])p: 0.00139545778461
--- testing 55 : set([81, 14])p: 4.83750038499e-06
--- testing 56 : set([105, 50, 79])p: 0.0264151595649
--- testing 57 : set([10, 14, 38])p: 0.00236390748381
--- testing 58 : set([38, 79])p: 0.0211309840254
--- testing 59 : set([81, 105])p: 2.81482679922e-07
--- testing 60 : set([26, 50])p: 0.108892398013
--- testing 61 : set([81, 38])p: 0.000361848621638
--- testing 62 : set([64, 105])p: 0.00129588700094
--- testing 63 : set([105, 50, 34])p: 0.0128874901582
--- testing 64 : set([34, 53])p: 0.0293281819346
--- testing 65 : set([2, 34])p: 0.074334489064
--- testing 66 : set([105, 50, 38])p: 0.00236307060664
--- testing 67 : set([34, 14, 38])p: 0.000128569212027
--- testing 68 : set([105, 53, 14])p: 0.024168581337
--- testing 69 : set([2, 50])p: 0.00774611040807
--- testing 70 : set([96, 105])p: 2.16667959708e-05
--- testing 71 : set([60])p: 0.298859824214
--- testing 72 : set([105, 10])p: 0.00603862961791
--- testing 73 : set([26, 14, 38])p: 0.0176560554756
--- testing 74 : set([96, 38])p: 8.69457148276e-06
--- testing 75 : set([53, 79])p: 0.717768236776
--- testing 76 : set([26, 79])p: 0.00324651197894
--- testing 77 : set([64, 2])p: 0.0110408854912
--- testing 78 : set([20])p: 0.434820677644
--- testing 79 : set([96, 34])p: 0.000504159432749
--- testing 80 : set([72])p: 0.411266386721
--- testing 81 : set([105, 34, 14])p: 0.00742347122114
--- testing 82 : set([50, 14, 38])p: 0.000377128730191
--- testing 83 : set([81, 79])p: 0.000377128730191
--- testing 84 : set([105, 53, 38])p: 0.00644002146862
--- testing 85 : set([54])p: 0.172964763893
--- testing 86 : set([26, 53])p: 0.621823224195
--- testing 87 : set([105, 53, 79])p: 0.621823224195
--- testing 88 : set([105, 34, 38])p: 0.00406625051344
--- testing 89 : set([64, 14, 38])p: 0.00017982452732
--- testing 90 : set([105, 26, 14])p: 0.000748743966513
--- testing 91 : set([36])p: 0.00344576831875
--- testing 92 : set([4, 14])p: 0.306767927322
--- testing 93 : set([92])p: 0.860971591527
--- testing 94 : set([4, 38])p: 0.0119540046371
--- testing 95 : set([90])p: 0.123900554773
--- testing 96 : set([64, 50])p: 0.000548598807869
--- testing 97 : set([32])p: 0.565142432118
--- testing 98 : set([105, 26, 50])p: 0.11391854224
--- testing 99 : set([2, 26])p: 0.0375028372379
--- testing 100 : set([64, 34])p: 0.0103246931037
--- testing 101 : set([2, 14, 38])p: 0.033267320356
--- testing 102 : set([105, 2, 50])p: 0.033267320356
--- testing 103 : set([81, 34])p: 0.00885958688293
--- testing 104 : set([39])p: 0.266532688167
--- testing 105 : set([98])p: 0.00200916627513
--- testing 106 : set([64, 26])p: 5.92486224575e-05
--- testing 107 : set([55])p: 0.530113547422
--- testing 108 : set([105, 34, 53])p: 0.00754958077775
--- testing 109 : set([81, 50])p: 9.86771522214e-07
--- testing 110 : set([105, 34, 79])p: 0.00694983069208
--- testing 111 : set([105, 14, 79])p: 0.0257251017659
--- testing 112 : set([105, 4])p: 0.0862809493335
--- testing 113 : set([96, 26])p: 6.24890405536e-08
--- testing 114 : set([57])p: 0.812429550372
--- testing 115 : set([15])p: 0.474091890871
--- testing 116 : set([26, 34, 14])p: 0.794805006147
--- testing 117 : set([50, 53, 14])p: 0.0193778979332
--- testing 118 : set([2, 79])p: 0.0193778979332
--- testing 119 : set([10, 34])p: 0.0699275612804
--- testing 120 : set([96, 64])p: 3.2344957644e-08
--- testing 121 : set([81, 26])p: 0.00367172465733
--- testing 122 : set([105, 26, 34])p: 0.434574700846
--- testing 123 : set([96, 50])p: 8.21168221712e-05
--- testing 124 : set([105, 26, 38])p: 0.0130180285413
--- testing 125 : set([26, 34, 38])p: 0.166744025229
--- testing 126 : set([10, 26])p: 0.0026936079758
--- testing 127 : set([96, 2])p: 0.0026936079758
--- testing 128 : set([2, 53])p: 0.40391260198
--- testing 129 : set([14, 6])p: 0.40391260198
--- testing 130 : set([105, 50, 53, 14])p: 0.0109290724601
--- testing 131 : set([50, 53, 79])p: 0.746986510472
--- testing 132 : set([105, 2, 14])p: 0.0109290724601
--- testing 133 : set([105, 50, 53, 79])p: 0.739302349355
--- testing 134 : set([8, 14])p: 0.383036030446
--- testing 135 : set([14, 38, 79])p: 0.372479991368
--- testing 136 : set([105, 10, 38])p: 0.00908137269224
--- testing 137 : set([41])p: 0.372479991368
--- testing 138 : set([62])p: 0.372479991368
--- testing 139 : set([50, 34, 14])p: 0.0002336299868
--- testing 140 : set([105, 26, 53])p: 0.351157158827
--- testing 141 : set([64, 79])p: 0.034239659846
--- testing 142 : set([81, 53])p: 0.00746119087132
--- testing 143 : set([81, 2])p: 2.30345298047e-06
--- testing 144 : set([105, 106])p: 0.340401383403
--- testing 145 : set([14, 31])p: 0.00673191063994
--- testing 146 : set([14, 53, 38])p: 0.029254459338
--- testing 147 : set([2, 50, 14])p: 0.0010265603998
--- testing 148 : set([105, 50, 14, 38])p: 0.0269344146779
--- testing 149 : set([26, 50, 14])p: 0.31873166915
--- testing 150 : set([105, 10, 14])p: 0.0269344146779
--- testing 151 : set([10, 50])p: 0.106173239575
--- testing 152 : set([105, 38, 79])p: 0.0247283804746
--- testing 153 : set([64, 53])p: 0.307831236864
--- testing 154 : set([81, 14, 38])p: 0.000775830584523
--- testing 155 : set([96, 14, 38])p: 0.000775830584523
--- testing 156 : set([34, 4])p: 0.00484466727681
--- testing 157 : set([14, 23])p: 0.100077945352
--- testing 158 : set([38, 23])p: 0.67858333499
--- testing 159 : set([50, 53, 38])p: 0.0226353580327
--- testing 160 : set([96, 79])p: 0.00430929402783
--- testing 161 : set([38, 6])p: 0.2968968531
--- testing 162 : set([14, 95])p: 0.0941292954934
--- testing 163 : set([34, 95])p: 0.0226353580327
--- testing 164 : set([26, 95])p: 0.0226353580327
--- testing 165 : set([50, 14, 79])p: 0.00381746105404
--- testing 166 : set([64, 2, 14])p: 0.0883324897534
--- testing 167 : set([50, 34, 53])p: 0.018783417383
--- testing 168 : set([50, 34, 79])p: 0.0826926291009
--- testing 169 : set([105, 2, 34])p: 0.00336714951819
--- testing 170 : set([64, 105, 14])p: 0.018783417383
--- testing 171 : set([105, 6])p: 0.648417928944
--- testing 172 : set([75])p: 0.0826926291009
--- testing 173 : set([64, 105, 50])p: 0.000417393044731
--- testing 174 : set([26, 4])p: 0.0170215581984
--- testing 175 : set([105, 34, 14, 38])p: 0.0719035373912
--- testing 176 : set([14, 86])p: 0.626754251295
--- testing 177 : set([65])p: 0.252986115258
--- testing 178 : set([26, 34, 50])p: 0.615427944142
--- testing 179 : set([105, 50, 34, 53])p: 0.0138172650969
--- testing 180 : set([105, 26, 79])p: 0.242011413569
--- testing 181 : set([2, 34, 14])p: 0.0667638362791
--- testing 182 : set([105, 23])p: 0.0667638362791
--- testing 183 : set([60, 14])p: 0.0667638362791
--- testing 184 : set([105, 50, 53, 38])p: 0.0123707306262
--- testing 185 : set([2, 26, 14])p: 0.231058439988
--- testing 186 : set([105, 2, 53])p: 0.231058439988
--- testing 187 : set([50, 4])p: 0.0123707306262
--- testing 188 : set([26, 50, 38])p: 0.591736089253
--- testing 189 : set([81, 50, 105])p: 1.73977410083e-06
--- testing 190 : set([64, 10])p: 0.0110248805859
--- testing 191 : set([96, 105, 14])p: 0.0110248805859
--- testing 192 : set([8, 105])p: 1.0
--- testing 193 : set([105, 31])p: 0.220138546778
--- testing 194 : set([38, 86])p: 0.220138546778
--- testing 195 : set([50, 34, 38])p: 0.000166948589161
--- testing 196 : set([81, 14, 105])p: 0.000166948589161
--- testing 197 : set([64, 81])p: 0.00142320552003
--- testing 198 : set([96, 53])p: 0.209263750882
--- testing 199 : set([8, 26])p: 0.579349504504
--- testing 200 : set([105, 95])p: 0.00977718131358
--- testing 201 : set([72, 38])p: 0.579349504504
--- testing 202 : set([38, 39])p: 0.579349504504
--- testing 203 : set([34, 53, 14])p: 0.00862490879033
--- testing 204 : set([105, 2, 38])p: 0.00862490879033
--- testing 205 : set([81, 105, 79])p: 0.00120660949746
--- testing 206 : set([10, 26, 14])p: 0.00120660949746
--- testing 207 : set([105, 86])p: 1.0
--- testing 208 : set([14, 39])p: 0.566587926793
--- testing 209 : set([10, 79])p: 0.00101538426319
--- testing 210 : set([96, 81])p: 0.00756515174849
--- testing 211 : set([72, 14])p: 0.187701021558
--- testing 212 : set([26, 53, 14])p: 1.0
--- testing 213 : set([34, 14, 79])p: 0.177040718627
--- testing 214 : set([81, 53, 105])p: 0.0397622897416
--- testing 215 : set([10, 34, 38])p: 0.0397622897416
--- testing 216 : set([81, 10])p: 0.0397622897416
--- testing 217 : set([96, 4])p: 0.0397622897416
--- testing 218 : set([38, 31])p: 0.00659481582474
--- testing 219 : set([26, 31])p: 0.539894138976
--- testing 220 : set([70])p: 0.539894138976
--- testing 221 : set([85])p: 0.177040718627
--- testing 222 : set([105, 50, 34, 14])p: 6.87718510981e-05
--- testing 223 : set([26, 50, 53])p: 1.0
--- testing 224 : set([50, 38, 79])p: 0.0359352735204
--- testing 225 : set([26, 14, 79])p: 0.0057106288486
--- testing 226 : set([10, 26, 38])p: 0.0359352735204
--- testing 227 : set([96, 34, 14])p: 0.0057106288486
--- testing 228 : set([64, 4])p: 0.0359352735204
--- testing 229 : set([8, 34])p: 0.525938238194
--- testing 230 : set([106, 14])p: 0.166480839482
--- testing 231 : set([106, 38])p: 0.166480839482
--- testing 232 : set([105, 14, 53, 38])p: 0.0323083161598
--- testing 233 : set([105, 50, 34, 79])p: 0.0323083161598
--- testing 234 : set([26, 34, 79])p: 0.511559942245
--- testing 235 : set([2, 34, 38])p: 0.0323083161598
--- testing 236 : set([64, 50, 14])p: 0.0323083161598
--- testing 237 : set([81, 38, 105])p: 0.156037194205
--- testing 238 : set([105, 10, 14, 38])p: 0.0323083161598
--- testing 239 : set([96, 105, 50])p: 0.000574850015691
--- testing 240 : set([4, 14, 38])p: 0.511559942245
--- testing 241 : set([34, 23])p: 0.511559942245
--- testing 242 : set([8, 38])p: 1.0
--- testing 243 : set([105, 26, 50, 14])p: 0.145726454368
--- testing 244 : set([105, 50, 14, 79])p: 0.145726454368
--- testing 245 : set([64, 105, 53])p: 0.49674649441
--- testing 246 : set([105, 10, 34])p: 0.0288834200601
--- testing 247 : set([96, 50, 14])p: 4.12079894572e-05
--- testing 248 : set([34, 6])p: 0.49674649441
--- testing 249 : set([106, 34])p: 0.49674649441
--- testing 250 : set([105, 60])p: 0.49674649441
--- testing 251 : set([38, 54])p: 0.49674649441
--- testing 252 : set([14, 15])p: 0.49674649441
--- testing 253 : set([105, 26, 14, 38])p: 0.0256621171571
--- testing 254 : set([34, 38, 79])p: 0.0256621171571
--- testing 255 : set([2, 34, 50])p: 0.0256621171571
--- testing 256 : set([105, 2, 79])p: 0.0256621171571
--- testing 257 : set([64, 105, 38])p: 0.0256621171571
--- testing 258 : set([105, 10, 50])p: 0.0256621171571
--- testing 259 : set([10, 53])p: 0.135566190515
--- testing 260 : set([98, 14])p: 0.000373852543203
--- testing 261 : set([56])p: 0.481484753539
--- testing 262 : set([105, 26, 34, 14])p: 1.0
--- testing 263 : set([105, 26, 50, 53])p: 1.0
--- testing 264 : set([105, 2, 50, 53])p: 0.465761182492
--- testing 265 : set([10, 2])p: 0.125574911119
--- testing 266 : set([96, 105, 34])p: 0.0226454265182
--- testing 267 : set([96, 26, 14])p: 0.125574911119
--- testing 268 : set([96, 10])p: 0.465761182492
--- testing 269 : set([26, 6])p: 1.0
--- testing 270 : set([34, 31])p: 0.465761182492
--- testing 271 : set([38, 95])p: 0.0226454265182
--- testing 272 : set([60, 38])p: 0.465761182492
--- testing 273 : set([36, 38])p: 0.125574911119
--- testing 274 : set([38, 15])p: 0.465761182492
--- testing 275 : set([22])p: 0.125574911119
--- testing 276 : set([105, 50, 34, 38])p: 0.000231055884914
--- testing 277 : set([105, 2, 50, 14])p: 0.0198338094485
--- testing 278 : set([64, 34, 14])p: 0.115772103062
--- testing 279 : set([64, 26, 14])p: 0.449561836236
--- testing 280 : set([10, 50, 14])p: 0.449561836236
--- testing 281 : set([96, 105, 38])p: 0.0198338094485
--- testing 282 : set([96, 105, 53])p: 0.449561836236
--- testing 283 : set([4, 79])p: 0.449561836236
--- testing 284 : set([50, 31])p: 0.0198338094485
--- testing 285 : set([36, 14])p: 0.0198338094485
--- testing 286 : set([7])p: 1.0
--- testing 287 : set([103])p: 0.0198338094485
--- testing 288 : set([26, 14, 34, 38])p: 1.0
--- testing 289 : set([53, 14, 79])p: 1.0
--- testing 290 : set([2, 50, 38])p: 0.0172271219869
--- testing 291 : set([64, 14, 79])p: 0.432872349578
--- testing 292 : set([96, 26, 34])p: 0.0172271219869
--- testing 293 : set([14, 54])p: 0.432872349578
--- testing 294 : set([73])p: 1.0
--- testing 295 : set([101])p: 1.0
--- testing 296 : set([105, 26, 50, 38])p: 1.0
--- testing 297 : set([105, 26, 34, 50])p: 1.0
--- testing 298 : set([105, 34, 53, 14])p: 0.0148245646639
--- testing 299 : set([26, 53, 38])p: 0.415677924531
--- testing 300 : set([26, 38, 79])p: 1.0
--- testing 301 : set([26, 50, 79])p: 0.415677924531
--- testing 302 : set([2, 26, 38])p: 0.0968149945726
--- testing 303 : set([2, 50, 79])p: 0.415677924531
--- testing 304 : set([64, 50, 53])p: 0.415677924531
--- testing 305 : set([64, 105, 2])p: 0.0968149945726
--- testing 306 : set([81, 50, 14])p: 0.00013405195868
--- testing 307 : set([10, 14, 26, 38])p: 0.0148245646639
--- testing 308 : set([64, 10, 38])p: 0.0148245646639
--- testing 309 : set([4, 53])p: 0.415677924531
--- testing 310 : set([96, 6])p: 0.0148245646639
--- testing 311 : set([106, 50])p: 1.0
--- testing 312 : set([34, 53, 38])p: 9.92009020982e-05
--- testing 313 : set([50, 14, 53, 38])p: 0.087704946805
--- testing 314 : set([105, 26, 53, 14])p: 1.0
--- testing 315 : set([105, 50, 38, 79])p: 0.087704946805
--- testing 316 : set([105, 53, 14, 79])p: 1.0
--- testing 317 : set([64, 105, 34])p: 0.012624629387
--- testing 318 : set([64, 26, 34])p: 0.012624629387
--- testing 319 : set([64, 105, 79])p: 0.012624629387
--- testing 320 : set([64, 2, 38])p: 0.087704946805
--- testing 321 : set([81, 26, 38])p: 1.0
--- testing 322 : set([10, 34, 14])p: 0.397963317312
--- testing 323 : set([64, 10, 14])p: 0.087704946805
--- testing 324 : set([105, 50, 4])p: 0.087704946805
--- testing 325 : set([50, 23])p: 0.397963317312
--- testing 326 : set([8, 96])p: 0.397963317312
--- testing 327 : set([106, 26])p: 0.087704946805
--- testing 328 : set([50, 95])p: 0.087704946805
--- testing 329 : set([50, 60])p: 0.087704946805
--- testing 330 : set([105, 20])p: 1.0
--- testing 331 : set([105, 54])p: 0.087704946805
--- testing 332 : set([98, 34])p: 0.012624629387
--- testing 333 : set([105, 55])p: 0.397963317312
--- testing 334 : set([100])p: 0.397963317312
--- testing 335 : set([105, 50, 14, 53, 38])p: 0.0788719682852
--- testing 336 : set([34, 53, 79])p: 0.0788719682852
--- testing 337 : set([105, 2, 26])p: 0.0788719682852
--- testing 338 : set([2, 14, 79])p: 0.379712824929
--- testing 339 : set([81, 50, 79])p: 0.0106250433174
--- testing 340 : set([81, 2, 14])p: 3.89518520867e-06
--- testing 341 : set([10, 2, 14])p: 1.0
--- testing 342 : set([96, 34, 38])p: 0.0010125967754
--- testing 343 : set([96, 105, 79])p: 0.0788719682852
--- testing 344 : set([96, 2, 14])p: 0.379712824929
--- testing 345 : set([2, 4])p: 0.379712824929
--- testing 346 : set([106, 53])p: 1.0
--- testing 347 : set([50, 86])p: 0.379712824929
--- testing 348 : set([34, 20])p: 1.0
--- testing 349 : set([14, 38, 39])p: 0.379712824929
--- testing 350 : set([57, 38])p: 1.0
--- testing 351 : set([41, 14])p: 0.379712824929
--- testing 352 : set([25])p: 1.0
--- testing 353 : set([61])p: 0.0788719682852
--- testing 354 : set([91])p: 1.0
--- testing 355 : set([26, 14, 50, 38])p: 1.0
--- testing 356 : set([105, 2, 34, 50])p: 0.0088227095908
--- testing 357 : set([2, 34, 26])p: 0.360910271389
--- testing 358 : set([2, 53, 14])p: 0.360910271389
--- testing 359 : set([64, 105, 26])p: 0.0088227095908
--- testing 360 : set([64, 105, 50, 53])p: 0.360910271389
--- testing 361 : set([64, 2, 50])p: 0.0703411026642
--- testing 362 : set([81, 34, 14])p: 0.0088227095908
--- testing 363 : set([81, 34, 105])p: 5.05459600775e-05
--- testing 364 : set([96, 14, 79])p: 0.0703411026642
--- testing 365 : set([10, 4])p: 0.0703411026642
--- testing 366 : set([53, 23])p: 1.0
--- testing 367 : set([26, 14, 95])p: 1.0
--- testing 368 : set([26, 34, 95])p: 0.0703411026642
--- testing 369 : set([14, 55])p: 0.360910271389
--- testing 370 : set([38, 55])p: 0.360910271389
--- testing 371 : set([57, 105])p: 1.0
--- testing 372 : set([16])p: 0.360910271389
--- testing 373 : set([48])p: 1.0
--- testing 374 : set([67])p: 0.0703411026642
--- testing 375 : set([105, 26, 34, 38])p: 0.341538993474
--- testing 376 : set([105, 14, 38, 79])p: 1.0
--- testing 377 : set([26, 53, 79])p: 1.0
--- testing 378 : set([105, 2, 14, 38])p: 0.341538993474
--- testing 379 : set([105, 2, 34, 14])p: 0.0621386502544
--- testing 380 : set([2, 14, 26, 38])p: 0.341538993474
--- testing 381 : set([64, 105, 14, 38])p: 0.0621386502544
--- testing 382 : set([64, 2, 34])p: 0.0621386502544
--- testing 383 : set([64, 2, 26])p: 0.0621386502544
--- testing 384 : set([81, 26, 14])p: 0.00721364473184
--- testing 385 : set([64, 81, 14])p: 0.000583561473078
--- testing 386 : set([105, 10, 34, 38])p: 0.0621386502544
--- testing 387 : set([10, 50, 38])p: 0.0621386502544
--- testing 388 : set([105, 10, 26])p: 0.0621386502544
--- testing 389 : set([105, 10, 53])p: 0.341538993474
--- testing 390 : set([105, 10, 79])p: 3.45294212522e-05
--- testing 391 : set([96, 105, 26])p: 0.00721364473184
--- testing 392 : set([96, 64, 14])p: 3.45294212522e-05
--- testing 393 : set([96, 10, 38])p: 0.341538993474
--- testing 394 : set([105, 4, 38])p: 0.00721364473184
--- testing 395 : set([8, 50])p: 0.0621386502544
--- testing 396 : set([53, 31])p: 0.0621386502544
--- testing 397 : set([14, 38, 86])p: 1.0
--- testing 398 : set([34, 60])p: 1.0
--- testing 399 : set([26, 60])p: 0.341538993474
--- testing 400 : set([2, 60])p: 1.0
--- testing 401 : set([92, 14])p: 1.0
--- testing 402 : set([90, 14])p: 0.341538993474
--- testing 403 : set([105, 90])p: 0.341538993474
--- testing 404 : set([105, 98])p: 0.0621386502544
--- testing 405 : set([41, 38])p: 0.341538993474
--- testing 406 : set([21])p: 1.0
--- testing 407 : set([63])p: 1.0
--- testing 408 : set([74])p: 1.0
--- testing 409 : set([26, 34, 53])p: 1.0
--- testing 410 : set([105, 26, 14, 79])p: 0.321581826101
--- testing 411 : set([105, 26, 50, 79])p: 0.321581826101
--- testing 412 : set([53, 38, 79])p: 0.0542922208941
--- testing 413 : set([105, 2, 53, 14])p: 0.321581826101
--- testing 414 : set([105, 2, 50, 79])p: 0.321581826101
--- testing 415 : set([64, 26, 38])p: 0.0542922208941
--- testing 416 : set([64, 50, 79])p: 0.00579291260496
--- testing 417 : set([81, 50, 14, 105])p: 0.000426695172557
--- testing 418 : set([81, 50, 53])p: 0.0542922208941
--- testing 419 : set([105, 4, 14])p: 0.321581826101
--- testing 420 : set([8, 79])p: 0.321581826101
--- testing 421 : set([8, 2])p: 0.321581826101
--- testing 422 : set([96, 31])p: 2.27460137838e-05
--- testing 423 : set([34, 86])p: 0.321581826101
--- testing 424 : set([26, 86])p: 0.0542922208941
--- testing 425 : set([96, 95])p: 0.00579291260496
--- testing 426 : set([105, 36])p: 0.0542922208941
--- testing 427 : set([105, 92])p: 1.0
--- testing 428 : set([92, 38])p: 1.0
--- testing 429 : set([46])p: 0.0542922208941
--- testing 430 : set([50, 34, 53, 14])p: 0.00455455473595
--- testing 431 : set([105, 26, 53, 38])p: 0.301021087239
--- testing 432 : set([105, 34, 38, 79])p: 0.00455455473595
--- testing 433 : set([105, 34, 53, 79])p: 0.0468307888496
--- testing 434 : set([2, 34, 79])p: 0.0468307888496
--- testing 435 : set([2, 26, 79])p: 0.301021087239
--- testing 436 : set([64, 50, 34])p: 0.00455455473595
--- testing 437 : set([81, 14, 79])p: 0.00455455473595
--- testing 438 : set([10, 14, 79])p: 0.301021087239
--- testing 439 : set([10, 2, 38])p: 0.0468307888496
--- testing 440 : set([96, 50, 79])p: 0.0468307888496
--- testing 441 : set([26, 4, 38])p: 0.0468307888496
--- testing 442 : set([81, 4])p: 1.0
--- testing 443 : set([105, 14, 23])p: 0.0468307888496
--- testing 444 : set([26, 23])p: 0.0468307888496
--- testing 445 : set([8, 14, 38])p: 1.0
--- testing 446 : set([64, 31])p: 0.301021087239
--- testing 447 : set([64, 86])p: 0.301021087239
--- testing 448 : set([53, 95])p: 0.301021087239
--- testing 449 : set([2, 95])p: 0.301021087239
--- testing 450 : set([72, 14, 38])p: 0.301021087239
--- testing 451 : set([34, 36])p: 0.301021087239
--- testing 452 : set([50, 92])p: 1.0
--- testing 453 : set([32, 34])p: 1.0
--- testing 454 : set([98, 26])p: 0.301021087239
--- testing 455 : set([50, 55])p: 1.0
--- testing 456 : set([5])p: 0.301021087239
--- testing 457 : set([26, 34, 50, 38])p: 0.279838562373
--- testing 458 : set([105, 34, 53, 38])p: 0.000206383311841
--- testing 459 : set([105, 50, 34, 53, 14])p: 0.00349151683289
--- testing 460 : set([105, 26, 34, 79])p: 1.0
--- testing 461 : set([2, 14, 34, 38])p: 1.0
--- testing 462 : set([2, 14, 50, 38])p: 0.0397847498306
--- testing 463 : set([2, 34, 50, 14])p: 0.0397847498306
--- testing 464 : set([2, 50, 26])p: 1.0
--- testing 465 : set([2, 53, 38])p: 0.279838562373
--- testing 466 : set([2, 34, 53])p: 0.0397847498306
--- testing 467 : set([64, 50, 38])p: 0.0397847498306
--- testing 468 : set([64, 53, 14])p: 0.279838562373
--- testing 469 : set([81, 53, 14])p: 0.00349151683289
--- testing 470 : set([81, 50, 53, 105])p: 0.0397847498306
--- testing 471 : set([81, 34, 79])p: 0.0397847498306
--- testing 472 : set([64, 10, 14, 38])p: 0.0397847498306
--- testing 473 : set([96, 26, 38])p: 0.00349151683289
--- testing 474 : set([96, 105, 2])p: 0.0397847498306
--- testing 475 : set([96, 64, 38])p: 0.000206383311841
--- testing 476 : set([96, 64, 34])p: 0.00349151683289
--- testing 477 : set([105, 34, 4])p: 0.279838562373
--- testing 478 : set([105, 4, 53])p: 1.0
--- testing 479 : set([14, 38, 6])p: 0.279838562373
--- testing 480 : set([26, 14, 6])p: 1.0
--- testing 481 : set([14, 38, 23])p: 0.279838562373
--- testing 482 : set([8, 53])p: 1.0
--- testing 483 : set([106, 79])p: 0.0397847498306
--- testing 484 : set([86, 79])p: 0.279838562373
--- testing 485 : set([14, 38, 95])p: 0.279838562373
--- testing 486 : set([34, 38, 95])p: 0.0397847498306
--- testing 487 : set([26, 38, 95])p: 0.0397847498306
--- testing 488 : set([60, 14, 38])p: 1.0
--- testing 489 : set([64, 60])p: 1.0
--- testing 490 : set([72, 105])p: 0.279838562373
--- testing 491 : set([90, 38])p: 0.279838562373
--- testing 492 : set([32, 38])p: 0.279838562373
--- testing 493 : set([105, 39])p: 0.279838562373
--- testing 494 : set([14, 38, 15])p: 0.279838562373
--- testing 495 : set([12])p: 1.0
--- testing 496 : set([33])p: 0.279838562373
--- testing 497 : set([88])p: 1.0
--- testing 498 : set([50, 14, 34, 38])p: 0.00259557132715
--- testing 499 : set([105, 26, 14, 50, 38])p: 1.0
--- testing 500 : set([26, 34, 50, 14])p: 1.0
--- testing 501 : set([34, 14, 53, 38])p: 0.00259557132715
--- testing 502 : set([105, 26, 38, 79])p: 1.0
--- testing 503 : set([105, 53, 38, 79])p: 0.0331859801947
--- testing 504 : set([105, 26, 53, 79])p: 1.0
--- testing 505 : set([105, 2, 34, 38])p: 0.00259557132715
--- testing 506 : set([105, 2, 50, 38])p: 0.258015488506
--- testing 507 : set([81, 53, 38])p: 0.258015488506
--- testing 508 : set([81, 50, 105, 79])p: 0.00259557132715
--- testing 509 : set([81, 26, 79])p: 0.00259557132715
--- testing 510 : set([81, 2, 34])p: 0.258015488506
--- testing 511 : set([64, 81, 38])p: 0.00259557132715
--- testing 512 : set([10, 14, 34, 38])p: 0.258015488506
--- testing 513 : set([10, 14, 50, 38])p: 0.258015488506
--- testing 514 : set([10, 38, 79])p: 0.0331859801947
--- testing 515 : set([64, 105, 10])p: 0.00259557132715
--- testing 516 : set([81, 10, 14])p: 0.258015488506
--- testing 517 : set([81, 10, 38])p: 0.258015488506
--- testing 518 : set([96, 105, 14, 38])p: 1.0
--- testing 519 : set([96, 105, 50, 14])p: 0.000134452727539
--- testing 520 : set([96, 38, 79])p: 0.258015488506
--- testing 521 : set([96, 34, 79])p: 0.000134452727539
--- testing 522 : set([96, 2, 38])p: 0.000134452727539
--- testing 523 : set([96, 2, 34])p: 0.0331859801947
--- testing 524 : set([96, 64, 2])p: 0.0331859801947
--- testing 525 : set([50, 6])p: 1.0
--- testing 526 : set([79, 23])p: 1.0
--- testing 527 : set([8, 34, 14])p: 0.258015488506
--- testing 528 : set([8, 26, 14])p: 0.258015488506
--- testing 529 : set([105, 106, 14])p: 0.258015488506
--- testing 530 : set([105, 106, 34])p: 0.258015488506
--- testing 531 : set([105, 106, 50])p: 1.0
--- testing 532 : set([105, 106, 53])p: 1.0
--- testing 533 : set([64, 106])p: 1.0
--- testing 534 : set([81, 106])p: 0.0331859801947
--- testing 535 : set([105, 14, 31])p: 1.0
--- testing 536 : set([105, 50, 31])p: 0.258015488506
--- testing 537 : set([26, 14, 31])p: 1.0
--- testing 538 : set([105, 26, 31])p: 1.0
--- testing 539 : set([105, 34, 95])p: 0.00259557132715
--- testing 540 : set([79, 95])p: 0.258015488506
--- testing 541 : set([31, 95])p: 0.258015488506
--- testing 542 : set([105, 50, 60])p: 0.258015488506
--- testing 543 : set([60, 53])p: 1.0
--- testing 544 : set([20, 38])p: 0.258015488506
--- testing 545 : set([26, 54])p: 1.0
--- testing 546 : set([50, 36])p: 0.258015488506
--- testing 547 : set([105, 50, 92])p: 1.0
--- testing 548 : set([32, 105])p: 1.0
--- testing 549 : set([57, 14])p: 1.0
--- testing 550 : set([41, 34])p: 1.0
--- testing 551 : set([42])p: 1.0
--- testing 552 : set([43])p: 0.258015488506
--- testing 553 : set([71])p: 0.258015488506
--- testing 554 : set([105, 26, 34, 53])p: 1.0
--- testing 555 : set([105, 26, 50, 53, 14])p: 1.0
--- testing 556 : set([26, 50, 53, 38])p: 1.0
--- testing 557 : set([105, 34, 14, 79])p: 0.235532537674
--- testing 558 : set([50, 14, 38, 79])p: 0.235532537674
--- testing 559 : set([26, 34, 14, 79])p: 0.235532537674
--- testing 560 : set([105, 50, 53, 14, 79])p: 1.0
--- testing 561 : set([105, 2, 26, 14])p: 0.235532537674
--- testing 562 : set([105, 2, 34, 53])p: 0.0270678984212
--- testing 563 : set([105, 2, 50, 53, 14])p: 0.235532537674
--- testing 564 : set([2, 38, 79])p: 0.0270678984212
--- testing 565 : set([64, 34, 38])p: 0.00185723574726
--- testing 566 : set([64, 105, 50, 14])p: 0.0270678984212
--- testing 567 : set([64, 53, 38])p: 0.235532537674
--- testing 568 : set([64, 38, 79])p: 0.235532537674
--- testing 569 : set([64, 105, 50, 79])p: 0.00185723574726
--- testing 570 : set([64, 2, 14, 38])p: 0.235532537674
--- testing 571 : set([81, 34, 38])p: 0.235532537674
--- testing 572 : set([81, 50, 38])p: 0.0270678984212
--- testing 573 : set([81, 26, 105])p: 0.0270678984212
--- testing 574 : set([81, 38, 79])p: 0.235532537674
--- testing 575 : set([105, 10, 50, 14])p: 0.235532537674
--- testing 576 : set([10, 34, 79])p: 0.00185723574726
--- testing 577 : set([10, 14, 2, 38])p: 1.0
--- testing 578 : set([96, 105, 34, 38])p: 0.0270678984212
--- testing 579 : set([96, 50, 38])p: 0.0270678984212
--- testing 580 : set([96, 50, 34])p: 8.25886976022e-05
--- testing 581 : set([96, 105, 50, 53])p: 1.0
--- testing 582 : set([96, 105, 50, 79])p: 0.0270678984212
--- testing 583 : set([96, 64, 26])p: 0.0270678984212
--- testing 584 : set([96, 10, 14])p: 1.0
--- testing 585 : set([34, 4, 38])p: 0.0270678984212
--- testing 586 : set([105, 26, 4])p: 0.235532537674
--- testing 587 : set([2, 23])p: 1.0
--- testing 588 : set([8, 105, 14])p: 1.0
--- testing 589 : set([8, 10])p: 0.235532537674
--- testing 590 : set([8, 96, 14])p: 0.235532537674
--- testing 591 : set([96, 106])p: 1.0
--- testing 592 : set([14, 38, 31])p: 0.0270678984212
--- testing 593 : set([2, 31])p: 0.0270678984212
--- testing 594 : set([105, 14, 86])p: 1.0
--- testing 595 : set([105, 14, 95])p: 0.235532537674
--- testing 596 : set([34, 14, 95])p: 0.235532537674
--- testing 597 : set([20, 14])p: 0.235532537674
--- testing 598 : set([50, 20])p: 1.0
--- testing 599 : set([20, 79])p: 1.0
--- testing 600 : set([14, 38, 54])p: 0.235532537674
--- testing 601 : set([64, 54])p: 0.235532537674
--- testing 602 : set([34, 92])p: 0.235532537674
--- testing 603 : set([26, 92])p: 1.0
--- testing 604 : set([92, 53])p: 1.0
--- testing 605 : set([90, 26])p: 1.0
--- testing 606 : set([32, 14])p: 0.235532537674
--- testing 607 : set([10, 39])p: 1.0
--- testing 608 : set([98, 38])p: 1.0
--- testing 609 : set([105, 50, 55])p: 1.0
--- testing 610 : set([41, 105])p: 0.235532537674
--- testing 611 : set([41, 26])p: 0.0270678984212
--- testing 612 : set([65, 14])p: 1.0
--- testing 613 : set([1])p: 1.0
--- testing 614 : set([13])p: 0.235532537674
--- testing 615 : set([44])p: 1.0
--- testing 616 : set([49])p: 1.0
--- testing 617 : set([52])p: 1.0
--- testing 618 : set([68])p: 0.235532537674
--- testing 619 : set([80])p: 1.0
--- testing 620 : set([93])p: 0.235532537674
--- testing 621 : set([105, 50, 14, 34, 38])p: 0.00126568673071
--- testing 622 : set([26, 14, 53, 38])p: 1.0
--- testing 623 : set([34, 14, 38, 79])p: 1.0
--- testing 624 : set([26, 50, 53, 79])p: 1.0
--- testing 625 : set([105, 2, 26, 38])p: 0.0214655289381
--- testing 626 : set([105, 2, 50, 26])p: 1.0
--- testing 627 : set([105, 2, 53, 38])p: 0.21236979998
--- testing 628 : set([64, 26, 50])p: 0.0214655289381
--- testing 629 : set([64, 105, 14, 79])p: 0.21236979998
--- testing 630 : set([64, 2, 50, 14])p: 0.21236979998
--- testing 631 : set([64, 105, 2, 50])p: 0.0214655289381
--- testing 632 : set([64, 2, 79])p: 0.0214655289381
--- testing 633 : set([81, 14, 38, 105])p: 0.21236979998
--- testing 634 : set([81, 26, 34])p: 1.0
--- testing 635 : set([81, 53, 79])p: 1.0
--- testing 636 : set([81, 2, 38])p: 0.0214655289381
--- testing 637 : set([81, 2, 26])p: 0.21236979998
--- testing 638 : set([105, 10, 50, 38])p: 0.0214655289381
--- testing 639 : set([105, 10, 26, 14])p: 0.0214655289381
--- testing 640 : set([64, 105, 10, 38])p: 0.0214655289381
--- testing 641 : set([96, 2, 50])p: 0.21236979998
--- testing 642 : set([96, 64, 50])p: 0.00126568673071
--- testing 643 : set([96, 81, 14])p: 0.21236979998
--- testing 644 : set([105, 4, 79])p: 0.21236979998
--- testing 645 : set([10, 4, 38])p: 0.0214655289381
--- testing 646 : set([105, 14, 6])p: 1.0
--- testing 647 : set([34, 38, 6])p: 1.0
--- testing 648 : set([6, 79])p: 0.21236979998
--- testing 649 : set([81, 6])p: 0.21236979998
--- testing 650 : set([105, 50, 23])p: 1.0
--- testing 651 : set([64, 23])p: 0.0214655289381
--- testing 652 : set([8, 105, 50])p: 1.0
--- testing 653 : set([8, 26, 34])p: 1.0
--- testing 654 : set([8, 2, 14])p: 0.21236979998
--- testing 655 : set([8, 64])p: 1.0
--- testing 656 : set([8, 23])p: 1.0
--- testing 657 : set([26, 34, 31])p: 1.0
--- testing 658 : set([4, 31])p: 0.21236979998
--- testing 659 : set([105, 38, 86])p: 1.0
--- testing 660 : set([105, 50, 86])p: 1.0
--- testing 661 : set([53, 86])p: 1.0
--- testing 662 : set([96, 86])p: 0.21236979998
--- testing 663 : set([81, 95])p: 0.0214655289381
--- testing 664 : set([50, 60, 14])p: 0.21236979998
--- testing 665 : set([60, 79])p: 1.0
--- testing 666 : set([72, 64])p: 0.21236979998
--- testing 667 : set([96, 54])p: 0.21236979998
--- testing 668 : set([92, 79])p: 0.21236979998
--- testing 669 : set([90, 50])p: 1.0
--- testing 670 : set([34, 39])p: 0.21236979998
--- testing 671 : set([26, 39])p: 0.21236979998
--- testing 672 : set([98, 50])p: 0.21236979998
--- testing 673 : set([98, 2])p: 0.0214655289381
--- testing 674 : set([57, 50])p: 1.0
--- testing 675 : set([57, 26])p: 1.0
--- testing 676 : set([105, 15])p: 1.0
--- testing 677 : set([65, 105])p: 1.0
--- testing 678 : set([14, 70])p: 0.21236979998
--- testing 679 : set([38, 70])p: 0.21236979998
--- testing 680 : set([105, 85])p: 1.0
--- testing 681 : set([48, 105])p: 1.0
--- testing 682 : set([9])p: 1.0
--- testing 683 : set([19])p: 1.0
--- testing 684 : set([66])p: 0.0214655289381
--- testing 685 : set([83])p: 1.0
--- testing 686 : set([94])p: 1.0
--- testing 687 : set([105, 26, 34, 50, 38])p: 1.0
--- testing 688 : set([105, 26, 50, 53, 38])p: 1.0
--- testing 689 : set([26, 50, 14, 79])p: 1.0
--- testing 690 : set([105, 26, 50, 53, 79])p: 1.0
--- testing 691 : set([105, 2, 34, 50, 14])p: 0.0164155683862
--- testing 692 : set([2, 34, 26, 14])p: 1.0
--- testing 693 : set([2, 50, 26, 14])p: 1.0
--- testing 694 : set([105, 2, 34, 79])p: 0.0164155683862
--- testing 695 : set([2, 50, 14, 79])p: 1.0
--- testing 696 : set([2, 34, 50, 79])p: 0.188506766099
--- testing 697 : set([2, 26, 14, 79])p: 0.188506766099
--- testing 698 : set([2, 53, 79])p: 0.188506766099
--- testing 699 : set([64, 105, 26, 14])p: 0.188506766099
--- testing 700 : set([64, 105, 26, 34])p: 0.188506766099
--- testing 701 : set([64, 105, 53, 14])p: 0.188506766099
--- testing 702 : set([64, 50, 14, 79])p: 0.188506766099
--- testing 703 : set([64, 26, 79])p: 1.0
--- testing 704 : set([64, 2, 53])p: 0.188506766099
--- testing 705 : set([81, 53, 14, 105])p: 0.0164155683862
--- testing 706 : set([81, 2, 105])p: 0.0164155683862
--- testing 707 : set([64, 81, 14, 38])p: 0.000808669470048
--- testing 708 : set([64, 81, 2])p: 0.000808669470048
--- testing 709 : set([10, 34, 50])p: 0.188506766099
--- testing 710 : set([10, 34, 26])p: 1.0
--- testing 711 : set([10, 53, 14])p: 0.188506766099
--- testing 712 : set([10, 53, 38])p: 0.0164155683862
--- testing 713 : set([105, 10, 34, 79])p: 0.000808669470048
--- testing 714 : set([81, 10, 14, 38])p: 0.188506766099
--- testing 715 : set([96, 34, 14, 38])p: 0.188506766099
--- testing 716 : set([96, 105, 26, 14])p: 0.188506766099
--- testing 717 : set([96, 26, 34, 14])p: 0.188506766099
--- testing 718 : set([96, 105, 26, 34])p: 0.188506766099
--- testing 719 : set([96, 53, 14])p: 1.0
--- testing 720 : set([96, 105, 14, 79])p: 0.188506766099
--- testing 721 : set([96, 64, 79])p: 0.0164155683862
--- testing 722 : set([26, 4, 14])p: 0.0164155683862
--- testing 723 : set([2, 4, 14])p: 1.0
--- testing 724 : set([10, 4, 14])p: 0.188506766099
--- testing 725 : set([105, 34, 6])p: 1.0
--- testing 726 : set([105, 38, 23])p: 0.188506766099
--- testing 727 : set([34, 14, 23])p: 0.188506766099
--- testing 728 : set([6, 23])p: 1.0
--- testing 729 : set([8, 50, 14])p: 0.188506766099
--- testing 730 : set([106, 50, 53])p: 1.0
--- testing 731 : set([106, 10])p: 0.0164155683862
--- testing 732 : set([105, 34, 31])p: 1.0
--- testing 733 : set([105, 53, 31])p: 0.188506766099
--- testing 734 : set([79, 31])p: 1.0
--- testing 735 : set([81, 31])p: 1.0
--- testing 736 : set([10, 31])p: 1.0
--- testing 737 : set([105, 14, 38, 86])p: 1.0
--- testing 738 : set([2, 86])p: 1.0
--- testing 739 : set([81, 86])p: 1.0
--- testing 740 : set([105, 50, 95])p: 0.0164155683862
--- testing 741 : set([26, 34, 38, 95])p: 0.188506766099
--- testing 742 : set([96, 26, 95])p: 0.000808669470048
--- testing 743 : set([4, 95])p: 1.0
--- testing 744 : set([105, 60, 14])p: 0.188506766099
--- testing 745 : set([26, 60, 14])p: 0.188506766099
--- testing 746 : set([105, 50, 20])p: 1.0
--- testing 747 : set([81, 20])p: 1.0
--- testing 748 : set([34, 54])p: 1.0
--- testing 749 : set([10, 54])p: 0.188506766099
--- testing 750 : set([34, 36, 38])p: 1.0
--- testing 751 : set([105, 50, 36])p: 1.0
--- testing 752 : set([26, 36])p: 0.188506766099
--- testing 753 : set([90, 79])p: 1.0
--- testing 754 : set([90, 2])p: 0.188506766099
--- testing 755 : set([2, 39])p: 1.0
--- testing 756 : set([96, 39])p: 0.188506766099
--- testing 757 : set([98, 34, 14])p: 0.0164155683862
--- testing 758 : set([98, 53])p: 1.0
--- testing 759 : set([34, 55])p: 1.0
--- testing 760 : set([26, 55])p: 0.0164155683862
--- testing 761 : set([2, 55])p: 0.188506766099
--- testing 762 : set([57, 34])p: 1.0
--- testing 763 : set([105, 62])p: 1.0
--- testing 764 : set([34, 62])p: 0.188506766099
--- testing 765 : set([38, 103])p: 0.0164155683862
--- testing 766 : set([101, 38])p: 1.0
--- testing 767 : set([18])p: 0.188506766099
--- testing 768 : set([28])p: 1.0
--- testing 769 : set([45])p: 1.0
--- testing 770 : set([89])p: 0.0164155683862
--- testing 771 : set([97])p: 1.0
--- testing 772 : set([99])p: 1.0
--- testing 773 : set([105, 26, 14, 34, 38])p: 1.0
--- testing 774 : set([105, 26, 34, 50, 14])p: 1.0
--- testing 775 : set([105, 34, 14, 53, 38])p: 0.0119564544102
--- testing 776 : set([105, 50, 14, 38, 79])p: 1.0
--- testing 777 : set([105, 50, 34, 38, 79])p: 0.0119564544102
--- testing 778 : set([26, 14, 38, 79])p: 1.0
--- testing 779 : set([105, 26, 50, 14, 79])p: 1.0
--- testing 780 : set([26, 50, 38, 79])p: 1.0
--- testing 781 : set([105, 50, 53, 38, 79])p: 0.163922309283
--- testing 782 : set([105, 50, 34, 53, 79])p: 0.163922309283
--- testing 783 : set([105, 2, 14, 34, 38])p: 1.0
--- testing 784 : set([105, 2, 14, 50, 38])p: 1.0
--- testing 785 : set([105, 2, 14, 26, 38])p: 0.163922309283
--- testing 786 : set([2, 34, 26, 38])p: 0.163922309283
--- testing 787 : set([2, 14, 53, 38])p: 1.0
--- testing 788 : set([2, 26, 53])p: 1.0
--- testing 789 : set([105, 2, 53, 79])p: 0.163922309283
--- testing 790 : set([64, 50, 14, 38])p: 1.0
--- testing 791 : set([64, 50, 34, 14])p: 0.163922309283
--- testing 792 : set([64, 26, 14, 38])p: 0.163922309283
--- testing 793 : set([64, 50, 53, 14])p: 0.163922309283
--- testing 794 : set([64, 14, 38, 79])p: 1.0
--- testing 795 : set([64, 105, 38, 79])p: 0.163922309283
--- testing 796 : set([64, 105, 2, 14])p: 0.163922309283
--- testing 797 : set([64, 2, 34, 14])p: 0.163922309283
--- testing 798 : set([64, 2, 26, 14])p: 1.0
--- testing 799 : set([81, 50, 34])p: 0.0119564544102
--- testing 800 : set([81, 26, 50])p: 0.163922309283
--- testing 801 : set([81, 53, 38, 105])p: 1.0
--- testing 802 : set([81, 105, 14, 79])p: 0.163922309283
--- testing 803 : set([81, 34, 105, 79])p: 0.0119564544102
--- testing 804 : set([81, 2, 50])p: 0.000472402381297
--- testing 805 : set([64, 81, 105])p: 0.0119564544102
--- testing 806 : set([105, 10, 26, 38])p: 0.163922309283
--- testing 807 : set([10, 50, 53])p: 1.0
--- testing 808 : set([105, 10, 14, 79])p: 0.163922309283
--- testing 809 : set([10, 14, 38, 79])p: 1.0
--- testing 810 : set([105, 10, 38, 79])p: 0.0119564544102
--- testing 811 : set([10, 50, 79])p: 0.0119564544102
--- testing 812 : set([64, 105, 10, 14, 38])p: 0.163922309283
--- testing 813 : set([64, 10, 2])p: 0.163922309283
--- testing 814 : set([96, 105, 34, 14])p: 0.163922309283
--- testing 815 : set([96, 50, 14, 38])p: 1.0
--- testing 816 : set([96, 105, 53, 14])p: 1.0
--- testing 817 : set([96, 53, 38])p: 1.0
--- testing 818 : set([96, 105, 53, 79])p: 1.0
--- testing 819 : set([96, 64, 14, 38])p: 0.0119564544102
--- testing 820 : set([105, 4, 14, 38])p: 0.163922309283
--- testing 821 : set([34, 4, 14])p: 0.163922309283
--- testing 822 : set([50, 4, 34])p: 0.0119564544102
--- testing 823 : set([105, 50, 4, 53])p: 1.0
--- testing 824 : set([34, 4, 79])p: 0.163922309283
--- testing 825 : set([26, 4, 79])p: 1.0
--- testing 826 : set([64, 4, 14])p: 0.163922309283
--- testing 827 : set([64, 4, 38])p: 0.000472402381297
--- testing 828 : set([96, 4, 14])p: 1.0
--- testing 829 : set([96, 34, 4])p: 0.0119564544102
--- testing 830 : set([34, 14, 6])p: 1.0
--- testing 831 : set([34, 38, 23])p: 1.0
--- testing 832 : set([105, 53, 23])p: 1.0
--- testing 833 : set([96, 23])p: 0.163922309283
--- testing 834 : set([8, 105, 34])p: 1.0
--- testing 835 : set([8, 34, 38])p: 1.0
--- testing 836 : set([8, 14, 79])p: 0.163922309283
--- testing 837 : set([8, 105, 79])p: 1.0
--- testing 838 : set([8, 96, 105])p: 1.0
--- testing 839 : set([8, 4])p: 1.0
--- testing 840 : set([106, 2])p: 1.0
--- testing 841 : set([50, 14, 31])p: 0.163922309283
--- testing 842 : set([26, 38, 31])p: 1.0
--- testing 843 : set([10, 14, 31])p: 1.0
--- testing 844 : set([105, 53, 86])p: 1.0
--- testing 845 : set([10, 86])p: 1.0
--- testing 846 : set([50, 14, 95])p: 0.163922309283
--- testing 847 : set([50, 38, 95])p: 0.163922309283
--- testing 848 : set([50, 34, 95])p: 0.163922309283
--- testing 849 : set([26, 50, 95])p: 1.0
--- testing 850 : set([105, 53, 95])p: 0.163922309283
--- testing 851 : set([86, 95])p: 0.163922309283
--- testing 852 : set([105, 60, 53])p: 1.0
--- testing 853 : set([2, 60, 14])p: 1.0
--- testing 854 : set([105, 14, 54])p: 0.163922309283
--- testing 855 : set([105, 38, 54])p: 0.163922309283
--- testing 856 : set([26, 38, 54])p: 1.0
--- testing 857 : set([53, 54])p: 1.0
--- testing 858 : set([36, 14, 38])p: 0.163922309283
--- testing 859 : set([92, 14, 38])p: 1.0
--- testing 860 : set([105, 38, 39])p: 1.0
--- testing 861 : set([34, 14, 39])p: 0.163922309283
--- testing 862 : set([34, 38, 39])p: 0.163922309283
--- testing 863 : set([53, 39])p: 0.163922309283
--- testing 864 : set([2, 38, 39])p: 1.0
--- testing 865 : set([64, 39])p: 1.0
--- testing 866 : set([10, 14, 39])p: 1.0
--- testing 867 : set([105, 98, 14])p: 0.163922309283
--- testing 868 : set([64, 98])p: 0.0119564544102
--- testing 869 : set([105, 14, 55])p: 0.163922309283
--- testing 870 : set([53, 55])p: 1.0
--- testing 871 : set([79, 55])p: 1.0
--- testing 872 : set([64, 55])p: 0.0119564544102
--- testing 873 : set([41, 14, 38])p: 1.0
--- testing 874 : set([41, 34, 14])p: 1.0
--- testing 875 : set([41, 39])p: 1.0
--- testing 876 : set([38, 62])p: 1.0
--- testing 877 : set([26, 62])p: 0.163922309283
--- testing 878 : set([26, 75])p: 0.163922309283
--- testing 879 : set([65, 38])p: 1.0
--- testing 880 : set([64, 70])p: 1.0
--- testing 881 : set([34, 85])p: 1.0
--- testing 882 : set([26, 85])p: 0.163922309283
--- testing 883 : set([100, 14])p: 0.163922309283
--- testing 884 : set([12, 14])p: 1.0
--- testing 885 : set([3])p: 1.0
--- testing 886 : set([17])p: 1.0
--- testing 887 : set([24])p: 1.0
--- testing 888 : set([27])p: 0.163922309283
--- testing 889 : set([82])p: 0.163922309283
--- testing 890 : set([84])p: 1.0
--- testing 891 : set([105, 50, 34, 53, 38])p: 0.000241476773232
--- testing 892 : set([105, 26, 14, 53, 38])p: 1.0
--- testing 893 : set([26, 34, 53, 14])p: 1.0
--- testing 894 : set([34, 105, 26, 50, 53])p: 1.0
--- testing 895 : set([50, 34, 14, 79])p: 0.138594666804
--- testing 896 : set([105, 26, 14, 38, 79])p: 1.0
--- testing 897 : set([105, 26, 34, 14, 79])p: 1.0
--- testing 898 : set([105, 26, 50, 38, 79])p: 1.0
--- testing 899 : set([14, 53, 38, 79])p: 1.0
--- testing 900 : set([26, 53, 14, 79])p: 1.0
--- testing 901 : set([105, 2, 50, 26, 14])p: 1.0
--- testing 902 : set([105, 2, 14, 53, 38])p: 1.0
--- testing 903 : set([105, 2, 34, 53, 14])p: 0.138594666804
--- testing 904 : set([34, 105, 2, 50, 53])p: 0.138594666804
--- testing 905 : set([105, 2, 14, 79])p: 1.0
--- testing 906 : set([105, 2, 38, 79])p: 0.00812843706722
--- testing 907 : set([105, 2, 34, 50, 79])p: 0.138594666804
--- testing 908 : set([64, 105, 34, 14])p: 0.138594666804
--- testing 909 : set([64, 105, 50, 34])p: 0.00812843706722
--- testing 910 : set([64, 105, 26, 50])p: 0.138594666804
--- testing 911 : set([64, 105, 50, 53, 14])p: 0.138594666804
--- testing 912 : set([64, 105, 50, 14, 79])p: 0.138594666804
--- testing 913 : set([64, 26, 14, 79])p: 1.0
--- testing 914 : set([64, 2, 14, 79])p: 1.0
--- testing 915 : set([81, 50, 38, 105])p: 0.138594666804
--- testing 916 : set([81, 26, 14, 38])p: 1.0
--- testing 917 : set([81, 34, 53])p: 0.000241476773232
--- testing 918 : set([81, 50, 53, 14, 105])p: 0.00812843706722
--- testing 919 : set([81, 26, 53])p: 1.0
--- testing 920 : set([81, 105, 53, 79])p: 1.0
--- testing 921 : set([81, 2, 14, 38])p: 0.00812843706722
--- testing 922 : set([81, 2, 26, 14])p: 0.138594666804
--- testing 923 : set([64, 81, 2, 14])p: 0.00812843706722
--- testing 924 : set([105, 10, 34, 14])p: 1.0
--- testing 925 : set([105, 10, 34, 50])p: 0.138594666804
--- testing 926 : set([105, 10, 50, 53])p: 1.0
--- testing 927 : set([10, 34, 38, 79])p: 0.00812843706722
--- testing 928 : set([105, 10, 2])p: 0.00812843706722
--- testing 929 : set([64, 10, 34])p: 0.138594666804
--- testing 930 : set([64, 10, 2, 14])p: 1.0
--- testing 931 : set([81, 10, 105])p: 0.138594666804
--- testing 932 : set([81, 10, 34])p: 0.00812843706722
--- testing 933 : set([96, 26, 14, 38])p: 1.0
--- testing 934 : set([96, 34, 14, 79])p: 0.00812843706722
--- testing 935 : set([96, 50, 14, 79])p: 0.138594666804
--- testing 936 : set([96, 26, 79])p: 0.138594666804
--- testing 937 : set([96, 105, 2, 38])p: 0.00812843706722
--- testing 938 : set([96, 105, 2, 50])p: 0.138594666804
--- testing 939 : set([96, 2, 26])p: 0.138594666804
--- testing 940 : set([96, 2, 79])p: 0.00812843706722
--- testing 941 : set([96, 64, 105])p: 0.138594666804
--- testing 942 : set([96, 64, 26, 34])p: 0.138594666804
--- testing 943 : set([96, 81, 38])p: 1.0
--- testing 944 : set([96, 105, 10])p: 0.138594666804
--- testing 945 : set([96, 10, 14, 38])p: 1.0
--- testing 946 : set([96, 10, 34])p: 0.138594666804
--- testing 947 : set([50, 4, 14])p: 1.0
--- testing 948 : set([50, 4, 38])p: 0.000241476773232
--- testing 949 : set([105, 26, 4, 38])p: 0.138594666804
--- testing 950 : set([4, 53, 14])p: 1.0
--- testing 951 : set([4, 38, 79])p: 0.138594666804
--- testing 952 : set([2, 4, 38])p: 0.138594666804
--- testing 953 : set([64, 34, 4])p: 0.00812843706722
--- testing 954 : set([64, 26, 4])p: 0.00812843706722
--- testing 955 : set([105, 10, 4])p: 0.00812843706722
--- testing 956 : set([10, 4, 14, 38])p: 0.138594666804
--- testing 957 : set([96, 4, 38])p: 0.00812843706722
--- testing 958 : set([96, 2, 4])p: 0.138594666804
--- testing 959 : set([105, 38, 6])p: 1.0
--- testing 960 : set([50, 14, 6])p: 1.0
--- testing 961 : set([26, 38, 6])p: 1.0
--- testing 962 : set([53, 6])p: 1.0
--- testing 963 : set([105, 6, 79])p: 1.0
--- testing 964 : set([2, 6])p: 0.138594666804
--- testing 965 : set([64, 6])p: 0.138594666804
--- testing 966 : set([4, 6])p: 0.138594666804
--- testing 967 : set([105, 34, 23])p: 0.138594666804
--- testing 968 : set([50, 14, 23])p: 0.138594666804
--- testing 969 : set([50, 38, 23])p: 1.0
--- testing 970 : set([53, 14, 23])p: 1.0
--- testing 971 : set([50, 53, 23])p: 1.0
--- testing 972 : set([105, 79, 23])p: 1.0
--- testing 973 : set([105, 2, 23])p: 1.0
--- testing 974 : set([38, 6, 23])p: 1.0
--- testing 975 : set([8, 105, 38])p: 1.0
--- testing 976 : set([8, 105, 53])p: 1.0
--- testing 977 : set([8, 64, 14])p: 1.0
--- testing 978 : set([8, 81])p: 0.138594666804
--- testing 979 : set([8, 96, 34])p: 0.138594666804
--- testing 980 : set([106, 14, 38])p: 0.138594666804
--- testing 981 : set([106, 50, 14])p: 1.0
--- testing 982 : set([105, 106, 50, 53])p: 1.0
--- testing 983 : set([106, 26, 79])p: 0.138594666804
--- testing 984 : set([105, 106, 10])p: 0.138594666804
--- testing 985 : set([96, 106, 14])p: 1.0
--- testing 986 : set([34, 14, 31])p: 0.138594666804
--- testing 987 : set([105, 26, 14, 31])p: 1.0
--- testing 988 : set([96, 14, 31])p: 0.00812843706722
--- testing 989 : set([105, 86, 79])p: 1.0
--- testing 990 : set([50, 86, 79])p: 1.0
--- testing 991 : set([64, 14, 86])p: 1.0
--- testing 992 : set([64, 38, 86])p: 0.138594666804
--- testing 993 : set([4, 86])p: 0.138594666804
--- testing 994 : set([6, 86])p: 0.138594666804
--- testing 995 : set([105, 26, 95])p: 0.138594666804
--- testing 996 : set([26, 14, 38, 95])p: 1.0
--- testing 997 : set([26, 34, 14, 95])p: 1.0
--- testing 998 : set([2, 26, 95])p: 0.138594666804
--- testing 999 : set([10, 95])p: 1.0
--- testing 1000 : set([96, 38, 95])p: 0.00812843706722
--- testing 1001 : set([8, 95])p: 1.0
--- testing 1002 : set([106, 95])p: 1.0
--- testing 1003 : set([34, 60, 38])p: 1.0
--- testing 1004 : set([26, 60, 38])p: 1.0
--- testing 1005 : set([10, 60, 14])p: 1.0
--- testing 1006 : set([20, 53])p: 1.0
--- testing 1007 : set([34, 20, 79])p: 1.0
--- testing 1008 : set([2, 20])p: 0.138594666804
--- testing 1009 : set([10, 20])p: 0.138594666804
--- testing 1010 : set([20, 6])p: 1.0
--- testing 1011 : set([72, 2, 38])p: 0.138594666804
--- testing 1012 : set([72, 64, 14])p: 0.138594666804
--- testing 1013 : set([64, 38, 54])p: 1.0
--- testing 1014 : set([81, 54])p: 1.0
--- testing 1015 : set([4, 54])p: 0.138594666804
--- testing 1016 : set([105, 50, 36, 53])p: 1.0
--- testing 1017 : set([2, 36])p: 0.00812843706722
--- testing 1018 : set([81, 36])p: 0.138594666804
--- testing 1019 : set([10, 36, 14])p: 1.0
--- testing 1020 : set([96, 36])p: 1.0
--- testing 1021 : set([26, 92, 14, 38])p: 1.0
--- testing 1022 : set([26, 92, 34])p: 1.0
--- testing 1023 : set([105, 50, 92, 53])p: 1.0
--- testing 1024 : set([105, 92, 79])p: 1.0
--- testing 1025 : set([2, 92])p: 1.0
--- testing 1026 : set([64, 90])p: 1.0
--- testing 1027 : set([32, 105, 34])p: 1.0
--- testing 1028 : set([32, 50])p: 0.138594666804
--- testing 1029 : set([34, 14, 38, 39])p: 0.138594666804
--- testing 1030 : set([64, 38, 39])p: 1.0
--- testing 1031 : set([81, 39])p: 1.0
--- testing 1032 : set([105, 98, 50])p: 0.138594666804
--- testing 1033 : set([98, 2, 14])p: 0.00812843706722
--- testing 1034 : set([14, 38, 55])p: 0.138594666804
--- testing 1035 : set([105, 50, 53, 55])p: 1.0
--- testing 1036 : set([57, 50, 105])p: 1.0
--- testing 1037 : set([57, 2])p: 1.0
--- testing 1038 : set([34, 15])p: 1.0
--- testing 1039 : set([64, 15])p: 1.0
--- testing 1040 : set([41, 50])p: 1.0
--- testing 1041 : set([41, 10])p: 0.138594666804
--- testing 1042 : set([96, 41])p: 1.0
--- testing 1043 : set([14, 62])p: 0.138594666804
--- testing 1044 : set([75, 14])p: 1.0
--- testing 1045 : set([65, 34])p: 1.0
--- testing 1046 : set([85, 38])p: 1.0
--- testing 1047 : set([56, 14])p: 0.138594666804
--- testing 1048 : set([56, 2])p: 0.138594666804
--- testing 1049 : set([14, 7])p: 1.0
--- testing 1050 : set([38, 7])p: 1.0
--- testing 1051 : set([14, 103])p: 1.0
--- testing 1052 : set([26, 103])p: 0.138594666804
--- testing 1053 : set([73, 105])p: 1.0
--- testing 1054 : set([25, 14])p: 1.0
--- testing 1055 : set([105, 61])p: 0.138594666804
--- testing 1056 : set([91, 14])p: 1.0
--- testing 1057 : set([105, 91])p: 1.0
--- testing 1058 : set([48, 38])p: 1.0
--- testing 1059 : set([105, 63])p: 1.0
--- testing 1060 : set([34, 68])p: 1.0
--- testing 1061 : set([105, 19])p: 1.0
--- testing 1062 : set([66, 38])p: 1.0
--- testing 1063 : set([11])p: 1.0
--- testing 1064 : set([47])p: 1.0
--- testing 1065 : set([69])p: 1.0
--- testing 1066 : set([14, 26, 34, 50, 38])p: 1.0
--- testing 1067 : set([38, 105, 14, 50, 53, 26])p: 1.0
--- testing 1068 : set([38, 105, 14, 79, 50, 26])p: 1.0
--- testing 1069 : set([26, 34, 50, 79])p: 1.0
--- testing 1070 : set([105, 14, 53, 38, 79])p: 1.0
--- testing 1071 : set([34, 53, 38, 79])p: 0.00497365294963
--- testing 1072 : set([105, 26, 53, 14, 79])p: 1.0
--- testing 1073 : set([105, 2, 34, 50, 38])p: 0.112501420857
--- testing 1074 : set([105, 2, 34, 26])p: 0.112501420857
--- testing 1075 : set([14, 2, 50, 26, 38])p: 1.0
--- testing 1076 : set([34, 2, 50, 26])p: 1.0
--- testing 1077 : set([2, 38, 105, 14, 50, 53])p: 1.0
--- testing 1078 : set([2, 26, 53, 14])p: 1.0
--- testing 1079 : set([50, 105, 2, 26, 53])p: 1.0
--- testing 1080 : set([2, 34, 38, 79])p: 0.00497365294963
--- testing 1081 : set([105, 2, 50, 14, 79])p: 1.0
--- testing 1082 : set([105, 2, 50, 38, 79])p: 0.112501420857
--- testing 1083 : set([2, 34, 26, 79])p: 1.0
--- testing 1084 : set([2, 50, 26, 79])p: 1.0
--- testing 1085 : set([105, 2, 50, 53, 79])p: 1.0
--- testing 1086 : set([64, 105, 50, 38])p: 0.112501420857
--- testing 1087 : set([64, 105, 26, 14, 38])p: 0.112501420857
--- testing 1088 : set([64, 26, 34, 14])p: 1.0
--- testing 1089 : set([64, 26, 34, 50])p: 0.112501420857
--- testing 1090 : set([64, 105, 53, 38])p: 1.0
--- testing 1091 : set([64, 105, 14, 38, 79])p: 1.0
--- testing 1092 : set([64, 34, 79])p: 0.112501420857
--- testing 1093 : set([64, 50, 38, 79])p: 0.112501420857
--- testing 1094 : set([64, 105, 50, 53, 79])p: 1.0
--- testing 1095 : set([64, 2, 34, 50])p: 0.00497365294963
--- testing 1096 : set([64, 2, 34, 26])p: 1.0
--- testing 1097 : set([64, 2, 53, 14])p: 0.112501420857
--- testing 1098 : set([81, 34, 14, 38])p: 0.112501420857
--- testing 1099 : set([81, 50, 34, 105])p: 0.00497365294963
--- testing 1100 : set([81, 26, 38, 105])p: 1.0
--- testing 1101 : set([81, 26, 53, 38])p: 1.0
--- testing 1102 : set([81, 50, 105, 14, 79])p: 0.112501420857
--- testing 1103 : set([81, 2, 50, 14])p: 0.00497365294963
--- testing 1104 : set([81, 2, 79])p: 0.00497365294963
--- testing 1105 : set([64, 81, 53])p: 0.112501420857
--- testing 1106 : set([105, 10, 14, 50, 38])p: 0.112501420857
--- testing 1107 : set([105, 10, 34, 50, 38])p: 0.112501420857
--- testing 1108 : set([105, 10, 14, 26, 38])p: 0.112501420857
--- testing 1109 : set([10, 34, 26, 14])p: 1.0
--- testing 1110 : set([105, 10, 34, 26])p: 1.0
--- testing 1111 : set([10, 34, 26, 38])p: 1.0
--- testing 1112 : set([10, 50, 26])p: 1.0
--- testing 1113 : set([105, 10, 53, 38])p: 0.112501420857
--- testing 1114 : set([105, 10, 34, 38, 79])p: 0.00497365294963
--- testing 1115 : set([105, 10, 50, 79])p: 0.00497365294963
--- testing 1116 : set([105, 10, 2, 38])p: 0.00497365294963
--- testing 1117 : set([10, 34, 2])p: 0.00497365294963
--- testing 1118 : set([10, 50, 2])p: 0.112501420857
--- testing 1119 : set([38, 10, 26, 2, 14])p: 1.0
--- testing 1120 : set([96, 105, 50, 38])p: 0.112501420857
--- testing 1121 : set([96, 105, 50, 34])p: 0.00497365294963
--- testing 1122 : set([96, 105, 26, 38])p: 0.112501420857
--- testing 1123 : set([96, 26, 34, 38])p: 0.00497365294963
--- testing 1124 : set([96, 26, 50])p: 0.00497365294963
--- testing 1125 : set([96, 105, 53, 38])p: 1.0
--- testing 1126 : set([96, 105, 34, 53])p: 1.0
--- testing 1127 : set([96, 14, 38, 79])p: 1.0
--- testing 1128 : set([96, 105, 34, 79])p: 0.00497365294963
--- testing 1129 : set([96, 105, 50, 14, 79])p: 0.112501420857
--- testing 1130 : set([96, 2, 14, 38])p: 0.112501420857
--- testing 1131 : set([96, 105, 2, 34])p: 0.00497365294963
--- testing 1132 : set([96, 2, 34, 38])p: 0.00497365294963
--- testing 1133 : set([96, 2, 53])p: 1.0
--- testing 1134 : set([96, 105, 2, 50, 79])p: 0.112501420857
--- testing 1135 : set([96, 81, 105])p: 0.112501420857
--- testing 1136 : set([96, 105, 10, 34])p: 0.112501420857
--- testing 1137 : set([96, 10, 79])p: 0.112501420857
--- testing 1138 : set([105, 50, 4, 34])p: 0.112501420857
--- testing 1139 : set([26, 4, 14, 38])p: 0.112501420857
--- testing 1140 : set([26, 4, 50])p: 0.112501420857
--- testing 1141 : set([105, 4, 53, 14])p: 1.0
--- testing 1142 : set([26, 4, 53])p: 1.0
--- testing 1143 : set([64, 105, 4])p: 0.00497365294963
--- testing 1144 : set([64, 50, 4])p: 0.00497365294963
--- testing 1145 : set([81, 4, 105])p: 1.0
--- testing 1146 : set([81, 4, 38])p: 1.0
--- testing 1147 : set([10, 4, 26])p: 0.112501420857
--- testing 1148 : set([105, 14, 38, 6])p: 1.0
--- testing 1149 : set([34, 14, 38, 6])p: 1.0
--- testing 1150 : set([105, 50, 6])p: 1.0
--- testing 1151 : set([26, 34, 6])p: 1.0
--- testing 1152 : set([10, 6])p: 1.0
--- testing 1153 : set([105, 26, 23])p: 0.112501420857
--- testing 1154 : set([34, 53, 23])p: 1.0
--- testing 1155 : set([105, 50, 53, 23])p: 1.0
--- testing 1156 : set([2, 53, 23])p: 1.0
--- testing 1157 : set([64, 14, 23])p: 0.00497365294963
--- testing 1158 : set([81, 23])p: 0.112501420857
--- testing 1159 : set([4, 23])p: 1.0
--- testing 1160 : set([34, 6, 23])p: 1.0
--- testing 1161 : set([8, 34, 14, 38])p: 1.0
--- testing 1162 : set([8, 105, 50, 14])p: 1.0
--- testing 1163 : set([8, 105, 26])p: 1.0
--- testing 1164 : set([8, 26, 38])p: 1.0
--- testing 1165 : set([8, 53, 79])p: 1.0
--- testing 1166 : set([8, 2, 79])p: 0.112501420857
--- testing 1167 : set([8, 96, 38])p: 1.0
--- testing 1168 : set([8, 96, 26])p: 1.0
--- testing 1169 : set([8, 96, 79])p: 1.0
--- testing 1170 : set([8, 96, 64])p: 1.0
--- testing 1171 : set([8, 105, 23])p: 1.0
--- testing 1172 : set([105, 106, 38])p: 1.0
--- testing 1173 : set([106, 34, 14])p: 1.0
--- testing 1174 : set([105, 106, 50, 14])p: 1.0
--- testing 1175 : set([106, 50, 38])p: 1.0
--- testing 1176 : set([106, 34, 50])p: 1.0
--- testing 1177 : set([106, 26, 14])p: 0.112501420857
--- testing 1178 : set([105, 106, 26])p: 0.112501420857
--- testing 1179 : set([106, 34, 26])p: 1.0
--- testing 1180 : set([106, 14, 79])p: 0.112501420857
--- testing 1181 : set([106, 4])p: 1.0
--- testing 1182 : set([106, 6])p: 1.0
--- testing 1183 : set([26, 34, 14, 31])p: 1.0
--- testing 1184 : set([105, 26, 34, 31])p: 1.0
--- testing 1185 : set([26, 50, 31])p: 1.0
--- testing 1186 : set([26, 53, 31])p: 1.0
--- testing 1187 : set([105, 79, 31])p: 1.0
--- testing 1188 : set([2, 26, 31])p: 1.0
--- testing 1189 : set([64, 14, 31])p: 0.112501420857
--- testing 1190 : set([64, 105, 31])p: 1.0
--- testing 1191 : set([105, 34, 86])p: 1.0
--- testing 1192 : set([50, 38, 86])p: 0.112501420857
--- testing 1193 : set([105, 50, 86, 79])p: 1.0
--- testing 1194 : set([96, 105, 86])p: 1.0
--- testing 1195 : set([86, 23])p: 1.0
--- testing 1196 : set([8, 86])p: 1.0
--- testing 1197 : set([105, 38, 95])p: 0.00497365294963
--- testing 1198 : set([34, 14, 38, 95])p: 0.112501420857
--- testing 1199 : set([50, 14, 38, 95])p: 0.112501420857
--- testing 1200 : set([105, 50, 34, 95])p: 0.112501420857
--- testing 1201 : set([50, 34, 38, 95])p: 0.112501420857
--- testing 1202 : set([26, 50, 38, 95])p: 1.0
--- testing 1203 : set([26, 34, 50, 95])p: 1.0
--- testing 1204 : set([53, 14, 95])p: 1.0
--- testing 1205 : set([34, 53, 95])p: 1.0
--- testing 1206 : set([105, 2, 95])p: 0.112501420857
--- testing 1207 : set([2, 34, 95])p: 0.112501420857
--- testing 1208 : set([96, 26, 14, 95])p: 1.0
--- testing 1209 : set([96, 26, 38, 95])p: 0.00497365294963
--- testing 1210 : set([8, 26, 95])p: 1.0
--- testing 1211 : set([106, 34, 95])p: 1.0
--- testing 1212 : set([26, 31, 95])p: 1.0
--- testing 1213 : set([50, 60, 38])p: 0.112501420857
--- testing 1214 : set([105, 50, 60, 53])p: 1.0
--- testing 1215 : set([60, 14, 79])p: 1.0
--- testing 1216 : set([64, 60, 14])p: 1.0
--- testing 1217 : set([105, 34, 20])p: 1.0
--- testing 1218 : set([26, 20])p: 0.112501420857
--- testing 1219 : set([105, 20, 53])p: 1.0
--- testing 1220 : set([96, 20])p: 1.0
--- testing 1221 : set([72, 105, 14])p: 0.112501420857
--- testing 1222 : set([72, 105, 38])p: 1.0
--- testing 1223 : set([72, 34])p: 0.112501420857
--- testing 1224 : set([72, 26])p: 1.0
--- testing 1225 : set([72, 64, 38])p: 0.112501420857
--- testing 1226 : set([72, 10])p: 1.0
--- testing 1227 : set([72, 4])p: 1.0
--- testing 1228 : set([50, 54])p: 0.112501420857
--- testing 1229 : set([54, 79])p: 1.0
--- testing 1230 : set([64, 14, 54])p: 1.0
--- testing 1231 : set([96, 38, 54])p: 1.0
--- testing 1232 : set([105, 36, 14])p: 0.112501420857
--- testing 1233 : set([105, 34, 36])p: 1.0
--- testing 1234 : set([26, 92, 53])p: 1.0
--- testing 1235 : set([105, 50, 92, 79])p: 1.0
--- testing 1236 : set([64, 92])p: 1.0
--- testing 1237 : set([92, 86])p: 1.0
--- testing 1238 : set([90, 14, 38])p: 1.0
--- testing 1239 : set([90, 34])p: 1.0
--- testing 1240 : set([105, 90, 50])p: 1.0
--- testing 1241 : set([90, 26, 14])p: 1.0
--- testing 1242 : set([32, 26])p: 1.0
--- testing 1243 : set([32, 53])p: 1.0
--- testing 1244 : set([105, 14, 39])p: 1.0
--- testing 1245 : set([50, 39])p: 1.0
--- testing 1246 : set([26, 34, 39])p: 1.0
--- testing 1247 : set([53, 38, 39])p: 1.0
--- testing 1248 : set([2, 14, 39])p: 1.0
--- testing 1249 : set([81, 38, 39])p: 1.0
--- testing 1250 : set([10, 38, 39])p: 1.0
--- testing 1251 : set([96, 14, 39])p: 1.0
--- testing 1252 : set([96, 105, 39])p: 0.112501420857
--- testing 1253 : set([96, 38, 39])p: 1.0
--- testing 1254 : set([98, 50, 14])p: 0.112501420857
--- testing 1255 : set([98, 26, 14])p: 1.0
--- testing 1256 : set([105, 98, 53])p: 1.0
--- testing 1257 : set([98, 50, 53])p: 1.0
--- testing 1258 : set([98, 79])p: 0.112501420857
--- testing 1259 : set([98, 34, 2])p: 0.112501420857
--- testing 1260 : set([64, 98, 14])p: 0.112501420857
--- testing 1261 : set([98, 23])p: 1.0
--- testing 1262 : set([98, 31])p: 0.112501420857
--- testing 1263 : set([64, 14, 55])p: 0.112501420857
--- testing 1264 : set([81, 55])p: 1.0
--- testing 1265 : set([4, 55])p: 0.112501420857
--- testing 1266 : set([57, 14, 105])p: 1.0
--- testing 1267 : set([57, 14, 38])p: 1.0
--- testing 1268 : set([57, 38, 105])p: 1.0
--- testing 1269 : set([57, 26, 14])p: 1.0
--- testing 1270 : set([57, 26, 105])p: 1.0
--- testing 1271 : set([57, 53])p: 1.0
--- testing 1272 : set([57, 105, 79])p: 1.0
--- testing 1273 : set([50, 15])p: 0.112501420857
--- testing 1274 : set([81, 15])p: 1.0
--- testing 1275 : set([41, 14, 105])p: 0.112501420857
--- testing 1276 : set([41, 50, 34])p: 1.0
--- testing 1277 : set([41, 26, 14])p: 0.112501420857
--- testing 1278 : set([41, 26, 34])p: 1.0
--- testing 1279 : set([41, 106])p: 0.112501420857
--- testing 1280 : set([41, 34, 95])p: 1.0
--- testing 1281 : set([41, 38, 39])p: 1.0
--- testing 1282 : set([64, 62])p: 0.00497365294963
--- testing 1283 : set([34, 75])p: 1.0
--- testing 1284 : set([96, 75])p: 0.112501420857
--- testing 1285 : set([96, 65])p: 1.0
--- testing 1286 : set([2, 70])p: 0.112501420857
--- testing 1287 : set([85, 79])p: 1.0
--- testing 1288 : set([56, 34])p: 0.112501420857
--- testing 1289 : set([14, 22])p: 1.0
--- testing 1290 : set([73, 34])p: 1.0
--- testing 1291 : set([73, 50])p: 1.0
--- testing 1292 : set([10, 101])p: 1.0
--- testing 1293 : set([10, 100])p: 0.112501420857
--- testing 1294 : set([64, 61])p: 1.0
--- testing 1295 : set([91, 38])p: 1.0
--- testing 1296 : set([16, 38])p: 0.112501420857
--- testing 1297 : set([105, 67])p: 1.0
--- testing 1298 : set([21, 14])p: 1.0
--- testing 1299 : set([26, 21])p: 1.0
--- testing 1300 : set([34, 63])p: 1.0
--- testing 1301 : set([105, 74])p: 1.0
--- testing 1302 : set([12, 38])p: 1.0
--- testing 1303 : set([14, 71])p: 0.112501420857
--- testing 1304 : set([105, 34, 68])p: 1.0
--- testing 1305 : set([83, 14])p: 1.0
--- testing 1306 : set([105, 45])p: 1.0
--- testing 1307 : set([26, 99])p: 1.0
--- testing 1308 : set([37])p: 0.112501420857
--- testing 1309 : set([40])p: 1.0
--- testing 1310 : set([51])p: 0.112501420857
--- testing 1311 : set([59])p: 1.0
--- testing 1312 : set([87])p: 0.112501420857
--- testing 1313 : set([34, 38, 105, 14, 50, 26])p: 1.0
--- testing 1314 : set([34, 38, 105, 14, 50, 53])p: 0.00253620211828
--- testing 1315 : set([105, 26, 34, 53, 14])p: 1.0
--- testing 1316 : set([26, 34, 53, 38])p: 1.0
--- testing 1317 : set([105, 34, 14, 38, 79])p: 1.0
--- testing 1318 : set([105, 50, 34, 14, 79])p: 0.0856194788801
--- testing 1319 : set([26, 34, 38, 79])p: 1.0
--- testing 1320 : set([26, 34, 50, 14, 79])p: 1.0
--- testing 1321 : set([105, 34, 53, 38, 79])p: 0.00253620211828
--- testing 1322 : set([38, 105, 14, 79, 50, 53])p: 1.0
--- testing 1323 : set([26, 34, 53, 79])p: 1.0
--- testing 1324 : set([105, 14, 79, 50, 53, 26])p: 1.0
--- testing 1325 : set([105, 2, 34, 26, 14])p: 1.0
--- testing 1326 : set([14, 2, 34, 26, 38])p: 1.0
--- testing 1327 : set([105, 2, 34, 26, 38])p: 0.0856194788801
--- testing 1328 : set([34, 2, 50, 26, 14])p: 1.0
--- testing 1329 : set([105, 2, 34, 53, 38])p: 0.0856194788801
--- testing 1330 : set([34, 105, 2, 14, 50, 53])p: 0.0856194788801
--- testing 1331 : set([2, 38, 105, 14, 50, 53, 26])p: 1.0
--- testing 1332 : set([2, 14, 38, 79])p: 1.0
--- testing 1333 : set([105, 2, 34, 38, 79])p: 0.00253620211828
--- testing 1334 : set([2, 34, 26, 14, 79])p: 1.0
--- testing 1335 : set([2, 50, 26, 14, 79])p: 1.0
--- testing 1336 : set([105, 2, 50, 26, 79])p: 1.0
--- testing 1337 : set([105, 2, 34, 53, 79])p: 0.0856194788801
--- testing 1338 : set([64, 50, 34, 38])p: 0.00253620211828
--- testing 1339 : set([64, 105, 26, 34, 14])p: 1.0
--- testing 1340 : set([64, 26, 50, 38])p: 0.0856194788801
--- testing 1341 : set([64, 34, 53])p: 0.0856194788801
--- testing 1342 : set([64, 50, 14, 38, 79])p: 1.0
--- testing 1343 : set([64, 105, 50, 38, 79])p: 0.0856194788801
--- testing 1344 : set([64, 38, 105, 14, 79, 26])p: 1.0
--- testing 1345 : set([64, 26, 50, 14, 79])p: 1.0
--- testing 1346 : set([64, 105, 2, 38])p: 0.0856194788801
--- testing 1347 : set([64, 2, 34, 38])p: 0.0856194788801
--- testing 1348 : set([64, 2, 50, 38])p: 0.0856194788801
--- testing 1349 : set([64, 2, 26, 38])p: 1.0
--- testing 1350 : set([64, 2, 50, 26])p: 1.0
--- testing 1351 : set([64, 2, 105, 14, 50, 53])p: 0.0856194788801
--- testing 1352 : set([64, 2, 26, 53])p: 1.0
--- testing 1353 : set([64, 2, 38, 79])p: 0.0856194788801
--- testing 1354 : set([64, 2, 50, 79])p: 0.0856194788801
--- testing 1355 : set([64, 2, 26, 14, 79])p: 1.0
--- testing 1356 : set([81, 34, 14, 105])p: 0.00253620211828
--- testing 1357 : set([81, 50, 14, 38])p: 0.0856194788801
--- testing 1358 : set([81, 50, 34, 14])p: 0.00253620211828
--- testing 1359 : set([81, 26, 14, 105])p: 0.0856194788801
--- testing 1360 : set([81, 26, 34, 14])p: 1.0
--- testing 1361 : set([81, 26, 34, 105])p: 1.0
--- testing 1362 : set([81, 34, 53, 14])p: 0.00253620211828
--- testing 1363 : set([81, 34, 53, 105])p: 0.00253620211828
--- testing 1364 : set([81, 26, 14, 79])p: 0.00253620211828
--- testing 1365 : set([81, 26, 34, 79])p: 1.0
--- testing 1366 : set([81, 50, 105, 53, 79])p: 1.0
--- testing 1367 : set([81, 2, 34, 105])p: 0.0856194788801
--- testing 1368 : set([81, 2, 50, 105])p: 0.00253620211828
--- testing 1369 : set([81, 2, 26, 79])p: 0.0856194788801
--- testing 1370 : set([64, 81, 14, 105])p: 0.00253620211828
--- testing 1371 : set([64, 81, 34])p: 0.0856194788801
--- testing 1372 : set([64, 81, 50])p: 0.0856194788801
--- testing 1373 : set([64, 81, 53, 14])p: 0.0856194788801
--- testing 1374 : set([64, 81, 53, 105])p: 0.0856194788801
--- testing 1375 : set([64, 81, 79])p: 0.0856194788801
--- testing 1376 : set([64, 81, 2, 14, 38])p: 0.0856194788801
--- testing 1377 : set([105, 10, 14, 34, 38])p: 1.0
--- testing 1378 : set([14, 10, 34, 26, 38])p: 1.0
--- testing 1379 : set([10, 50, 26, 14])p: 1.0
--- testing 1380 : set([105, 10, 50, 26])p: 1.0
--- testing 1381 : set([10, 50, 26, 38])p: 1.0
--- testing 1382 : set([105, 10, 53, 14])p: 1.0
--- testing 1383 : set([10, 34, 53])p: 0.00253620211828
--- testing 1384 : set([10, 26, 79])p: 0.0856194788801
--- testing 1385 : set([105, 10, 53, 79])p: 0.0856194788801
--- testing 1386 : set([105, 10, 2, 14])p: 1.0
--- testing 1387 : set([105, 10, 34, 2, 38])p: 0.00253620211828
--- testing 1388 : set([10, 50, 2, 14])p: 1.0
--- testing 1389 : set([105, 10, 50, 2])p: 0.0856194788801
--- testing 1390 : set([10, 50, 2, 38])p: 0.0856194788801
--- testing 1391 : set([10, 2, 38, 53])p: 0.0856194788801
--- testing 1392 : set([64, 105, 10, 34])p: 0.0856194788801
--- testing 1393 : set([64, 10, 26])p: 0.0856194788801
--- testing 1394 : set([64, 10, 79])p: 0.00253620211828
--- testing 1395 : set([64, 10, 2, 38])p: 0.0856194788801
--- testing 1396 : set([81, 10, 38, 105])p: 1.0
--- testing 1397 : set([81, 10, 34, 14])p: 0.0856194788801
--- testing 1398 : set([81, 10, 53])p: 0.0856194788801
--- testing 1399 : set([81, 10, 79])p: 0.0856194788801
--- testing 1400 : set([64, 81, 10, 14])p: 1.0
--- testing 1401 : set([96, 105, 34, 14, 38])p: 1.0
--- testing 1402 : set([96, 105, 50, 14, 38])p: 1.0
--- testing 1403 : set([96, 105, 26, 34, 14])p: 1.0
--- testing 1404 : set([96, 105, 26, 34, 38])p: 0.0856194788801
--- testing 1405 : set([96, 105, 26, 50, 14])p: 0.0856194788801
--- testing 1406 : set([96, 105, 50, 53, 14])p: 1.0
--- testing 1407 : set([96, 105, 26, 53])p: 1.0
--- testing 1408 : set([96, 105, 38, 79])p: 0.0856194788801
--- testing 1409 : set([96, 34, 38, 79])p: 0.0856194788801
--- testing 1410 : set([96, 26, 34, 79])p: 0.0856194788801
--- testing 1411 : set([96, 105, 53, 14, 79])p: 1.0
--- testing 1412 : set([96, 105, 50, 53, 79])p: 1.0
--- testing 1413 : set([96, 105, 2, 14])p: 1.0
--- testing 1414 : set([96, 2, 34, 14])p: 1.0
--- testing 1415 : set([96, 105, 2, 34, 38])p: 0.00253620211828
--- testing 1416 : set([96, 2, 50, 14])p: 1.0
--- testing 1417 : set([96, 2, 34, 50])p: 0.0856194788801
--- testing 1418 : set([96, 2, 34, 26])p: 0.0856194788801
--- testing 1419 : set([96, 105, 2, 53])p: 1.0
--- testing 1420 : set([96, 64, 34, 38])p: 2.52408650306e-05
--- testing 1421 : set([96, 64, 50, 14])p: 0.0856194788801
--- testing 1422 : set([96, 64, 50, 105])p: 0.0856194788801
--- testing 1423 : set([96, 64, 50, 38])p: 0.00253620211828
--- testing 1424 : set([96, 64, 53])p: 1.0
--- testing 1425 : set([96, 64, 105, 79])p: 0.0856194788801
--- testing 1426 : set([96, 64, 2, 34])p: 0.0856194788801
--- testing 1427 : set([96, 81, 14, 105])p: 0.0856194788801
--- testing 1428 : set([96, 81, 79])p: 0.00253620211828
--- testing 1429 : set([96, 81, 2])p: 0.0856194788801
--- testing 1430 : set([96, 105, 10, 34, 38])p: 0.0856194788801
--- testing 1431 : set([96, 105, 10, 79])p: 0.0856194788801
--- testing 1432 : set([96, 10, 38, 79])p: 0.0856194788801
--- testing 1433 : set([96, 64, 10])p: 0.0856194788801
--- testing 1434 : set([34, 4, 14, 38])p: 1.0
--- testing 1435 : set([105, 34, 4, 38])p: 0.0856194788801
--- testing 1436 : set([105, 50, 4, 14])p: 1.0
--- testing 1437 : set([105, 50, 4, 38])p: 0.00253620211828
--- testing 1438 : set([26, 4, 34])p: 0.0856194788801
--- testing 1439 : set([105, 4, 38, 79])p: 0.0856194788801
--- testing 1440 : set([105, 34, 4, 79])p: 0.0856194788801
--- testing 1441 : set([50, 4, 79])p: 0.0856194788801
--- testing 1442 : set([105, 26, 4, 79])p: 1.0
--- testing 1443 : set([26, 4, 38, 79])p: 1.0
--- testing 1444 : set([2, 4, 14, 38])p: 1.0
--- testing 1445 : set([2, 4, 26])p: 1.0
--- testing 1446 : set([64, 4, 14, 38])p: 0.0856194788801
--- testing 1447 : set([64, 105, 50, 4])p: 0.0856194788801
--- testing 1448 : set([64, 26, 4, 38])p: 0.00253620211828
--- testing 1449 : set([64, 2, 4])p: 0.0856194788801
--- testing 1450 : set([81, 4, 14])p: 1.0
--- testing 1451 : set([81, 4, 79])p: 1.0
--- testing 1452 : set([105, 10, 4, 14])p: 0.0856194788801
--- testing 1453 : set([10, 14, 4, 26, 38])p: 0.0856194788801
--- testing 1454 : set([96, 50, 4])p: 0.00253620211828
--- testing 1455 : set([96, 4, 79])p: 0.0856194788801
--- testing 1456 : set([96, 64, 4])p: 0.00253620211828
--- testing 1457 : set([105, 34, 14, 6])p: 1.0
--- testing 1458 : set([105, 50, 14, 6])p: 1.0
--- testing 1459 : set([26, 14, 38, 6])p: 1.0
--- testing 1460 : set([105, 34, 6, 79])p: 1.0
--- testing 1461 : set([64, 14, 6])p: 0.0856194788801
--- testing 1462 : set([64, 38, 6])p: 0.0856194788801
--- testing 1463 : set([81, 14, 6])p: 0.0856194788801
--- testing 1464 : set([81, 6, 105])p: 1.0
--- testing 1465 : set([96, 14, 6])p: 1.0
--- testing 1466 : set([96, 105, 6])p: 0.0856194788801
--- testing 1467 : set([105, 14, 38, 23])p: 0.0856194788801
--- testing 1468 : set([105, 34, 14, 23])p: 0.0856194788801
--- testing 1469 : set([50, 14, 38, 23])p: 1.0
--- testing 1470 : set([105, 53, 14, 23])p: 1.0
--- testing 1471 : set([26, 79, 23])p: 1.0
--- testing 1472 : set([79, 53, 23])p: 1.0
--- testing 1473 : set([2, 14, 23])p: 1.0
--- testing 1474 : set([105, 2, 53, 23])p: 1.0
--- testing 1475 : set([64, 38, 23])p: 0.0856194788801
--- testing 1476 : set([81, 14, 38, 23])p: 0.0856194788801
--- testing 1477 : set([10, 23])p: 1.0
--- testing 1478 : set([96, 14, 23])p: 0.0856194788801
--- testing 1479 : set([34, 38, 6, 23])p: 1.0
--- testing 1480 : set([8, 105, 14, 38])p: 1.0
--- testing 1481 : set([8, 50, 38])p: 1.0
--- testing 1482 : set([8, 26, 14, 38])p: 1.0
--- testing 1483 : set([8, 26, 50])p: 1.0
--- testing 1484 : set([8, 105, 53, 14])p: 1.0
--- testing 1485 : set([8, 50, 53])p: 1.0
--- testing 1486 : set([8, 26, 53])p: 1.0
--- testing 1487 : set([8, 105, 53, 79])p: 1.0
--- testing 1488 : set([8, 105, 2, 50])p: 1.0
--- testing 1489 : set([8, 2, 53])p: 1.0
--- testing 1490 : set([8, 2, 14, 79])p: 0.0856194788801
--- testing 1491 : set([8, 64, 79])p: 1.0
--- testing 1492 : set([8, 105, 10])p: 1.0
--- testing 1493 : set([8, 96, 14, 38])p: 1.0
--- testing 1494 : set([8, 96, 50, 14])p: 0.0856194788801
--- testing 1495 : set([8, 96, 26, 14])p: 1.0
--- testing 1496 : set([8, 4, 14])p: 1.0
--- testing 1497 : set([106, 34, 38])p: 1.0
--- testing 1498 : set([105, 106, 79])p: 0.0856194788801
--- testing 1499 : set([106, 2, 14])p: 1.0
--- testing 1500 : set([105, 106, 2])p: 1.0
--- testing 1501 : set([64, 106, 14])p: 1.0
--- testing 1502 : set([105, 106, 10, 14])p: 0.0856194788801
--- testing 1503 : set([96, 105, 106, 14])p: 1.0
--- testing 1504 : set([34, 38, 31])p: 0.0856194788801
--- testing 1505 : set([26, 14, 38, 31])p: 1.0
--- testing 1506 : set([105, 26, 34, 14, 31])p: 1.0
--- testing 1507 : set([105, 26, 50, 31])p: 1.0
--- testing 1508 : set([105, 50, 53, 31])p: 0.0856194788801
--- testing 1509 : set([105, 26, 53, 31])p: 1.0
--- testing 1510 : set([34, 79, 31])p: 1.0
--- testing 1511 : set([2, 38, 31])p: 0.0856194788801
--- testing 1512 : set([2, 50, 31])p: 0.0856194788801
--- testing 1513 : set([64, 38, 31])p: 0.0856194788801
--- testing 1514 : set([64, 26, 31])p: 1.0
--- testing 1515 : set([81, 14, 31])p: 1.0
--- testing 1516 : set([105, 10, 14, 31])p: 1.0
--- testing 1517 : set([10, 26, 14, 31])p: 1.0
--- testing 1518 : set([96, 38, 31])p: 2.52408650306e-05
--- testing 1519 : set([96, 34, 31])p: 0.0856194788801
--- testing 1520 : set([23, 31])p: 1.0
--- testing 1521 : set([106, 31])p: 1.0
--- testing 1522 : set([34, 14, 86])p: 1.0
--- testing 1523 : set([34, 38, 86])p: 0.0856194788801
--- testing 1524 : set([50, 14, 38, 86])p: 1.0
--- testing 1525 : set([50, 34, 86])p: 0.0856194788801
--- testing 1526 : set([105, 26, 86])p: 1.0
--- testing 1527 : set([26, 38, 86])p: 0.00253620211828
--- testing 1528 : set([26, 34, 86])p: 0.0856194788801
--- testing 1529 : set([14, 53, 86])p: 1.0
--- testing 1530 : set([105, 50, 53, 86])p: 1.0
--- testing 1531 : set([14, 86, 79])p: 0.0856194788801
--- testing 1532 : set([34, 86, 79])p: 1.0
--- testing 1533 : set([2, 26, 86])p: 1.0
--- testing 1534 : set([64, 14, 38, 86])p: 1.0
--- testing 1535 : set([38, 6, 86])p: 1.0
--- testing 1536 : set([86, 31])p: 1.0
--- testing 1537 : set([105, 34, 38, 95])p: 0.00253620211828
--- testing 1538 : set([105, 50, 38, 95])p: 0.0856194788801
--- testing 1539 : set([105, 26, 38, 95])p: 0.0856194788801
--- testing 1540 : set([105, 26, 34, 95])p: 0.0856194788801
--- testing 1541 : set([26, 50, 14, 95])p: 1.0
--- testing 1542 : set([105, 26, 50, 95])p: 1.0
--- testing 1543 : set([26, 34, 50, 38, 95])p: 1.0
--- testing 1544 : set([105, 53, 14, 95])p: 1.0
--- testing 1545 : set([105, 50, 53, 95])p: 0.0856194788801
--- testing 1546 : set([26, 53, 95])p: 1.0
--- testing 1547 : set([79, 14, 95])p: 0.0856194788801
--- testing 1548 : set([105, 79, 95])p: 1.0
--- testing 1549 : set([34, 79, 95])p: 1.0
--- testing 1550 : set([2, 34, 26, 95])p: 0.0856194788801
--- testing 1551 : set([81, 34, 105, 95])p: 0.0856194788801
--- testing 1552 : set([96, 105, 95])p: 0.0856194788801
--- testing 1553 : set([96, 34, 95])p: 0.0856194788801
--- testing 1554 : set([6, 95])p: 0.0856194788801
--- testing 1555 : set([8, 26, 14, 95])p: 1.0
--- testing 1556 : set([105, 31, 95])p: 0.0856194788801
--- testing 1557 : set([50, 31, 95])p: 0.0856194788801
--- testing 1558 : set([2, 31, 95])p: 1.0
--- testing 1559 : set([14, 86, 95])p: 0.0856194788801
--- testing 1560 : set([105, 60, 38])p: 1.0
--- testing 1561 : set([34, 60, 14])p: 1.0
--- testing 1562 : set([105, 50, 60, 14])p: 0.0856194788801
--- testing 1563 : set([50, 60, 14, 38])p: 1.0
--- testing 1564 : set([50, 60, 34])p: 1.0
--- testing 1565 : set([26, 60, 14, 38])p: 1.0
--- testing 1566 : set([26, 60, 34, 38])p: 1.0
--- testing 1567 : set([60, 38, 79])p: 1.0
--- testing 1568 : set([105, 2, 60])p: 1.0
--- testing 1569 : set([2, 60, 38])p: 1.0
--- testing 1570 : set([2, 60, 50])p: 1.0
--- testing 1571 : set([2, 60, 26])p: 1.0
--- testing 1572 : set([2, 60, 79])p: 1.0
--- testing 1573 : set([64, 2, 60])p: 1.0
--- testing 1574 : set([81, 60])p: 0.0856194788801
--- testing 1575 : set([106, 60, 26])p: 1.0
--- testing 1576 : set([26, 60, 95])p: 1.0
--- testing 1577 : set([20, 14, 38])p: 0.0856194788801
--- testing 1578 : set([34, 20, 38])p: 1.0
--- testing 1579 : set([50, 20, 34])p: 1.0
--- testing 1580 : set([105, 20, 79])p: 1.0
--- testing 1581 : set([50, 20, 79])p: 1.0
--- testing 1582 : set([26, 20, 79])p: 1.0
--- testing 1583 : set([64, 20])p: 0.0856194788801
--- testing 1584 : set([34, 20, 6])p: 1.0
--- testing 1585 : set([8, 20])p: 0.0856194788801
--- testing 1586 : set([20, 95])p: 1.0
--- testing 1587 : set([72, 34, 14])p: 0.0856194788801
--- testing 1588 : set([72, 2, 38, 14])p: 0.0856194788801
--- testing 1589 : set([72, 64, 14, 38])p: 0.0856194788801
--- testing 1590 : set([72, 64, 2, 38])p: 0.0856194788801
--- testing 1591 : set([72, 81, 38])p: 0.0856194788801
--- testing 1592 : set([34, 38, 54])p: 1.0
--- testing 1593 : set([105, 50, 54])p: 1.0
--- testing 1594 : set([26, 14, 54])p: 1.0
--- testing 1595 : set([105, 38, 53, 54])p: 1.0
--- testing 1596 : set([64, 14, 38, 54])p: 1.0
--- testing 1597 : set([105, 10, 38, 54])p: 0.0856194788801
--- testing 1598 : set([8, 54])p: 1.0
--- testing 1599 : set([50, 36, 14])p: 0.0856194788801
--- testing 1600 : set([105, 26, 36])p: 0.0856194788801
--- testing 1601 : set([36, 79])p: 1.0
--- testing 1602 : set([2, 36, 14])p: 0.0856194788801
--- testing 1603 : set([64, 36])p: 0.0856194788801
--- testing 1604 : set([105, 26, 92])p: 1.0
--- testing 1605 : set([26, 92, 50])p: 1.0
--- testing 1606 : set([34, 92, 53])p: 1.0
--- testing 1607 : set([26, 14, 92, 53, 38])p: 1.0
--- testing 1608 : set([2, 92, 38])p: 1.0
--- testing 1609 : set([60, 92, 53])p: 1.0
--- testing 1610 : set([105, 90, 14])p: 1.0
--- testing 1611 : set([105, 90, 53])p: 1.0
--- testing 1612 : set([105, 90, 79])p: 1.0
--- testing 1613 : set([64, 90, 2])p: 1.0
--- testing 1614 : set([81, 90])p: 1.0
--- testing 1615 : set([32, 14, 38])p: 1.0
--- testing 1616 : set([32, 34, 38])p: 1.0
--- testing 1617 : set([32, 50, 14])p: 0.0856194788801
--- testing 1618 : set([32, 96])p: 1.0
--- testing 1619 : set([32, 23])p: 1.0
--- testing 1620 : set([105, 14, 38, 39])p: 1.0
--- testing 1621 : set([105, 34, 14, 39])p: 1.0
--- testing 1622 : set([50, 14, 38, 39])p: 1.0
--- testing 1623 : set([105, 26, 39])p: 0.0856194788801
--- testing 1624 : set([105, 53, 38, 39])p: 1.0
--- testing 1625 : set([79, 39])p: 1.0
--- testing 1626 : set([2, 14, 38, 39])p: 1.0
--- testing 1627 : set([64, 14, 38, 39])p: 1.0
--- testing 1628 : set([81, 14, 38, 39])p: 1.0
--- testing 1629 : set([10, 14, 38, 39])p: 1.0
--- testing 1630 : set([96, 53, 38, 39])p: 1.0
--- testing 1631 : set([72, 39])p: 1.0
--- testing 1632 : set([98, 14, 38])p: 1.0
--- testing 1633 : set([105, 98, 38])p: 1.0
--- testing 1634 : set([105, 98, 34])p: 0.00253620211828
--- testing 1635 : set([105, 98, 50, 14])p: 0.0856194788801
--- testing 1636 : set([105, 98, 26])p: 0.0856194788801
--- testing 1637 : set([98, 34, 26])p: 0.0856194788801
--- testing 1638 : set([105, 98, 50, 53])p: 1.0
--- testing 1639 : set([98, 14, 79])p: 0.0856194788801
--- testing 1640 : set([105, 98, 79])p: 0.0856194788801
--- testing 1641 : set([98, 50, 79])p: 0.0856194788801
--- testing 1642 : set([98, 34, 2, 14])p: 0.0856194788801
--- testing 1643 : set([64, 98, 34])p: 0.0856194788801
--- testing 1644 : set([64, 98, 26])p: 0.0856194788801
--- testing 1645 : set([64, 98, 2, 14])p: 0.0856194788801
--- testing 1646 : set([96, 98])p: 0.00253620211828
--- testing 1647 : set([98, 6])p: 1.0
--- testing 1648 : set([98, 95])p: 1.0
--- testing 1649 : set([50, 14, 55])p: 1.0
--- testing 1650 : set([50, 34, 55])p: 1.0
--- testing 1651 : set([26, 14, 55])p: 0.0856194788801
--- testing 1652 : set([79, 38, 55])p: 1.0
--- testing 1653 : set([50, 79, 55])p: 1.0
--- testing 1654 : set([105, 2, 55])p: 1.0
--- testing 1655 : set([64, 14, 38, 55])p: 0.0856194788801
--- testing 1656 : set([10, 55])p: 0.0856194788801
--- testing 1657 : set([106, 55])p: 1.0
--- testing 1658 : set([57, 2, 50])p: 1.0
--- testing 1659 : set([64, 57])p: 1.0
--- testing 1660 : set([57, 38, 23])p: 1.0
--- testing 1661 : set([34, 14, 15])p: 1.0
--- testing 1662 : set([34, 38, 15])p: 1.0
--- testing 1663 : set([26, 15])p: 1.0
--- testing 1664 : set([2, 15])p: 0.0856194788801
--- testing 1665 : set([64, 14, 15])p: 1.0
--- testing 1666 : set([41, 38, 105])p: 1.0
--- testing 1667 : set([41, 26, 105])p: 0.0856194788801
--- testing 1668 : set([41, 26, 38])p: 0.0856194788801
--- testing 1669 : set([41, 26, 34, 50])p: 1.0
--- testing 1670 : set([41, 53])p: 1.0
--- testing 1671 : set([41, 79])p: 0.0856194788801
--- testing 1672 : set([41, 2, 38])p: 1.0
--- testing 1673 : set([64, 41])p: 1.0
--- testing 1674 : set([41, 81])p: 1.0
--- testing 1675 : set([96, 41, 38])p: 1.0
--- testing 1676 : set([41, 34, 14, 95])p: 1.0
--- testing 1677 : set([41, 10, 39])p: 1.0
--- testing 1678 : set([26, 34, 62])p: 0.0856194788801
--- testing 1679 : set([2, 62])p: 0.0856194788801
--- testing 1680 : set([105, 75])p: 1.0
--- testing 1681 : set([50, 75])p: 1.0
--- testing 1682 : set([2, 75])p: 1.0
--- testing 1683 : set([65, 34, 14, 105])p: 1.0
--- testing 1684 : set([65, 50])p: 1.0
--- testing 1685 : set([64, 65])p: 1.0
--- testing 1686 : set([65, 81])p: 1.0
--- testing 1687 : set([65, 10])p: 1.0
--- testing 1688 : set([14, 38, 70])p: 0.0856194788801
--- testing 1689 : set([50, 38, 70])p: 0.0856194788801
--- testing 1690 : set([64, 14, 70])p: 1.0
--- testing 1691 : set([85, 14])p: 1.0
--- testing 1692 : set([105, 85, 38])p: 1.0
--- testing 1693 : set([105, 34, 85])p: 1.0
--- testing 1694 : set([34, 85, 38])p: 1.0
--- testing 1695 : set([26, 85, 38])p: 1.0
--- testing 1696 : set([2, 85])p: 0.0856194788801
--- testing 1697 : set([56, 38])p: 1.0
--- testing 1698 : set([56, 105, 50])p: 0.0856194788801
--- testing 1699 : set([38, 22])p: 1.0
--- testing 1700 : set([26, 22])p: 1.0
--- testing 1701 : set([10, 22])p: 1.0
--- testing 1702 : set([73, 2])p: 1.0
--- testing 1703 : set([73, 81])p: 1.0
--- testing 1704 : set([101, 14])p: 1.0
--- testing 1705 : set([105, 101])p: 1.0
--- testing 1706 : set([34, 101])p: 1.0
--- testing 1707 : set([26, 101, 38])p: 1.0
--- testing 1708 : set([105, 100])p: 1.0
--- testing 1709 : set([100, 38])p: 1.0
--- testing 1710 : set([10, 100, 14])p: 0.0856194788801
--- testing 1711 : set([25, 38])p: 1.0
--- testing 1712 : set([25, 34])p: 1.0
--- testing 1713 : set([61, 38])p: 0.0856194788801
--- testing 1714 : set([105, 50, 61])p: 1.0
--- testing 1715 : set([2, 61])p: 0.0856194788801
--- testing 1716 : set([105, 91, 14])p: 1.0
--- testing 1717 : set([48, 14])p: 1.0
--- testing 1718 : set([10, 38, 21, 14])p: 1.0
--- testing 1719 : set([105, 50, 63])p: 1.0
--- testing 1720 : set([26, 63])p: 1.0
--- testing 1721 : set([74, 14])p: 1.0
--- testing 1722 : set([74, 34])p: 1.0
--- testing 1723 : set([50, 34, 5])p: 1.0
--- testing 1724 : set([12, 14, 38])p: 1.0
--- testing 1725 : set([33, 34])p: 0.0856194788801
--- testing 1726 : set([88, 34])p: 1.0
--- testing 1727 : set([88, 26])p: 1.0
--- testing 1728 : set([88, 53])p: 1.0
--- testing 1729 : set([105, 42])p: 1.0
--- testing 1730 : set([43, 14])p: 0.0856194788801
--- testing 1731 : set([43, 38])p: 1.0
--- testing 1732 : set([1, 105])p: 1.0
--- testing 1733 : set([14, 13, 38])p: 0.0856194788801
--- testing 1734 : set([49, 14])p: 1.0
--- testing 1735 : set([49, 105])p: 1.0
--- testing 1736 : set([68, 38])p: 1.0
--- testing 1737 : set([50, 68, 34])p: 1.0
--- testing 1738 : set([80, 14])p: 1.0
--- testing 1739 : set([9, 14])p: 1.0
--- testing 1740 : set([9, 50])p: 1.0
--- testing 1741 : set([105, 50, 19])p: 1.0
--- testing 1742 : set([26, 19])p: 1.0
--- testing 1743 : set([18, 38])p: 0.0856194788801
--- testing 1744 : set([97, 105])p: 1.0
--- testing 1745 : set([97, 26])p: 1.0
--- testing 1746 : set([99, 14])p: 1.0
--- testing 1747 : set([26, 99, 38])p: 1.0
--- testing 1748 : set([34, 3])p: 1.0
--- testing 1749 : set([17, 14])p: 1.0
--- testing 1750 : set([27, 14])p: 1.0
--- testing 1751 : set([26, 30])p: 1.0
--- testing 1752 : set([58])p: 1.0
--- testing 1753 : set([77])p: 1.0
--- testing 1754 : set([78])p: 1.0
