trsact: data/conditions/data_692.csv.4lcm53 ,#transactions 16228 ,#items 107 ,size 18832 extracted database: #transactions 16228 ,#items 97 ,size 18813
 output to: data/conditions/data_692.csv.4lcm53.results.lcm/data_692.csv.4lcm53.lowsup4.closed
separated at 0
iters=1283
1271
1
97
399
498
231
43
2
finish calculation of K: 1270
4
--- testing 1 : set([14])p: 0.000769395060123
--- testing 2 : set([105])p: 1.05572488667e-42
--- testing 3 : set([38])p: 0.398296314688
--- testing 4 : set([14, 38])p: 0.150167645961
--- testing 5 : set([34])p: 1.60916504366e-14
--- testing 6 : set([50])p: 5.43255825155e-49
--- testing 7 : set([26])p: 1.10426097466e-09
--- testing 8 : set([53])p: 9.07761378366e-12
--- testing 9 : set([2])p: 0.000633267880125
--- testing 10 : set([105, 50])p: 4.89318486623e-37
--- testing 11 : set([64])p: 0.0101057732086
--- testing 12 : set([80])p: 7.33169910888e-16
--- testing 13 : set([10])p: 0.407722745146
--- testing 14 : set([105, 53])p: 6.98467863697e-16
--- testing 15 : set([96])p: 0.00976021146831
--- testing 16 : set([105, 14])p: 1.20264217396e-09
--- testing 17 : set([85])p: 6.13403506397e-05
--- testing 18 : set([105, 38])p: 3.50501967078e-06
--- testing 19 : set([4])p: 0.231294915505
--- testing 20 : set([105, 34])p: 1.12563410005e-18
--- testing 21 : set([34, 14])p: 0.00103676086321
--- testing 22 : set([50, 14])p: 7.22793568182e-08
--- testing 23 : set([50, 53])p: 3.55621860209e-15
--- testing 24 : set([26, 14])p: 0.000410734079199
--- testing 25 : set([34, 38])p: 0.00367154496319
--- testing 26 : set([10, 38])p: 0.637131418546
--- testing 27 : set([105, 50, 53])p: 9.74405134984e-17
--- testing 28 : set([26, 38])p: 0.00884572596352
--- testing 29 : set([2, 14])p: 0.0311033725008
--- testing 30 : set([10, 14])p: 0.241105123841
--- testing 31 : set([6])p: 0.737277382082
--- testing 32 : set([105, 26])p: 3.72563356702e-10
--- testing 33 : set([64, 14])p: 0.00147469919261
--- testing 34 : set([50, 38])p: 2.31818324357e-06
--- testing 35 : set([50, 34])p: 8.00596552495e-13
--- testing 36 : set([105, 2])p: 1.89694457205e-05
--- testing 37 : set([26, 34])p: 1.25372533562e-06
--- testing 38 : set([23])p: 0.237539305791
--- testing 39 : set([8])p: 0.0403795493671
--- testing 40 : set([53, 14])p: 0.00010417130785
--- testing 41 : set([105, 50, 14])p: 6.80087687619e-07
--- testing 42 : set([96, 14])p: 0.00418207379118
--- testing 43 : set([64, 38])p: 0.24334827342
--- testing 44 : set([106])p: 0.0744302574955
--- testing 45 : set([31])p: 0.489542515832
--- testing 46 : set([86])p: 0.0609745657359
--- testing 47 : set([85, 14])p: 0.00199586528293
--- testing 48 : set([95])p: 0.111937086713
--- testing 49 : set([105, 14, 38])p: 0.00372708406484
--- testing 50 : set([2, 38])p: 0.149596265767
--- testing 51 : set([53, 38])p: 0.00686325270288
--- testing 52 : set([80, 14])p: 0.0157313417394
--- testing 53 : set([10, 14, 38])p: 0.467242997645
--- testing 54 : set([80, 105])p: 4.09541620156e-13
--- testing 55 : set([26, 50])p: 3.65797147507e-06
--- testing 56 : set([85, 38])p: 0.142509851108
--- testing 57 : set([80, 38])p: 0.0687721094036
--- testing 58 : set([105, 85])p: 1.15867330206e-05
--- testing 59 : set([64, 105])p: 1.021601513e-05
--- testing 60 : set([105, 50, 34])p: 8.33572743359e-11
--- testing 61 : set([34, 53])p: 1.70374592174e-05
--- testing 62 : set([2, 34])p: 0.00239077983982
--- testing 63 : set([105, 50, 38])p: 2.62466064951e-06
--- testing 64 : set([34, 14, 38])p: 0.0835678154655
--- testing 65 : set([105, 53, 14])p: 2.26633388009e-06
--- testing 66 : set([2, 50])p: 4.76807837528e-07
--- testing 67 : set([96, 105])p: 7.63492858345e-06
--- testing 68 : set([60])p: 0.0724490388339
--- testing 69 : set([105, 10])p: 0.000100322094182
--- testing 70 : set([26, 14, 38])p: 0.251751674515
--- testing 71 : set([96, 38])p: 0.00724386764187
--- testing 72 : set([64, 2])p: 0.0397275570308
--- testing 73 : set([20])p: 0.0140877747677
--- testing 74 : set([96, 34])p: 0.00363686105443
--- testing 75 : set([72])p: 0.977366778092
--- testing 76 : set([105, 34, 14])p: 0.0095161649402
--- testing 77 : set([50, 14, 38])p: 0.00875568580714
--- testing 78 : set([105, 53, 38])p: 0.00247216492374
--- testing 79 : set([54])p: 0.456519439191
--- testing 80 : set([26, 53])p: 4.21362322442e-06
--- testing 81 : set([50, 85])p: 8.67052545531e-05
--- testing 82 : set([105, 34, 38])p: 7.49792206332e-05
--- testing 83 : set([64, 14, 38])p: 0.102646218636
--- testing 84 : set([105, 26, 14])p: 1.11337014539e-05
--- testing 85 : set([36])p: 0.611479082141
--- testing 86 : set([4, 14])p: 0.820450001323
--- testing 87 : set([92])p: 0.0114573703221
--- testing 88 : set([4, 38])p: 0.186492307141
--- testing 89 : set([90])p: 0.0314179219246
--- testing 90 : set([64, 50])p: 6.56088569155e-06
--- testing 91 : set([26, 85])p: 0.00957459839661
--- testing 92 : set([32])p: 0.806944853193
--- testing 93 : set([105, 26, 50])p: 5.45870374561e-06
--- testing 94 : set([2, 26])p: 2.93417750004e-05
--- testing 95 : set([64, 34])p: 0.339530136674
--- testing 96 : set([2, 14, 38])p: 0.547351064143
--- testing 97 : set([105, 2, 50])p: 3.73259731914e-06
--- testing 98 : set([80, 34])p: 0.000105775146635
--- testing 99 : set([39])p: 0.547351064143
--- testing 100 : set([98])p: 0.318098249208
--- testing 101 : set([64, 26])p: 0.0212415973197
--- testing 102 : set([55])p: 0.0603895425526
--- testing 103 : set([105, 34, 53])p: 1.4612010291e-05
--- testing 104 : set([80, 50])p: 7.31741198097e-09
--- testing 105 : set([105, 4])p: 0.00475118914712
--- testing 106 : set([96, 26])p: 0.119671656066
--- testing 107 : set([57])p: 0.265181809906
--- testing 108 : set([14, 85, 38])p: 0.734447371404
--- testing 109 : set([34, 85])p: 0.000930125953834
--- testing 110 : set([96, 85])p: 0.106638408559
--- testing 111 : set([15])p: 0.725101327083
--- testing 112 : set([26, 34, 14])p: 0.000704479584569
--- testing 113 : set([50, 53, 14])p: 0.000704479584569
--- testing 114 : set([10, 34])p: 0.000704479584569
--- testing 115 : set([96, 64])p: 0.0112018007447
--- testing 116 : set([80, 26])p: 0.000104334429276
--- testing 117 : set([105, 26, 34])p: 1.50938168233e-05
--- testing 118 : set([96, 50])p: 1.85034809265e-06
--- testing 119 : set([105, 26, 38])p: 6.0619677733e-05
--- testing 120 : set([26, 34, 38])p: 0.39013624188
--- testing 121 : set([10, 26])p: 0.39013624188
--- testing 122 : set([96, 2])p: 0.0720991118819
--- testing 123 : set([2, 53])p: 0.00581163611099
--- testing 124 : set([80, 85])p: 0.000278141578444
--- testing 125 : set([14, 6])p: 0.894762746237
--- testing 126 : set([105, 50, 53, 14])p: 0.000234466792591
--- testing 127 : set([105, 2, 14])p: 0.0621844549925
--- testing 128 : set([8, 14])p: 0.0175517686674
--- testing 129 : set([105, 10, 38])p: 0.0158174475437
--- testing 130 : set([41])p: 0.338578760535
--- testing 131 : set([62])p: 0.878473471872
--- testing 132 : set([50, 34, 14])p: 0.0488568616918
--- testing 133 : set([105, 26, 53])p: 1.75778671684e-05
--- testing 134 : set([80, 53])p: 0.000627503043715
--- testing 135 : set([80, 2])p: 0.123085272772
--- testing 136 : set([64, 85])p: 0.123085272772
--- testing 137 : set([105, 106])p: 0.299698278572
--- testing 138 : set([14, 31])p: 0.859666677191
--- testing 139 : set([14, 53, 38])p: 0.0373855182002
--- testing 140 : set([2, 50, 14])p: 0.00228385054164
--- testing 141 : set([105, 50, 14, 38])p: 0.00889335019677
--- testing 142 : set([26, 50, 14])p: 0.00196187452683
--- testing 143 : set([105, 10, 14])p: 0.00889335019677
--- testing 144 : set([10, 50])p: 0.00889335019677
--- testing 145 : set([64, 53])p: 0.0997862953214
--- testing 146 : set([80, 14, 38])p: 0.535512560039
--- testing 147 : set([96, 14, 38])p: 0.0997862953214
--- testing 148 : set([34, 4])p: 0.00782696932447
--- testing 149 : set([14, 23])p: 0.837953869817
--- testing 150 : set([38, 23])p: 0.535512560039
--- testing 151 : set([50, 53, 38])p: 0.00685579207107
--- testing 152 : set([2, 85])p: 0.0277380376352
--- testing 153 : set([38, 6])p: 1.0
--- testing 154 : set([14, 95])p: 0.248349437939
--- testing 155 : set([34, 95])p: 0.248349437939
--- testing 156 : set([26, 95])p: 0.521068921173
--- testing 157 : set([64, 2, 14])p: 0.024916112559
--- testing 158 : set([50, 34, 53])p: 0.0051794920782
--- testing 159 : set([105, 2, 34])p: 0.00100853662745
--- testing 160 : set([64, 105, 14])p: 0.000167044995452
--- testing 161 : set([105, 50, 85])p: 0.000167044995452
--- testing 162 : set([105, 6])p: 0.0222853946319
--- testing 163 : set([75])p: 0.812886698358
--- testing 164 : set([64, 105, 50])p: 1.84519325037e-05
--- testing 165 : set([105, 85, 14])p: 0.0198416942671
--- testing 166 : set([26, 4])p: 0.00446447114378
--- testing 167 : set([105, 34, 14, 38])p: 0.198599638889
--- testing 168 : set([14, 86])p: 0.198599638889
--- testing 169 : set([65])p: 0.460376272889
--- testing 170 : set([26, 34, 50])p: 0.0602640977778
--- testing 171 : set([105, 50, 34, 53])p: 0.00325580953743
--- testing 172 : set([2, 34, 14])p: 0.186558900165
--- testing 173 : set([85, 53])p: 0.444511022343
--- testing 174 : set([105, 23])p: 0.0154961807613
--- testing 175 : set([60, 14])p: 0.0602640977778
--- testing 176 : set([105, 50, 53, 38])p: 0.00275225842666
--- testing 177 : set([2, 26, 14])p: 0.000463961773257
--- testing 178 : set([105, 2, 53])p: 0.00275225842666
--- testing 179 : set([50, 4])p: 0.174718762442
--- testing 180 : set([26, 50, 38])p: 0.0023093623002
--- testing 181 : set([80, 105, 50])p: 5.97378658648e-07
--- testing 182 : set([64, 10])p: 0.163100957188
--- testing 183 : set([96, 105, 14])p: 0.000374117075843
--- testing 184 : set([50, 85, 14])p: 0.0118366285107
--- testing 185 : set([8, 105])p: 0.0023093623002
--- testing 186 : set([105, 31])p: 0.0493668842291
--- testing 187 : set([38, 86])p: 0.762212883564
--- testing 188 : set([50, 34, 38])p: 0.00192231325532
--- testing 189 : set([80, 105, 14])p: 0.00192231325532
--- testing 190 : set([80, 64])p: 0.151727549892
--- testing 191 : set([96, 53])p: 0.00192231325532
--- testing 192 : set([8, 26])p: 0.395428376328
--- testing 193 : set([105, 95])p: 0.151727549892
--- testing 194 : set([72, 38])p: 1.0
--- testing 195 : set([38, 39])p: 0.750539893845
--- testing 196 : set([34, 53, 14])p: 0.37862142278
--- testing 197 : set([105, 2, 38])p: 0.00881315812726
--- testing 198 : set([10, 26, 14])p: 0.37862142278
--- testing 199 : set([105, 86])p: 0.00881315812726
--- testing 200 : set([14, 39])p: 0.738294669103
--- testing 201 : set([96, 80])p: 0.129803349704
--- testing 202 : set([72, 14])p: 1.0
--- testing 203 : set([26, 53, 14])p: 0.00636977328103
--- testing 204 : set([80, 105, 53])p: 0.00636977328103
--- testing 205 : set([10, 34, 38])p: 0.00636977328103
--- testing 206 : set([80, 10])p: 0.119297547369
--- testing 207 : set([96, 4])p: 0.119297547369
--- testing 208 : set([38, 31])p: 0.344449676232
--- testing 209 : set([26, 31])p: 0.344449676232
--- testing 210 : set([70])p: 0.71197409181
--- testing 211 : set([84])p: 0.0311432083157
--- testing 212 : set([105, 50, 34, 14])p: 0.109125892863
--- testing 213 : set([26, 50, 53])p: 1.16237054772e-05
--- testing 214 : set([10, 26, 38])p: 1.0
--- testing 215 : set([96, 34, 14])p: 0.00534670048978
--- testing 216 : set([64, 4])p: 0.697838537365
--- testing 217 : set([8, 34])p: 0.327130281704
--- testing 218 : set([106, 14])p: 0.0273319106181
--- testing 219 : set([106, 38])p: 0.327130281704
--- testing 220 : set([105, 14, 53, 38])p: 0.0238142769976
--- testing 221 : set([2, 34, 38])p: 0.0238142769976
--- testing 222 : set([64, 50, 14])p: 8.12480469932e-05
--- testing 223 : set([80, 105, 38])p: 0.683010207138
--- testing 224 : set([105, 10, 14, 38])p: 0.309689930597
--- testing 225 : set([96, 105, 50])p: 7.00777599872e-07
--- testing 226 : set([10, 85])p: 0.0044454349437
--- testing 227 : set([4, 14, 38])p: 0.683010207138
--- testing 228 : set([34, 23])p: 0.309689930597
--- testing 229 : set([8, 38])p: 0.683010207138
--- testing 230 : set([105, 26, 50, 14])p: 0.000518822836969
--- testing 231 : set([64, 105, 53])p: 0.0205861366553
--- testing 232 : set([105, 10, 34])p: 5.99540431065e-05
--- testing 233 : set([96, 50, 14])p: 0.00365777789299
--- testing 234 : set([105, 85, 38])p: 0.0205861366553
--- testing 235 : set([34, 6])p: 0.0898735727442
--- testing 236 : set([106, 34])p: 1.0
--- testing 237 : set([105, 60])p: 0.667455195616
--- testing 238 : set([38, 54])p: 0.667455195616
--- testing 239 : set([14, 15])p: 1.0
--- testing 240 : set([105, 26, 14, 38])p: 0.00297539635907
--- testing 241 : set([2, 34, 50])p: 4.34501446906e-05
--- testing 242 : set([64, 105, 38])p: 0.000399117934222
--- testing 243 : set([105, 10, 50])p: 0.0176420742618
--- testing 244 : set([10, 53])p: 0.0808360810804
--- testing 245 : set([34, 85, 14])p: 0.274568342857
--- testing 246 : set([98, 14])p: 0.0808360810804
--- testing 247 : set([56])p: 0.274568342857
--- testing 248 : set([105, 26, 34, 14])p: 0.00238987853524
--- testing 249 : set([105, 26, 50, 53])p: 3.08640594471e-05
--- testing 250 : set([105, 2, 50, 53])p: 0.0149754055522
--- testing 251 : set([10, 2])p: 0.256956319059
--- testing 252 : set([96, 105, 34])p: 0.0149754055522
--- testing 253 : set([96, 26, 14])p: 0.256956319059
--- testing 254 : set([96, 10])p: 0.0149754055522
--- testing 255 : set([26, 6])p: 1.0
--- testing 256 : set([34, 31])p: 0.0722187165142
--- testing 257 : set([38, 95])p: 0.634021140317
--- testing 258 : set([60, 38])p: 0.0722187165142
--- testing 259 : set([36, 38])p: 0.634021140317
--- testing 260 : set([38, 15])p: 1.0
--- testing 261 : set([22])p: 0.634021140317
--- testing 262 : set([105, 50, 34, 38])p: 0.000224616608404
--- testing 263 : set([105, 2, 50, 14])p: 0.0125781623109
--- testing 264 : set([64, 34, 14])p: 0.239362261674
--- testing 265 : set([64, 26, 14])p: 0.00189279260494
--- testing 266 : set([10, 50, 14])p: 1.0
--- testing 267 : set([96, 105, 38])p: 0.0640411006625
--- testing 268 : set([96, 105, 53])p: 0.000224616608404
--- testing 269 : set([26, 85, 14])p: 0.0125781623109
--- testing 270 : set([105, 85, 53])p: 0.239362261674
--- testing 271 : set([50, 31])p: 0.239362261674
--- testing 272 : set([36, 14])p: 0.239362261674
--- testing 273 : set([7])p: 1.0
--- testing 274 : set([103])p: 0.616065672638
--- testing 275 : set([26, 14, 34, 38])p: 0.59723050209
--- testing 276 : set([2, 50, 38])p: 0.0104410883697
--- testing 277 : set([96, 26, 34])p: 0.0563216599098
--- testing 278 : set([105, 34, 85])p: 0.000163662778561
--- testing 279 : set([105, 26, 85])p: 0.221830145573
--- testing 280 : set([14, 54])p: 1.0
--- testing 281 : set([73])p: 1.0
--- testing 282 : set([101])p: 0.59723050209
--- testing 283 : set([105, 26, 50, 38])p: 0.0011304628618
--- testing 284 : set([105, 26, 34, 50])p: 0.204408199714
--- testing 285 : set([105, 34, 53, 14])p: 0.577472588589
--- testing 286 : set([26, 53, 38])p: 0.204408199714
--- testing 287 : set([2, 26, 38])p: 0.577472588589
--- testing 288 : set([64, 50, 53])p: 0.00855364841941
--- testing 289 : set([64, 105, 2])p: 0.204408199714
--- testing 290 : set([80, 50, 14])p: 0.00855364841941
--- testing 291 : set([10, 14, 26, 38])p: 1.0
--- testing 292 : set([64, 10, 38])p: 0.204408199714
--- testing 293 : set([34, 85, 38])p: 0.0490773591403
--- testing 294 : set([64, 85, 14])p: 0.577472588589
--- testing 295 : set([4, 53])p: 1.0
--- testing 296 : set([96, 6])p: 1.0
--- testing 297 : set([106, 50])p: 0.577472588589
--- testing 298 : set([34, 53, 38])p: 0.00690405162883
--- testing 299 : set([50, 14, 53, 38])p: 0.0423234073535
--- testing 300 : set([105, 26, 53, 14])p: 0.00690405162883
--- testing 301 : set([64, 105, 34])p: 0.556746789207
--- testing 302 : set([64, 26, 34])p: 0.187149217428
--- testing 303 : set([64, 2, 38])p: 0.0423234073535
--- testing 304 : set([80, 26, 38])p: 0.187149217428
--- testing 305 : set([10, 34, 14])p: 0.187149217428
--- testing 306 : set([64, 10, 14])p: 0.556746789207
--- testing 307 : set([50, 85, 38])p: 0.0423234073535
--- testing 308 : set([96, 85, 14])p: 0.187149217428
--- testing 309 : set([105, 50, 4])p: 0.187149217428
--- testing 310 : set([4, 85])p: 0.556746789207
--- testing 311 : set([50, 23])p: 0.187149217428
--- testing 312 : set([8, 96])p: 0.00690405162883
--- testing 313 : set([106, 26])p: 0.000848824385355
--- testing 314 : set([50, 95])p: 0.187149217428
--- testing 315 : set([50, 60])p: 0.556746789207
--- testing 316 : set([105, 20])p: 0.0423234073535
--- testing 317 : set([105, 54])p: 0.187149217428
--- testing 318 : set([98, 34])p: 0.187149217428
--- testing 319 : set([105, 55])p: 0.556746789207
--- testing 320 : set([100])p: 1.0
--- testing 321 : set([105, 50, 14, 53, 38])p: 0.0360729328138
--- testing 322 : set([105, 2, 26])p: 0.0360729328138
--- testing 323 : set([80, 2, 14])p: 0.535005755573
--- testing 324 : set([10, 2, 14])p: 1.0
--- testing 325 : set([96, 34, 38])p: 0.0360729328138
--- testing 326 : set([96, 2, 14])p: 0.170110886831
--- testing 327 : set([105, 50, 85, 14])p: 0.170110886831
--- testing 328 : set([2, 85, 14])p: 0.535005755573
--- testing 329 : set([80, 105, 85])p: 0.000622962515086
--- testing 330 : set([2, 4])p: 0.170110886831
--- testing 331 : set([106, 53])p: 0.535005755573
--- testing 332 : set([85, 31])p: 1.0
--- testing 333 : set([50, 86])p: 0.000622962515086
--- testing 334 : set([34, 20])p: 0.000622962515086
--- testing 335 : set([14, 38, 39])p: 0.535005755573
--- testing 336 : set([57, 38])p: 0.535005755573
--- testing 337 : set([41, 14])p: 0.170110886831
--- testing 338 : set([25])p: 0.170110886831
--- testing 339 : set([61])p: 0.535005755573
--- testing 340 : set([91])p: 0.535005755573
--- testing 341 : set([26, 14, 50, 38])p: 0.00426520983684
--- testing 342 : set([105, 2, 34, 50])p: 0.000445314900066
--- testing 343 : set([2, 34, 26])p: 0.00426520983684
--- testing 344 : set([2, 53, 14])p: 0.153356142579
--- testing 345 : set([64, 105, 26])p: 0.0303366252133
--- testing 346 : set([64, 105, 50, 53])p: 0.00426520983684
--- testing 347 : set([64, 2, 50])p: 0.0303366252133
--- testing 348 : set([80, 34, 14])p: 0.153356142579
--- testing 349 : set([80, 105, 34])p: 3.54545041329e-05
--- testing 350 : set([26, 85, 38])p: 1.0
--- testing 351 : set([80, 85, 14])p: 0.0303366252133
--- testing 352 : set([10, 85, 38])p: 0.153356142579
--- testing 353 : set([10, 4])p: 0.512199826277
--- testing 354 : set([53, 23])p: 0.0303366252133
--- testing 355 : set([26, 14, 95])p: 0.512199826277
--- testing 356 : set([26, 34, 95])p: 1.0
--- testing 357 : set([14, 55])p: 0.512199826277
--- testing 358 : set([38, 55])p: 0.0303366252133
--- testing 359 : set([57, 105])p: 0.00426520983684
--- testing 360 : set([16])p: 1.0
--- testing 361 : set([48])p: 0.512199826277
--- testing 362 : set([67])p: 0.153356142579
--- testing 363 : set([105, 26, 34, 38])p: 0.136953540263
--- testing 364 : set([105, 2, 14, 38])p: 0.136953540263
--- testing 365 : set([105, 2, 34, 14])p: 0.48827691403
--- testing 366 : set([2, 14, 26, 38])p: 0.48827691403
--- testing 367 : set([64, 105, 14, 38])p: 0.00324657118703
--- testing 368 : set([64, 2, 34])p: 0.136953540263
--- testing 369 : set([64, 2, 26])p: 0.025122342138
--- testing 370 : set([80, 26, 14])p: 0.025122342138
--- testing 371 : set([80, 64, 14])p: 1.0
--- testing 372 : set([105, 10, 34, 38])p: 0.00324657118703
--- testing 373 : set([10, 50, 38])p: 0.136953540263
--- testing 374 : set([105, 10, 26])p: 0.136953540263
--- testing 375 : set([105, 10, 53])p: 0.025122342138
--- testing 376 : set([96, 105, 26])p: 0.136953540263
--- testing 377 : set([96, 64, 14])p: 0.136953540263
--- testing 378 : set([96, 10, 38])p: 0.025122342138
--- testing 379 : set([64, 85, 38])p: 0.48827691403
--- testing 380 : set([105, 4, 38])p: 0.025122342138
--- testing 381 : set([8, 50])p: 0.136953540263
--- testing 382 : set([53, 31])p: 0.48827691403
--- testing 383 : set([14, 38, 86])p: 0.48827691403
--- testing 384 : set([34, 60])p: 0.48827691403
--- testing 385 : set([26, 60])p: 0.136953540263
--- testing 386 : set([2, 60])p: 0.025122342138
--- testing 387 : set([92, 14])p: 0.48827691403
--- testing 388 : set([90, 14])p: 1.0
--- testing 389 : set([105, 90])p: 0.025122342138
--- testing 390 : set([105, 98])p: 0.025122342138
--- testing 391 : set([41, 38])p: 0.48827691403
--- testing 392 : set([21])p: 0.136953540263
--- testing 393 : set([63])p: 1.0
--- testing 394 : set([74])p: 0.48827691403
--- testing 395 : set([26, 34, 53])p: 0.0204346769342
--- testing 396 : set([105, 2, 53, 14])p: 0.120977654817
--- testing 397 : set([64, 26, 38])p: 0.0204346769342
--- testing 398 : set([80, 105, 50, 14])p: 0.00240717792448
--- testing 399 : set([80, 50, 53])p: 0.0204346769342
--- testing 400 : set([10, 85, 14])p: 0.463182387332
--- testing 401 : set([105, 4, 14])p: 1.0
--- testing 402 : set([8, 2])p: 0.00240717792448
--- testing 403 : set([96, 31])p: 1.0
--- testing 404 : set([34, 86])p: 0.0204346769342
--- testing 405 : set([26, 86])p: 0.120977654817
--- testing 406 : set([96, 95])p: 0.463182387332
--- testing 407 : set([105, 36])p: 0.463182387332
--- testing 408 : set([105, 92])p: 0.000206356219487
--- testing 409 : set([92, 38])p: 0.463182387332
--- testing 410 : set([46])p: 1.0
--- testing 411 : set([50, 34, 53, 14])p: 1.0
--- testing 412 : set([105, 26, 53, 38])p: 0.105509504373
--- testing 413 : set([64, 50, 34])p: 0.105509504373
--- testing 414 : set([10, 2, 38])p: 0.105509504373
--- testing 415 : set([96, 105, 85])p: 0.105509504373
--- testing 416 : set([96, 85, 38])p: 0.43685894637
--- testing 417 : set([96, 26, 85])p: 0.43685894637
--- testing 418 : set([96, 64, 85])p: 0.105509504373
--- testing 419 : set([26, 4, 38])p: 0.016274484855
--- testing 420 : set([80, 4])p: 0.016274484855
--- testing 421 : set([105, 14, 23])p: 0.43685894637
--- testing 422 : set([26, 23])p: 0.016274484855
--- testing 423 : set([8, 14, 38])p: 0.43685894637
--- testing 424 : set([64, 31])p: 1.0
--- testing 425 : set([64, 86])p: 1.0
--- testing 426 : set([53, 95])p: 0.43685894637
--- testing 427 : set([2, 95])p: 0.105509504373
--- testing 428 : set([72, 14, 38])p: 1.0
--- testing 429 : set([34, 36])p: 1.0
--- testing 430 : set([50, 92])p: 0.00173000201525
--- testing 431 : set([32, 34])p: 0.43685894637
--- testing 432 : set([98, 26])p: 0.105509504373
--- testing 433 : set([50, 55])p: 0.016274484855
--- testing 434 : set([5])p: 0.105509504373
--- testing 435 : set([26, 34, 50, 38])p: 0.40924649287
--- testing 436 : set([105, 34, 53, 38])p: 0.0126383641451
--- testing 437 : set([105, 50, 34, 53, 14])p: 1.0
--- testing 438 : set([2, 14, 34, 38])p: 1.0
--- testing 439 : set([2, 14, 50, 38])p: 0.0906370011202
--- testing 440 : set([2, 34, 50, 14])p: 0.0906370011202
--- testing 441 : set([2, 50, 26])p: 0.00119735336643
--- testing 442 : set([2, 53, 38])p: 0.0906370011202
--- testing 443 : set([2, 34, 53])p: 0.0126383641451
--- testing 444 : set([64, 50, 38])p: 0.00119735336643
--- testing 445 : set([64, 53, 14])p: 0.0906370011202
--- testing 446 : set([80, 53, 14])p: 0.0906370011202
--- testing 447 : set([80, 105, 50, 53])p: 0.0126383641451
--- testing 448 : set([64, 10, 14, 38])p: 0.40924649287
--- testing 449 : set([96, 26, 38])p: 0.40924649287
--- testing 450 : set([96, 105, 2])p: 0.00119735336643
--- testing 451 : set([96, 64, 38])p: 0.0906370011202
--- testing 452 : set([96, 64, 34])p: 0.0906370011202
--- testing 453 : set([105, 14, 85, 38])p: 1.0
--- testing 454 : set([34, 14, 85, 38])p: 1.0
--- testing 455 : set([85, 38, 53])p: 0.0906370011202
--- testing 456 : set([105, 50, 85, 53])p: 0.40924649287
--- testing 457 : set([80, 85, 38])p: 0.40924649287
--- testing 458 : set([80, 50, 85])p: 0.0126383641451
--- testing 459 : set([105, 34, 4])p: 0.0126383641451
--- testing 460 : set([105, 4, 53])p: 1.0
--- testing 461 : set([14, 38, 6])p: 1.0
--- testing 462 : set([26, 14, 6])p: 1.0
--- testing 463 : set([14, 38, 23])p: 1.0
--- testing 464 : set([8, 53])p: 0.00119735336643
--- testing 465 : set([14, 38, 95])p: 0.40924649287
--- testing 466 : set([34, 38, 95])p: 1.0
--- testing 467 : set([26, 38, 95])p: 1.0
--- testing 468 : set([85, 95])p: 0.40924649287
--- testing 469 : set([60, 14, 38])p: 0.0906370011202
--- testing 470 : set([64, 60])p: 0.40924649287
--- testing 471 : set([72, 105])p: 1.0
--- testing 472 : set([90, 38])p: 1.0
--- testing 473 : set([32, 38])p: 0.40924649287
--- testing 474 : set([105, 39])p: 1.0
--- testing 475 : set([14, 38, 15])p: 1.0
--- testing 476 : set([12])p: 0.40924649287
--- testing 477 : set([33])p: 0.0906370011202
--- testing 478 : set([88])p: 0.40924649287
--- testing 479 : set([50, 14, 34, 38])p: 0.38028199362
--- testing 480 : set([105, 26, 14, 50, 38])p: 0.000791083237131
--- testing 481 : set([26, 34, 50, 14])p: 0.00951808847818
--- testing 482 : set([34, 14, 53, 38])p: 0.0764554307611
--- testing 483 : set([105, 2, 34, 38])p: 0.00951808847818
--- testing 484 : set([105, 2, 50, 38])p: 0.000791083237131
--- testing 485 : set([80, 53, 38])p: 1.0
--- testing 486 : set([80, 2, 34])p: 0.38028199362
--- testing 487 : set([80, 64, 38])p: 1.0
--- testing 488 : set([10, 14, 34, 38])p: 0.38028199362
--- testing 489 : set([10, 14, 50, 38])p: 1.0
--- testing 490 : set([64, 105, 10])p: 0.0764554307611
--- testing 491 : set([80, 10, 14])p: 1.0
--- testing 492 : set([80, 10, 38])p: 1.0
--- testing 493 : set([96, 105, 14, 38])p: 0.38028199362
--- testing 494 : set([96, 105, 50, 14])p: 0.000791083237131
--- testing 495 : set([96, 2, 38])p: 0.0764554307611
--- testing 496 : set([96, 2, 34])p: 0.38028199362
--- testing 497 : set([96, 64, 2])p: 0.0764554307611
--- testing 498 : set([50, 34, 85])p: 0.00951808847818
--- testing 499 : set([105, 2, 85])p: 0.00951808847818
--- testing 500 : set([64, 105, 85])p: 0.00951808847818
--- testing 501 : set([10, 14, 85, 38])p: 1.0
--- testing 502 : set([50, 6])p: 0.38028199362
--- testing 503 : set([8, 34, 14])p: 0.38028199362
--- testing 504 : set([8, 26, 14])p: 0.38028199362
--- testing 505 : set([105, 106, 14])p: 0.0764554307611
--- testing 506 : set([105, 106, 34])p: 1.0
--- testing 507 : set([105, 106, 50])p: 0.38028199362
--- testing 508 : set([105, 106, 53])p: 0.38028199362
--- testing 509 : set([64, 106])p: 0.0764554307611
--- testing 510 : set([80, 106])p: 0.0764554307611
--- testing 511 : set([105, 14, 31])p: 0.38028199362
--- testing 512 : set([105, 50, 31])p: 0.38028199362
--- testing 513 : set([26, 14, 31])p: 1.0
--- testing 514 : set([105, 26, 31])p: 0.0764554307611
--- testing 515 : set([105, 34, 95])p: 0.0764554307611
--- testing 516 : set([31, 95])p: 1.0
--- testing 517 : set([105, 50, 60])p: 1.0
--- testing 518 : set([60, 53])p: 0.38028199362
--- testing 519 : set([20, 38])p: 0.38028199362
--- testing 520 : set([26, 54])p: 1.0
--- testing 521 : set([50, 36])p: 1.0
--- testing 522 : set([105, 50, 92])p: 0.000791083237131
--- testing 523 : set([32, 105])p: 0.38028199362
--- testing 524 : set([57, 14])p: 1.0
--- testing 525 : set([41, 34])p: 0.38028199362
--- testing 526 : set([42])p: 0.38028199362
--- testing 527 : set([43])p: 1.0
--- testing 528 : set([71])p: 1.0
--- testing 529 : set([105, 26, 34, 53])p: 0.0630679623045
--- testing 530 : set([105, 26, 50, 53, 14])p: 0.00689998690587
--- testing 531 : set([26, 50, 53, 38])p: 0.0630679623045
--- testing 532 : set([105, 2, 26, 14])p: 0.0630679623045
--- testing 533 : set([105, 2, 34, 53])p: 0.00689998690587
--- testing 534 : set([105, 2, 50, 53, 14])p: 0.0630679623045
--- testing 535 : set([64, 34, 38])p: 0.349899337334
--- testing 536 : set([64, 105, 50, 14])p: 2.36323333702e-05
--- testing 537 : set([64, 53, 38])p: 0.349899337334
--- testing 538 : set([64, 2, 14, 38])p: 0.349899337334
--- testing 539 : set([80, 34, 38])p: 1.0
--- testing 540 : set([80, 50, 38])p: 0.349899337334
--- testing 541 : set([80, 105, 26])p: 0.0630679623045
--- testing 542 : set([105, 10, 50, 14])p: 1.0
--- testing 543 : set([10, 14, 2, 38])p: 1.0
--- testing 544 : set([96, 105, 34, 38])p: 0.0630679623045
--- testing 545 : set([96, 50, 38])p: 0.0630679623045
--- testing 546 : set([96, 50, 34])p: 0.0630679623045
--- testing 547 : set([96, 105, 50, 53])p: 0.00689998690587
--- testing 548 : set([96, 64, 26])p: 0.349899337334
--- testing 549 : set([96, 10, 14])p: 0.0630679623045
--- testing 550 : set([50, 14, 85, 38])p: 0.349899337334
--- testing 551 : set([105, 50, 85, 38])p: 0.0630679623045
--- testing 552 : set([26, 34, 85])p: 0.349899337334
--- testing 553 : set([85, 14, 53])p: 1.0
--- testing 554 : set([2, 85, 38])p: 0.0630679623045
--- testing 555 : set([64, 14, 85, 38])p: 1.0
--- testing 556 : set([64, 26, 85])p: 1.0
--- testing 557 : set([80, 2, 85])p: 0.0630679623045
--- testing 558 : set([96, 34, 85])p: 0.000492827787707
--- testing 559 : set([34, 4, 38])p: 0.349899337334
--- testing 560 : set([105, 26, 4])p: 0.00689998690587
--- testing 561 : set([2, 23])p: 0.0630679623045
--- testing 562 : set([8, 105, 14])p: 0.0630679623045
--- testing 563 : set([8, 10])p: 1.0
--- testing 564 : set([8, 96, 14])p: 0.0630679623045
--- testing 565 : set([96, 106])p: 0.349899337334
--- testing 566 : set([14, 38, 31])p: 1.0
--- testing 567 : set([2, 31])p: 1.0
--- testing 568 : set([105, 14, 86])p: 0.349899337334
--- testing 569 : set([105, 14, 95])p: 1.0
--- testing 570 : set([34, 14, 95])p: 1.0
--- testing 571 : set([20, 14])p: 0.0630679623045
--- testing 572 : set([50, 20])p: 0.00689998690587
--- testing 573 : set([14, 38, 54])p: 1.0
--- testing 574 : set([64, 54])p: 1.0
--- testing 575 : set([34, 92])p: 0.0630679623045
--- testing 576 : set([26, 92])p: 0.349899337334
--- testing 577 : set([92, 53])p: 0.349899337334
--- testing 578 : set([90, 26])p: 1.0
--- testing 579 : set([32, 14])p: 1.0
--- testing 580 : set([10, 39])p: 1.0
--- testing 581 : set([98, 38])p: 0.349899337334
--- testing 582 : set([105, 50, 55])p: 0.349899337334
--- testing 583 : set([41, 105])p: 0.349899337334
--- testing 584 : set([41, 26])p: 0.349899337334
--- testing 585 : set([65, 14])p: 1.0
--- testing 586 : set([1])p: 1.0
--- testing 587 : set([13])p: 1.0
--- testing 588 : set([44])p: 0.349899337334
--- testing 589 : set([49])p: 1.0
--- testing 590 : set([52])p: 1.0
--- testing 591 : set([68])p: 1.0
--- testing 592 : set([79])p: 0.349899337334
--- testing 593 : set([93])p: 0.349899337334
--- testing 594 : set([105, 50, 14, 34, 38])p: 0.318029184553
--- testing 595 : set([26, 14, 53, 38])p: 0.0505861899937
--- testing 596 : set([105, 2, 26, 38])p: 0.318029184553
--- testing 597 : set([105, 2, 50, 26])p: 0.00476426719981
--- testing 598 : set([105, 2, 53, 38])p: 0.0505861899937
--- testing 599 : set([64, 26, 50])p: 0.00476426719981
--- testing 600 : set([64, 2, 50, 14])p: 0.0505861899937
--- testing 601 : set([64, 105, 2, 50])p: 0.0505861899937
--- testing 602 : set([80, 105, 14, 38])p: 0.318029184553
--- testing 603 : set([80, 26, 34])p: 0.00476426719981
--- testing 604 : set([80, 2, 38])p: 1.0
--- testing 605 : set([80, 2, 26])p: 0.00476426719981
--- testing 606 : set([105, 10, 50, 38])p: 0.0505861899937
--- testing 607 : set([105, 10, 26, 14])p: 0.0505861899937
--- testing 608 : set([64, 105, 10, 38])p: 0.318029184553
--- testing 609 : set([96, 2, 50])p: 0.000284296474668
--- testing 610 : set([96, 64, 50])p: 0.0505861899937
--- testing 611 : set([96, 80, 14])p: 0.318029184553
--- testing 612 : set([105, 50, 34, 85])p: 0.00476426719981
--- testing 613 : set([105, 26, 85, 14])p: 0.318029184553
--- testing 614 : set([2, 50, 85])p: 0.318029184553
--- testing 615 : set([64, 50, 85])p: 0.00476426719981
--- testing 616 : set([80, 105, 50, 85])p: 0.00476426719981
--- testing 617 : set([105, 10, 85])p: 1.09244087266e-05
--- testing 618 : set([96, 50, 85])p: 0.0505861899937
--- testing 619 : set([10, 4, 38])p: 0.318029184553
--- testing 620 : set([105, 14, 6])p: 1.0
--- testing 621 : set([34, 38, 6])p: 1.0
--- testing 622 : set([80, 6])p: 0.0505861899937
--- testing 623 : set([85, 6])p: 0.318029184553
--- testing 624 : set([105, 50, 23])p: 0.318029184553
--- testing 625 : set([64, 23])p: 1.0
--- testing 626 : set([8, 105, 50])p: 0.0505861899937
--- testing 627 : set([8, 26, 34])p: 0.318029184553
--- testing 628 : set([8, 2, 14])p: 0.00476426719981
--- testing 629 : set([8, 64])p: 0.00476426719981
--- testing 630 : set([8, 23])p: 0.318029184553
--- testing 631 : set([106, 85])p: 0.0505861899937
--- testing 632 : set([26, 34, 31])p: 0.318029184553
--- testing 633 : set([4, 31])p: 1.0
--- testing 634 : set([105, 38, 86])p: 1.0
--- testing 635 : set([105, 50, 86])p: 0.000284296474668
--- testing 636 : set([53, 86])p: 0.0505861899937
--- testing 637 : set([96, 86])p: 0.0505861899937
--- testing 638 : set([80, 95])p: 0.318029184553
--- testing 639 : set([50, 60, 14])p: 0.318029184553
--- testing 640 : set([72, 64])p: 1.0
--- testing 641 : set([96, 54])p: 0.318029184553
--- testing 642 : set([90, 50])p: 0.318029184553
--- testing 643 : set([34, 39])p: 0.318029184553
--- testing 644 : set([26, 39])p: 0.0505861899937
--- testing 645 : set([98, 50])p: 0.00476426719981
--- testing 646 : set([98, 2])p: 0.318029184553
--- testing 647 : set([57, 50])p: 0.318029184553
--- testing 648 : set([57, 26])p: 0.318029184553
--- testing 649 : set([105, 15])p: 0.318029184553
--- testing 650 : set([65, 105])p: 1.0
--- testing 651 : set([14, 70])p: 1.0
--- testing 652 : set([38, 70])p: 0.318029184553
--- testing 653 : set([105, 84])p: 0.0505861899937
--- testing 654 : set([48, 105])p: 0.318029184553
--- testing 655 : set([9])p: 0.318029184553
--- testing 656 : set([19])p: 0.0505861899937
--- testing 657 : set([66])p: 1.0
--- testing 658 : set([82])p: 0.318029184553
--- testing 659 : set([94])p: 0.0505861899937
--- testing 660 : set([105, 26, 34, 50, 38])p: 0.284598810233
--- testing 661 : set([105, 26, 50, 53, 38])p: 0.0391307092952
--- testing 662 : set([105, 2, 34, 50, 14])p: 0.284598810233
--- testing 663 : set([2, 34, 26, 14])p: 0.00308427817788
--- testing 664 : set([2, 50, 26, 14])p: 0.00308427817788
--- testing 665 : set([64, 105, 26, 14])p: 0.00308427817788
--- testing 666 : set([64, 105, 26, 34])p: 1.0
--- testing 667 : set([64, 105, 53, 14])p: 0.0391307092952
--- testing 668 : set([64, 2, 53])p: 0.284598810233
--- testing 669 : set([80, 105, 53, 14])p: 0.0391307092952
--- testing 670 : set([80, 105, 2])p: 1.0
--- testing 671 : set([80, 64, 14, 38])p: 1.0
--- testing 672 : set([80, 64, 2])p: 0.284598810233
--- testing 673 : set([10, 34, 50])p: 0.0391307092952
--- testing 674 : set([10, 34, 26])p: 0.284598810233
--- testing 675 : set([10, 53, 14])p: 0.284598810233
--- testing 676 : set([10, 53, 38])p: 0.284598810233
--- testing 677 : set([80, 10, 14, 38])p: 1.0
--- testing 678 : set([96, 34, 14, 38])p: 0.284598810233
--- testing 679 : set([96, 105, 26, 14])p: 0.284598810233
--- testing 680 : set([96, 26, 34, 14])p: 0.284598810233
--- testing 681 : set([96, 105, 26, 34])p: 0.284598810233
--- testing 682 : set([96, 53, 14])p: 0.00308427817788
--- testing 683 : set([105, 34, 85, 14])p: 0.284598810233
--- testing 684 : set([105, 34, 85, 38])p: 0.00308427817788
--- testing 685 : set([50, 34, 85, 14])p: 0.284598810233
--- testing 686 : set([26, 14, 85, 38])p: 1.0
--- testing 687 : set([105, 85, 14, 53])p: 1.0
--- testing 688 : set([105, 85, 38, 53])p: 0.0391307092952
--- testing 689 : set([34, 85, 53])p: 0.0391307092952
--- testing 690 : set([64, 2, 85])p: 0.0391307092952
--- testing 691 : set([26, 4, 14])p: 0.284598810233
--- testing 692 : set([2, 4, 14])p: 1.0
--- testing 693 : set([10, 4, 14])p: 1.0
--- testing 694 : set([105, 34, 6])p: 0.00308427817788
--- testing 695 : set([105, 38, 23])p: 0.284598810233
--- testing 696 : set([34, 14, 23])p: 1.0
--- testing 697 : set([6, 23])p: 0.284598810233
--- testing 698 : set([8, 50, 14])p: 0.284598810233
--- testing 699 : set([106, 50, 53])p: 0.284598810233
--- testing 700 : set([106, 10])p: 0.284598810233
--- testing 701 : set([105, 34, 31])p: 0.0391307092952
--- testing 702 : set([105, 53, 31])p: 0.284598810233
--- testing 703 : set([80, 31])p: 0.284598810233
--- testing 704 : set([10, 31])p: 1.0
--- testing 705 : set([105, 14, 38, 86])p: 1.0
--- testing 706 : set([2, 86])p: 0.0391307092952
--- testing 707 : set([80, 86])p: 0.284598810233
--- testing 708 : set([105, 50, 95])p: 0.284598810233
--- testing 709 : set([26, 34, 38, 95])p: 1.0
--- testing 710 : set([96, 26, 95])p: 1.0
--- testing 711 : set([4, 95])p: 1.0
--- testing 712 : set([105, 60, 14])p: 1.0
--- testing 713 : set([26, 60, 14])p: 0.284598810233
--- testing 714 : set([105, 50, 20])p: 0.0391307092952
--- testing 715 : set([80, 20])p: 0.0391307092952
--- testing 716 : set([34, 54])p: 0.0391307092952
--- testing 717 : set([10, 54])p: 0.284598810233
--- testing 718 : set([34, 36, 38])p: 1.0
--- testing 719 : set([105, 50, 36])p: 1.0
--- testing 720 : set([26, 36])p: 0.284598810233
--- testing 721 : set([36, 85])p: 1.0
--- testing 722 : set([90, 2])p: 1.0
--- testing 723 : set([2, 39])p: 0.284598810233
--- testing 724 : set([96, 39])p: 1.0
--- testing 725 : set([98, 34, 14])p: 0.0391307092952
--- testing 726 : set([98, 53])p: 0.284598810233
--- testing 727 : set([98, 85])p: 0.284598810233
--- testing 728 : set([34, 55])p: 0.284598810233
--- testing 729 : set([26, 55])p: 0.0391307092952
--- testing 730 : set([2, 55])p: 1.0
--- testing 731 : set([57, 34])p: 1.0
--- testing 732 : set([105, 62])p: 1.0
--- testing 733 : set([34, 62])p: 1.0
--- testing 734 : set([38, 103])p: 1.0
--- testing 735 : set([101, 38])p: 1.0
--- testing 736 : set([18])p: 0.284598810233
--- testing 737 : set([28])p: 1.0
--- testing 738 : set([45])p: 0.284598810233
--- testing 739 : set([89])p: 0.284598810233
--- testing 740 : set([97])p: 0.0391307092952
--- testing 741 : set([99])p: 1.0
--- testing 742 : set([105, 26, 14, 34, 38])p: 0.249531938671
--- testing 743 : set([105, 26, 34, 50, 14])p: 0.028831728976
--- testing 744 : set([105, 34, 14, 53, 38])p: 0.249531938671
--- testing 745 : set([105, 2, 14, 34, 38])p: 1.0
--- testing 746 : set([105, 2, 14, 50, 38])p: 0.028831728976
--- testing 747 : set([105, 2, 14, 26, 38])p: 0.249531938671
--- testing 748 : set([2, 34, 26, 38])p: 1.0
--- testing 749 : set([2, 14, 53, 38])p: 0.249531938671
--- testing 750 : set([2, 26, 53])p: 0.028831728976
--- testing 751 : set([64, 50, 14, 38])p: 0.00182570629095
--- testing 752 : set([64, 50, 34, 14])p: 0.249531938671
--- testing 753 : set([64, 26, 14, 38])p: 0.00182570629095
--- testing 754 : set([64, 50, 53, 14])p: 0.028831728976
--- testing 755 : set([64, 105, 2, 14])p: 0.249531938671
--- testing 756 : set([64, 2, 34, 14])p: 0.249531938671
--- testing 757 : set([64, 2, 26, 14])p: 0.00182570629095
--- testing 758 : set([80, 50, 34])p: 0.028831728976
--- testing 759 : set([80, 26, 50])p: 0.249531938671
--- testing 760 : set([80, 105, 53, 38])p: 1.0
--- testing 761 : set([80, 2, 50])p: 1.0
--- testing 762 : set([80, 64, 105])p: 0.249531938671
--- testing 763 : set([105, 10, 26, 38])p: 1.0
--- testing 764 : set([10, 50, 53])p: 0.249531938671
--- testing 765 : set([64, 105, 10, 14, 38])p: 1.0
--- testing 766 : set([64, 10, 2])p: 0.249531938671
--- testing 767 : set([96, 105, 34, 14])p: 0.249531938671
--- testing 768 : set([96, 50, 14, 38])p: 0.249531938671
--- testing 769 : set([96, 105, 53, 14])p: 0.00182570629095
--- testing 770 : set([96, 53, 38])p: 1.0
--- testing 771 : set([96, 64, 14, 38])p: 0.249531938671
--- testing 772 : set([105, 50, 34, 85, 14])p: 0.249531938671
--- testing 773 : set([50, 34, 85, 38])p: 0.028831728976
--- testing 774 : set([26, 50, 85])p: 0.249531938671
--- testing 775 : set([105, 34, 85, 53])p: 0.028831728976
--- testing 776 : set([2, 34, 85])p: 0.028831728976
--- testing 777 : set([2, 50, 85, 14])p: 1.0
--- testing 778 : set([64, 34, 85])p: 0.249531938671
--- testing 779 : set([64, 105, 50, 85])p: 0.00182570629095
--- testing 780 : set([80, 105, 85, 14])p: 0.249531938671
--- testing 781 : set([80, 14, 85, 38])p: 1.0
--- testing 782 : set([80, 34, 85])p: 0.028831728976
--- testing 783 : set([80, 26, 85])p: 0.00182570629095
--- testing 784 : set([80, 2, 85, 14])p: 0.249531938671
--- testing 785 : set([10, 26, 85])p: 0.249531938671
--- testing 786 : set([96, 14, 85, 38])p: 1.0
--- testing 787 : set([96, 50, 85, 14])p: 0.249531938671
--- testing 788 : set([96, 2, 85])p: 0.028831728976
--- testing 789 : set([105, 4, 14, 38])p: 1.0
--- testing 790 : set([34, 4, 14])p: 1.0
--- testing 791 : set([50, 4, 34])p: 0.249531938671
--- testing 792 : set([105, 50, 4, 53])p: 1.0
--- testing 793 : set([64, 4, 14])p: 1.0
--- testing 794 : set([64, 4, 38])p: 0.249531938671
--- testing 795 : set([96, 4, 14])p: 1.0
--- testing 796 : set([96, 34, 4])p: 0.249531938671
--- testing 797 : set([4, 85, 38])p: 0.249531938671
--- testing 798 : set([34, 14, 6])p: 1.0
--- testing 799 : set([34, 38, 23])p: 1.0
--- testing 800 : set([105, 53, 23])p: 0.028831728976
--- testing 801 : set([96, 23])p: 0.249531938671
--- testing 802 : set([8, 105, 34])p: 0.249531938671
--- testing 803 : set([8, 34, 38])p: 0.249531938671
--- testing 804 : set([8, 96, 105])p: 0.028831728976
--- testing 805 : set([8, 4])p: 0.249531938671
--- testing 806 : set([106, 2])p: 0.028831728976
--- testing 807 : set([50, 14, 31])p: 0.249531938671
--- testing 808 : set([26, 38, 31])p: 0.249531938671
--- testing 809 : set([10, 14, 31])p: 1.0
--- testing 810 : set([105, 53, 86])p: 0.028831728976
--- testing 811 : set([10, 86])p: 1.0
--- testing 812 : set([50, 14, 95])p: 1.0
--- testing 813 : set([50, 38, 95])p: 1.0
--- testing 814 : set([50, 34, 95])p: 0.249531938671
--- testing 815 : set([26, 50, 95])p: 1.0
--- testing 816 : set([105, 53, 95])p: 1.0
--- testing 817 : set([86, 95])p: 0.249531938671
--- testing 818 : set([105, 60, 53])p: 0.249531938671
--- testing 819 : set([2, 60, 14])p: 0.249531938671
--- testing 820 : set([105, 14, 54])p: 1.0
--- testing 821 : set([105, 38, 54])p: 0.249531938671
--- testing 822 : set([26, 38, 54])p: 1.0
--- testing 823 : set([53, 54])p: 1.0
--- testing 824 : set([36, 14, 38])p: 1.0
--- testing 825 : set([92, 14, 38])p: 1.0
--- testing 826 : set([105, 38, 39])p: 1.0
--- testing 827 : set([34, 14, 39])p: 1.0
--- testing 828 : set([34, 38, 39])p: 1.0
--- testing 829 : set([53, 39])p: 0.249531938671
--- testing 830 : set([2, 38, 39])p: 0.249531938671
--- testing 831 : set([64, 39])p: 1.0
--- testing 832 : set([10, 14, 39])p: 1.0
--- testing 833 : set([105, 98, 14])p: 0.028831728976
--- testing 834 : set([64, 98])p: 0.028831728976
--- testing 835 : set([105, 14, 55])p: 1.0
--- testing 836 : set([53, 55])p: 1.0
--- testing 837 : set([64, 55])p: 0.249531938671
--- testing 838 : set([41, 14, 38])p: 1.0
--- testing 839 : set([41, 34, 14])p: 0.249531938671
--- testing 840 : set([41, 39])p: 1.0
--- testing 841 : set([38, 62])p: 1.0
--- testing 842 : set([26, 62])p: 1.0
--- testing 843 : set([26, 75])p: 0.249531938671
--- testing 844 : set([65, 38])p: 0.249531938671
--- testing 845 : set([64, 70])p: 1.0
--- testing 846 : set([34, 84])p: 0.249531938671
--- testing 847 : set([26, 84])p: 0.028831728976
--- testing 848 : set([100, 14])p: 1.0
--- testing 849 : set([12, 14])p: 1.0
--- testing 850 : set([3])p: 1.0
--- testing 851 : set([17])p: 1.0
--- testing 852 : set([24])p: 1.0
--- testing 853 : set([27])p: 1.0
--- testing 854 : set([81])p: 1.0
--- testing 855 : set([83])p: 0.249531938671
--- testing 856 : set([105, 50, 34, 53, 38])p: 0.212748570388
--- testing 857 : set([105, 26, 14, 53, 38])p: 0.0198297214143
--- testing 858 : set([26, 34, 53, 14])p: 1.0
--- testing 859 : set([34, 105, 26, 50, 53])p: 1.0
--- testing 860 : set([105, 2, 50, 26, 14])p: 0.0198297214143
--- testing 861 : set([105, 2, 14, 53, 38])p: 0.212748570388
--- testing 862 : set([105, 2, 34, 53, 14])p: 1.0
--- testing 863 : set([34, 105, 2, 50, 53])p: 0.212748570388
--- testing 864 : set([64, 105, 34, 14])p: 1.0
--- testing 865 : set([64, 105, 50, 34])p: 0.212748570388
--- testing 866 : set([64, 105, 26, 50])p: 0.0198297214143
--- testing 867 : set([64, 105, 50, 53, 14])p: 0.0198297214143
--- testing 868 : set([80, 105, 50, 38])p: 1.0
--- testing 869 : set([80, 26, 14, 38])p: 1.0
--- testing 870 : set([80, 34, 53])p: 1.0
--- testing 871 : set([80, 105, 50, 53, 14])p: 0.212748570388
--- testing 872 : set([80, 26, 53])p: 1.0
--- testing 873 : set([80, 2, 14, 38])p: 1.0
--- testing 874 : set([80, 2, 26, 14])p: 0.212748570388
--- testing 875 : set([80, 64, 2, 14])p: 1.0
--- testing 876 : set([105, 10, 34, 14])p: 0.212748570388
--- testing 877 : set([105, 10, 34, 50])p: 0.0198297214143
--- testing 878 : set([105, 10, 50, 53])p: 0.212748570388
--- testing 879 : set([105, 10, 2])p: 0.0198297214143
--- testing 880 : set([64, 10, 34])p: 0.212748570388
--- testing 881 : set([64, 10, 2, 14])p: 1.0
--- testing 882 : set([80, 105, 10])p: 0.0198297214143
--- testing 883 : set([80, 10, 34])p: 0.212748570388
--- testing 884 : set([96, 26, 14, 38])p: 1.0
--- testing 885 : set([96, 105, 2, 38])p: 0.0198297214143
--- testing 886 : set([96, 105, 2, 50])p: 2.2743105115e-05
--- testing 887 : set([96, 2, 26])p: 1.0
--- testing 888 : set([96, 64, 105])p: 0.000945701413902
--- testing 889 : set([96, 64, 26, 34])p: 0.212748570388
--- testing 890 : set([96, 80, 38])p: 1.0
--- testing 891 : set([96, 105, 10])p: 0.000945701413902
--- testing 892 : set([96, 10, 14, 38])p: 0.212748570388
--- testing 893 : set([96, 10, 34])p: 0.0198297214143
--- testing 894 : set([105, 50, 34, 85, 38])p: 0.0198297214143
--- testing 895 : set([105, 26, 85, 38])p: 1.0
--- testing 896 : set([34, 85, 38, 53])p: 0.0198297214143
--- testing 897 : set([105, 50, 85, 14, 53])p: 1.0
--- testing 898 : set([105, 2, 85, 14])p: 1.0
--- testing 899 : set([2, 14, 85, 38])p: 1.0
--- testing 900 : set([105, 2, 34, 85])p: 0.0198297214143
--- testing 901 : set([105, 2, 50, 85])p: 0.212748570388
--- testing 902 : set([2, 26, 85])p: 0.212748570388
--- testing 903 : set([80, 105, 34, 85])p: 0.0198297214143
--- testing 904 : set([80, 50, 85, 14])p: 0.212748570388
--- testing 905 : set([80, 85, 53])p: 1.0
--- testing 906 : set([80, 64, 85])p: 0.212748570388
--- testing 907 : set([105, 10, 85, 38])p: 0.0198297214143
--- testing 908 : set([10, 26, 85, 14])p: 0.212748570388
--- testing 909 : set([96, 105, 50, 85])p: 0.0198297214143
--- testing 910 : set([96, 64, 85, 14])p: 1.0
--- testing 911 : set([50, 4, 14])p: 1.0
--- testing 912 : set([50, 4, 38])p: 0.212748570388
--- testing 913 : set([105, 26, 4, 38])p: 0.0198297214143
--- testing 914 : set([4, 53, 14])p: 1.0
--- testing 915 : set([2, 4, 38])p: 0.212748570388
--- testing 916 : set([64, 34, 4])p: 0.212748570388
--- testing 917 : set([64, 26, 4])p: 1.0
--- testing 918 : set([105, 10, 4])p: 0.212748570388
--- testing 919 : set([10, 4, 14, 38])p: 1.0
--- testing 920 : set([96, 4, 38])p: 0.212748570388
--- testing 921 : set([96, 2, 4])p: 0.212748570388
--- testing 922 : set([34, 4, 85])p: 0.212748570388
--- testing 923 : set([105, 38, 6])p: 1.0
--- testing 924 : set([50, 14, 6])p: 1.0
--- testing 925 : set([26, 38, 6])p: 1.0
--- testing 926 : set([53, 6])p: 0.212748570388
--- testing 927 : set([2, 6])p: 1.0
--- testing 928 : set([64, 6])p: 1.0
--- testing 929 : set([4, 6])p: 1.0
--- testing 930 : set([105, 34, 23])p: 0.212748570388
--- testing 931 : set([50, 14, 23])p: 0.212748570388
--- testing 932 : set([50, 38, 23])p: 1.0
--- testing 933 : set([53, 14, 23])p: 0.212748570388
--- testing 934 : set([50, 53, 23])p: 0.212748570388
--- testing 935 : set([105, 2, 23])p: 0.0198297214143
--- testing 936 : set([85, 23])p: 1.0
--- testing 937 : set([38, 6, 23])p: 1.0
--- testing 938 : set([8, 105, 38])p: 1.0
--- testing 939 : set([8, 105, 53])p: 0.000945701413902
--- testing 940 : set([8, 64, 14])p: 0.212748570388
--- testing 941 : set([8, 80])p: 0.0198297214143
--- testing 942 : set([8, 96, 34])p: 0.0198297214143
--- testing 943 : set([8, 85])p: 0.212748570388
--- testing 944 : set([106, 14, 38])p: 1.0
--- testing 945 : set([106, 50, 14])p: 0.212748570388
--- testing 946 : set([105, 106, 50, 53])p: 0.212748570388
--- testing 947 : set([105, 106, 10])p: 0.212748570388
--- testing 948 : set([96, 106, 14])p: 0.212748570388
--- testing 949 : set([34, 14, 31])p: 1.0
--- testing 950 : set([105, 26, 14, 31])p: 1.0
--- testing 951 : set([96, 14, 31])p: 1.0
--- testing 952 : set([85, 14, 31])p: 1.0
--- testing 953 : set([96, 85, 31])p: 1.0
--- testing 954 : set([64, 14, 86])p: 1.0
--- testing 955 : set([64, 38, 86])p: 1.0
--- testing 956 : set([4, 86])p: 0.212748570388
--- testing 957 : set([6, 86])p: 0.212748570388
--- testing 958 : set([105, 26, 95])p: 1.0
--- testing 959 : set([26, 14, 38, 95])p: 1.0
--- testing 960 : set([26, 34, 14, 95])p: 1.0
--- testing 961 : set([2, 26, 95])p: 0.212748570388
--- testing 962 : set([10, 95])p: 1.0
--- testing 963 : set([96, 38, 95])p: 1.0
--- testing 964 : set([8, 95])p: 1.0
--- testing 965 : set([106, 95])p: 0.212748570388
--- testing 966 : set([34, 60, 38])p: 0.212748570388
--- testing 967 : set([26, 60, 38])p: 1.0
--- testing 968 : set([10, 60, 14])p: 1.0
--- testing 969 : set([20, 53])p: 1.0
--- testing 970 : set([2, 20])p: 0.212748570388
--- testing 971 : set([10, 20])p: 1.0
--- testing 972 : set([20, 6])p: 1.0
--- testing 973 : set([72, 2, 38])p: 1.0
--- testing 974 : set([72, 64, 14])p: 1.0
--- testing 975 : set([64, 38, 54])p: 1.0
--- testing 976 : set([80, 54])p: 0.212748570388
--- testing 977 : set([4, 54])p: 1.0
--- testing 978 : set([105, 50, 36, 53])p: 1.0
--- testing 979 : set([2, 36])p: 1.0
--- testing 980 : set([80, 36])p: 1.0
--- testing 981 : set([10, 36, 14])p: 0.0198297214143
--- testing 982 : set([96, 36])p: 1.0
--- testing 983 : set([26, 92, 14, 38])p: 1.0
--- testing 984 : set([26, 92, 34])p: 0.212748570388
--- testing 985 : set([105, 50, 92, 53])p: 0.212748570388
--- testing 986 : set([2, 92])p: 1.0
--- testing 987 : set([64, 90])p: 1.0
--- testing 988 : set([32, 105, 34])p: 0.212748570388
--- testing 989 : set([32, 50])p: 1.0
--- testing 990 : set([34, 14, 38, 39])p: 1.0
--- testing 991 : set([64, 38, 39])p: 1.0
--- testing 992 : set([80, 39])p: 1.0
--- testing 993 : set([105, 98, 50])p: 0.0198297214143
--- testing 994 : set([98, 2, 14])p: 0.212748570388
--- testing 995 : set([98, 85, 14])p: 0.212748570388
--- testing 996 : set([14, 38, 55])p: 0.212748570388
--- testing 997 : set([105, 50, 53, 55])p: 1.0
--- testing 998 : set([57, 50, 105])p: 0.212748570388
--- testing 999 : set([57, 2])p: 1.0
--- testing 1000 : set([34, 15])p: 1.0
--- testing 1001 : set([64, 15])p: 1.0
--- testing 1002 : set([41, 50])p: 1.0
--- testing 1003 : set([41, 10])p: 0.212748570388
--- testing 1004 : set([96, 41])p: 0.0198297214143
--- testing 1005 : set([14, 62])p: 1.0
--- testing 1006 : set([75, 14])p: 1.0
--- testing 1007 : set([65, 34])p: 1.0
--- testing 1008 : set([84, 38])p: 0.212748570388
--- testing 1009 : set([56, 14])p: 1.0
--- testing 1010 : set([56, 2])p: 1.0
--- testing 1011 : set([14, 7])p: 1.0
--- testing 1012 : set([38, 7])p: 1.0
--- testing 1013 : set([14, 103])p: 1.0
--- testing 1014 : set([26, 103])p: 0.212748570388
--- testing 1015 : set([73, 105])p: 1.0
--- testing 1016 : set([25, 14])p: 1.0
--- testing 1017 : set([105, 61])p: 0.212748570388
--- testing 1018 : set([91, 14])p: 0.212748570388
--- testing 1019 : set([105, 91])p: 0.212748570388
--- testing 1020 : set([48, 38])p: 1.0
--- testing 1021 : set([105, 63])p: 1.0
--- testing 1022 : set([34, 68])p: 1.0
--- testing 1023 : set([105, 19])p: 0.0198297214143
--- testing 1024 : set([66, 38])p: 1.0
--- testing 1025 : set([11])p: 1.0
--- testing 1026 : set([47])p: 1.0
--- testing 1027 : set([69])p: 1.0
--- testing 1028 : set([14, 26, 34, 50, 38])p: 0.174164800593
--- testing 1029 : set([38, 105, 14, 50, 53, 26])p: 0.0122761134141
--- testing 1030 : set([105, 2, 34, 50, 38])p: 0.0122761134141
--- testing 1031 : set([105, 2, 34, 26])p: 0.174164800593
--- testing 1032 : set([14, 2, 50, 26, 38])p: 0.174164800593
--- testing 1033 : set([34, 2, 50, 26])p: 0.0122761134141
--- testing 1034 : set([2, 38, 105, 14, 50, 53])p: 0.174164800593
--- testing 1035 : set([2, 26, 53, 14])p: 0.174164800593
--- testing 1036 : set([50, 105, 2, 26, 53])p: 0.0122761134141
--- testing 1037 : set([64, 105, 50, 38])p: 0.00039192642863
--- testing 1038 : set([64, 105, 26, 14, 38])p: 0.00039192642863
--- testing 1039 : set([64, 26, 34, 14])p: 0.174164800593
--- testing 1040 : set([64, 26, 34, 50])p: 0.174164800593
--- testing 1041 : set([64, 105, 53, 38])p: 0.174164800593
--- testing 1042 : set([64, 2, 34, 50])p: 0.0122761134141
--- testing 1043 : set([64, 2, 34, 26])p: 0.174164800593
--- testing 1044 : set([64, 2, 53, 14])p: 0.174164800593
--- testing 1045 : set([80, 34, 14, 38])p: 1.0
--- testing 1046 : set([80, 105, 50, 34])p: 0.0122761134141
--- testing 1047 : set([80, 105, 26, 38])p: 1.0
--- testing 1048 : set([80, 26, 53, 38])p: 1.0
--- testing 1049 : set([80, 2, 50, 14])p: 1.0
--- testing 1050 : set([80, 64, 53])p: 1.0
--- testing 1051 : set([105, 10, 14, 50, 38])p: 1.0
--- testing 1052 : set([105, 10, 34, 50, 38])p: 0.0122761134141
--- testing 1053 : set([105, 10, 14, 26, 38])p: 1.0
--- testing 1054 : set([10, 34, 26, 14])p: 1.0
--- testing 1055 : set([105, 10, 34, 26])p: 1.0
--- testing 1056 : set([10, 34, 26, 38])p: 1.0
--- testing 1057 : set([10, 50, 26])p: 1.0
--- testing 1058 : set([105, 10, 53, 38])p: 0.174164800593
--- testing 1059 : set([105, 10, 2, 38])p: 0.0122761134141
--- testing 1060 : set([10, 34, 2])p: 0.0122761134141
--- testing 1061 : set([10, 50, 2])p: 0.174164800593
--- testing 1062 : set([38, 10, 26, 2, 14])p: 1.0
--- testing 1063 : set([96, 105, 50, 38])p: 0.0122761134141
--- testing 1064 : set([96, 105, 50, 34])p: 0.0122761134141
--- testing 1065 : set([96, 105, 26, 38])p: 1.0
--- testing 1066 : set([96, 26, 34, 38])p: 1.0
--- testing 1067 : set([96, 26, 50])p: 0.174164800593
--- testing 1068 : set([96, 105, 53, 38])p: 1.0
--- testing 1069 : set([96, 105, 34, 53])p: 0.174164800593
--- testing 1070 : set([96, 2, 14, 38])p: 0.174164800593
--- testing 1071 : set([96, 105, 2, 34])p: 0.174164800593
--- testing 1072 : set([96, 2, 34, 38])p: 0.174164800593
--- testing 1073 : set([96, 2, 53])p: 0.174164800593
--- testing 1074 : set([96, 80, 105])p: 0.174164800593
--- testing 1075 : set([96, 105, 10, 34])p: 0.0122761134141
--- testing 1076 : set([105, 50, 14, 85, 38])p: 1.0
--- testing 1077 : set([105, 26, 50, 85])p: 0.174164800593
--- testing 1078 : set([14, 85, 38, 53])p: 1.0
--- testing 1079 : set([34, 85, 14, 53])p: 1.0
--- testing 1080 : set([105, 34, 85, 38, 53])p: 0.0122761134141
--- testing 1081 : set([105, 50, 85, 38, 53])p: 0.174164800593
--- testing 1082 : set([105, 50, 34, 85, 53])p: 0.174164800593
--- testing 1083 : set([105, 2, 85, 38])p: 0.0122761134141
--- testing 1084 : set([64, 105, 85, 14])p: 0.174164800593
--- testing 1085 : set([80, 105, 50, 85, 14])p: 0.174164800593
--- testing 1086 : set([80, 64, 85, 14])p: 1.0
--- testing 1087 : set([105, 10, 85, 14])p: 0.174164800593
--- testing 1088 : set([10, 34, 85])p: 0.00039192642863
--- testing 1089 : set([64, 10, 85])p: 0.0122761134141
--- testing 1090 : set([96, 34, 85, 14])p: 0.0122761134141
--- testing 1091 : set([96, 34, 85, 38])p: 0.174164800593
--- testing 1092 : set([96, 105, 50, 85, 14])p: 0.174164800593
--- testing 1093 : set([96, 50, 34, 85])p: 0.0122761134141
--- testing 1094 : set([96, 2, 85, 38])p: 0.174164800593
--- testing 1095 : set([96, 64, 85, 38])p: 0.174164800593
--- testing 1096 : set([96, 80, 85])p: 0.0122761134141
--- testing 1097 : set([105, 50, 4, 34])p: 0.174164800593
--- testing 1098 : set([26, 4, 14, 38])p: 0.174164800593
--- testing 1099 : set([26, 4, 50])p: 1.0
--- testing 1100 : set([105, 4, 53, 14])p: 1.0
--- testing 1101 : set([26, 4, 53])p: 1.0
--- testing 1102 : set([64, 105, 4])p: 0.174164800593
--- testing 1103 : set([64, 50, 4])p: 0.174164800593
--- testing 1104 : set([80, 105, 4])p: 0.174164800593
--- testing 1105 : set([80, 4, 38])p: 0.174164800593
--- testing 1106 : set([10, 4, 26])p: 1.0
--- testing 1107 : set([105, 4, 85])p: 0.174164800593
--- testing 1108 : set([50, 4, 85])p: 0.174164800593
--- testing 1109 : set([26, 4, 85])p: 1.0
--- testing 1110 : set([105, 14, 38, 6])p: 1.0
--- testing 1111 : set([34, 14, 38, 6])p: 1.0
--- testing 1112 : set([105, 50, 6])p: 1.0
--- testing 1113 : set([26, 34, 6])p: 1.0
--- testing 1114 : set([10, 6])p: 1.0
--- testing 1115 : set([105, 26, 23])p: 0.174164800593
--- testing 1116 : set([34, 53, 23])p: 0.174164800593
--- testing 1117 : set([105, 50, 53, 23])p: 0.174164800593
--- testing 1118 : set([2, 53, 23])p: 0.174164800593
--- testing 1119 : set([64, 14, 23])p: 1.0
--- testing 1120 : set([80, 23])p: 1.0
--- testing 1121 : set([4, 23])p: 0.174164800593
--- testing 1122 : set([34, 6, 23])p: 0.174164800593
--- testing 1123 : set([8, 34, 14, 38])p: 0.174164800593
--- testing 1124 : set([8, 105, 50, 14])p: 0.174164800593
--- testing 1125 : set([8, 105, 26])p: 0.174164800593
--- testing 1126 : set([8, 26, 38])p: 1.0
--- testing 1127 : set([8, 96, 38])p: 0.174164800593
--- testing 1128 : set([8, 96, 26])p: 0.174164800593
--- testing 1129 : set([8, 96, 64])p: 0.174164800593
--- testing 1130 : set([8, 105, 23])p: 0.174164800593
--- testing 1131 : set([105, 106, 38])p: 0.174164800593
--- testing 1132 : set([106, 34, 14])p: 1.0
--- testing 1133 : set([105, 106, 50, 14])p: 0.174164800593
--- testing 1134 : set([106, 50, 38])p: 1.0
--- testing 1135 : set([106, 34, 50])p: 1.0
--- testing 1136 : set([106, 26, 14])p: 0.0122761134141
--- testing 1137 : set([105, 106, 26])p: 0.0122761134141
--- testing 1138 : set([106, 34, 26])p: 1.0
--- testing 1139 : set([106, 4])p: 0.174164800593
--- testing 1140 : set([106, 6])p: 1.0
--- testing 1141 : set([26, 34, 14, 31])p: 1.0
--- testing 1142 : set([105, 26, 34, 31])p: 0.174164800593
--- testing 1143 : set([26, 50, 31])p: 1.0
--- testing 1144 : set([26, 53, 31])p: 0.174164800593
--- testing 1145 : set([2, 26, 31])p: 1.0
--- testing 1146 : set([64, 14, 31])p: 1.0
--- testing 1147 : set([64, 105, 31])p: 1.0
--- testing 1148 : set([85, 38, 31])p: 1.0
--- testing 1149 : set([105, 34, 86])p: 1.0
--- testing 1150 : set([50, 38, 86])p: 1.0
--- testing 1151 : set([96, 105, 86])p: 0.174164800593
--- testing 1152 : set([85, 86])p: 0.174164800593
--- testing 1153 : set([86, 23])p: 1.0
--- testing 1154 : set([8, 86])p: 1.0
--- testing 1155 : set([105, 38, 95])p: 1.0
--- testing 1156 : set([34, 14, 38, 95])p: 1.0
--- testing 1157 : set([50, 14, 38, 95])p: 1.0
--- testing 1158 : set([105, 50, 34, 95])p: 0.174164800593
--- testing 1159 : set([50, 34, 38, 95])p: 1.0
--- testing 1160 : set([26, 50, 38, 95])p: 1.0
--- testing 1161 : set([26, 34, 50, 95])p: 1.0
--- testing 1162 : set([53, 14, 95])p: 1.0
--- testing 1163 : set([34, 53, 95])p: 0.174164800593
--- testing 1164 : set([105, 2, 95])p: 1.0
--- testing 1165 : set([2, 34, 95])p: 1.0
--- testing 1166 : set([96, 26, 14, 95])p: 1.0
--- testing 1167 : set([96, 26, 38, 95])p: 1.0
--- testing 1168 : set([105, 85, 95])p: 1.0
--- testing 1169 : set([34, 85, 95])p: 1.0
--- testing 1170 : set([26, 85, 95])p: 1.0
--- testing 1171 : set([8, 26, 95])p: 1.0
--- testing 1172 : set([106, 34, 95])p: 1.0
--- testing 1173 : set([26, 31, 95])p: 1.0
--- testing 1174 : set([50, 60, 38])p: 0.174164800593
--- testing 1175 : set([105, 50, 60, 53])p: 1.0
--- testing 1176 : set([64, 60, 14])p: 0.174164800593
--- testing 1177 : set([60, 85])p: 1.0
--- testing 1178 : set([105, 34, 20])p: 0.0122761134141
--- testing 1179 : set([26, 20])p: 0.00039192642863
--- testing 1180 : set([105, 20, 53])p: 1.0
--- testing 1181 : set([96, 20])p: 1.0
--- testing 1182 : set([72, 105, 14])p: 1.0
--- testing 1183 : set([72, 105, 38])p: 1.0
--- testing 1184 : set([72, 34])p: 1.0
--- testing 1185 : set([72, 26])p: 1.0
--- testing 1186 : set([72, 64, 38])p: 1.0
--- testing 1187 : set([72, 10])p: 0.174164800593
--- testing 1188 : set([72, 4])p: 1.0
--- testing 1189 : set([50, 54])p: 1.0
--- testing 1190 : set([64, 14, 54])p: 1.0
--- testing 1191 : set([96, 38, 54])p: 0.174164800593
--- testing 1192 : set([85, 54])p: 1.0
--- testing 1193 : set([105, 36, 14])p: 0.174164800593
--- testing 1194 : set([105, 34, 36])p: 1.0
--- testing 1195 : set([26, 92, 53])p: 1.0
--- testing 1196 : set([64, 92])p: 1.0
--- testing 1197 : set([92, 86])p: 1.0
--- testing 1198 : set([90, 14, 38])p: 1.0
--- testing 1199 : set([90, 34])p: 0.174164800593
--- testing 1200 : set([105, 90, 50])p: 0.174164800593
--- testing 1201 : set([90, 26, 14])p: 1.0
--- testing 1202 : set([90, 85])p: 1.0
--- testing 1203 : set([32, 26])p: 1.0
--- testing 1204 : set([32, 53])p: 0.174164800593
--- testing 1205 : set([105, 14, 39])p: 1.0
--- testing 1206 : set([50, 39])p: 1.0
--- testing 1207 : set([26, 34, 39])p: 0.174164800593
--- testing 1208 : set([53, 38, 39])p: 1.0
--- testing 1209 : set([2, 14, 39])p: 0.174164800593
--- testing 1210 : set([80, 38, 39])p: 1.0
--- testing 1211 : set([10, 38, 39])p: 1.0
--- testing 1212 : set([96, 14, 39])p: 1.0
--- testing 1213 : set([96, 105, 39])p: 1.0
--- testing 1214 : set([96, 38, 39])p: 1.0
--- testing 1215 : set([98, 50, 14])p: 0.0122761134141
--- testing 1216 : set([98, 26, 14])p: 0.0122761134141
--- testing 1217 : set([105, 98, 53])p: 0.174164800593
--- testing 1218 : set([98, 50, 53])p: 0.174164800593
--- testing 1219 : set([98, 34, 2])p: 0.174164800593
--- testing 1220 : set([64, 98, 14])p: 0.0122761134141
--- testing 1221 : set([98, 23])p: 1.0
--- testing 1222 : set([98, 31])p: 1.0
--- testing 1223 : set([64, 14, 55])p: 0.174164800593
--- testing 1224 : set([80, 55])p: 0.0122761134141
--- testing 1225 : set([4, 55])p: 0.174164800593
--- testing 1226 : set([57, 14, 105])p: 1.0
--- testing 1227 : set([57, 14, 38])p: 1.0
--- testing 1228 : set([57, 38, 105])p: 0.174164800593
--- testing 1229 : set([57, 26, 14])p: 1.0
--- testing 1230 : set([57, 26, 105])p: 0.174164800593
--- testing 1231 : set([57, 53])p: 0.174164800593
--- testing 1232 : set([50, 15])p: 1.0
--- testing 1233 : set([80, 15])p: 1.0
--- testing 1234 : set([41, 14, 105])p: 0.174164800593
--- testing 1235 : set([41, 50, 34])p: 1.0
--- testing 1236 : set([41, 26, 14])p: 0.174164800593
--- testing 1237 : set([41, 26, 34])p: 1.0
--- testing 1238 : set([41, 106])p: 0.174164800593
--- testing 1239 : set([41, 34, 95])p: 1.0
--- testing 1240 : set([41, 38, 39])p: 1.0
--- testing 1241 : set([64, 62])p: 1.0
--- testing 1242 : set([34, 75])p: 1.0
--- testing 1243 : set([96, 75])p: 1.0
--- testing 1244 : set([96, 65])p: 0.174164800593
--- testing 1245 : set([2, 70])p: 1.0
--- testing 1246 : set([56, 34])p: 1.0
--- testing 1247 : set([14, 22])p: 0.174164800593
--- testing 1248 : set([73, 34])p: 1.0
--- testing 1249 : set([73, 50])p: 1.0
--- testing 1250 : set([10, 101])p: 1.0
--- testing 1251 : set([10, 100])p: 1.0
--- testing 1252 : set([64, 61])p: 1.0
--- testing 1253 : set([91, 38])p: 1.0
--- testing 1254 : set([16, 38])p: 1.0
--- testing 1255 : set([105, 67])p: 1.0
--- testing 1256 : set([21, 14])p: 0.0122761134141
--- testing 1257 : set([26, 21])p: 1.0
--- testing 1258 : set([34, 63])p: 1.0
--- testing 1259 : set([105, 74])p: 0.174164800593
--- testing 1260 : set([12, 38])p: 1.0
--- testing 1261 : set([14, 71])p: 1.0
--- testing 1262 : set([105, 34, 68])p: 1.0
--- testing 1263 : set([82, 14])p: 1.0
--- testing 1264 : set([105, 45])p: 1.0
--- testing 1265 : set([26, 99])p: 1.0
--- testing 1266 : set([37])p: 0.174164800593
--- testing 1267 : set([40])p: 1.0
--- testing 1268 : set([51])p: 1.0
--- testing 1269 : set([59])p: 1.0
--- testing 1270 : set([87])p: 1.0
