trsact: data/conditions/data_041.csv.4lcm53 ,#transactions 16228 ,#items 107 ,size 18873 extracted database: #transactions 16228 ,#items 97 ,size 18854
 output to: data/conditions/data_041.csv.4lcm53.results.lcm/data_041.csv.4lcm53.lowsup4.closed
separated at 0
iters=1297
1284
1
97
396
500
240
48
2
finish calculation of K: 1283
4
--- testing 1 : set([13])p: 1.69652943123e-15
--- testing 2 : set([105])p: 3.68164480795e-08
--- testing 3 : set([37])p: 0.0119454752568
--- testing 4 : set([37, 13])p: 2.33490933944e-05
--- testing 5 : set([33])p: 7.04665581631e-07
--- testing 6 : set([49])p: 1.00658505013e-08
--- testing 7 : set([25])p: 0.00023692113036
--- testing 8 : set([52])p: 0.05556507079
--- testing 9 : set([78])p: 0.000633267880125
--- testing 10 : set([49, 105])p: 4.56138471774e-07
--- testing 11 : set([63])p: 6.43965859082e-20
--- testing 12 : set([80])p: 0.00309014256595
--- testing 13 : set([9])p: 0.775017748405
--- testing 14 : set([105, 52])p: 0.0683291016007
--- testing 15 : set([96])p: 1.94938627011e-06
--- testing 16 : set([105, 13])p: 4.62631744484e-06
--- testing 17 : set([85])p: 0.000659481767031
--- testing 18 : set([105, 37])p: 0.00346924406351
--- testing 19 : set([3])p: 0.513205810668
--- testing 20 : set([33, 105])p: 1.42832458206e-06
--- testing 21 : set([33, 13])p: 1.57900466955e-06
--- testing 22 : set([49, 13])p: 1.19196700122e-10
--- testing 23 : set([105, 78])p: 0.00561278269435
--- testing 24 : set([49, 52])p: 0.00555007998914
--- testing 25 : set([25, 13])p: 3.55112330122e-07
--- testing 26 : set([33, 37])p: 0.00034543981534
--- testing 27 : set([9, 37])p: 0.318822216083
--- testing 28 : set([49, 52, 105])p: 0.0011471314898
--- testing 29 : set([25, 37])p: 0.00509008014356
--- testing 30 : set([9, 13])p: 0.0182665100186
--- testing 31 : set([5])p: 0.948780167808
--- testing 32 : set([25, 105])p: 0.011779854127
--- testing 33 : set([13, 63])p: 9.62838835195e-14
--- testing 34 : set([49, 37])p: 0.000676041656534
--- testing 35 : set([49, 78])p: 0.00134643773158
--- testing 36 : set([49, 33])p: 1.96582941092e-05
--- testing 37 : set([25, 33])p: 0.0084500754856
--- testing 38 : set([22])p: 0.300600811279
--- testing 39 : set([13, 78])p: 0.0022074782421
--- testing 40 : set([7])p: 0.0275738372725
--- testing 41 : set([52, 13])p: 0.00341395040657
--- testing 42 : set([49, 13, 105])p: 1.35462128132e-05
--- testing 43 : set([96, 13])p: 0.000916507014997
--- testing 44 : set([37, 63])p: 0.000248360421757
--- testing 45 : set([106])p: 0.616160438323
--- testing 46 : set([30])p: 0.172004120224
--- testing 47 : set([86])p: 0.416959835607
--- testing 48 : set([85, 13])p: 0.000392604403805
--- testing 49 : set([95])p: 0.0192769037627
--- testing 50 : set([105, 37, 13])p: 0.00225837229072
--- testing 51 : set([33, 78])p: 0.0118136919775
--- testing 52 : set([52, 37])p: 0.0263525366042
--- testing 53 : set([80, 13])p: 0.0001501399418
--- testing 54 : set([49, 78, 105])p: 0.00266757915436
--- testing 55 : set([9, 37, 13])p: 0.0743877144306
--- testing 56 : set([37, 78])p: 0.0713063604333
--- testing 57 : set([80, 105])p: 0.252824989653
--- testing 58 : set([25, 49])p: 0.00997316053242
--- testing 59 : set([85, 37])p: 0.0545019430472
--- testing 60 : set([80, 37])p: 0.109352900585
--- testing 61 : set([105, 85])p: 0.0223563299028
--- testing 62 : set([105, 63])p: 1.10761581889e-06
--- testing 63 : set([49, 105, 33])p: 6.33581217143e-05
--- testing 64 : set([33, 52])p: 0.00496846997106
--- testing 65 : set([49, 37, 105])p: 0.011263894838
--- testing 66 : set([33, 37, 13])p: 0.00364243410969
--- testing 67 : set([105, 52, 13])p: 0.000332959508417
--- testing 68 : set([96, 105])p: 0.00309507119695
--- testing 69 : set([59])p: 6.2471492061e-05
--- testing 70 : set([9, 105])p: 0.39293977872
--- testing 71 : set([25, 37, 13])p: 4.32689873005e-05
--- testing 72 : set([96, 37])p: 0.00494792223878
--- testing 73 : set([52, 78])p: 0.0816142293335
--- testing 74 : set([25, 78])p: 0.000307227919073
--- testing 75 : set([19])p: 0.296068026375
--- testing 76 : set([96, 33])p: 0.00244032194484
--- testing 77 : set([71])p: 0.270261229527
--- testing 78 : set([33, 13, 105])p: 6.02527656098e-06
--- testing 79 : set([49, 37, 13])p: 0.000483432618903
--- testing 80 : set([80, 78])p: 0.434344176665
--- testing 81 : set([105, 52, 37])p: 0.0173953659903
--- testing 82 : set([53])p: 0.844597655062
--- testing 83 : set([25, 52])p: 0.0932422947599
--- testing 84 : set([105, 52, 78])p: 0.0932422947599
--- testing 85 : set([49, 85])p: 0.0117790821118
--- testing 86 : set([33, 37, 105])p: 0.000854858445049
--- testing 87 : set([13, 37, 63])p: 0.00322351736638
--- testing 88 : set([25, 13, 105])p: 0.00262946334878
--- testing 89 : set([35])p: 0.173763198099
--- testing 90 : set([3, 13])p: 0.0260152524876
--- testing 91 : set([92])p: 0.166393656518
--- testing 92 : set([3, 37])p: 0.159151717788
--- testing 93 : set([90])p: 0.024141884998
--- testing 94 : set([49, 63])p: 8.73318224554e-08
--- testing 95 : set([25, 85])p: 0.152042256317
--- testing 96 : set([31])p: 0.781057698617
--- testing 97 : set([25, 105, 49])p: 0.00631889564424
--- testing 98 : set([33, 63])p: 4.75696983012e-07
--- testing 99 : set([80, 33])p: 0.000311335261249
--- testing 100 : set([38])p: 0.0175748465664
--- testing 101 : set([98])p: 0.00518863637752
--- testing 102 : set([25, 63])p: 2.49589562442e-07
--- testing 103 : set([54])p: 0.0161534781841
--- testing 104 : set([33, 52, 105])p: 0.00105677725261
--- testing 105 : set([80, 49])p: 0.0452429516089
--- testing 106 : set([33, 78, 105])p: 0.013558367351
--- testing 107 : set([105, 13, 78])p: 0.10636457569
--- testing 108 : set([105, 3])p: 0.723936539383
--- testing 109 : set([96, 25])p: 0.100472158504
--- testing 110 : set([56])p: 0.100472158504
--- testing 111 : set([13, 85, 37])p: 0.0947486405806
--- testing 112 : set([33, 85])p: 0.0336802850492
--- testing 113 : set([96, 85])p: 0.0311238317421
--- testing 114 : set([14])p: 0.429018572569
--- testing 115 : set([25, 13, 33])p: 0.00839367137669
--- testing 116 : set([49, 52, 13])p: 0.000471737184617
--- testing 117 : set([9, 33])p: 0.205804796562
--- testing 118 : set([96, 63])p: 9.2549573854e-05
--- testing 119 : set([80, 25])p: 0.00165041520268
--- testing 120 : set([25, 105, 33])p: 0.178587821399
--- testing 121 : set([96, 49])p: 0.0012630693188
--- testing 122 : set([25, 37, 105])p: 0.00109864946321
--- testing 123 : set([25, 37, 33])p: 0.0184332052261
--- testing 124 : set([9, 25])p: 0.161172719147
--- testing 125 : set([80, 85])p: 0.000183727696873
--- testing 126 : set([5, 13])p: 0.621057841791
--- testing 127 : set([49, 52, 13, 105])p: 0.00015452490474
--- testing 128 : set([49, 52, 78])p: 0.14442304549
--- testing 129 : set([49, 52, 78, 105])p: 0.136319104987
--- testing 130 : set([13, 7])p: 0.000705124773747
--- testing 131 : set([37, 78, 13])p: 0.307751875122
--- testing 132 : set([9, 37, 105])p: 0.128406823289
--- testing 133 : set([40])p: 0.307751875122
--- testing 134 : set([61])p: 0.307751875122
--- testing 135 : set([49, 13, 33])p: 1.82763480885e-06
--- testing 136 : set([25, 52, 105])p: 0.113189100999
--- testing 137 : set([78, 63])p: 0.000433903399353
--- testing 138 : set([80, 52])p: 0.55944850562
--- testing 139 : set([85, 78])p: 0.0366421646125
--- testing 140 : set([85, 63])p: 0.00193138759434
--- testing 141 : set([105, 106])p: 0.271173727743
--- testing 142 : set([13, 30])p: 0.546299833512
--- testing 143 : set([52, 37, 13])p: 0.00775206052664
--- testing 144 : set([49, 13, 37, 105])p: 0.00683885008442
--- testing 145 : set([25, 13, 49])p: 0.0014262777143
--- testing 146 : set([9, 13, 105])p: 0.247061727257
--- testing 147 : set([9, 49])p: 0.0919916115896
--- testing 148 : set([105, 37, 78])p: 0.0249407937198
--- testing 149 : set([52, 63])p: 0.00121590967966
--- testing 150 : set([80, 37, 13])p: 0.0249407937198
--- testing 151 : set([96, 37, 13])p: 0.0853876354527
--- testing 152 : set([33, 3])p: 0.505233867112
--- testing 153 : set([13, 22])p: 0.235133256821
--- testing 154 : set([37, 22])p: 0.820786256079
--- testing 155 : set([49, 52, 37])p: 0.0790248100071
--- testing 156 : set([96, 78])p: 0.0224493927887
--- testing 157 : set([5, 37])p: 1.0
--- testing 158 : set([13, 95])p: 0.491018045518
--- testing 159 : set([33, 95])p: 0.0790248100071
--- testing 160 : set([25, 95])p: 0.0224493927887
--- testing 161 : set([49, 13, 78])p: 0.000868280829647
--- testing 162 : set([49, 52, 33])p: 0.017964078518
--- testing 163 : set([49, 78, 33])p: 0.00072678330526
--- testing 164 : set([105, 13, 63])p: 0.00394938444786
--- testing 165 : set([49, 85, 105])p: 0.017964078518
--- testing 166 : set([105, 5])p: 0.794703840403
--- testing 167 : set([74])p: 0.200053685987
--- testing 168 : set([49, 105, 63])p: 9.12080362027e-05
--- testing 169 : set([105, 85, 13])p: 0.0159619793651
--- testing 170 : set([25, 3])p: 0.188652832065
--- testing 171 : set([33, 13, 37, 105])p: 0.00290409636354
--- testing 172 : set([13, 86])p: 0.775242450901
--- testing 173 : set([64])p: 0.431680956667
--- testing 174 : set([25, 33, 49])p: 0.0509975387635
--- testing 175 : set([49, 52, 105, 33])p: 0.0124156818374
--- testing 176 : set([25, 78, 105])p: 0.166396532444
--- testing 177 : set([52, 85])p: 0.416271668131
--- testing 178 : set([105, 22])p: 0.0124156818374
--- testing 179 : set([59, 13])p: 0.00246672560293
--- testing 180 : set([49, 52, 37, 105])p: 0.0461748066478
--- testing 181 : set([49, 3])p: 0.400654472151
--- testing 182 : set([25, 37, 49])p: 0.0416182067482
--- testing 183 : set([80, 49, 105])p: 0.144990482902
--- testing 184 : set([9, 63])p: 0.00174216529124
--- testing 185 : set([96, 105, 13])p: 0.144990482902
--- testing 186 : set([49, 85, 13])p: 0.00174216529124
--- testing 187 : set([105, 7])p: 0.144990482902
--- testing 188 : set([105, 30])p: 0.74254272674
--- testing 189 : set([37, 86])p: 0.384843078901
--- testing 190 : set([49, 37, 33])p: 0.0373284408679
--- testing 191 : set([80, 105, 13])p: 0.368852905835
--- testing 192 : set([80, 63])p: 0.000212439517088
--- testing 193 : set([96, 52])p: 0.0373284408679
--- testing 194 : set([25, 7])p: 0.368852905835
--- testing 195 : set([105, 95])p: 0.0373284408679
--- testing 196 : set([37, 71])p: 0.00816116308676
--- testing 197 : set([37, 38])p: 0.0014470580122
--- testing 198 : set([33, 52, 13])p: 0.00700355876356
--- testing 199 : set([80, 105, 78])p: 1.0
--- testing 200 : set([9, 13, 25])p: 0.0333053680705
--- testing 201 : set([105, 86])p: 0.352701205797
--- testing 202 : set([13, 38])p: 0.0333053680705
--- testing 203 : set([9, 78])p: 0.336407203314
--- testing 204 : set([96, 80])p: 0.114805192147
--- testing 205 : set([13, 71])p: 0.114805192147
--- testing 206 : set([25, 52, 13])p: 0.0260542994464
--- testing 207 : set([33, 13, 78])p: 0.105332167102
--- testing 208 : set([80, 105, 52])p: 0.319992239524
--- testing 209 : set([9, 37, 33])p: 0.105332167102
--- testing 210 : set([80, 9])p: 0.691438110093
--- testing 211 : set([96, 3])p: 0.00504098124242
--- testing 212 : set([37, 30])p: 0.105332167102
--- testing 213 : set([25, 30])p: 0.0260542994464
--- testing 214 : set([69])p: 0.0260542994464
--- testing 215 : set([84])p: 0.105332167102
--- testing 216 : set([49, 105, 13, 33])p: 7.63431702442e-05
--- testing 217 : set([25, 52, 49])p: 0.0228214812611
--- testing 218 : set([49, 37, 78])p: 0.0228214812611
--- testing 219 : set([25, 13, 78])p: 7.63431702442e-05
--- testing 220 : set([9, 37, 25])p: 0.0228214812611
--- testing 221 : set([96, 33, 13])p: 0.0961847208342
--- testing 222 : set([3, 63])p: 0.0961847208342
--- testing 223 : set([33, 7])p: 0.303479926261
--- testing 224 : set([106, 13])p: 0.0961847208342
--- testing 225 : set([106, 37])p: 1.0
--- testing 226 : set([105, 52, 37, 13])p: 0.00350346999572
--- testing 227 : set([49, 105, 78, 33])p: 0.00350346999572
--- testing 228 : set([25, 78, 33])p: 0.0198456522948
--- testing 229 : set([49, 13, 63])p: 5.46935768398e-06
--- testing 230 : set([80, 105, 37])p: 1.0
--- testing 231 : set([9, 13, 37, 105])p: 0.286896309827
--- testing 232 : set([96, 49, 105])p: 0.00350346999572
--- testing 233 : set([9, 85])p: 0.286896309827
--- testing 234 : set([3, 37, 13])p: 0.0873811320854
--- testing 235 : set([33, 22])p: 0.286896309827
--- testing 236 : set([37, 7])p: 0.286896309827
--- testing 237 : set([25, 105, 13, 49])p: 0.00287669617809
--- testing 238 : set([49, 13, 78, 105])p: 0.017121955245
--- testing 239 : set([105, 52, 63])p: 0.0789391971116
--- testing 240 : set([9, 105, 33])p: 0.0789391971116
--- testing 241 : set([96, 49, 13])p: 0.0789391971116
--- testing 242 : set([105, 85, 37])p: 0.017121955245
--- testing 243 : set([33, 5])p: 0.646567002102
--- testing 244 : set([33, 106])p: 0.646567002102
--- testing 245 : set([105, 59])p: 0.0789391971116
--- testing 246 : set([53, 37])p: 0.270270045015
--- testing 247 : set([13, 14])p: 0.646567002102
--- testing 248 : set([25, 13, 37, 105])p: 0.000295907870448
--- testing 249 : set([33, 37, 78])p: 0.0146445188855
--- testing 250 : set([105, 37, 63])p: 0.0708760786072
--- testing 251 : set([9, 105, 49])p: 0.0708760786072
--- testing 252 : set([9, 52])p: 0.0708760786072
--- testing 253 : set([33, 85, 13])p: 0.0708760786072
--- testing 254 : set([98, 13])p: 0.00233513175607
--- testing 255 : set([55])p: 0.00233513175607
--- testing 256 : set([25, 105, 13, 33])p: 0.0632081386452
--- testing 257 : set([25, 52, 105, 49])p: 0.0124064484983
--- testing 258 : set([96, 33, 105])p: 0.0124064484983
--- testing 259 : set([96, 25, 13])p: 0.237018352582
--- testing 260 : set([96, 9])p: 0.237018352582
--- testing 261 : set([25, 5])p: 0.613089279162
--- testing 262 : set([33, 30])p: 0.613089279162
--- testing 263 : set([37, 95])p: 0.237018352582
--- testing 264 : set([59, 37])p: 0.0632081386452
--- testing 265 : set([35, 37])p: 0.237018352582
--- testing 266 : set([37, 14])p: 0.613089279162
--- testing 267 : set([21])p: 0.613089279162
--- testing 268 : set([49, 105, 37, 33])p: 0.0103998243619
--- testing 269 : set([33, 13, 63])p: 0.000165802701393
--- testing 270 : set([25, 13, 63])p: 0.000165802701393
--- testing 271 : set([9, 13, 49])p: 0.0559507543385
--- testing 272 : set([96, 105, 37])p: 0.00147925017578
--- testing 273 : set([96, 105, 52])p: 0.0559507543385
--- testing 274 : set([25, 85, 13])p: 0.220464998874
--- testing 275 : set([105, 52, 85])p: 0.220464998874
--- testing 276 : set([3, 78])p: 0.220464998874
--- testing 277 : set([49, 30])p: 0.0559507543385
--- testing 278 : set([35, 13])p: 0.0559507543385
--- testing 279 : set([6])p: 1.0
--- testing 280 : set([103])p: 1.0
--- testing 281 : set([25, 13, 37, 33])p: 0.049118114842
--- testing 282 : set([52, 13, 78])p: 0.20401357442
--- testing 283 : set([13, 78, 63])p: 0.00115088830718
--- testing 284 : set([96, 25, 33])p: 0.049118114842
--- testing 285 : set([33, 85, 105])p: 0.00115088830718
--- testing 286 : set([25, 85, 105])p: 0.20401357442
--- testing 287 : set([53, 13])p: 1.0
--- testing 288 : set([72])p: 0.049118114842
--- testing 289 : set([101])p: 1.0
--- testing 290 : set([25, 105, 37, 49])p: 0.0427229982129
--- testing 291 : set([25, 105, 33, 49])p: 0.187708789202
--- testing 292 : set([33, 52, 13, 105])p: 0.000879744952029
--- testing 293 : set([25, 52, 37])p: 0.0427229982129
--- testing 294 : set([25, 37, 78])p: 0.556843661264
--- testing 295 : set([25, 78, 49])p: 0.00704416821573
--- testing 296 : set([49, 52, 63])p: 0.0427229982129
--- testing 297 : set([80, 49, 13])p: 0.00704416821573
--- testing 298 : set([9, 13, 37, 25])p: 0.00704416821573
--- testing 299 : set([9, 37, 63])p: 0.0427229982129
--- testing 300 : set([33, 85, 37])p: 0.0427229982129
--- testing 301 : set([13, 85, 63])p: 0.0427229982129
--- testing 302 : set([3, 52])p: 0.187708789202
--- testing 303 : set([96, 5])p: 1.0
--- testing 304 : set([49, 106])p: 0.187708789202
--- testing 305 : set([33, 52, 37])p: 0.0367765265467
--- testing 306 : set([49, 52, 37, 13])p: 0.00567429637935
--- testing 307 : set([25, 52, 13, 105])p: 0.0367765265467
--- testing 308 : set([49, 37, 78, 105])p: 0.00567429637935
--- testing 309 : set([105, 52, 13, 78])p: 0.17159925687
--- testing 310 : set([33, 105, 63])p: 0.17159925687
--- testing 311 : set([25, 33, 63])p: 0.00567429637935
--- testing 312 : set([105, 78, 63])p: 0.17159925687
--- testing 313 : set([80, 25, 37])p: 0.17159925687
--- testing 314 : set([9, 13, 33])p: 0.17159925687
--- testing 315 : set([9, 13, 63])p: 0.000659167124717
--- testing 316 : set([49, 85, 37])p: 0.0367765265467
--- testing 317 : set([105, 85, 78])p: 0.0367765265467
--- testing 318 : set([96, 85, 13])p: 0.536336168371
--- testing 319 : set([49, 3, 105])p: 0.17159925687
--- testing 320 : set([3, 85])p: 0.536336168371
--- testing 321 : set([49, 22])p: 0.17159925687
--- testing 322 : set([96, 7])p: 0.536336168371
--- testing 323 : set([25, 106])p: 0.17159925687
--- testing 324 : set([49, 95])p: 0.17159925687
--- testing 325 : set([49, 59])p: 0.0367765265467
--- testing 326 : set([105, 19])p: 0.536336168371
--- testing 327 : set([105, 53])p: 1.0
--- testing 328 : set([33, 98])p: 0.00567429637935
--- testing 329 : set([105, 54])p: 0.0367765265467
--- testing 330 : set([100])p: 0.536336168371
--- testing 331 : set([49, 13, 52, 37, 105])p: 0.0044942659665
--- testing 332 : set([33, 52, 78])p: 0.0312878976937
--- testing 333 : set([80, 49, 78])p: 1.0
--- testing 334 : set([96, 33, 37])p: 0.0044942659665
--- testing 335 : set([96, 105, 78])p: 0.0044942659665
--- testing 336 : set([49, 13, 85, 105])p: 0.0312878976937
--- testing 337 : set([80, 105, 85])p: 0.155737759185
--- testing 338 : set([106, 52])p: 0.155737759185
--- testing 339 : set([85, 30])p: 0.155737759185
--- testing 340 : set([49, 86])p: 0.51488105593
--- testing 341 : set([33, 19])p: 0.155737759185
--- testing 342 : set([37, 38, 13])p: 0.0312878976937
--- testing 343 : set([56, 37])p: 0.51488105593
--- testing 344 : set([40, 13])p: 0.51488105593
--- testing 345 : set([24])p: 0.51488105593
--- testing 346 : set([60])p: 0.0312878976937
--- testing 347 : set([91])p: 0.51488105593
--- testing 348 : set([25, 13, 37, 49])p: 0.00349138477379
--- testing 349 : set([25, 105, 63])p: 0.492434599884
--- testing 350 : set([49, 52, 105, 63])p: 0.0262640917448
--- testing 351 : set([80, 33, 13])p: 0.140181526498
--- testing 352 : set([80, 33, 105])p: 0.0262640917448
--- testing 353 : set([96, 13, 78])p: 0.140181526498
--- testing 354 : set([25, 85, 37])p: 0.140181526498
--- testing 355 : set([85, 78, 13])p: 0.492434599884
--- testing 356 : set([80, 85, 13])p: 2.58835692021e-05
--- testing 357 : set([9, 85, 37])p: 0.140181526498
--- testing 358 : set([9, 3])p: 0.140181526498
--- testing 359 : set([52, 22])p: 0.00349138477379
--- testing 360 : set([25, 13, 95])p: 0.140181526498
--- testing 361 : set([25, 33, 95])p: 0.0262640917448
--- testing 362 : set([13, 54])p: 1.0
--- testing 363 : set([37, 54])p: 0.492434599884
--- testing 364 : set([56, 105])p: 0.140181526498
--- testing 365 : set([15])p: 1.0
--- testing 366 : set([47])p: 1.0
--- testing 367 : set([66])p: 0.140181526498
--- testing 368 : set([25, 105, 37, 33])p: 0.0217095503506
--- testing 369 : set([105, 37, 78, 13])p: 0.124992535198
--- testing 370 : set([25, 52, 78])p: 0.124992535198
--- testing 371 : set([105, 13, 37, 63])p: 0.124992535198
--- testing 372 : set([80, 25, 13])p: 0.000238190250457
--- testing 373 : set([80, 13, 63])p: 0.000238190250457
--- testing 374 : set([9, 105, 37, 33])p: 0.0217095503506
--- testing 375 : set([9, 37, 49])p: 0.0217095503506
--- testing 376 : set([9, 105, 25])p: 0.124992535198
--- testing 377 : set([9, 52, 105])p: 0.124992535198
--- testing 378 : set([9, 78, 105])p: 0.124992535198
--- testing 379 : set([96, 25, 105])p: 0.468951061658
--- testing 380 : set([96, 13, 63])p: 0.124992535198
--- testing 381 : set([96, 9, 37])p: 0.124992535198
--- testing 382 : set([37, 85, 63])p: 0.124992535198
--- testing 383 : set([105, 3, 37])p: 0.468951061658
--- testing 384 : set([49, 7])p: 0.0217095503506
--- testing 385 : set([52, 30])p: 0.468951061658
--- testing 386 : set([37, 86, 13])p: 0.468951061658
--- testing 387 : set([33, 59])p: 0.124992535198
--- testing 388 : set([25, 59])p: 0.0217095503506
--- testing 389 : set([92, 13])p: 0.124992535198
--- testing 390 : set([90, 13])p: 0.468951061658
--- testing 391 : set([105, 90])p: 1.0
--- testing 392 : set([105, 98])p: 0.124992535198
--- testing 393 : set([40, 37])p: 0.0217095503506
--- testing 394 : set([20])p: 0.124992535198
--- testing 395 : set([62])p: 1.0
--- testing 396 : set([73])p: 0.468951061658
--- testing 397 : set([25, 52, 33])p: 0.444382595482
--- testing 398 : set([25, 13, 78, 105])p: 0.110237823077
--- testing 399 : set([25, 105, 78, 49])p: 0.0176258268023
--- testing 400 : set([52, 37, 78])p: 0.110237823077
--- testing 401 : set([25, 37, 63])p: 0.0176258268023
--- testing 402 : set([49, 78, 63])p: 0.0176258268023
--- testing 403 : set([80, 49, 13, 105])p: 0.110237823077
--- testing 404 : set([80, 49, 52])p: 0.110237823077
--- testing 405 : set([9, 85, 13])p: 1.0
--- testing 406 : set([105, 3, 13])p: 1.0
--- testing 407 : set([78, 7])p: 0.00196246420851
--- testing 408 : set([96, 30])p: 0.444382595482
--- testing 409 : set([33, 86])p: 0.110237823077
--- testing 410 : set([25, 86])p: 0.0176258268023
--- testing 411 : set([96, 95])p: 0.110237823077
--- testing 412 : set([105, 35])p: 1.0
--- testing 413 : set([105, 92])p: 0.444382595482
--- testing 414 : set([92, 37])p: 0.0176258268023
--- testing 415 : set([45])p: 1.0
--- testing 416 : set([49, 52, 13, 33])p: 0.0140112046653
--- testing 417 : set([25, 52, 37, 105])p: 0.0140112046653
--- testing 418 : set([33, 37, 78, 105])p: 0.0140112046653
--- testing 419 : set([33, 52, 78, 105])p: 0.0140112046653
--- testing 420 : set([49, 33, 63])p: 0.00140751641558
--- testing 421 : set([80, 13, 78])p: 0.418679151451
--- testing 422 : set([9, 13, 78])p: 1.0
--- testing 423 : set([96, 49, 78])p: 0.00140751641558
--- testing 424 : set([49, 85, 78])p: 0.418679151451
--- testing 425 : set([96, 105, 85])p: 0.0959898236499
--- testing 426 : set([96, 85, 37])p: 0.00140751641558
--- testing 427 : set([96, 25, 85])p: 0.418679151451
--- testing 428 : set([96, 85, 63])p: 0.0959898236499
--- testing 429 : set([25, 3, 37])p: 0.418679151451
--- testing 430 : set([80, 3])p: 1.0
--- testing 431 : set([105, 13, 22])p: 0.0959898236499
--- testing 432 : set([25, 22])p: 1.0
--- testing 433 : set([13, 37, 7])p: 0.0959898236499
--- testing 434 : set([30, 63])p: 0.0959898236499
--- testing 435 : set([86, 63])p: 1.0
--- testing 436 : set([52, 95])p: 0.0959898236499
--- testing 437 : set([13, 37, 71])p: 0.0140112046653
--- testing 438 : set([33, 35])p: 1.0
--- testing 439 : set([49, 92])p: 0.0959898236499
--- testing 440 : set([33, 31])p: 1.0
--- testing 441 : set([25, 98])p: 0.418679151451
--- testing 442 : set([49, 54])p: 0.0959898236499
--- testing 443 : set([4])p: 1.0
--- testing 444 : set([25, 37, 33, 49])p: 0.391788374134
--- testing 445 : set([33, 52, 37, 105])p: 0.0108602826028
--- testing 446 : set([49, 13, 52, 105, 33])p: 0.0108602826028
--- testing 447 : set([25, 105, 78, 33])p: 0.391788374134
--- testing 448 : set([49, 37, 63])p: 0.0108602826028
--- testing 449 : set([52, 13, 63])p: 0.000972163576918
--- testing 450 : set([80, 52, 13])p: 0.0823267204858
--- testing 451 : set([80, 49, 52, 105])p: 0.0823267204858
--- testing 452 : set([80, 33, 78])p: 0.391788374134
--- testing 453 : set([9, 13, 37, 63])p: 0.0823267204858
--- testing 454 : set([96, 25, 37])p: 0.391788374134
--- testing 455 : set([96, 37, 63])p: 0.391788374134
--- testing 456 : set([96, 33, 63])p: 0.0108602826028
--- testing 457 : set([105, 13, 85, 37])p: 0.391788374134
--- testing 458 : set([33, 13, 85, 37])p: 1.0
--- testing 459 : set([52, 85, 37])p: 0.391788374134
--- testing 460 : set([49, 52, 85, 105])p: 0.391788374134
--- testing 461 : set([80, 85, 37])p: 0.0823267204858
--- testing 462 : set([80, 49, 85])p: 0.0108602826028
--- testing 463 : set([33, 3, 105])p: 0.391788374134
--- testing 464 : set([105, 3, 52])p: 0.391788374134
--- testing 465 : set([13, 5, 37])p: 1.0
--- testing 466 : set([25, 5, 13])p: 0.391788374134
--- testing 467 : set([37, 22, 13])p: 1.0
--- testing 468 : set([52, 7])p: 0.0108602826028
--- testing 469 : set([106, 78])p: 0.0823267204858
--- testing 470 : set([78, 86])p: 0.0823267204858
--- testing 471 : set([13, 37, 95])p: 0.391788374134
--- testing 472 : set([33, 37, 95])p: 0.0823267204858
--- testing 473 : set([25, 37, 95])p: 0.0823267204858
--- testing 474 : set([85, 95])p: 0.391788374134
--- testing 475 : set([59, 37, 13])p: 0.0823267204858
--- testing 476 : set([59, 63])p: 0.0108602826028
--- testing 477 : set([105, 71])p: 0.391788374134
--- testing 478 : set([90, 37])p: 1.0
--- testing 479 : set([37, 31])p: 0.391788374134
--- testing 480 : set([105, 38])p: 0.391788374134
--- testing 481 : set([37, 14, 13])p: 0.391788374134
--- testing 482 : set([11])p: 0.391788374134
--- testing 483 : set([32])p: 0.0823267204858
--- testing 484 : set([88])p: 0.391788374134
--- testing 485 : set([49, 13, 37, 33])p: 0.0693328226889
--- testing 486 : set([25, 13, 105, 37, 49])p: 0.0081635228685
--- testing 487 : set([25, 13, 33, 49])p: 0.0081635228685
--- testing 488 : set([33, 52, 37, 13])p: 0.0693328226889
--- testing 489 : set([25, 37, 78, 105])p: 0.36365549653
--- testing 490 : set([105, 52, 37, 78])p: 0.0693328226889
--- testing 491 : set([25, 52, 78, 105])p: 0.0693328226889
--- testing 492 : set([80, 52, 37])p: 1.0
--- testing 493 : set([80, 49, 78, 105])p: 1.0
--- testing 494 : set([80, 25, 78])p: 0.0081635228685
--- testing 495 : set([80, 37, 63])p: 0.0081635228685
--- testing 496 : set([9, 13, 37, 33])p: 0.36365549653
--- testing 497 : set([9, 13, 37, 49])p: 0.0693328226889
--- testing 498 : set([9, 37, 78])p: 0.0693328226889
--- testing 499 : set([9, 105, 63])p: 0.36365549653
--- testing 500 : set([80, 9, 13])p: 0.36365549653
--- testing 501 : set([80, 9, 37])p: 0.36365549653
--- testing 502 : set([96, 105, 37, 13])p: 0.0693328226889
--- testing 503 : set([96, 49, 13, 105])p: 0.0693328226889
--- testing 504 : set([96, 37, 78])p: 0.0693328226889
--- testing 505 : set([96, 33, 78])p: 0.36365549653
--- testing 506 : set([49, 85, 33])p: 0.0081635228685
--- testing 507 : set([105, 85, 63])p: 0.0693328226889
--- testing 508 : set([9, 13, 85, 37])p: 1.0
--- testing 509 : set([49, 5])p: 1.0
--- testing 510 : set([78, 22])p: 0.0693328226889
--- testing 511 : set([33, 13, 7])p: 0.0693328226889
--- testing 512 : set([25, 13, 7])p: 0.36365549653
--- testing 513 : set([105, 106, 13])p: 0.36365549653
--- testing 514 : set([33, 106, 105])p: 0.36365549653
--- testing 515 : set([49, 106, 105])p: 0.0693328226889
--- testing 516 : set([105, 106, 52])p: 0.0693328226889
--- testing 517 : set([106, 63])p: 0.0693328226889
--- testing 518 : set([80, 106])p: 1.0
--- testing 519 : set([105, 13, 30])p: 1.0
--- testing 520 : set([49, 30, 105])p: 0.36365549653
--- testing 521 : set([25, 13, 30])p: 0.36365549653
--- testing 522 : set([25, 30, 105])p: 1.0
--- testing 523 : set([33, 105, 95])p: 0.36365549653
--- testing 524 : set([78, 95])p: 0.0693328226889
--- testing 525 : set([30, 95])p: 0.0081635228685
--- testing 526 : set([49, 59, 105])p: 0.36365549653
--- testing 527 : set([59, 52])p: 0.0693328226889
--- testing 528 : set([19, 37])p: 0.36365549653
--- testing 529 : set([25, 53])p: 0.36365549653
--- testing 530 : set([49, 35])p: 1.0
--- testing 531 : set([49, 92, 105])p: 0.36365549653
--- testing 532 : set([105, 31])p: 1.0
--- testing 533 : set([56, 13])p: 1.0
--- testing 534 : set([40, 33])p: 1.0
--- testing 535 : set([41])p: 1.0
--- testing 536 : set([42])p: 1.0
--- testing 537 : set([70])p: 1.0
--- testing 538 : set([25, 52, 105, 33])p: 0.334223229146
--- testing 539 : set([25, 13, 52, 105, 49])p: 0.00590676077502
--- testing 540 : set([25, 52, 37, 49])p: 0.00590676077502
--- testing 541 : set([33, 13, 78, 105])p: 0.334223229146
--- testing 542 : set([49, 37, 78, 13])p: 0.0570989627248
--- testing 543 : set([25, 13, 78, 33])p: 0.00590676077502
--- testing 544 : set([49, 52, 13, 78, 105])p: 0.0570989627248
--- testing 545 : set([33, 37, 63])p: 0.00590676077502
--- testing 546 : set([49, 105, 13, 63])p: 0.00590676077502
--- testing 547 : set([52, 37, 63])p: 0.0570989627248
--- testing 548 : set([37, 78, 63])p: 0.00590676077502
--- testing 549 : set([49, 105, 78, 63])p: 0.0570989627248
--- testing 550 : set([80, 33, 37])p: 0.334223229146
--- testing 551 : set([80, 49, 37])p: 0.334223229146
--- testing 552 : set([80, 25, 105])p: 0.334223229146
--- testing 553 : set([80, 37, 78])p: 1.0
--- testing 554 : set([9, 105, 13, 49])p: 0.0570989627248
--- testing 555 : set([9, 78, 33])p: 0.0570989627248
--- testing 556 : set([96, 33, 37, 105])p: 0.00590676077502
--- testing 557 : set([96, 49, 37])p: 0.0570989627248
--- testing 558 : set([96, 49, 33])p: 0.00590676077502
--- testing 559 : set([96, 49, 52, 105])p: 0.0570989627248
--- testing 560 : set([96, 49, 78, 105])p: 0.000398495252962
--- testing 561 : set([96, 25, 63])p: 0.0570989627248
--- testing 562 : set([96, 9, 13])p: 1.0
--- testing 563 : set([49, 13, 85, 37])p: 0.0570989627248
--- testing 564 : set([49, 105, 85, 37])p: 0.334223229146
--- testing 565 : set([25, 85, 33])p: 0.334223229146
--- testing 566 : set([52, 85, 13])p: 0.334223229146
--- testing 567 : set([33, 85, 78])p: 0.0570989627248
--- testing 568 : set([37, 13, 85, 63])p: 0.334223229146
--- testing 569 : set([25, 85, 63])p: 0.0570989627248
--- testing 570 : set([80, 85, 78])p: 0.0570989627248
--- testing 571 : set([96, 33, 85])p: 0.0570989627248
--- testing 572 : set([33, 3, 37])p: 0.0570989627248
--- testing 573 : set([25, 3, 105])p: 1.0
--- testing 574 : set([105, 13, 7])p: 0.0570989627248
--- testing 575 : set([9, 7])p: 1.0
--- testing 576 : set([96, 13, 7])p: 0.334223229146
--- testing 577 : set([96, 106])p: 0.0570989627248
--- testing 578 : set([37, 30, 13])p: 1.0
--- testing 579 : set([105, 13, 86])p: 1.0
--- testing 580 : set([105, 13, 95])p: 1.0
--- testing 581 : set([33, 13, 95])p: 0.334223229146
--- testing 582 : set([19, 13])p: 1.0
--- testing 583 : set([49, 19])p: 0.334223229146
--- testing 584 : set([19, 78])p: 0.334223229146
--- testing 585 : set([13, 53, 37])p: 1.0
--- testing 586 : set([53, 63])p: 1.0
--- testing 587 : set([33, 92])p: 0.0570989627248
--- testing 588 : set([25, 92])p: 0.0570989627248
--- testing 589 : set([52, 92])p: 0.0570989627248
--- testing 590 : set([25, 90])p: 0.334223229146
--- testing 591 : set([13, 31])p: 0.0570989627248
--- testing 592 : set([9, 38])p: 0.0570989627248
--- testing 593 : set([98, 37])p: 0.334223229146
--- testing 594 : set([49, 54, 105])p: 0.0570989627248
--- testing 595 : set([40, 105])p: 0.334223229146
--- testing 596 : set([40, 25])p: 0.334223229146
--- testing 597 : set([64, 13])p: 0.0570989627248
--- testing 598 : set([1])p: 1.0
--- testing 599 : set([12])p: 0.334223229146
--- testing 600 : set([43])p: 0.334223229146
--- testing 601 : set([48])p: 0.334223229146
--- testing 602 : set([51])p: 0.334223229146
--- testing 603 : set([67])p: 1.0
--- testing 604 : set([79])p: 0.334223229146
--- testing 605 : set([93])p: 0.0570989627248
--- testing 606 : set([49, 13, 105, 37, 33])p: 0.0457229178471
--- testing 607 : set([25, 52, 37, 13])p: 0.00407067226767
--- testing 608 : set([33, 37, 78, 13])p: 1.0
--- testing 609 : set([25, 52, 78, 49])p: 0.0457229178471
--- testing 610 : set([25, 49, 63])p: 0.00407067226767
--- testing 611 : set([105, 13, 78, 63])p: 0.303431643988
--- testing 612 : set([80, 105, 37, 13])p: 1.0
--- testing 613 : set([80, 25, 33])p: 0.303431643988
--- testing 614 : set([80, 52, 78])p: 1.0
--- testing 615 : set([9, 105, 37, 49])p: 0.0457229178471
--- testing 616 : set([9, 105, 13, 25])p: 0.0457229178471
--- testing 617 : set([9, 105, 37, 63])p: 0.303431643988
--- testing 618 : set([96, 49, 63])p: 0.0457229178471
--- testing 619 : set([96, 80, 13])p: 0.303431643988
--- testing 620 : set([49, 105, 85, 33])p: 0.00407067226767
--- testing 621 : set([25, 13, 85, 105])p: 0.303431643988
--- testing 622 : set([85, 78, 37])p: 0.0457229178471
--- testing 623 : set([49, 85, 78, 105])p: 0.303431643988
--- testing 624 : set([25, 85, 78])p: 0.303431643988
--- testing 625 : set([49, 85, 63])p: 0.0457229178471
--- testing 626 : set([80, 49, 85, 105])p: 0.0457229178471
--- testing 627 : set([9, 85, 105])p: 0.0457229178471
--- testing 628 : set([96, 49, 85])p: 0.303431643988
--- testing 629 : set([105, 3, 78])p: 0.303431643988
--- testing 630 : set([9, 3, 37])p: 0.0457229178471
--- testing 631 : set([105, 5, 13])p: 1.0
--- testing 632 : set([33, 5, 37])p: 1.0
--- testing 633 : set([5, 78])p: 1.0
--- testing 634 : set([80, 5])p: 1.0
--- testing 635 : set([5, 85])p: 0.303431643988
--- testing 636 : set([49, 22, 105])p: 0.0457229178471
--- testing 637 : set([22, 63])p: 0.0457229178471
--- testing 638 : set([49, 105, 7])p: 0.00407067226767
--- testing 639 : set([25, 33, 7])p: 1.0
--- testing 640 : set([63, 7])p: 0.0457229178471
--- testing 641 : set([22, 7])p: 0.303431643988
--- testing 642 : set([106, 85])p: 1.0
--- testing 643 : set([25, 30, 33])p: 0.303431643988
--- testing 644 : set([3, 30])p: 1.0
--- testing 645 : set([105, 37, 86])p: 0.303431643988
--- testing 646 : set([49, 86, 105])p: 0.303431643988
--- testing 647 : set([52, 86])p: 0.303431643988
--- testing 648 : set([96, 86])p: 0.303431643988
--- testing 649 : set([80, 95])p: 1.0
--- testing 650 : set([49, 59, 13])p: 0.0457229178471
--- testing 651 : set([59, 78])p: 0.00407067226767
--- testing 652 : set([63, 71])p: 0.00407067226767
--- testing 653 : set([96, 53])p: 0.303431643988
--- testing 654 : set([92, 78])p: 1.0
--- testing 655 : set([49, 90])p: 0.303431643988
--- testing 656 : set([33, 38])p: 0.303431643988
--- testing 657 : set([25, 38])p: 1.0
--- testing 658 : set([49, 98])p: 0.0457229178471
--- testing 659 : set([56, 49])p: 0.00407067226767
--- testing 660 : set([56, 25])p: 0.303431643988
--- testing 661 : set([105, 14])p: 1.0
--- testing 662 : set([64, 105])p: 1.0
--- testing 663 : set([69, 13])p: 0.0457229178471
--- testing 664 : set([69, 37])p: 0.303431643988
--- testing 665 : set([105, 84])p: 1.0
--- testing 666 : set([105, 47])p: 1.0
--- testing 667 : set([8])p: 0.303431643988
--- testing 668 : set([18])p: 0.303431643988
--- testing 669 : set([65])p: 0.0457229178471
--- testing 670 : set([82])p: 1.0
--- testing 671 : set([94])p: 1.0
--- testing 672 : set([25, 37, 105, 33, 49])p: 0.27121805322
--- testing 673 : set([25, 105, 52, 37, 49])p: 0.00263019653621
--- testing 674 : set([25, 13, 78, 49])p: 0.00263019653621
--- testing 675 : set([25, 52, 105, 78, 49])p: 0.0353098564522
--- testing 676 : set([25, 105, 13, 63])p: 0.27121805322
--- testing 677 : set([25, 105, 33, 63])p: 1.0
--- testing 678 : set([105, 52, 13, 63])p: 0.00263019653621
--- testing 679 : set([49, 13, 78, 63])p: 0.0353098564522
--- testing 680 : set([25, 78, 63])p: 0.00263019653621
--- testing 681 : set([80, 105, 52, 13])p: 0.0353098564522
--- testing 682 : set([80, 13, 37, 63])p: 0.00263019653621
--- testing 683 : set([9, 33, 49])p: 0.27121805322
--- testing 684 : set([9, 33, 25])p: 0.27121805322
--- testing 685 : set([9, 52, 13])p: 0.27121805322
--- testing 686 : set([9, 52, 37])p: 0.00263019653621
--- testing 687 : set([9, 105, 78, 33])p: 0.0353098564522
--- testing 688 : set([80, 9, 37, 13])p: 0.27121805322
--- testing 689 : set([96, 33, 37, 13])p: 0.0353098564522
--- testing 690 : set([96, 25, 13, 105])p: 1.0
--- testing 691 : set([96, 25, 13, 33])p: 0.27121805322
--- testing 692 : set([96, 25, 105, 33])p: 0.27121805322
--- testing 693 : set([96, 52, 13])p: 0.0353098564522
--- testing 694 : set([96, 105, 13, 78])p: 0.0353098564522
--- testing 695 : set([96, 78, 63])p: 0.0353098564522
--- testing 696 : set([33, 13, 85, 105])p: 0.0353098564522
--- testing 697 : set([33, 105, 85, 37])p: 0.00263019653621
--- testing 698 : set([49, 13, 85, 33])p: 0.0353098564522
--- testing 699 : set([25, 13, 85, 37])p: 0.27121805322
--- testing 700 : set([105, 52, 85, 13])p: 0.27121805322
--- testing 701 : set([105, 52, 85, 37])p: 0.27121805322
--- testing 702 : set([33, 52, 85])p: 0.0353098564522
--- testing 703 : set([25, 3, 13])p: 0.0353098564522
--- testing 704 : set([9, 3, 13])p: 0.27121805322
--- testing 705 : set([33, 5, 105])p: 0.27121805322
--- testing 706 : set([105, 37, 22])p: 1.0
--- testing 707 : set([33, 13, 22])p: 0.0353098564522
--- testing 708 : set([5, 22])p: 1.0
--- testing 709 : set([49, 13, 7])p: 0.0353098564522
--- testing 710 : set([49, 106, 52])p: 0.0353098564522
--- testing 711 : set([9, 106])p: 1.0
--- testing 712 : set([33, 30, 105])p: 1.0
--- testing 713 : set([105, 52, 30])p: 0.27121805322
--- testing 714 : set([78, 30])p: 1.0
--- testing 715 : set([80, 30])p: 1.0
--- testing 716 : set([9, 30])p: 1.0
--- testing 717 : set([105, 37, 86, 13])p: 1.0
--- testing 718 : set([80, 86])p: 0.27121805322
--- testing 719 : set([49, 105, 95])p: 0.27121805322
--- testing 720 : set([25, 37, 33, 95])p: 0.0353098564522
--- testing 721 : set([96, 25, 95])p: 0.27121805322
--- testing 722 : set([3, 95])p: 1.0
--- testing 723 : set([105, 59, 13])p: 0.27121805322
--- testing 724 : set([25, 59, 13])p: 0.27121805322
--- testing 725 : set([49, 19, 105])p: 0.27121805322
--- testing 726 : set([80, 19])p: 0.27121805322
--- testing 727 : set([33, 53])p: 0.27121805322
--- testing 728 : set([9, 53])p: 1.0
--- testing 729 : set([33, 35, 37])p: 1.0
--- testing 730 : set([49, 35, 105])p: 1.0
--- testing 731 : set([25, 35])p: 1.0
--- testing 732 : set([35, 85])p: 0.0353098564522
--- testing 733 : set([90, 78])p: 1.0
--- testing 734 : set([96, 38])p: 0.0353098564522
--- testing 735 : set([33, 98, 13])p: 0.00263019653621
--- testing 736 : set([98, 52])p: 0.27121805322
--- testing 737 : set([98, 85])p: 0.0353098564522
--- testing 738 : set([33, 54])p: 0.0353098564522
--- testing 739 : set([25, 54])p: 0.27121805322
--- testing 740 : set([56, 33])p: 1.0
--- testing 741 : set([105, 61])p: 1.0
--- testing 742 : set([33, 61])p: 1.0
--- testing 743 : set([37, 103])p: 1.0
--- testing 744 : set([101, 37])p: 1.0
--- testing 745 : set([17])p: 0.0353098564522
--- testing 746 : set([27])p: 1.0
--- testing 747 : set([44])p: 1.0
--- testing 748 : set([89])p: 1.0
--- testing 749 : set([97])p: 1.0
--- testing 750 : set([99])p: 1.0
--- testing 751 : set([25, 13, 105, 37, 33])p: 0.0259728107619
--- testing 752 : set([25, 13, 105, 33, 49])p: 0.0259728107619
--- testing 753 : set([33, 13, 52, 37, 105])p: 0.0259728107619
--- testing 754 : set([49, 13, 37, 78, 105])p: 0.0259728107619
--- testing 755 : set([49, 105, 37, 78, 33])p: 0.0259728107619
--- testing 756 : set([25, 37, 78, 13])p: 0.237516882253
--- testing 757 : set([25, 105, 13, 78, 49])p: 0.0259728107619
--- testing 758 : set([25, 37, 78, 49])p: 0.237516882253
--- testing 759 : set([49, 52, 37, 78, 105])p: 0.237516882253
--- testing 760 : set([49, 52, 105, 78, 33])p: 0.237516882253
--- testing 761 : set([49, 13, 37, 63])p: 0.0259728107619
--- testing 762 : set([49, 13, 33, 63])p: 0.0259728107619
--- testing 763 : set([25, 13, 37, 63])p: 0.0259728107619
--- testing 764 : set([49, 52, 13, 63])p: 0.00155391039632
--- testing 765 : set([13, 37, 78, 63])p: 0.237516882253
--- testing 766 : set([105, 37, 78, 63])p: 0.0259728107619
--- testing 767 : set([80, 49, 33])p: 0.0259728107619
--- testing 768 : set([80, 25, 49])p: 1.0
--- testing 769 : set([80, 105, 52, 37])p: 1.0
--- testing 770 : set([80, 105, 13, 78])p: 1.0
--- testing 771 : set([80, 33, 78, 105])p: 1.0
--- testing 772 : set([80, 105, 63])p: 0.0259728107619
--- testing 773 : set([9, 105, 37, 25])p: 0.0259728107619
--- testing 774 : set([9, 52, 49])p: 0.237516882253
--- testing 775 : set([9, 13, 78, 105])p: 1.0
--- testing 776 : set([9, 37, 78, 13])p: 1.0
--- testing 777 : set([9, 37, 78, 105])p: 0.0259728107619
--- testing 778 : set([9, 78, 49])p: 0.237516882253
--- testing 779 : set([9, 13, 105, 37, 63])p: 1.0
--- testing 780 : set([96, 33, 13, 105])p: 0.237516882253
--- testing 781 : set([96, 49, 37, 13])p: 0.237516882253
--- testing 782 : set([96, 105, 52, 13])p: 0.0259728107619
--- testing 783 : set([96, 52, 37])p: 0.0259728107619
--- testing 784 : set([96, 105, 52, 78])p: 0.237516882253
--- testing 785 : set([96, 13, 37, 63])p: 1.0
--- testing 786 : set([49, 13, 105, 85, 33])p: 0.0259728107619
--- testing 787 : set([49, 37, 85, 33])p: 0.237516882253
--- testing 788 : set([25, 85, 49])p: 1.0
--- testing 789 : set([33, 52, 85, 105])p: 0.0259728107619
--- testing 790 : set([33, 85, 78, 105])p: 0.0259728107619
--- testing 791 : set([33, 85, 63])p: 0.0259728107619
--- testing 792 : set([49, 105, 85, 63])p: 0.0259728107619
--- testing 793 : set([80, 105, 85, 13])p: 0.237516882253
--- testing 794 : set([80, 13, 85, 37])p: 0.0259728107619
--- testing 795 : set([80, 33, 85])p: 0.237516882253
--- testing 796 : set([80, 25, 85])p: 0.237516882253
--- testing 797 : set([9, 85, 25])p: 1.0
--- testing 798 : set([96, 13, 85, 37])p: 0.237516882253
--- testing 799 : set([96, 49, 85, 13])p: 1.0
--- testing 800 : set([105, 3, 37, 13])p: 1.0
--- testing 801 : set([33, 3, 13])p: 0.237516882253
--- testing 802 : set([49, 3, 33])p: 0.237516882253
--- testing 803 : set([49, 3, 52, 105])p: 0.237516882253
--- testing 804 : set([33, 3, 78])p: 0.237516882253
--- testing 805 : set([25, 3, 78])p: 0.237516882253
--- testing 806 : set([3, 13, 63])p: 0.237516882253
--- testing 807 : set([3, 37, 63])p: 0.237516882253
--- testing 808 : set([96, 3, 13])p: 0.0259728107619
--- testing 809 : set([96, 33, 3])p: 0.237516882253
--- testing 810 : set([3, 85, 37])p: 0.237516882253
--- testing 811 : set([33, 5, 13])p: 1.0
--- testing 812 : set([33, 37, 22])p: 1.0
--- testing 813 : set([105, 52, 22])p: 0.00155391039632
--- testing 814 : set([96, 22])p: 0.237516882253
--- testing 815 : set([33, 105, 7])p: 1.0
--- testing 816 : set([33, 37, 7])p: 0.237516882253
--- testing 817 : set([13, 78, 7])p: 0.00155391039632
--- testing 818 : set([105, 78, 7])p: 0.237516882253
--- testing 819 : set([96, 105, 7])p: 0.237516882253
--- testing 820 : set([3, 7])p: 0.237516882253
--- testing 821 : set([49, 13, 30])p: 0.237516882253
--- testing 822 : set([25, 37, 30])p: 1.0
--- testing 823 : set([9, 13, 30])p: 1.0
--- testing 824 : set([105, 52, 86])p: 0.237516882253
--- testing 825 : set([9, 86])p: 1.0
--- testing 826 : set([49, 13, 95])p: 1.0
--- testing 827 : set([49, 37, 95])p: 1.0
--- testing 828 : set([49, 33, 95])p: 1.0
--- testing 829 : set([25, 49, 95])p: 1.0
--- testing 830 : set([105, 52, 95])p: 0.237516882253
--- testing 831 : set([86, 95])p: 0.237516882253
--- testing 832 : set([105, 59, 52])p: 0.237516882253
--- testing 833 : set([105, 53, 13])p: 1.0
--- testing 834 : set([105, 53, 37])p: 1.0
--- testing 835 : set([25, 53, 37])p: 0.237516882253
--- testing 836 : set([52, 53])p: 1.0
--- testing 837 : set([35, 37, 13])p: 0.237516882253
--- testing 838 : set([92, 37, 13])p: 0.0259728107619
--- testing 839 : set([105, 37, 38])p: 0.237516882253
--- testing 840 : set([33, 13, 38])p: 0.237516882253
--- testing 841 : set([33, 37, 38])p: 0.237516882253
--- testing 842 : set([52, 38])p: 0.0259728107619
--- testing 843 : set([38, 63])p: 0.237516882253
--- testing 844 : set([9, 13, 38])p: 0.237516882253
--- testing 845 : set([105, 98, 13])p: 0.237516882253
--- testing 846 : set([98, 63])p: 0.00155391039632
--- testing 847 : set([105, 13, 54])p: 1.0
--- testing 848 : set([52, 54])p: 0.237516882253
--- testing 849 : set([78, 54])p: 1.0
--- testing 850 : set([54, 63])p: 0.237516882253
--- testing 851 : set([40, 37, 13])p: 0.237516882253
--- testing 852 : set([40, 33, 13])p: 1.0
--- testing 853 : set([40, 38])p: 0.237516882253
--- testing 854 : set([61, 37])p: 1.0
--- testing 855 : set([25, 61])p: 1.0
--- testing 856 : set([25, 74])p: 0.237516882253
--- testing 857 : set([64, 37])p: 1.0
--- testing 858 : set([69, 63])p: 0.237516882253
--- testing 859 : set([33, 84])p: 1.0
--- testing 860 : set([25, 84])p: 0.237516882253
--- testing 861 : set([100, 13])p: 1.0
--- testing 862 : set([11, 13])p: 0.237516882253
--- testing 863 : set([2])p: 0.237516882253
--- testing 864 : set([16])p: 1.0
--- testing 865 : set([23])p: 1.0
--- testing 866 : set([26])p: 0.0259728107619
--- testing 867 : set([81])p: 1.0
--- testing 868 : set([83])p: 1.0
--- testing 869 : set([49, 105, 52, 37, 33])p: 0.202259537005
--- testing 870 : set([25, 13, 52, 37, 105])p: 0.000803350953387
--- testing 871 : set([25, 52, 13, 33])p: 0.202259537005
--- testing 872 : set([25, 105, 52, 33, 49])p: 0.202259537005
--- testing 873 : set([49, 13, 78, 33])p: 0.0178331773067
--- testing 874 : set([25, 13, 37, 78, 105])p: 0.202259537005
--- testing 875 : set([25, 105, 13, 78, 33])p: 0.202259537005
--- testing 876 : set([25, 105, 37, 78, 49])p: 0.202259537005
--- testing 877 : set([52, 37, 78, 13])p: 0.202259537005
--- testing 878 : set([25, 52, 13, 78])p: 0.202259537005
--- testing 879 : set([33, 105, 13, 63])p: 0.202259537005
--- testing 880 : set([49, 105, 33, 63])p: 0.0178331773067
--- testing 881 : set([25, 105, 49, 63])p: 0.202259537005
--- testing 882 : set([49, 13, 52, 105, 63])p: 0.000803350953387
--- testing 883 : set([49, 105, 13, 78, 63])p: 0.202259537005
--- testing 884 : set([25, 13, 78, 63])p: 0.000803350953387
--- testing 885 : set([80, 49, 37, 105])p: 1.0
--- testing 886 : set([80, 25, 37, 13])p: 0.0178331773067
--- testing 887 : set([80, 33, 52])p: 0.202259537005
--- testing 888 : set([80, 49, 52, 13, 105])p: 0.0178331773067
--- testing 889 : set([80, 25, 52])p: 1.0
--- testing 890 : set([80, 105, 52, 78])p: 1.0
--- testing 891 : set([9, 105, 13, 33])p: 0.202259537005
--- testing 892 : set([9, 105, 33, 49])p: 0.202259537005
--- testing 893 : set([9, 52, 105, 49])p: 0.202259537005
--- testing 894 : set([9, 37, 78, 33])p: 0.0178331773067
--- testing 895 : set([9, 33, 63])p: 0.0178331773067
--- testing 896 : set([80, 9, 105])p: 1.0
--- testing 897 : set([80, 9, 33])p: 1.0
--- testing 898 : set([96, 25, 37, 13])p: 1.0
--- testing 899 : set([96, 33, 13, 78])p: 1.0
--- testing 900 : set([96, 49, 13, 78])p: 0.0178331773067
--- testing 901 : set([96, 25, 78])p: 1.0
--- testing 902 : set([96, 105, 63])p: 0.202259537005
--- testing 903 : set([96, 25, 33, 63])p: 0.202259537005
--- testing 904 : set([96, 80, 37])p: 1.0
--- testing 905 : set([96, 9, 105])p: 0.202259537005
--- testing 906 : set([96, 9, 37, 13])p: 1.0
--- testing 907 : set([96, 9, 33])p: 0.202259537005
--- testing 908 : set([49, 37, 105, 85, 33])p: 0.202259537005
--- testing 909 : set([25, 105, 85, 37])p: 0.0178331773067
--- testing 910 : set([33, 52, 85, 37])p: 0.202259537005
--- testing 911 : set([49, 105, 52, 85, 13])p: 0.202259537005
--- testing 912 : set([105, 85, 78, 13])p: 1.0
--- testing 913 : set([49, 85, 78, 13])p: 1.0
--- testing 914 : set([80, 33, 85, 105])p: 0.202259537005
--- testing 915 : set([80, 49, 85, 13])p: 0.0178331773067
--- testing 916 : set([80, 52, 85])p: 0.202259537005
--- testing 917 : set([80, 105, 85, 78])p: 1.0
--- testing 918 : set([80, 85, 63])p: 0.000803350953387
--- testing 919 : set([9, 105, 85, 37])p: 0.0178331773067
--- testing 920 : set([9, 13, 85, 25])p: 1.0
--- testing 921 : set([9, 85, 78, 105])p: 0.0178331773067
--- testing 922 : set([96, 49, 85, 105])p: 0.202259537005
--- testing 923 : set([96, 85, 78])p: 0.0178331773067
--- testing 924 : set([96, 13, 85, 63])p: 1.0
--- testing 925 : set([49, 3, 13])p: 1.0
--- testing 926 : set([49, 3, 37])p: 0.202259537005
--- testing 927 : set([25, 3, 37, 105])p: 1.0
--- testing 928 : set([3, 52, 13])p: 0.202259537005
--- testing 929 : set([3, 37, 78])p: 0.202259537005
--- testing 930 : set([33, 3, 63])p: 0.202259537005
--- testing 931 : set([25, 3, 63])p: 0.202259537005
--- testing 932 : set([9, 3, 105])p: 0.202259537005
--- testing 933 : set([9, 3, 37, 13])p: 0.202259537005
--- testing 934 : set([96, 3, 37])p: 0.202259537005
--- testing 935 : set([33, 3, 85])p: 0.202259537005
--- testing 936 : set([105, 5, 37])p: 1.0
--- testing 937 : set([49, 5, 13])p: 1.0
--- testing 938 : set([25, 5, 37])p: 1.0
--- testing 939 : set([52, 5])p: 0.202259537005
--- testing 940 : set([105, 5, 78])p: 1.0
--- testing 941 : set([5, 63])p: 0.0178331773067
--- testing 942 : set([3, 5])p: 0.202259537005
--- testing 943 : set([33, 22, 105])p: 0.202259537005
--- testing 944 : set([49, 13, 22])p: 0.202259537005
--- testing 945 : set([49, 37, 22])p: 1.0
--- testing 946 : set([52, 13, 22])p: 0.0178331773067
--- testing 947 : set([49, 52, 22])p: 0.0178331773067
--- testing 948 : set([105, 78, 22])p: 0.0178331773067
--- testing 949 : set([85, 22])p: 1.0
--- testing 950 : set([5, 22, 37])p: 1.0
--- testing 951 : set([105, 37, 7])p: 1.0
--- testing 952 : set([105, 52, 7])p: 0.0178331773067
--- testing 953 : set([63, 13, 7])p: 0.0178331773067
--- testing 954 : set([80, 7])p: 0.202259537005
--- testing 955 : set([96, 33, 7])p: 1.0
--- testing 956 : set([85, 7])p: 0.202259537005
--- testing 957 : set([106, 37, 13])p: 1.0
--- testing 958 : set([49, 106, 13])p: 0.202259537005
--- testing 959 : set([49, 106, 52, 105])p: 0.0178331773067
--- testing 960 : set([25, 106, 78])p: 0.202259537005
--- testing 961 : set([9, 106, 105])p: 1.0
--- testing 962 : set([96, 106, 13])p: 0.0178331773067
--- testing 963 : set([33, 13, 30])p: 1.0
--- testing 964 : set([25, 13, 30, 105])p: 1.0
--- testing 965 : set([96, 13, 30])p: 1.0
--- testing 966 : set([85, 30, 13])p: 0.202259537005
--- testing 967 : set([96, 85, 30])p: 0.202259537005
--- testing 968 : set([105, 78, 86])p: 0.202259537005
--- testing 969 : set([49, 78, 86])p: 0.202259537005
--- testing 970 : set([13, 86, 63])p: 1.0
--- testing 971 : set([37, 86, 63])p: 1.0
--- testing 972 : set([3, 86])p: 1.0
--- testing 973 : set([5, 86])p: 1.0
--- testing 974 : set([25, 105, 95])p: 0.202259537005
--- testing 975 : set([25, 13, 37, 95])p: 0.202259537005
--- testing 976 : set([25, 13, 33, 95])p: 0.202259537005
--- testing 977 : set([9, 95])p: 1.0
--- testing 978 : set([96, 37, 95])p: 0.202259537005
--- testing 979 : set([7, 95])p: 0.202259537005
--- testing 980 : set([106, 95])p: 0.202259537005
--- testing 981 : set([33, 59, 37])p: 0.202259537005
--- testing 982 : set([25, 59, 37])p: 1.0
--- testing 983 : set([9, 59, 13])p: 1.0
--- testing 984 : set([19, 52])p: 0.0178331773067
--- testing 985 : set([33, 19, 78])p: 0.202259537005
--- testing 986 : set([9, 19])p: 1.0
--- testing 987 : set([19, 5])p: 1.0
--- testing 988 : set([63, 13, 71])p: 0.0178331773067
--- testing 989 : set([37, 53, 63])p: 1.0
--- testing 990 : set([80, 53])p: 1.0
--- testing 991 : set([3, 53])p: 1.0
--- testing 992 : set([105, 35, 52, 49])p: 1.0
--- testing 993 : set([80, 35])p: 0.202259537005
--- testing 994 : set([9, 35, 13])p: 1.0
--- testing 995 : set([96, 35])p: 1.0
--- testing 996 : set([25, 92, 37, 13])p: 0.0178331773067
--- testing 997 : set([25, 92, 33])p: 0.202259537005
--- testing 998 : set([52, 92, 105, 49])p: 0.202259537005
--- testing 999 : set([105, 92, 78])p: 1.0
--- testing 1000 : set([90, 63])p: 0.000803350953387
--- testing 1001 : set([33, 105, 31])p: 1.0
--- testing 1002 : set([49, 31])p: 0.202259537005
--- testing 1003 : set([33, 37, 38, 13])p: 0.202259537005
--- testing 1004 : set([37, 38, 63])p: 0.202259537005
--- testing 1005 : set([80, 38])p: 1.0
--- testing 1006 : set([49, 98, 105])p: 0.202259537005
--- testing 1007 : set([98, 85, 13])p: 0.0178331773067
--- testing 1008 : set([37, 54, 13])p: 1.0
--- testing 1009 : set([49, 52, 54, 105])p: 0.202259537005
--- testing 1010 : set([56, 49, 105])p: 0.0178331773067
--- testing 1011 : set([33, 14])p: 1.0
--- testing 1012 : set([14, 63])p: 1.0
--- testing 1013 : set([40, 49])p: 1.0
--- testing 1014 : set([40, 9])p: 0.202259537005
--- testing 1015 : set([40, 96])p: 0.0178331773067
--- testing 1016 : set([61, 13])p: 0.0178331773067
--- testing 1017 : set([74, 13])p: 1.0
--- testing 1018 : set([64, 33])p: 1.0
--- testing 1019 : set([84, 37])p: 1.0
--- testing 1020 : set([13, 55])p: 0.0178331773067
--- testing 1021 : set([13, 6])p: 1.0
--- testing 1022 : set([37, 6])p: 1.0
--- testing 1023 : set([13, 103])p: 1.0
--- testing 1024 : set([25, 103])p: 1.0
--- testing 1025 : set([72, 105])p: 0.0178331773067
--- testing 1026 : set([24, 13])p: 0.202259537005
--- testing 1027 : set([105, 60])p: 1.0
--- testing 1028 : set([91, 13])p: 1.0
--- testing 1029 : set([105, 91])p: 0.202259537005
--- testing 1030 : set([37, 47])p: 1.0
--- testing 1031 : set([105, 62])p: 1.0
--- testing 1032 : set([33, 67])p: 1.0
--- testing 1033 : set([105, 18])p: 0.202259537005
--- testing 1034 : set([65, 37])p: 0.202259537005
--- testing 1035 : set([10])p: 1.0
--- testing 1036 : set([46])p: 1.0
--- testing 1037 : set([68])p: 1.0
--- testing 1038 : set([25, 37, 13, 33, 49])p: 0.165374265065
--- testing 1039 : set([37, 105, 13, 49, 52, 25])p: 0.000332282831291
--- testing 1040 : set([37, 105, 13, 78, 49, 25])p: 0.165374265065
--- testing 1041 : set([25, 33, 78, 49])p: 0.0110212467654
--- testing 1042 : set([105, 52, 37, 78, 13])p: 0.165374265065
--- testing 1043 : set([33, 52, 37, 78])p: 0.165374265065
--- testing 1044 : set([25, 52, 13, 78, 105])p: 0.165374265065
--- testing 1045 : set([49, 105, 37, 63])p: 0.0110212467654
--- testing 1046 : set([25, 13, 105, 37, 63])p: 0.165374265065
--- testing 1047 : set([25, 13, 33, 63])p: 0.165374265065
--- testing 1048 : set([25, 33, 49, 63])p: 0.0110212467654
--- testing 1049 : set([105, 52, 37, 63])p: 0.165374265065
--- testing 1050 : set([105, 13, 37, 78, 63])p: 0.165374265065
--- testing 1051 : set([33, 78, 63])p: 0.0110212467654
--- testing 1052 : set([49, 37, 78, 63])p: 0.0110212467654
--- testing 1053 : set([105, 52, 49, 78, 63])p: 0.165374265065
--- testing 1054 : set([80, 33, 37, 13])p: 1.0
--- testing 1055 : set([80, 49, 105, 33])p: 0.165374265065
--- testing 1056 : set([80, 25, 37, 105])p: 1.0
--- testing 1057 : set([80, 25, 52, 37])p: 1.0
--- testing 1058 : set([80, 49, 13, 78, 105])p: 1.0
--- testing 1059 : set([80, 52, 63])p: 0.0110212467654
--- testing 1060 : set([9, 13, 105, 37, 49])p: 0.165374265065
--- testing 1061 : set([9, 37, 105, 33, 49])p: 0.165374265065
--- testing 1062 : set([9, 13, 105, 37, 25])p: 0.0110212467654
--- testing 1063 : set([9, 13, 33, 25])p: 0.165374265065
--- testing 1064 : set([9, 105, 33, 25])p: 0.165374265065
--- testing 1065 : set([9, 37, 33, 25])p: 0.165374265065
--- testing 1066 : set([9, 49, 25])p: 0.165374265065
--- testing 1067 : set([9, 52, 37, 105])p: 0.0110212467654
--- testing 1068 : set([9, 105, 37, 78, 33])p: 0.0110212467654
--- testing 1069 : set([9, 105, 78, 49])p: 0.165374265065
--- testing 1070 : set([96, 49, 37, 105])p: 0.0110212467654
--- testing 1071 : set([96, 49, 105, 33])p: 0.0110212467654
--- testing 1072 : set([96, 25, 37, 105])p: 0.165374265065
--- testing 1073 : set([96, 25, 37, 33])p: 0.165374265065
--- testing 1074 : set([96, 25, 49])p: 1.0
--- testing 1075 : set([96, 105, 52, 37])p: 0.165374265065
--- testing 1076 : set([96, 33, 52, 105])p: 0.0110212467654
--- testing 1077 : set([96, 37, 78, 13])p: 0.165374265065
--- testing 1078 : set([96, 33, 78, 105])p: 0.165374265065
--- testing 1079 : set([96, 49, 13, 78, 105])p: 0.0110212467654
--- testing 1080 : set([96, 80, 105])p: 1.0
--- testing 1081 : set([96, 9, 105, 33])p: 0.165374265065
--- testing 1082 : set([96, 9, 78])p: 0.165374265065
--- testing 1083 : set([49, 13, 105, 85, 37])p: 1.0
--- testing 1084 : set([25, 105, 85, 49])p: 1.0
--- testing 1085 : set([13, 52, 85, 37])p: 1.0
--- testing 1086 : set([33, 52, 85, 13])p: 0.165374265065
--- testing 1087 : set([33, 105, 52, 85, 37])p: 0.165374265065
--- testing 1088 : set([49, 105, 52, 85, 37])p: 1.0
--- testing 1089 : set([49, 105, 52, 85, 33])p: 0.165374265065
--- testing 1090 : set([105, 85, 78, 37])p: 0.0110212467654
--- testing 1091 : set([25, 85, 78, 13])p: 0.165374265065
--- testing 1092 : set([105, 13, 85, 63])p: 0.165374265065
--- testing 1093 : set([85, 78, 63])p: 0.0110212467654
--- testing 1094 : set([80, 49, 13, 85, 105])p: 0.165374265065
--- testing 1095 : set([80, 13, 85, 63])p: 0.0110212467654
--- testing 1096 : set([9, 13, 85, 105])p: 1.0
--- testing 1097 : set([9, 85, 33])p: 0.0110212467654
--- testing 1098 : set([9, 85, 63])p: 0.165374265065
--- testing 1099 : set([96, 33, 85, 13])p: 1.0
--- testing 1100 : set([96, 33, 85, 37])p: 0.0110212467654
--- testing 1101 : set([96, 49, 13, 85, 105])p: 1.0
--- testing 1102 : set([96, 49, 85, 33])p: 0.165374265065
--- testing 1103 : set([96, 33, 85, 78])p: 0.165374265065
--- testing 1104 : set([96, 37, 85, 63])p: 0.165374265065
--- testing 1105 : set([96, 80, 85])p: 0.165374265065
--- testing 1106 : set([49, 3, 105, 33])p: 0.165374265065
--- testing 1107 : set([25, 3, 37, 13])p: 0.165374265065
--- testing 1108 : set([25, 3, 49])p: 1.0
--- testing 1109 : set([105, 3, 52, 13])p: 1.0
--- testing 1110 : set([25, 3, 52])p: 0.165374265065
--- testing 1111 : set([105, 3, 63])p: 0.165374265065
--- testing 1112 : set([49, 3, 63])p: 0.165374265065
--- testing 1113 : set([80, 105, 3])p: 1.0
--- testing 1114 : set([80, 3, 37])p: 1.0
--- testing 1115 : set([9, 3, 25])p: 0.165374265065
--- testing 1116 : set([105, 3, 85])p: 0.165374265065
--- testing 1117 : set([49, 3, 85])p: 0.165374265065
--- testing 1118 : set([25, 3, 85])p: 1.0
--- testing 1119 : set([105, 13, 5, 37])p: 1.0
--- testing 1120 : set([33, 13, 5, 37])p: 1.0
--- testing 1121 : set([49, 5, 105])p: 1.0
--- testing 1122 : set([25, 5, 33])p: 1.0
--- testing 1123 : set([9, 5])p: 1.0
--- testing 1124 : set([25, 22, 105])p: 1.0
--- testing 1125 : set([33, 52, 22])p: 0.165374265065
--- testing 1126 : set([49, 52, 22, 105])p: 0.0110212467654
--- testing 1127 : set([13, 22, 63])p: 0.165374265065
--- testing 1128 : set([80, 22])p: 1.0
--- testing 1129 : set([3, 22])p: 1.0
--- testing 1130 : set([33, 5, 22])p: 1.0
--- testing 1131 : set([33, 13, 37, 7])p: 0.165374265065
--- testing 1132 : set([49, 105, 13, 7])p: 0.0110212467654
--- testing 1133 : set([25, 105, 7])p: 1.0
--- testing 1134 : set([25, 37, 7])p: 1.0
--- testing 1135 : set([52, 78, 7])p: 0.0110212467654
--- testing 1136 : set([96, 37, 7])p: 1.0
--- testing 1137 : set([96, 25, 7])p: 1.0
--- testing 1138 : set([96, 78, 7])p: 0.165374265065
--- testing 1139 : set([96, 63, 7])p: 1.0
--- testing 1140 : set([105, 22, 7])p: 0.165374265065
--- testing 1141 : set([105, 106, 37])p: 1.0
--- testing 1142 : set([33, 106, 13])p: 1.0
--- testing 1143 : set([49, 106, 13, 105])p: 0.165374265065
--- testing 1144 : set([49, 106, 37])p: 1.0
--- testing 1145 : set([49, 106, 33])p: 1.0
--- testing 1146 : set([25, 106, 13])p: 0.165374265065
--- testing 1147 : set([25, 106, 105])p: 1.0
--- testing 1148 : set([25, 106, 33])p: 1.0
--- testing 1149 : set([106, 13, 78])p: 0.0110212467654
--- testing 1150 : set([106, 3])p: 1.0
--- testing 1151 : set([106, 5])p: 1.0
--- testing 1152 : set([25, 13, 30, 33])p: 1.0
--- testing 1153 : set([25, 105, 30, 33])p: 1.0
--- testing 1154 : set([25, 30, 49])p: 1.0
--- testing 1155 : set([25, 52, 30])p: 1.0
--- testing 1156 : set([105, 78, 30])p: 1.0
--- testing 1157 : set([13, 30, 63])p: 0.165374265065
--- testing 1158 : set([105, 30, 63])p: 1.0
--- testing 1159 : set([85, 30, 37])p: 0.165374265065
--- testing 1160 : set([33, 86, 105])p: 1.0
--- testing 1161 : set([49, 37, 86])p: 1.0
--- testing 1162 : set([49, 78, 86, 105])p: 0.165374265065
--- testing 1163 : set([96, 105, 86])p: 0.165374265065
--- testing 1164 : set([85, 86])p: 1.0
--- testing 1165 : set([22, 86])p: 1.0
--- testing 1166 : set([86, 7])p: 0.0110212467654
--- testing 1167 : set([105, 37, 95])p: 0.165374265065
--- testing 1168 : set([33, 13, 37, 95])p: 0.165374265065
--- testing 1169 : set([49, 13, 37, 95])p: 1.0
--- testing 1170 : set([49, 105, 33, 95])p: 1.0
--- testing 1171 : set([49, 37, 33, 95])p: 1.0
--- testing 1172 : set([25, 37, 49, 95])p: 1.0
--- testing 1173 : set([25, 33, 49, 95])p: 1.0
--- testing 1174 : set([52, 13, 95])p: 1.0
--- testing 1175 : set([33, 52, 95])p: 0.165374265065
--- testing 1176 : set([96, 25, 13, 95])p: 1.0
--- testing 1177 : set([96, 25, 37, 95])p: 0.165374265065
--- testing 1178 : set([105, 85, 95])p: 0.165374265065
--- testing 1179 : set([33, 85, 95])p: 0.165374265065
--- testing 1180 : set([25, 85, 95])p: 0.165374265065
--- testing 1181 : set([25, 7, 95])p: 0.165374265065
--- testing 1182 : set([33, 106, 95])p: 1.0
--- testing 1183 : set([25, 30, 95])p: 0.0110212467654
--- testing 1184 : set([49, 59, 37])p: 1.0
--- testing 1185 : set([49, 59, 52, 105])p: 0.165374265065
--- testing 1186 : set([59, 13, 78])p: 0.165374265065
--- testing 1187 : set([59, 13, 63])p: 0.0110212467654
--- testing 1188 : set([59, 85])p: 1.0
--- testing 1189 : set([33, 19, 105])p: 1.0
--- testing 1190 : set([25, 19])p: 0.0110212467654
--- testing 1191 : set([105, 19, 52])p: 0.165374265065
--- testing 1192 : set([96, 19])p: 1.0
--- testing 1193 : set([105, 13, 71])p: 1.0
--- testing 1194 : set([105, 37, 71])p: 0.165374265065
--- testing 1195 : set([33, 71])p: 1.0
--- testing 1196 : set([25, 71])p: 1.0
--- testing 1197 : set([63, 37, 71])p: 0.000332282831291
--- testing 1198 : set([9, 71])p: 1.0
--- testing 1199 : set([3, 71])p: 1.0
--- testing 1200 : set([49, 53])p: 1.0
--- testing 1201 : set([53, 78])p: 1.0
--- testing 1202 : set([13, 53, 63])p: 1.0
--- testing 1203 : set([96, 53, 37])p: 0.165374265065
--- testing 1204 : set([53, 85])p: 1.0
--- testing 1205 : set([105, 35, 13])p: 1.0
--- testing 1206 : set([33, 35, 105])p: 1.0
--- testing 1207 : set([52, 92, 25])p: 0.165374265065
--- testing 1208 : set([49, 92, 78, 105])p: 1.0
--- testing 1209 : set([92, 63])p: 1.0
--- testing 1210 : set([92, 86])p: 1.0
--- testing 1211 : set([90, 37, 13])p: 1.0
--- testing 1212 : set([33, 90])p: 0.0110212467654
--- testing 1213 : set([49, 90, 105])p: 1.0
--- testing 1214 : set([25, 90, 13])p: 1.0
--- testing 1215 : set([90, 85])p: 0.165374265065
--- testing 1216 : set([25, 31])p: 0.165374265065
--- testing 1217 : set([52, 31])p: 1.0
--- testing 1218 : set([105, 13, 38])p: 0.165374265065
--- testing 1219 : set([49, 38])p: 0.165374265065
--- testing 1220 : set([25, 38, 33])p: 1.0
--- testing 1221 : set([52, 37, 38])p: 0.0110212467654
--- testing 1222 : set([80, 37, 38])p: 1.0
--- testing 1223 : set([9, 37, 38])p: 0.0110212467654
--- testing 1224 : set([96, 13, 38])p: 0.165374265065
--- testing 1225 : set([96, 105, 38])p: 0.165374265065
--- testing 1226 : set([96, 37, 38])p: 0.0110212467654
--- testing 1227 : set([49, 98, 13])p: 0.0110212467654
--- testing 1228 : set([25, 98, 13])p: 0.165374265065
--- testing 1229 : set([105, 98, 52])p: 0.165374265065
--- testing 1230 : set([49, 98, 52])p: 0.165374265065
--- testing 1231 : set([98, 78])p: 0.165374265065
--- testing 1232 : set([98, 13, 63])p: 0.000332282831291
--- testing 1233 : set([98, 22])p: 1.0
--- testing 1234 : set([98, 30])p: 1.0
--- testing 1235 : set([13, 54, 63])p: 1.0
--- testing 1236 : set([80, 54])p: 1.0
--- testing 1237 : set([3, 54])p: 1.0
--- testing 1238 : set([56, 105, 13])p: 1.0
--- testing 1239 : set([56, 37, 13])p: 1.0
--- testing 1240 : set([56, 105, 37])p: 1.0
--- testing 1241 : set([56, 25, 13])p: 1.0
--- testing 1242 : set([56, 25, 105])p: 0.165374265065
--- testing 1243 : set([56, 52])p: 0.165374265065
--- testing 1244 : set([56, 105, 78])p: 1.0
--- testing 1245 : set([49, 14])p: 1.0
--- testing 1246 : set([80, 14])p: 1.0
--- testing 1247 : set([40, 105, 13])p: 0.165374265065
--- testing 1248 : set([40, 49, 33])p: 1.0
--- testing 1249 : set([40, 25, 13])p: 0.165374265065
--- testing 1250 : set([40, 25, 33])p: 1.0
--- testing 1251 : set([40, 106])p: 1.0
--- testing 1252 : set([40, 33, 95])p: 1.0
--- testing 1253 : set([40, 37, 38])p: 0.165374265065
--- testing 1254 : set([61, 63])p: 0.0110212467654
--- testing 1255 : set([33, 74])p: 1.0
--- testing 1256 : set([96, 74])p: 1.0
--- testing 1257 : set([64, 96])p: 1.0
--- testing 1258 : set([84, 78])p: 1.0
--- testing 1259 : set([33, 55])p: 0.0110212467654
--- testing 1260 : set([21, 13])p: 0.165374265065
--- testing 1261 : set([72, 33])p: 0.165374265065
--- testing 1262 : set([72, 49])p: 0.0110212467654
--- testing 1263 : set([9, 101])p: 1.0
--- testing 1264 : set([9, 100])p: 1.0
--- testing 1265 : set([60, 63])p: 0.165374265065
--- testing 1266 : set([91, 37])p: 1.0
--- testing 1267 : set([37, 15])p: 1.0
--- testing 1268 : set([105, 66])p: 0.0110212467654
--- testing 1269 : set([20, 13])p: 0.165374265065
--- testing 1270 : set([25, 20])p: 0.0110212467654
--- testing 1271 : set([33, 62])p: 1.0
--- testing 1272 : set([73, 105])p: 1.0
--- testing 1273 : set([11, 37])p: 1.0
--- testing 1274 : set([13, 70])p: 1.0
--- testing 1275 : set([33, 67, 105])p: 1.0
--- testing 1276 : set([82, 13])p: 1.0
--- testing 1277 : set([105, 44])p: 1.0
--- testing 1278 : set([25, 99])p: 1.0
--- testing 1279 : set([36])p: 1.0
--- testing 1280 : set([39])p: 0.165374265065
--- testing 1281 : set([50])p: 0.165374265065
--- testing 1282 : set([58])p: 1.0
--- testing 1283 : set([87])p: 0.165374265065
