trsact: data/conditions/data_346.csv.4lcm53 ,#transactions 16228 ,#items 107 ,size 18197 extracted database: #transactions 16228 ,#items 92 ,size 18158
 output to: data/conditions/data_346.csv.4lcm53.results.lcm/data_346.csv.4lcm53.lowsup5.closed
separated at 0
iters=979
972
1
92
332
364
161
22
finish calculation of K: 971
5
--- testing 1 : set([14])p: 9.78755111454e-05
--- testing 2 : set([105])p: 2.5157263721e-13
--- testing 3 : set([37])p: 0.000398177295909
--- testing 4 : set([49])p: 1.821709806e-14
--- testing 5 : set([26])p: 1.74791706262e-23
--- testing 6 : set([52])p: 0.000286238977523
--- testing 7 : set([37, 14])p: 0.00031950166683
--- testing 8 : set([78])p: 1.60916504366e-14
--- testing 9 : set([2])p: 7.04665581631e-07
--- testing 10 : set([49, 105])p: 8.6794547316e-09
--- testing 11 : set([63])p: 0.0896929540212
--- testing 12 : set([80])p: 0.0784729245315
--- testing 13 : set([10])p: 0.189369736512
--- testing 14 : set([105, 52])p: 0.023115492569
--- testing 15 : set([96])p: 8.11388853523e-07
--- testing 16 : set([105, 14])p: 9.9119941015e-07
--- testing 17 : set([85])p: 0.0148794588475
--- testing 18 : set([105, 37])p: 3.0921702714e-10
--- testing 19 : set([4])p: 0.0977666831388
--- testing 20 : set([49, 14])p: 0.000244884174478
--- testing 21 : set([105, 78])p: 1.08251101448e-10
--- testing 22 : set([49, 52])p: 0.00484476080703
--- testing 23 : set([26, 14])p: 1.21083875371e-09
--- testing 24 : set([10, 37])p: 0.0897607516881
--- testing 25 : set([49, 52, 105])p: 0.00362571453019
--- testing 26 : set([26, 37])p: 1.57378167161e-10
--- testing 27 : set([2, 14])p: 0.000673319437314
--- testing 28 : set([10, 14])p: 0.579503861851
--- testing 29 : set([6])p: 0.10343396276
--- testing 30 : set([105, 26])p: 6.5713720443e-13
--- testing 31 : set([14, 63])p: 0.19967697955
--- testing 32 : set([49, 37])p: 0.00141673555946
--- testing 33 : set([49, 78])p: 5.88801629166e-06
--- testing 34 : set([105, 2])p: 1.36116330516e-06
--- testing 35 : set([23])p: 0.00683475370677
--- testing 36 : set([14, 78])p: 0.00136922592811
--- testing 37 : set([8])p: 0.00289617013563
--- testing 38 : set([52, 14])p: 0.000111171420993
--- testing 39 : set([49, 14, 105])p: 0.00129480007104
--- testing 40 : set([96, 14])p: 0.000877198029393
--- testing 41 : set([37, 63])p: 0.888797764466
--- testing 42 : set([106])p: 0.00267719711525
--- testing 43 : set([31])p: 0.00898932547184
--- testing 44 : set([86])p: 0.415703560312
--- testing 45 : set([85, 14])p: 0.00335136876455
--- testing 46 : set([95])p: 2.25356567574e-10
--- testing 47 : set([105, 37, 14])p: 1.72713659546e-08
--- testing 48 : set([2, 37])p: 0.000233361486877
--- testing 49 : set([52, 37])p: 0.0467741956021
--- testing 50 : set([80, 14])p: 0.12807296404
--- testing 51 : set([49, 78, 105])p: 8.31136854043e-05
--- testing 52 : set([10, 37, 14])p: 0.553783964803
--- testing 53 : set([37, 78])p: 0.000315603226159
--- testing 54 : set([80, 105])p: 0.0713220182425
--- testing 55 : set([49, 26])p: 4.98516422107e-10
--- testing 56 : set([85, 37])p: 0.00571073838431
--- testing 57 : set([80, 37])p: 0.59858764784
--- testing 58 : set([105, 85])p: 0.0022196939817
--- testing 59 : set([105, 63])p: 0.0104204118205
--- testing 60 : set([49, 37, 105])p: 0.000211577965919
--- testing 61 : set([105, 52, 14])p: 0.00138821403371
--- testing 62 : set([49, 2])p: 1.90198022253e-05
--- testing 63 : set([96, 105])p: 4.38714625942e-05
--- testing 64 : set([59])p: 0.0292890419381
--- testing 65 : set([105, 10])p: 2.61413190653e-06
--- testing 66 : set([26, 37, 14])p: 0.000221330900987
--- testing 67 : set([96, 37])p: 0.00274801676972
--- testing 68 : set([52, 78])p: 0.00214692763132
--- testing 69 : set([26, 78])p: 8.70413061498e-08
--- testing 70 : set([2, 63])p: 0.0106490904419
--- testing 71 : set([20])p: 0.00145314390586
--- testing 72 : set([71])p: 0.916311405544
--- testing 73 : set([49, 37, 14])p: 0.114419811077
--- testing 74 : set([80, 78])p: 0.0590109819438
--- testing 75 : set([105, 52, 37])p: 0.0545053988756
--- testing 76 : set([53])p: 0.45263365856
--- testing 77 : set([26, 52])p: 0.00685274492874
--- testing 78 : set([105, 52, 78])p: 0.0170311063955
--- testing 79 : set([49, 85])p: 0.074820374233
--- testing 80 : set([37, 14, 63])p: 0.984856722637
--- testing 81 : set([105, 26, 14])p: 9.60961756299e-08
--- testing 82 : set([35])p: 0.0109324476464
--- testing 83 : set([4, 14])p: 0.504437280852
--- testing 84 : set([92])p: 0.110095612619
--- testing 85 : set([4, 37])p: 0.102440004215
--- testing 86 : set([90])p: 0.820211356832
--- testing 87 : set([49, 63])p: 0.00758911253875
--- testing 88 : set([26, 85])p: 0.0950979407651
--- testing 89 : set([32])p: 0.00758911253875
--- testing 90 : set([49, 26, 105])p: 3.52013127257e-06
--- testing 91 : set([2, 26])p: 0.000221516448393
--- testing 92 : set([2, 37, 14])p: 0.0137933723619
--- testing 93 : set([49, 2, 105])p: 0.000150609267481
--- testing 94 : set([38])p: 0.149558561881
--- testing 95 : set([98])p: 9.45530243334e-06
--- testing 96 : set([26, 63])p: 7.40717287019e-06
--- testing 97 : set([54])p: 0.253880550585
--- testing 98 : set([80, 49])p: 0.395754443803
--- testing 99 : set([105, 14, 78])p: 0.0525809051649
--- testing 100 : set([105, 4])p: 0.00832979645407
--- testing 101 : set([96, 26])p: 9.43271839865e-08
--- testing 102 : set([56])p: 0.20211176301
--- testing 103 : set([85, 14, 37])p: 0.00632209238297
--- testing 104 : set([96, 85])p: 0.0390172286056
--- testing 105 : set([15])p: 0.498871897139
--- testing 106 : set([49, 52, 14])p: 0.00147842010504
--- testing 107 : set([2, 78])p: 0.00147842010504
--- testing 108 : set([96, 63])p: 0.00471497416202
--- testing 109 : set([80, 26])p: 0.0675307892002
--- testing 110 : set([96, 49])p: 0.0220703918324
--- testing 111 : set([105, 26, 37])p: 3.27676731269e-05
--- testing 112 : set([10, 26])p: 0.113792537609
--- testing 113 : set([96, 2])p: 0.00671952504894
--- testing 114 : set([2, 52])p: 0.00173182126378
--- testing 115 : set([80, 85])p: 0.212938510347
--- testing 116 : set([14, 6])p: 0.212938510347
--- testing 117 : set([49, 52, 14, 105])p: 0.00143606116759
--- testing 118 : set([49, 52, 78])p: 0.199094936745
--- testing 119 : set([105, 2, 14])p: 1.91857841517e-05
--- testing 120 : set([49, 52, 78, 105])p: 0.185599359467
--- testing 121 : set([8, 14])p: 0.00414434554561
--- testing 122 : set([14, 37, 78])p: 0.0317396204115
--- testing 123 : set([105, 10, 37])p: 1.08260729498e-05
--- testing 124 : set([40])p: 0.00348626497369
--- testing 125 : set([61])p: 0.0792007644688
--- testing 126 : set([105, 26, 52])p: 0.0082065670186
--- testing 127 : set([78, 63])p: 0.491806907265
--- testing 128 : set([80, 52])p: 0.290832915481
--- testing 129 : set([85, 78])p: 0.0082065670186
--- testing 130 : set([80, 2])p: 0.00199385345202
--- testing 131 : set([85, 63])p: 0.135619027775
--- testing 132 : set([105, 106])p: 0.00199385345202
--- testing 133 : set([14, 31])p: 0.273765278872
--- testing 134 : set([52, 37, 14])p: 0.00163102622284
--- testing 135 : set([49, 2, 14])p: 0.000401192634407
--- testing 136 : set([49, 37, 14, 105])p: 0.0160811574725
--- testing 137 : set([49, 26, 14])p: 0.00132356782573
--- testing 138 : set([105, 10, 14])p: 0.240333795041
--- testing 139 : set([49, 10])p: 0.0458845429778
--- testing 140 : set([105, 37, 78])p: 5.00531859377e-05
--- testing 141 : set([52, 63])p: 0.6447131375
--- testing 142 : set([80, 37, 14])p: 0.413802228254
--- testing 143 : set([96, 37, 14])p: 0.0405352173743
--- testing 144 : set([14, 23])p: 0.0405352173743
--- testing 145 : set([37, 23])p: 0.102976155745
--- testing 146 : set([49, 52, 37])p: 0.208123267536
--- testing 147 : set([96, 78])p: 0.000849185643999
--- testing 148 : set([2, 85])p: 0.0931170602132
--- testing 149 : set([37, 6])p: 0.011749235521
--- testing 150 : set([14, 95])p: 0.0033735790713
--- testing 151 : set([26, 95])p: 1.4321983685e-07
--- testing 152 : set([49, 14, 78])p: 0.192581888168
--- testing 153 : set([2, 14, 63])p: 0.0837913927449
--- testing 154 : set([105, 14, 63])p: 0.177472097137
--- testing 155 : set([49, 85, 105])p: 0.00834300603105
--- testing 156 : set([105, 6])p: 0.0269810408916
--- testing 157 : set([74])p: 0.353622454346
--- testing 158 : set([49, 105, 63])p: 0.162834458827
--- testing 159 : set([105, 85, 14])p: 0.0232534339195
--- testing 160 : set([26, 4])p: 0.568029844943
--- testing 161 : set([14, 86])p: 0.547335239649
--- testing 162 : set([64])p: 0.148708116081
--- testing 163 : set([105, 26, 78])p: 4.24790324463e-05
--- testing 164 : set([52, 85])p: 0.0168925063534
--- testing 165 : set([105, 23])p: 0.135130370293
--- testing 166 : set([59, 14])p: 0.526069649371
--- testing 167 : set([49, 52, 37, 105])p: 0.122136243845
--- testing 168 : set([2, 26, 14])p: 0.0142235093782
--- testing 169 : set([105, 2, 52])p: 0.000873121676314
--- testing 170 : set([49, 4])p: 0.0453913132762
--- testing 171 : set([49, 26, 37])p: 2.11201257479e-05
--- testing 172 : set([80, 49, 105])p: 0.254108151786
--- testing 173 : set([10, 63])p: 0.109758029237
--- testing 174 : set([96, 105, 14])p: 0.0393588351024
--- testing 175 : set([49, 85, 14])p: 0.0118696712323
--- testing 176 : set([8, 105])p: 0.0393588351024
--- testing 177 : set([105, 31])p: 0.0118696712323
--- testing 178 : set([37, 86])p: 0.481945185072
--- testing 179 : set([80, 105, 14])p: 0.459161481744
--- testing 180 : set([80, 63])p: 0.459161481744
--- testing 181 : set([96, 52])p: 0.234861468779
--- testing 182 : set([8, 26])p: 0.00241112012668
--- testing 183 : set([105, 95])p: 9.20804547736e-05
--- testing 184 : set([37, 71])p: 0.926102033254
--- testing 185 : set([37, 38])p: 0.0338610023284
--- testing 186 : set([105, 2, 37])p: 6.53273088296e-05
--- testing 187 : set([80, 105, 78])p: 0.028885014931
--- testing 188 : set([10, 26, 14])p: 0.215987449667
--- testing 189 : set([105, 86])p: 0.215987449667
--- testing 190 : set([14, 38])p: 0.028885014931
--- testing 191 : set([10, 78])p: 0.000277822620596
--- testing 192 : set([96, 80])p: 0.686889863766
--- testing 193 : set([14, 71])p: 0.412389755435
--- testing 194 : set([26, 52, 14])p: 0.0669289119799
--- testing 195 : set([80, 105, 52])p: 0.388519255613
--- testing 196 : set([80, 10])p: 0.0669289119799
--- testing 197 : set([96, 4])p: 0.0204315163552
--- testing 198 : set([37, 31])p: 0.388519255613
--- testing 199 : set([26, 31])p: 0.00110637533923
--- testing 200 : set([69])p: 0.903223761403
--- testing 201 : set([84])p: 0.0204315163552
--- testing 202 : set([49, 26, 52])p: 0.057987105129
--- testing 203 : set([49, 37, 78])p: 0.0169129772247
--- testing 204 : set([26, 14, 78])p: 0.000141749049902
--- testing 205 : set([10, 26, 37])p: 0.162295309884
--- testing 206 : set([4, 63])p: 0.057987105129
--- testing 207 : set([106, 14])p: 0.162295309884
--- testing 208 : set([106, 37])p: 0.364417186306
--- testing 209 : set([105, 52, 37, 14])p: 0.0138346354574
--- testing 210 : set([49, 14, 63])p: 0.0138346354574
--- testing 211 : set([80, 105, 37])p: 0.88416308989
--- testing 212 : set([105, 10, 37, 14])p: 0.340162561136
--- testing 213 : set([96, 49, 105])p: 0.145605997124
--- testing 214 : set([10, 85])p: 0.145605997124
--- testing 215 : set([4, 37, 14])p: 0.340162561136
--- testing 216 : set([8, 37])p: 0.0138346354574
--- testing 217 : set([49, 26, 14, 105])p: 0.0111694885823
--- testing 218 : set([49, 14, 78, 105])p: 0.315842990634
--- testing 219 : set([105, 52, 63])p: 0.873269164979
--- testing 220 : set([96, 49, 14])p: 0.59916336445
--- testing 221 : set([105, 85, 37])p: 0.00242565572133
--- testing 222 : set([105, 59])p: 0.59916336445
--- testing 223 : set([53, 37])p: 0.315842990634
--- testing 224 : set([14, 15])p: 0.315842990634
--- testing 225 : set([105, 26, 37, 14])p: 0.00888848870549
--- testing 226 : set([105, 2, 78])p: 0.0018207600233
--- testing 227 : set([105, 37, 63])p: 0.574526810205
--- testing 228 : set([49, 10, 105])p: 0.0355209699755
--- testing 229 : set([10, 52])p: 0.291554823707
--- testing 230 : set([98, 14])p: 0.0018207600233
--- testing 231 : set([55])p: 0.114442677731
--- testing 232 : set([49, 26, 52, 105])p: 0.0294681333232
--- testing 233 : set([49, 2, 52, 105])p: 0.0294681333232
--- testing 234 : set([10, 2])p: 0.100093276321
--- testing 235 : set([96, 26, 14])p: 0.00133969317594
--- testing 236 : set([96, 10])p: 0.0294681333232
--- testing 237 : set([26, 6])p: 0.100093276321
--- testing 238 : set([37, 95])p: 2.81790937967e-07
--- testing 239 : set([59, 37])p: 0.0294681333232
--- testing 240 : set([35, 37])p: 0.00133969317594
--- testing 241 : set([37, 15])p: 0.267403167438
--- testing 242 : set([22])p: 1.0
--- testing 243 : set([49, 2, 14, 105])p: 0.000963940123064
--- testing 244 : set([26, 14, 63])p: 0.0866408681308
--- testing 245 : set([49, 10, 14])p: 0.522002187329
--- testing 246 : set([96, 105, 37])p: 1.72974129158e-05
--- testing 247 : set([96, 105, 52])p: 0.0866408681308
--- testing 248 : set([26, 85, 14])p: 0.834051560771
--- testing 249 : set([105, 52, 85])p: 0.00535485971999
--- testing 250 : set([4, 78])p: 0.00535485971999
--- testing 251 : set([49, 31])p: 0.522002187329
--- testing 252 : set([35, 14])p: 0.522002187329
--- testing 253 : set([7])p: 0.522002187329
--- testing 254 : set([103])p: 1.0
--- testing 255 : set([52, 14, 78])p: 0.494152144038
--- testing 256 : set([49, 2, 37])p: 0.074134549408
--- testing 257 : set([14, 78, 63])p: 0.494152144038
--- testing 258 : set([105, 26, 85])p: 0.494152144038
--- testing 259 : set([53, 14])p: 0.494152144038
--- testing 260 : set([72])p: 0.074134549408
--- testing 261 : set([101])p: 0.219972621478
--- testing 262 : set([49, 26, 37, 105])p: 0.000461121982251
--- testing 263 : set([26, 52, 37])p: 0.196945557467
--- testing 264 : set([26, 37, 78])p: 0.196945557467
--- testing 265 : set([49, 26, 78])p: 0.0626158381259
--- testing 266 : set([2, 26, 37])p: 0.00297613128413
--- testing 267 : set([49, 2, 78])p: 0.000461121982251
--- testing 268 : set([49, 52, 63])p: 0.465291141663
--- testing 269 : set([105, 2, 63])p: 0.465291141663
--- testing 270 : set([80, 49, 14])p: 0.196945557467
--- testing 271 : set([10, 26, 14, 37])p: 0.196945557467
--- testing 272 : set([10, 37, 63])p: 0.465291141663
--- testing 273 : set([85, 14, 63])p: 0.465291141663
--- testing 274 : set([52, 4])p: 0.801380831675
--- testing 275 : set([96, 6])p: 0.465291141663
--- testing 276 : set([49, 106])p: 0.0626158381259
--- testing 277 : set([49, 52, 37, 14])p: 0.17455727091
--- testing 278 : set([105, 26, 52, 14])p: 0.17455727091
--- testing 279 : set([49, 37, 78, 105])p: 0.00213779485017
--- testing 280 : set([105, 52, 14, 78])p: 0.78270918223
--- testing 281 : set([105, 78, 63])p: 0.78270918223
--- testing 282 : set([2, 37, 63])p: 0.17455727091
--- testing 283 : set([80, 26, 37])p: 0.435474965642
--- testing 284 : set([10, 14, 63])p: 0.435474965642
--- testing 285 : set([49, 85, 37])p: 0.00213779485017
--- testing 286 : set([105, 85, 78])p: 0.00213779485017
--- testing 287 : set([96, 85, 14])p: 0.0521173163278
--- testing 288 : set([49, 4, 105])p: 0.0521173163278
--- testing 289 : set([4, 85])p: 0.0119290570483
--- testing 290 : set([49, 23])p: 0.435474965642
--- testing 291 : set([8, 96])p: 0.0119290570483
--- testing 292 : set([106, 26])p: 0.0521173163278
--- testing 293 : set([49, 95])p: 0.00213779485017
--- testing 294 : set([49, 59])p: 0.17455727091
--- testing 295 : set([105, 20])p: 0.0521173163278
--- testing 296 : set([105, 53])p: 0.435474965642
--- testing 297 : set([105, 54])p: 0.435474965642
--- testing 298 : set([100])p: 0.78270918223
--- testing 299 : set([49, 52, 37, 14, 105])p: 0.152950220101
--- testing 300 : set([105, 2, 26])p: 0.0426612553208
--- testing 301 : set([2, 14, 78])p: 0.152950220101
--- testing 302 : set([80, 49, 78])p: 0.404778766261
--- testing 303 : set([80, 2, 14])p: 0.404778766261
--- testing 304 : set([10, 2, 14])p: 0.404778766261
--- testing 305 : set([96, 105, 78])p: 0.0426612553208
--- testing 306 : set([96, 2, 14])p: 0.152950220101
--- testing 307 : set([49, 85, 14, 105])p: 0.00149065958791
--- testing 308 : set([2, 85, 14])p: 0.152950220101
--- testing 309 : set([80, 105, 85])p: 0.00904927404882
--- testing 310 : set([2, 4])p: 0.404778766261
--- testing 311 : set([106, 52])p: 0.404778766261
--- testing 312 : set([85, 31])p: 0.762283640077
--- testing 313 : set([49, 86])p: 0.152950220101
--- testing 314 : set([14, 37, 38])p: 0.00904927404882
--- testing 315 : set([56, 37])p: 1.0
--- testing 316 : set([40, 14])p: 0.00149065958791
--- testing 317 : set([25])p: 0.152950220101
--- testing 318 : set([60])p: 1.0
--- testing 319 : set([91])p: 0.404778766261
--- testing 320 : set([49, 26, 37, 14])p: 0.0342582600028
--- testing 321 : set([2, 52, 14])p: 0.00668720702978
--- testing 322 : set([105, 26, 63])p: 0.000117386489636
--- testing 323 : set([49, 52, 105, 63])p: 0.739939585464
--- testing 324 : set([49, 2, 63])p: 0.0342582600028
--- testing 325 : set([96, 14, 78])p: 0.00668720702978
--- testing 326 : set([26, 85, 37])p: 0.132271039205
--- testing 327 : set([14, 85, 78])p: 0.373300197991
--- testing 328 : set([80, 85, 14])p: 0.132271039205
--- testing 329 : set([10, 85, 37])p: 0.132271039205
--- testing 330 : set([10, 4])p: 0.739939585464
--- testing 331 : set([52, 23])p: 0.0342582600028
--- testing 332 : set([26, 14, 95])p: 0.00668720702978
--- testing 333 : set([14, 54])p: 0.739939585464
--- testing 334 : set([37, 54])p: 0.373300197991
--- testing 335 : set([56, 105])p: 0.373300197991
--- testing 336 : set([16])p: 0.739939585464
--- testing 337 : set([47])p: 1.0
--- testing 338 : set([66])p: 0.739939585464
--- testing 339 : set([105, 14, 37, 78])p: 0.112668483364
--- testing 340 : set([26, 52, 78])p: 0.112668483364
--- testing 341 : set([105, 2, 37, 14])p: 0.000649432324347
--- testing 342 : set([2, 26, 14, 37])p: 0.112668483364
--- testing 343 : set([105, 37, 14, 63])p: 1.0
--- testing 344 : set([2, 26, 63])p: 0.02690597921
--- testing 345 : set([80, 26, 14])p: 0.112668483364
--- testing 346 : set([80, 14, 63])p: 0.34116297682
--- testing 347 : set([49, 10, 37])p: 0.02690597921
--- testing 348 : set([105, 10, 26])p: 0.02690597921
--- testing 349 : set([105, 10, 52])p: 0.34116297682
--- testing 350 : set([105, 10, 78])p: 6.76159647323e-05
--- testing 351 : set([96, 105, 26])p: 6.76159647323e-05
--- testing 352 : set([96, 14, 63])p: 0.715496959632
--- testing 353 : set([96, 10, 37])p: 0.112668483364
--- testing 354 : set([37, 85, 63])p: 0.112668483364
--- testing 355 : set([105, 4, 37])p: 0.112668483364
--- testing 356 : set([8, 49])p: 0.34116297682
--- testing 357 : set([52, 31])p: 0.34116297682
--- testing 358 : set([14, 37, 86])p: 0.34116297682
--- testing 359 : set([26, 59])p: 0.112668483364
--- testing 360 : set([2, 59])p: 0.34116297682
--- testing 361 : set([92, 14])p: 0.34116297682
--- testing 362 : set([90, 14])p: 0.34116297682
--- testing 363 : set([105, 90])p: 1.0
--- testing 364 : set([105, 98])p: 0.112668483364
--- testing 365 : set([40, 37])p: 0.34116297682
--- testing 366 : set([21])p: 0.715496959632
--- testing 367 : set([62])p: 0.02690597921
--- testing 368 : set([73])p: 0.112668483364
--- testing 369 : set([105, 26, 14, 78])p: 0.00331305660306
--- testing 370 : set([49, 26, 78, 105])p: 0.308520906326
--- testing 371 : set([52, 37, 78])p: 0.020587941684
--- testing 372 : set([105, 2, 52, 14])p: 0.00331305660306
--- testing 373 : set([49, 2, 78, 105])p: 0.00331305660306
--- testing 374 : set([26, 37, 63])p: 0.308520906326
--- testing 375 : set([49, 78, 63])p: 0.308520906326
--- testing 376 : set([80, 49, 14, 105])p: 0.308520906326
--- testing 377 : set([80, 49, 52])p: 0.308520906326
--- testing 378 : set([10, 85, 14])p: 0.688758818003
--- testing 379 : set([105, 4, 14])p: 0.688758818003
--- testing 380 : set([8, 78])p: 0.308520906326
--- testing 381 : set([8, 2])p: 0.308520906326
--- testing 382 : set([96, 31])p: 0.0942908039028
--- testing 383 : set([26, 86])p: 0.0942908039028
--- testing 384 : set([96, 95])p: 0.0942908039028
--- testing 385 : set([105, 35])p: 0.020587941684
--- testing 386 : set([105, 92])p: 0.308520906326
--- testing 387 : set([92, 37])p: 0.308520906326
--- testing 388 : set([45])p: 0.688758818003
--- testing 389 : set([105, 26, 52, 37])p: 0.27556242903
--- testing 390 : set([2, 26, 78])p: 0.0152725924283
--- testing 391 : set([80, 14, 78])p: 0.27556242903
--- testing 392 : set([10, 14, 78])p: 0.27556242903
--- testing 393 : set([10, 2, 37])p: 0.0772824510831
--- testing 394 : set([96, 49, 78])p: 0.27556242903
--- testing 395 : set([49, 85, 78])p: 0.0772824510831
--- testing 396 : set([96, 105, 85])p: 0.0772824510831
--- testing 397 : set([96, 85, 37])p: 0.0152725924283
--- testing 398 : set([96, 26, 85])p: 0.0772824510831
--- testing 399 : set([96, 85, 63])p: 0.0772824510831
--- testing 400 : set([26, 4, 37])p: 0.659509747874
--- testing 401 : set([80, 4])p: 0.659509747874
--- testing 402 : set([105, 14, 23])p: 0.0772824510831
--- testing 403 : set([26, 23])p: 0.659509747874
--- testing 404 : set([8, 37, 14])p: 0.0152725924283
--- testing 405 : set([63, 31])p: 0.27556242903
--- testing 406 : set([86, 63])p: 0.659509747874
--- testing 407 : set([52, 95])p: 0.0152725924283
--- testing 408 : set([2, 95])p: 0.0152725924283
--- testing 409 : set([37, 14, 71])p: 0.659509747874
--- testing 410 : set([49, 92])p: 0.27556242903
--- testing 411 : set([98, 26])p: 0.0772824510831
--- testing 412 : set([49, 54])p: 0.0772824510831
--- testing 413 : set([5])p: 0.0772824510831
--- testing 414 : set([49, 2, 37, 14])p: 0.242515766039
--- testing 415 : set([49, 2, 26])p: 0.0109126222626
--- testing 416 : set([2, 52, 37])p: 0.0617799864194
--- testing 417 : set([49, 37, 63])p: 0.0617799864194
--- testing 418 : set([52, 14, 63])p: 0.242515766039
--- testing 419 : set([80, 52, 14])p: 0.0617799864194
--- testing 420 : set([80, 49, 52, 105])p: 0.242515766039
--- testing 421 : set([10, 37, 14, 63])p: 1.0
--- testing 422 : set([96, 26, 37])p: 0.0109126222626
--- testing 423 : set([96, 105, 2])p: 0.0109126222626
--- testing 424 : set([96, 37, 63])p: 0.0617799864194
--- testing 425 : set([105, 85, 14, 37])p: 0.0617799864194
--- testing 426 : set([52, 85, 37])p: 0.00137584910668
--- testing 427 : set([49, 52, 85, 105])p: 0.0109126222626
--- testing 428 : set([80, 85, 37])p: 0.62751413797
--- testing 429 : set([80, 49, 85])p: 0.242515766039
--- testing 430 : set([52, 4, 105])p: 0.62751413797
--- testing 431 : set([14, 37, 6])p: 0.0109126222626
--- testing 432 : set([26, 14, 6])p: 0.242515766039
--- testing 433 : set([37, 14, 23])p: 0.62751413797
--- testing 434 : set([8, 52])p: 0.62751413797
--- testing 435 : set([106, 78])p: 1.0
--- testing 436 : set([78, 86])p: 0.0617799864194
--- testing 437 : set([37, 14, 95])p: 0.0109126222626
--- testing 438 : set([26, 37, 95])p: 8.19581899478e-06
--- testing 439 : set([85, 95])p: 0.0109126222626
--- testing 440 : set([59, 37, 14])p: 0.242515766039
--- testing 441 : set([59, 63])p: 0.62751413797
--- testing 442 : set([105, 71])p: 0.62751413797
--- testing 443 : set([90, 37])p: 1.0
--- testing 444 : set([32, 37])p: 0.0617799864194
--- testing 445 : set([105, 38])p: 0.0617799864194
--- testing 446 : set([37, 14, 15])p: 0.62751413797
--- testing 447 : set([12])p: 0.62751413797
--- testing 448 : set([33])p: 0.0617799864194
--- testing 449 : set([88])p: 0.0617799864194
--- testing 450 : set([49, 26, 37, 14, 105])p: 0.0479070689221
--- testing 451 : set([105, 26, 37, 78])p: 0.209654715199
--- testing 452 : set([105, 52, 37, 78])p: 0.0479070689221
--- testing 453 : set([105, 26, 52, 78])p: 0.209654715199
--- testing 454 : set([49, 2, 37, 105])p: 0.00744470475135
--- testing 455 : set([80, 52, 37])p: 0.592514285977
--- testing 456 : set([80, 49, 78, 105])p: 0.209654715199
--- testing 457 : set([80, 26, 78])p: 0.0479070689221
--- testing 458 : set([80, 37, 63])p: 1.0
--- testing 459 : set([49, 10, 37, 14])p: 1.0
--- testing 460 : set([10, 37, 78])p: 0.000807392670609
--- testing 461 : set([105, 10, 63])p: 0.0479070689221
--- testing 462 : set([80, 10, 14])p: 0.0479070689221
--- testing 463 : set([80, 10, 37])p: 0.209654715199
--- testing 464 : set([96, 105, 37, 14])p: 0.0479070689221
--- testing 465 : set([96, 49, 14, 105])p: 0.592514285977
--- testing 466 : set([96, 37, 78])p: 0.0479070689221
--- testing 467 : set([96, 2, 37])p: 0.00744470475135
--- testing 468 : set([96, 2, 63])p: 0.0479070689221
--- testing 469 : set([105, 2, 85])p: 0.000807392670609
--- testing 470 : set([105, 85, 63])p: 0.0479070689221
--- testing 471 : set([10, 85, 14, 37])p: 0.592514285977
--- testing 472 : set([49, 6])p: 0.592514285977
--- testing 473 : set([78, 23])p: 0.209654715199
--- testing 474 : set([8, 26, 14])p: 0.209654715199
--- testing 475 : set([105, 106, 14])p: 0.209654715199
--- testing 476 : set([49, 106, 105])p: 0.209654715199
--- testing 477 : set([105, 106, 52])p: 0.209654715199
--- testing 478 : set([106, 63])p: 1.0
--- testing 479 : set([80, 106])p: 0.592514285977
--- testing 480 : set([105, 14, 31])p: 0.0479070689221
--- testing 481 : set([49, 105, 31])p: 0.592514285977
--- testing 482 : set([26, 14, 31])p: 0.00744470475135
--- testing 483 : set([105, 26, 31])p: 0.00744470475135
--- testing 484 : set([78, 95])p: 0.0479070689221
--- testing 485 : set([31, 95])p: 0.209654715199
--- testing 486 : set([49, 59, 105])p: 0.592514285977
--- testing 487 : set([59, 52])p: 0.592514285977
--- testing 488 : set([20, 37])p: 0.0479070689221
--- testing 489 : set([26, 53])p: 0.209654715199
--- testing 490 : set([49, 35])p: 0.592514285977
--- testing 491 : set([49, 92, 105])p: 0.592514285977
--- testing 492 : set([32, 105])p: 0.000807392670609
--- testing 493 : set([56, 14])p: 0.592514285977
--- testing 494 : set([41])p: 0.592514285977
--- testing 495 : set([42])p: 1.0
--- testing 496 : set([70])p: 0.209654715199
--- testing 497 : set([49, 26, 52, 14, 105])p: 0.177305185944
--- testing 498 : set([49, 26, 52, 37])p: 0.177305185944
--- testing 499 : set([49, 14, 37, 78])p: 0.554228328899
--- testing 500 : set([49, 52, 14, 78, 105])p: 1.0
--- testing 501 : set([105, 2, 26, 14])p: 0.0357683596709
--- testing 502 : set([49, 2, 52, 14, 105])p: 0.0357683596709
--- testing 503 : set([2, 37, 78])p: 0.00478977991905
--- testing 504 : set([49, 105, 14, 63])p: 0.177305185944
--- testing 505 : set([52, 37, 63])p: 1.0
--- testing 506 : set([37, 78, 63])p: 0.554228328899
--- testing 507 : set([49, 105, 78, 63])p: 0.554228328899
--- testing 508 : set([2, 37, 14, 63])p: 1.0
--- testing 509 : set([80, 49, 37])p: 1.0
--- testing 510 : set([80, 105, 26])p: 0.0357683596709
--- testing 511 : set([80, 37, 78])p: 1.0
--- testing 512 : set([49, 10, 14, 105])p: 0.554228328899
--- testing 513 : set([10, 2, 14, 37])p: 0.554228328899
--- testing 514 : set([96, 49, 37])p: 0.177305185944
--- testing 515 : set([96, 49, 52, 105])p: 0.554228328899
--- testing 516 : set([96, 49, 78, 105])p: 0.177305185944
--- testing 517 : set([96, 26, 63])p: 0.000434396319423
--- testing 518 : set([96, 10, 14])p: 1.0
--- testing 519 : set([49, 85, 14, 37])p: 0.0357683596709
--- testing 520 : set([49, 105, 85, 37])p: 0.000434396319423
--- testing 521 : set([52, 85, 14])p: 0.00478977991905
--- testing 522 : set([2, 85, 37])p: 0.0357683596709
--- testing 523 : set([37, 85, 14, 63])p: 0.554228328899
--- testing 524 : set([26, 85, 63])p: 0.0357683596709
--- testing 525 : set([80, 85, 78])p: 0.177305185944
--- testing 526 : set([80, 2, 85])p: 0.554228328899
--- testing 527 : set([105, 26, 4])p: 0.554228328899
--- testing 528 : set([2, 23])p: 0.177305185944
--- testing 529 : set([8, 105, 14])p: 0.554228328899
--- testing 530 : set([8, 10])p: 0.177305185944
--- testing 531 : set([8, 96, 14])p: 0.177305185944
--- testing 532 : set([96, 106])p: 0.177305185944
--- testing 533 : set([37, 14, 31])p: 0.554228328899
--- testing 534 : set([2, 31])p: 0.554228328899
--- testing 535 : set([105, 14, 86])p: 0.554228328899
--- testing 536 : set([105, 14, 95])p: 0.177305185944
--- testing 537 : set([20, 14])p: 1.0
--- testing 538 : set([49, 20])p: 0.0357683596709
--- testing 539 : set([20, 78])p: 0.000434396319423
--- testing 540 : set([53, 14, 37])p: 1.0
--- testing 541 : set([53, 63])p: 0.554228328899
--- testing 542 : set([26, 92])p: 0.000434396319423
--- testing 543 : set([52, 92])p: 0.0357683596709
--- testing 544 : set([90, 26])p: 0.177305185944
--- testing 545 : set([32, 14])p: 0.177305185944
--- testing 546 : set([10, 38])p: 1.0
--- testing 547 : set([98, 37])p: 0.177305185944
--- testing 548 : set([49, 54, 105])p: 0.554228328899
--- testing 549 : set([40, 105])p: 0.177305185944
--- testing 550 : set([40, 26])p: 0.00478977991905
--- testing 551 : set([64, 14])p: 0.0357683596709
--- testing 552 : set([1])p: 0.554228328899
--- testing 553 : set([13])p: 0.177305185944
--- testing 554 : set([43])p: 0.177305185944
--- testing 555 : set([48])p: 0.177305185944
--- testing 556 : set([51])p: 0.177305185944
--- testing 557 : set([67])p: 0.000434396319423
--- testing 558 : set([79])p: 0.554228328899
--- testing 559 : set([93])p: 0.177305185944
--- testing 560 : set([26, 52, 37, 14])p: 0.145852557883
--- testing 561 : set([49, 26, 52, 78])p: 1.0
--- testing 562 : set([105, 2, 26, 37])p: 0.0254421664203
--- testing 563 : set([49, 2, 26, 105])p: 0.145852557883
--- testing 564 : set([105, 2, 52, 37])p: 0.0254421664203
--- testing 565 : set([49, 26, 63])p: 0.00285405387477
--- testing 566 : set([105, 14, 78, 63])p: 1.0
--- testing 567 : set([49, 2, 14, 63])p: 0.145852557883
--- testing 568 : set([49, 2, 105, 63])p: 0.145852557883
--- testing 569 : set([2, 78, 63])p: 0.145852557883
--- testing 570 : set([80, 105, 37, 14])p: 0.512347979682
--- testing 571 : set([80, 52, 78])p: 1.0
--- testing 572 : set([80, 2, 37])p: 0.512347979682
--- testing 573 : set([80, 2, 26])p: 0.512347979682
--- testing 574 : set([49, 10, 37, 105])p: 0.00285405387477
--- testing 575 : set([105, 10, 26, 14])p: 0.145852557883
--- testing 576 : set([105, 10, 37, 63])p: 0.145852557883
--- testing 577 : set([96, 49, 2])p: 0.0254421664203
--- testing 578 : set([96, 49, 63])p: 0.145852557883
--- testing 579 : set([96, 80, 14])p: 0.145852557883
--- testing 580 : set([105, 26, 85, 14])p: 1.0
--- testing 581 : set([85, 78, 37])p: 0.0254421664203
--- testing 582 : set([49, 85, 78, 105])p: 0.0254421664203
--- testing 583 : set([26, 85, 78])p: 0.512347979682
--- testing 584 : set([49, 2, 85])p: 0.0254421664203
--- testing 585 : set([49, 85, 63])p: 0.0254421664203
--- testing 586 : set([80, 49, 85, 105])p: 0.145852557883
--- testing 587 : set([105, 10, 85])p: 0.0254421664203
--- testing 588 : set([96, 49, 85])p: 0.00285405387477
--- testing 589 : set([105, 4, 78])p: 0.0254421664203
--- testing 590 : set([10, 4, 37])p: 0.512347979682
--- testing 591 : set([105, 14, 6])p: 0.0254421664203
--- testing 592 : set([78, 6])p: 0.0254421664203
--- testing 593 : set([80, 6])p: 0.512347979682
--- testing 594 : set([85, 6])p: 0.512347979682
--- testing 595 : set([49, 105, 23])p: 1.0
--- testing 596 : set([63, 23])p: 0.512347979682
--- testing 597 : set([8, 49, 105])p: 1.0
--- testing 598 : set([8, 2, 14])p: 0.145852557883
--- testing 599 : set([8, 63])p: 0.145852557883
--- testing 600 : set([8, 23])p: 1.0
--- testing 601 : set([106, 85])p: 0.512347979682
--- testing 602 : set([4, 31])p: 0.512347979682
--- testing 603 : set([105, 37, 86])p: 0.512347979682
--- testing 604 : set([49, 86, 105])p: 0.145852557883
--- testing 605 : set([52, 86])p: 0.512347979682
--- testing 606 : set([96, 86])p: 0.145852557883
--- testing 607 : set([80, 95])p: 0.0254421664203
--- testing 608 : set([49, 59, 14])p: 0.145852557883
--- testing 609 : set([59, 78])p: 0.512347979682
--- testing 610 : set([63, 71])p: 0.512347979682
--- testing 611 : set([96, 53])p: 0.512347979682
--- testing 612 : set([92, 78])p: 0.145852557883
--- testing 613 : set([49, 90])p: 0.512347979682
--- testing 614 : set([26, 38])p: 0.00285405387477
--- testing 615 : set([49, 98])p: 0.145852557883
--- testing 616 : set([98, 2])p: 0.00285405387477
--- testing 617 : set([56, 49])p: 0.512347979682
--- testing 618 : set([56, 26])p: 0.145852557883
--- testing 619 : set([105, 15])p: 0.512347979682
--- testing 620 : set([64, 105])p: 0.0254421664203
--- testing 621 : set([69, 14])p: 0.512347979682
--- testing 622 : set([69, 37])p: 1.0
--- testing 623 : set([105, 84])p: 0.0254421664203
--- testing 624 : set([105, 47])p: 1.0
--- testing 625 : set([9])p: 0.512347979682
--- testing 626 : set([19])p: 0.145852557883
--- testing 627 : set([65])p: 0.512347979682
--- testing 628 : set([82])p: 0.512347979682
--- testing 629 : set([94])p: 0.512347979682
--- testing 630 : set([49, 26, 52, 37, 105])p: 0.115749960017
--- testing 631 : set([49, 26, 14, 78])p: 0.0169716242157
--- testing 632 : set([49, 26, 52, 78, 105])p: 1.0
--- testing 633 : set([49, 2, 26, 14])p: 0.0169716242157
--- testing 634 : set([49, 2, 14, 78])p: 0.115749960017
--- testing 635 : set([2, 14, 26, 78])p: 0.0169716242157
--- testing 636 : set([2, 52, 78])p: 0.0169716242157
--- testing 637 : set([105, 26, 14, 63])p: 0.0169716242157
--- testing 638 : set([105, 52, 14, 63])p: 0.466536051957
--- testing 639 : set([49, 14, 78, 63])p: 0.466536051957
--- testing 640 : set([26, 78, 63])p: 0.115749960017
--- testing 641 : set([2, 52, 63])p: 0.115749960017
--- testing 642 : set([80, 105, 52, 14])p: 0.466536051957
--- testing 643 : set([80, 105, 2])p: 0.0169716242157
--- testing 644 : set([80, 37, 14, 63])p: 1.0
--- testing 645 : set([80, 2, 63])p: 0.115749960017
--- testing 646 : set([10, 52, 14])p: 0.466536051957
--- testing 647 : set([10, 52, 37])p: 0.115749960017
--- testing 648 : set([80, 10, 37, 14])p: 0.115749960017
--- testing 649 : set([96, 105, 26, 14])p: 0.0169716242157
--- testing 650 : set([96, 52, 14])p: 0.466536051957
--- testing 651 : set([96, 105, 14, 78])p: 0.466536051957
--- testing 652 : set([96, 78, 63])p: 0.115749960017
--- testing 653 : set([26, 85, 14, 37])p: 1.0
--- testing 654 : set([105, 52, 85, 14])p: 0.0169716242157
--- testing 655 : set([105, 52, 85, 37])p: 0.00153091836308
--- testing 656 : set([2, 85, 63])p: 0.115749960017
--- testing 657 : set([26, 4, 14])p: 1.0
--- testing 658 : set([2, 4, 14])p: 0.466536051957
--- testing 659 : set([10, 4, 14])p: 1.0
--- testing 660 : set([105, 37, 23])p: 0.466536051957
--- testing 661 : set([6, 23])p: 0.00153091836308
--- testing 662 : set([8, 49, 14])p: 0.466536051957
--- testing 663 : set([49, 106, 52])p: 0.466536051957
--- testing 664 : set([106, 10])p: 0.466536051957
--- testing 665 : set([105, 52, 31])p: 0.466536051957
--- testing 666 : set([78, 31])p: 0.0169716242157
--- testing 667 : set([80, 31])p: 1.0
--- testing 668 : set([10, 31])p: 0.466536051957
--- testing 669 : set([105, 14, 37, 86])p: 0.466536051957
--- testing 670 : set([2, 86])p: 0.115749960017
--- testing 671 : set([80, 86])p: 0.466536051957
--- testing 672 : set([49, 105, 95])p: 0.00153091836308
--- testing 673 : set([96, 26, 95])p: 0.115749960017
--- testing 674 : set([4, 95])p: 0.115749960017
--- testing 675 : set([105, 59, 14])p: 1.0
--- testing 676 : set([26, 59, 14])p: 0.115749960017
--- testing 677 : set([49, 20, 105])p: 0.115749960017
--- testing 678 : set([80, 20])p: 0.466536051957
--- testing 679 : set([10, 53])p: 0.466536051957
--- testing 680 : set([49, 35, 105])p: 0.466536051957
--- testing 681 : set([26, 35])p: 0.115749960017
--- testing 682 : set([35, 85])p: 0.466536051957
--- testing 683 : set([90, 78])p: 0.466536051957
--- testing 684 : set([90, 2])p: 0.115749960017
--- testing 685 : set([2, 38])p: 0.466536051957
--- testing 686 : set([96, 38])p: 0.115749960017
--- testing 687 : set([98, 52])p: 0.466536051957
--- testing 688 : set([98, 85])p: 0.0169716242157
--- testing 689 : set([26, 54])p: 1.0
--- testing 690 : set([2, 54])p: 0.115749960017
--- testing 691 : set([105, 61])p: 1.0
--- testing 692 : set([37, 103])p: 1.0
--- testing 693 : set([101, 37])p: 0.115749960017
--- testing 694 : set([18])p: 0.115749960017
--- testing 695 : set([28])p: 1.0
--- testing 696 : set([44])p: 0.466536051957
--- testing 697 : set([89])p: 1.0
--- testing 698 : set([97])p: 0.115749960017
--- testing 699 : set([99])p: 0.115749960017
--- testing 700 : set([49, 14, 37, 78, 105])p: 0.416423753108
--- testing 701 : set([26, 14, 37, 78])p: 0.416423753108
--- testing 702 : set([49, 26, 14, 78, 105])p: 0.0875275783598
--- testing 703 : set([49, 26, 37, 78])p: 0.416423753108
--- testing 704 : set([49, 52, 37, 78, 105])p: 0.416423753108
--- testing 705 : set([49, 2, 37, 14, 105])p: 0.0875275783598
--- testing 706 : set([105, 2, 26, 14, 37])p: 0.0875275783598
--- testing 707 : set([2, 52, 37, 14])p: 0.0875275783598
--- testing 708 : set([2, 52, 26])p: 0.416423753108
--- testing 709 : set([105, 2, 52, 78])p: 0.0103541788503
--- testing 710 : set([49, 37, 14, 63])p: 1.0
--- testing 711 : set([26, 37, 14, 63])p: 1.0
--- testing 712 : set([49, 52, 14, 63])p: 0.0875275783598
--- testing 713 : set([14, 37, 78, 63])p: 1.0
--- testing 714 : set([105, 37, 78, 63])p: 0.416423753108
--- testing 715 : set([105, 2, 14, 63])p: 0.416423753108
--- testing 716 : set([2, 26, 14, 63])p: 0.416423753108
--- testing 717 : set([80, 49, 26])p: 0.416423753108
--- testing 718 : set([80, 105, 52, 37])p: 1.0
--- testing 719 : set([80, 105, 14, 78])p: 0.416423753108
--- testing 720 : set([80, 49, 2])p: 0.0875275783598
--- testing 721 : set([80, 105, 63])p: 0.416423753108
--- testing 722 : set([105, 10, 26, 37])p: 0.0875275783598
--- testing 723 : set([49, 10, 52])p: 1.0
--- testing 724 : set([105, 10, 14, 78])p: 0.416423753108
--- testing 725 : set([10, 14, 37, 78])p: 0.416423753108
--- testing 726 : set([105, 10, 37, 78])p: 0.000704035132417
--- testing 727 : set([49, 10, 78])p: 0.0875275783598
--- testing 728 : set([105, 10, 37, 14, 63])p: 1.0
--- testing 729 : set([10, 2, 63])p: 0.0875275783598
--- testing 730 : set([96, 49, 37, 14])p: 1.0
--- testing 731 : set([96, 105, 52, 14])p: 0.416423753108
--- testing 732 : set([96, 52, 37])p: 0.416423753108
--- testing 733 : set([96, 105, 52, 78])p: 0.416423753108
--- testing 734 : set([96, 37, 14, 63])p: 0.416423753108
--- testing 735 : set([49, 26, 85])p: 0.416423753108
--- testing 736 : set([49, 2, 85, 14])p: 0.0875275783598
--- testing 737 : set([49, 105, 85, 63])p: 0.0875275783598
--- testing 738 : set([80, 105, 85, 14])p: 0.0875275783598
--- testing 739 : set([80, 85, 14, 37])p: 0.416423753108
--- testing 740 : set([80, 26, 85])p: 1.0
--- testing 741 : set([80, 2, 85, 14])p: 0.416423753108
--- testing 742 : set([10, 26, 85])p: 1.0
--- testing 743 : set([96, 85, 14, 37])p: 0.416423753108
--- testing 744 : set([96, 49, 85, 14])p: 0.0875275783598
--- testing 745 : set([96, 2, 85])p: 0.0875275783598
--- testing 746 : set([105, 4, 37, 14])p: 0.416423753108
--- testing 747 : set([52, 4, 105, 49])p: 0.416423753108
--- testing 748 : set([26, 4, 78])p: 0.0875275783598
--- testing 749 : set([4, 14, 63])p: 1.0
--- testing 750 : set([4, 37, 63])p: 0.0875275783598
--- testing 751 : set([96, 4, 14])p: 0.416423753108
--- testing 752 : set([4, 85, 37])p: 0.0875275783598
--- testing 753 : set([105, 52, 23])p: 0.0875275783598
--- testing 754 : set([96, 23])p: 0.0875275783598
--- testing 755 : set([8, 14, 78])p: 0.416423753108
--- testing 756 : set([8, 105, 78])p: 0.416423753108
--- testing 757 : set([8, 96, 105])p: 0.0875275783598
--- testing 758 : set([8, 4])p: 0.416423753108
--- testing 759 : set([106, 2])p: 0.416423753108
--- testing 760 : set([49, 14, 31])p: 0.416423753108
--- testing 761 : set([26, 37, 31])p: 1.0
--- testing 762 : set([10, 14, 31])p: 0.416423753108
--- testing 763 : set([105, 52, 86])p: 0.416423753108
--- testing 764 : set([10, 86])p: 1.0
--- testing 765 : set([49, 14, 95])p: 0.0875275783598
--- testing 766 : set([49, 37, 95])p: 0.000704035132417
--- testing 767 : set([49, 26, 95])p: 0.000704035132417
--- testing 768 : set([105, 52, 95])p: 0.416423753108
--- testing 769 : set([86, 95])p: 1.0
--- testing 770 : set([105, 59, 52])p: 1.0
--- testing 771 : set([2, 59, 14])p: 0.416423753108
--- testing 772 : set([105, 53, 14])p: 1.0
--- testing 773 : set([105, 53, 37])p: 0.416423753108
--- testing 774 : set([26, 53, 37])p: 0.0875275783598
--- testing 775 : set([52, 53])p: 1.0
--- testing 776 : set([35, 37, 14])p: 0.0875275783598
--- testing 777 : set([92, 37, 14])p: 0.0875275783598
--- testing 778 : set([105, 37, 38])p: 0.0875275783598
--- testing 779 : set([52, 38])p: 0.0875275783598
--- testing 780 : set([2, 37, 38])p: 0.416423753108
--- testing 781 : set([38, 63])p: 1.0
--- testing 782 : set([10, 14, 38])p: 1.0
--- testing 783 : set([105, 98, 14])p: 0.0875275783598
--- testing 784 : set([98, 63])p: 0.0103541788503
--- testing 785 : set([105, 14, 54])p: 1.0
--- testing 786 : set([52, 54])p: 1.0
--- testing 787 : set([78, 54])p: 0.416423753108
--- testing 788 : set([54, 63])p: 1.0
--- testing 789 : set([40, 37, 14])p: 0.0875275783598
--- testing 790 : set([40, 38])p: 1.0
--- testing 791 : set([61, 37])p: 0.416423753108
--- testing 792 : set([26, 61])p: 0.0103541788503
--- testing 793 : set([74, 26])p: 1.0
--- testing 794 : set([64, 37])p: 0.416423753108
--- testing 795 : set([69, 63])p: 0.416423753108
--- testing 796 : set([26, 84])p: 0.416423753108
--- testing 797 : set([100, 14])p: 1.0
--- testing 798 : set([12, 14])p: 0.416423753108
--- testing 799 : set([3])p: 0.0103541788503
--- testing 800 : set([17])p: 1.0
--- testing 801 : set([24])p: 0.0875275783598
--- testing 802 : set([27])p: 0.416423753108
--- testing 803 : set([81])p: 0.416423753108
--- testing 804 : set([83])p: 0.0875275783598
--- testing 805 : set([105, 26, 52, 37, 14])p: 0.361607723984
--- testing 806 : set([105, 26, 14, 37, 78])p: 0.361607723984
--- testing 807 : set([49, 26, 37, 78, 105])p: 0.361607723984
--- testing 808 : set([14, 52, 37, 78])p: 0.0618031118566
--- testing 809 : set([26, 52, 14, 78])p: 1.0
--- testing 810 : set([49, 2, 26, 14, 105])p: 0.0618031118566
--- testing 811 : set([105, 2, 52, 37, 14])p: 0.0618031118566
--- testing 812 : set([105, 2, 14, 78])p: 0.361607723984
--- testing 813 : set([105, 2, 37, 78])p: 0.00552910699136
--- testing 814 : set([49, 26, 105, 63])p: 0.361607723984
--- testing 815 : set([49, 52, 105, 14, 63])p: 0.361607723984
--- testing 816 : set([49, 105, 14, 78, 63])p: 1.0
--- testing 817 : set([26, 14, 78, 63])p: 0.361607723984
--- testing 818 : set([2, 14, 78, 63])p: 0.361607723984
--- testing 819 : set([80, 49, 37, 105])p: 1.0
--- testing 820 : set([80, 26, 37, 14])p: 0.361607723984
--- testing 821 : set([80, 49, 52, 14, 105])p: 0.361607723984
--- testing 822 : set([80, 26, 52])p: 1.0
--- testing 823 : set([80, 105, 52, 78])p: 1.0
--- testing 824 : set([80, 2, 37, 14])p: 1.0
--- testing 825 : set([80, 2, 26, 14])p: 1.0
--- testing 826 : set([80, 2, 14, 63])p: 0.361607723984
--- testing 827 : set([49, 10, 52, 105])p: 1.0
--- testing 828 : set([105, 10, 2])p: 0.00552910699136
--- testing 829 : set([10, 2, 14, 63])p: 0.361607723984
--- testing 830 : set([80, 105, 10])p: 0.361607723984
--- testing 831 : set([96, 26, 37, 14])p: 0.361607723984
--- testing 832 : set([96, 49, 14, 78])p: 0.361607723984
--- testing 833 : set([96, 26, 78])p: 0.00552910699136
--- testing 834 : set([96, 105, 2, 37])p: 0.00552910699136
--- testing 835 : set([96, 49, 2, 105])p: 0.0618031118566
--- testing 836 : set([96, 2, 26])p: 0.00552910699136
--- testing 837 : set([96, 2, 78])p: 0.361607723984
--- testing 838 : set([96, 105, 63])p: 0.0618031118566
--- testing 839 : set([96, 80, 37])p: 0.361607723984
--- testing 840 : set([96, 105, 10])p: 0.000251877788392
--- testing 841 : set([96, 10, 37, 14])p: 1.0
--- testing 842 : set([105, 26, 85, 37])p: 0.361607723984
--- testing 843 : set([49, 52, 85, 14, 105])p: 0.00552910699136
--- testing 844 : set([105, 14, 85, 78])p: 0.361607723984
--- testing 845 : set([49, 14, 85, 78])p: 0.361607723984
--- testing 846 : set([105, 2, 85, 14])p: 0.0618031118566
--- testing 847 : set([2, 85, 14, 37])p: 1.0
--- testing 848 : set([49, 2, 85, 105])p: 0.00552910699136
--- testing 849 : set([2, 26, 85])p: 0.361607723984
--- testing 850 : set([2, 85, 78])p: 0.0618031118566
--- testing 851 : set([80, 49, 85, 14])p: 0.0618031118566
--- testing 852 : set([80, 52, 85])p: 0.00552910699136
--- testing 853 : set([80, 105, 85, 78])p: 0.0618031118566
--- testing 854 : set([80, 85, 63])p: 0.361607723984
--- testing 855 : set([105, 10, 85, 37])p: 0.0618031118566
--- testing 856 : set([10, 26, 85, 14])p: 1.0
--- testing 857 : set([105, 10, 85, 78])p: 0.00552910699136
--- testing 858 : set([96, 49, 85, 105])p: 0.0618031118566
--- testing 859 : set([96, 85, 78])p: 0.000251877788392
--- testing 860 : set([96, 85, 14, 63])p: 0.361607723984
--- testing 861 : set([49, 4, 14])p: 1.0
--- testing 862 : set([49, 4, 37])p: 0.0618031118566
--- testing 863 : set([105, 26, 4, 37])p: 1.0
--- testing 864 : set([52, 4, 14])p: 1.0
--- testing 865 : set([4, 37, 78])p: 0.361607723984
--- testing 866 : set([2, 4, 37])p: 0.0618031118566
--- testing 867 : set([26, 4, 63])p: 0.361607723984
--- testing 868 : set([105, 10, 4])p: 0.361607723984
--- testing 869 : set([10, 4, 37, 14])p: 1.0
--- testing 870 : set([96, 4, 37])p: 0.0618031118566
--- testing 871 : set([96, 2, 4])p: 0.361607723984
--- testing 872 : set([105, 37, 6])p: 0.0618031118566
--- testing 873 : set([49, 14, 6])p: 1.0
--- testing 874 : set([26, 37, 6])p: 0.0618031118566
--- testing 875 : set([52, 6])p: 0.0618031118566
--- testing 876 : set([105, 78, 6])p: 0.00552910699136
--- testing 877 : set([2, 6])p: 0.361607723984
--- testing 878 : set([6, 63])p: 1.0
--- testing 879 : set([4, 6])p: 1.0
--- testing 880 : set([49, 14, 23])p: 1.0
--- testing 881 : set([49, 37, 23])p: 1.0
--- testing 882 : set([52, 14, 23])p: 0.0618031118566
--- testing 883 : set([49, 52, 23])p: 1.0
--- testing 884 : set([105, 78, 23])p: 0.361607723984
--- testing 885 : set([105, 2, 23])p: 0.361607723984
--- testing 886 : set([85, 23])p: 0.361607723984
--- testing 887 : set([37, 6, 23])p: 0.00552910699136
--- testing 888 : set([8, 105, 37])p: 0.0618031118566
--- testing 889 : set([8, 105, 52])p: 0.361607723984
--- testing 890 : set([8, 14, 63])p: 0.0618031118566
--- testing 891 : set([8, 80])p: 0.0618031118566
--- testing 892 : set([8, 85])p: 0.361607723984
--- testing 893 : set([106, 37, 14])p: 0.0618031118566
--- testing 894 : set([49, 106, 14])p: 0.361607723984
--- testing 895 : set([49, 106, 52, 105])p: 0.361607723984
--- testing 896 : set([106, 26, 78])p: 1.0
--- testing 897 : set([105, 106, 10])p: 1.0
--- testing 898 : set([96, 106, 14])p: 0.0618031118566
--- testing 899 : set([105, 26, 14, 31])p: 0.00552910699136
--- testing 900 : set([96, 14, 31])p: 0.0618031118566
--- testing 901 : set([85, 14, 31])p: 0.361607723984
--- testing 902 : set([96, 85, 31])p: 0.361607723984
--- testing 903 : set([105, 78, 86])p: 1.0
--- testing 904 : set([49, 78, 86])p: 1.0
--- testing 905 : set([14, 86, 63])p: 1.0
--- testing 906 : set([37, 86, 63])p: 0.361607723984
--- testing 907 : set([4, 86])p: 0.361607723984
--- testing 908 : set([6, 86])p: 1.0
--- testing 909 : set([105, 26, 95])p: 0.00552910699136
--- testing 910 : set([26, 37, 14, 95])p: 0.0618031118566
--- testing 911 : set([2, 26, 95])p: 0.00552910699136
--- testing 912 : set([10, 95])p: 1.0
--- testing 913 : set([96, 37, 95])p: 0.361607723984
--- testing 914 : set([8, 95])p: 1.0
--- testing 915 : set([106, 95])p: 0.000251877788392
--- testing 916 : set([26, 59, 37])p: 0.00552910699136
--- testing 917 : set([10, 59, 14])p: 1.0
--- testing 918 : set([52, 20])p: 0.0618031118566
--- testing 919 : set([2, 20])p: 0.0618031118566
--- testing 920 : set([10, 20])p: 0.361607723984
--- testing 921 : set([20, 6])p: 0.00552910699136
--- testing 922 : set([2, 37, 71])p: 1.0
--- testing 923 : set([63, 14, 71])p: 0.361607723984
--- testing 924 : set([37, 53, 63])p: 1.0
--- testing 925 : set([80, 53])p: 1.0
--- testing 926 : set([4, 53])p: 1.0
--- testing 927 : set([105, 35, 52, 49])p: 0.361607723984
--- testing 928 : set([2, 35])p: 1.0
--- testing 929 : set([80, 35])p: 1.0
--- testing 930 : set([10, 35, 14])p: 0.361607723984
--- testing 931 : set([96, 35])p: 0.361607723984
--- testing 932 : set([26, 92, 37, 14])p: 0.0618031118566
--- testing 933 : set([52, 92, 105, 49])p: 0.361607723984
--- testing 934 : set([105, 92, 78])p: 1.0
--- testing 935 : set([2, 92])p: 0.0618031118566
--- testing 936 : set([90, 63])p: 0.0618031118566
--- testing 937 : set([32, 49])p: 0.0618031118566
--- testing 938 : set([37, 38, 63])p: 1.0
--- testing 939 : set([80, 38])p: 1.0
--- testing 940 : set([49, 98, 105])p: 0.361607723984
--- testing 941 : set([98, 2, 14])p: 0.00552910699136
--- testing 942 : set([98, 85, 14])p: 0.0618031118566
--- testing 943 : set([14, 37, 54])p: 0.361607723984
--- testing 944 : set([49, 52, 54, 105])p: 1.0
--- testing 945 : set([56, 49, 105])p: 1.0
--- testing 946 : set([56, 2])p: 1.0
--- testing 947 : set([63, 15])p: 1.0
--- testing 948 : set([40, 49])p: 0.000251877788392
--- testing 949 : set([40, 10])p: 1.0
--- testing 950 : set([40, 96])p: 0.361607723984
--- testing 951 : set([61, 14])p: 0.361607723984
--- testing 952 : set([74, 14])p: 1.0
--- testing 953 : set([84, 37])p: 0.00552910699136
--- testing 954 : set([14, 55])p: 0.361607723984
--- testing 955 : set([2, 55])p: 0.0618031118566
--- testing 956 : set([14, 7])p: 0.361607723984
--- testing 957 : set([37, 7])p: 1.0
--- testing 958 : set([14, 103])p: 1.0
--- testing 959 : set([26, 103])p: 1.0
--- testing 960 : set([72, 105])p: 0.361607723984
--- testing 961 : set([25, 14])p: 0.361607723984
--- testing 962 : set([105, 60])p: 1.0
--- testing 963 : set([91, 14])p: 0.0618031118566
--- testing 964 : set([105, 91])p: 0.0618031118566
--- testing 965 : set([37, 47])p: 1.0
--- testing 966 : set([105, 62])p: 0.361607723984
--- testing 967 : set([105, 19])p: 0.0618031118566
--- testing 968 : set([65, 37])p: 1.0
--- testing 969 : set([11])p: 0.361607723984
--- testing 970 : set([46])p: 1.0
--- testing 971 : set([68])p: 0.0618031118566
