trsact: data/conditions/data_244.csv.4lcm53 ,#transactions 16228 ,#items 107 ,size 19428 extracted database: #transactions 16228 ,#items 101 ,size 19421
 output to: data/conditions/data_244.csv.4lcm53.results.lcm/data_244.csv.4lcm53.lowsup3.closed
separated at 0
iters=1989
1929
1
100
494
724
476
120
13
1
finish calculation of K: 1928
3
--- testing 1 : set([13])p: 0.000379722835818
--- testing 2 : set([105])p: 0.263115834136
--- testing 3 : set([105, 13])p: 0.0734261127455
--- testing 4 : set([37])p: 0.549798992137
--- testing 5 : set([37, 13])p: 0.105769833114
--- testing 6 : set([105, 37])p: 0.302721541886
--- testing 7 : set([33])p: 0.00289617013563
--- testing 8 : set([33, 13])p: 0.000640883772667
--- testing 9 : set([33, 105])p: 0.112103181428
--- testing 10 : set([33, 37])p: 0.0409259753828
--- testing 11 : set([49])p: 0.338994247978
--- testing 12 : set([49, 13])p: 0.0256949008885
--- testing 13 : set([49, 105])p: 0.413134049064
--- testing 14 : set([49, 37])p: 0.289625069715
--- testing 15 : set([49, 33])p: 0.547690714543
--- testing 16 : set([25])p: 2.25158277605e-08
--- testing 17 : set([25, 13])p: 0.000253822773966
--- testing 18 : set([25, 105])p: 0.127825405876
--- testing 19 : set([25, 37])p: 0.15491715966
--- testing 20 : set([25, 33])p: 0.000309459450357
--- testing 21 : set([52])p: 0.217403130322
--- testing 22 : set([105, 52])p: 0.61356542163
--- testing 23 : set([49, 52])p: 0.479843934668
--- testing 24 : set([49, 52, 105])p: 0.664829282576
--- testing 25 : set([78])p: 0.0403795493671
--- testing 26 : set([13, 78])p: 0.00574770899678
--- testing 27 : set([105, 78])p: 0.0587145297868
--- testing 28 : set([49, 78])p: 0.550645936549
--- testing 29 : set([2])p: 0.0275738372725
--- testing 30 : set([2, 13])p: 0.00106252449497
--- testing 31 : set([105, 2])p: 0.249150263957
--- testing 32 : set([63])p: 0.279576430364
--- testing 33 : set([13, 63])p: 0.0419690150492
--- testing 34 : set([80])p: 0.710288311478
--- testing 35 : set([9])p: 0.0968039706829
--- testing 36 : set([9, 13])p: 0.604211252561
--- testing 37 : set([9, 37])p: 0.902127429728
--- testing 38 : set([96])p: 2.28561640519e-05
--- testing 39 : set([85])p: 0.519526841415
--- testing 40 : set([4])p: 0.147760166987
--- testing 41 : set([6])p: 1.0
--- testing 42 : set([22])p: 0.000242615697282
--- testing 43 : set([52, 13])p: 0.199412227846
--- testing 44 : set([49, 13, 105])p: 0.0672684157053
--- testing 45 : set([96, 13])p: 1.86562468406e-05
--- testing 46 : set([37, 63])p: 1.0
--- testing 47 : set([106])p: 0.422451029503
--- testing 48 : set([30])p: 0.7584813515
--- testing 49 : set([86])p: 0.0506684297703
--- testing 50 : set([85, 13])p: 0.401621440622
--- testing 51 : set([95])p: 0.0124831798279
--- testing 52 : set([105, 37, 13])p: 0.147862563144
--- testing 53 : set([33, 78])p: 0.36974637617
--- testing 54 : set([2, 37])p: 0.36974637617
--- testing 55 : set([52, 37])p: 0.724533517655
--- testing 56 : set([80, 13])p: 0.362571265944
--- testing 57 : set([49, 78, 105])p: 0.340873344683
--- testing 58 : set([9, 37, 13])p: 1.0
--- testing 59 : set([37, 78])p: 0.689005985448
--- testing 60 : set([80, 105])p: 0.689005985448
--- testing 61 : set([25, 49])p: 0.0996782719007
--- testing 62 : set([85, 37])p: 1.0
--- testing 63 : set([80, 37])p: 0.66621583612
--- testing 64 : set([105, 85])p: 1.0
--- testing 65 : set([105, 63])p: 0.662827376755
--- testing 66 : set([49, 105, 33])p: 1.0
--- testing 67 : set([33, 52])p: 0.638131578201
--- testing 68 : set([33, 2])p: 0.263585535985
--- testing 69 : set([49, 37, 105])p: 0.256182197422
--- testing 70 : set([33, 37, 13])p: 0.0161826747672
--- testing 71 : set([105, 52, 13])p: 0.0730897774184
--- testing 72 : set([49, 2])p: 0.0730897774184
--- testing 73 : set([96, 105])p: 0.0003768739792
--- testing 74 : set([59])p: 0.611638938955
--- testing 75 : set([9, 105])p: 0.0661674753347
--- testing 76 : set([25, 37, 13])p: 0.0628257462838
--- testing 77 : set([96, 37])p: 0.0112184376996
--- testing 78 : set([52, 78])p: 0.0103617311706
--- testing 79 : set([25, 78])p: 0.204666047609
--- testing 80 : set([2, 63])p: 0.201025863137
--- testing 81 : set([19])p: 0.0488120441594
--- testing 82 : set([96, 33])p: 0.00115863550184
--- testing 83 : set([71])p: 1.0
--- testing 84 : set([33, 13, 105])p: 0.539000233588
--- testing 85 : set([49, 37, 13])p: 0.534329691865
--- testing 86 : set([80, 78])p: 0.175794713829
--- testing 87 : set([105, 52, 37])p: 1.0
--- testing 88 : set([53])p: 0.0378214195502
--- testing 89 : set([25, 52])p: 0.0340683095649
--- testing 90 : set([105, 52, 78])p: 0.0340683095649
--- testing 91 : set([49, 85])p: 0.154619570857
--- testing 92 : set([33, 37, 105])p: 0.151140801583
--- testing 93 : set([13, 37, 63])p: 1.0
--- testing 94 : set([25, 13, 105])p: 0.144232329571
--- testing 95 : set([35])p: 1.0
--- testing 96 : set([4, 13])p: 0.0282686798224
--- testing 97 : set([92])p: 1.0
--- testing 98 : set([4, 37])p: 0.479744307248
--- testing 99 : set([90])p: 1.0
--- testing 100 : set([49, 63])p: 1.0
--- testing 101 : set([25, 85])p: 0.474477376725
--- testing 102 : set([31])p: 0.474477376725
--- testing 103 : set([25, 105, 49])p: 0.469157457649
--- testing 104 : set([25, 2])p: 0.130630902586
--- testing 105 : set([33, 63])p: 0.130630902586
--- testing 106 : set([2, 37, 13])p: 0.123949383814
--- testing 107 : set([49, 2, 105])p: 0.0230443726339
--- testing 108 : set([80, 33])p: 0.123949383814
--- testing 109 : set([38])p: 1.0
--- testing 110 : set([98])p: 0.458356529563
--- testing 111 : set([25, 63])p: 1.0
--- testing 112 : set([54])p: 1.0
--- testing 113 : set([33, 52, 105])p: 0.4473372215
--- testing 114 : set([80, 49])p: 0.4473372215
--- testing 115 : set([33, 78, 105])p: 0.441744307325
--- testing 116 : set([105, 13, 78])p: 0.110854832472
--- testing 117 : set([105, 4])p: 0.436095146089
--- testing 118 : set([96, 25])p: 0.00234762953588
--- testing 119 : set([56])p: 0.107641727154
--- testing 120 : set([13, 85, 37])p: 1.0
--- testing 121 : set([33, 85])p: 0.42462582838
--- testing 122 : set([96, 85])p: 0.418804530866
--- testing 123 : set([14])p: 1.0
--- testing 124 : set([25, 13, 33])p: 0.0981608418169
--- testing 125 : set([49, 52, 13])p: 0.4129247041
--- testing 126 : set([2, 78])p: 0.00191544570684
--- testing 127 : set([9, 33])p: 0.0981608418169
--- testing 128 : set([96, 63])p: 0.00191544570684
--- testing 129 : set([80, 25])p: 0.0919808471544
--- testing 130 : set([25, 105, 33])p: 0.394928171401
--- testing 131 : set([96, 49])p: 0.0128612129081
--- testing 132 : set([25, 37, 105])p: 0.0829395410183
--- testing 133 : set([25, 37, 33])p: 0.382626959763
--- testing 134 : set([9, 25])p: 1.0
--- testing 135 : set([96, 2])p: 0.382626959763
--- testing 136 : set([2, 52])p: 0.0114839021699
--- testing 137 : set([80, 85])p: 0.376383471873
--- testing 138 : set([13, 6])p: 1.0
--- testing 139 : set([49, 52, 13, 105])p: 0.370077237319
--- testing 140 : set([49, 52, 78])p: 0.370077237319
--- testing 141 : set([105, 2, 13])p: 0.0770752756748
--- testing 142 : set([49, 52, 78, 105])p: 0.363707629457
--- testing 143 : set([37, 78, 13])p: 0.357274015425
--- testing 144 : set([9, 37, 105])p: 0.357274015425
--- testing 145 : set([40])p: 0.357274015425
--- testing 146 : set([61])p: 1.0
--- testing 147 : set([49, 13, 33])p: 0.350775756079
--- testing 148 : set([25, 52, 105])p: 0.344212205934
--- testing 149 : set([78, 63])p: 0.00843000729195
--- testing 150 : set([80, 52])p: 1.0
--- testing 151 : set([85, 78])p: 0.344212205934
--- testing 152 : set([80, 2])p: 0.337582713102
--- testing 153 : set([85, 63])p: 1.0
--- testing 154 : set([105, 106])p: 0.337582713102
--- testing 155 : set([13, 30])p: 1.0
--- testing 156 : set([52, 37, 13])p: 1.0
--- testing 157 : set([49, 2, 13])p: 0.0603522267975
--- testing 158 : set([49, 13, 37, 105])p: 0.324123259414
--- testing 159 : set([25, 13, 49])p: 0.0577026675106
--- testing 160 : set([9, 13, 105])p: 0.324123259414
--- testing 161 : set([9, 49])p: 1.0
--- testing 162 : set([105, 37, 78])p: 1.0
--- testing 163 : set([52, 63])p: 1.0
--- testing 164 : set([80, 37, 13])p: 0.317291962185
--- testing 165 : set([96, 37, 13])p: 0.00637707092601
--- testing 166 : set([33, 4])p: 0.317291962185
--- testing 167 : set([13, 22])p: 0.0550952761298
--- testing 168 : set([37, 22])p: 0.317291962185
--- testing 169 : set([49, 52, 37])p: 0.310392049395
--- testing 170 : set([96, 78])p: 0.000488891558167
--- testing 171 : set([2, 85])p: 0.310392049395
--- testing 172 : set([37, 6])p: 1.0
--- testing 173 : set([13, 95])p: 0.00591642254085
--- testing 174 : set([33, 95])p: 1.0
--- testing 175 : set([25, 95])p: 0.000488891558167
--- testing 176 : set([49, 13, 78])p: 0.303422836169
--- testing 177 : set([2, 13, 63])p: 0.0500114445245
--- testing 178 : set([49, 52, 33])p: 1.0
--- testing 179 : set([49, 78, 33])p: 1.0
--- testing 180 : set([33, 2, 105])p: 1.0
--- testing 181 : set([105, 13, 63])p: 1.0
--- testing 182 : set([49, 85, 105])p: 1.0
--- testing 183 : set([105, 6])p: 1.0
--- testing 184 : set([74])p: 1.0
--- testing 185 : set([49, 105, 63])p: 1.0
--- testing 186 : set([105, 85, 13])p: 1.0
--- testing 187 : set([25, 4])p: 1.0
--- testing 188 : set([33, 13, 37, 105])p: 0.282092442881
--- testing 189 : set([13, 86])p: 0.282092442881
--- testing 190 : set([64])p: 1.0
--- testing 191 : set([25, 33, 49])p: 0.274839042341
--- testing 192 : set([49, 52, 105, 33])p: 1.0
--- testing 193 : set([25, 78, 105])p: 0.274839042341
--- testing 194 : set([33, 2, 13])p: 0.0403997280597
--- testing 195 : set([52, 85])p: 1.0
--- testing 196 : set([105, 22])p: 0.000276713558405
--- testing 197 : set([59, 13])p: 0.274839042341
--- testing 198 : set([49, 52, 37, 105])p: 1.0
--- testing 199 : set([25, 2, 13])p: 0.26751281377
--- testing 200 : set([105, 2, 52])p: 0.0381195330734
--- testing 201 : set([49, 4])p: 1.0
--- testing 202 : set([25, 37, 49])p: 0.260113030522
--- testing 203 : set([80, 49, 105])p: 1.0
--- testing 204 : set([9, 63])p: 1.0
--- testing 205 : set([96, 105, 13])p: 0.0358908772719
--- testing 206 : set([49, 85, 13])p: 0.260113030522
--- testing 207 : set([105, 30])p: 1.0
--- testing 208 : set([37, 86])p: 0.260113030522
--- testing 209 : set([49, 37, 33])p: 1.0
--- testing 210 : set([80, 105, 13])p: 1.0
--- testing 211 : set([80, 63])p: 0.252638958747
--- testing 212 : set([96, 52])p: 0.0337150173693
--- testing 213 : set([105, 95])p: 0.0337150173693
--- testing 214 : set([37, 71])p: 1.0
--- testing 215 : set([37, 38])p: 1.0
--- testing 216 : set([33, 52, 13])p: 1.0
--- testing 217 : set([105, 2, 37])p: 1.0
--- testing 218 : set([80, 105, 78])p: 0.24508985732
--- testing 219 : set([9, 13, 25])p: 1.0
--- testing 220 : set([105, 86])p: 0.0315932298993
--- testing 221 : set([13, 38])p: 1.0
--- testing 222 : set([9, 78])p: 1.0
--- testing 223 : set([96, 80])p: 1.0
--- testing 224 : set([13, 71])p: 1.0
--- testing 225 : set([25, 52, 13])p: 1.0
--- testing 226 : set([33, 13, 78])p: 0.229763564203
--- testing 227 : set([80, 105, 52])p: 1.0
--- testing 228 : set([9, 37, 33])p: 0.229763564203
--- testing 229 : set([80, 9])p: 1.0
--- testing 230 : set([96, 4])p: 1.0
--- testing 231 : set([37, 30])p: 1.0
--- testing 232 : set([25, 30])p: 0.229763564203
--- testing 233 : set([69])p: 1.0
--- testing 234 : set([84])p: 1.0
--- testing 235 : set([49, 105, 13, 33])p: 1.0
--- testing 236 : set([25, 52, 49])p: 1.0
--- testing 237 : set([49, 37, 78])p: 1.0
--- testing 238 : set([25, 13, 78])p: 0.221984853237
--- testing 239 : set([9, 37, 25])p: 1.0
--- testing 240 : set([96, 33, 13])p: 0.0255653703555
--- testing 241 : set([4, 63])p: 1.0
--- testing 242 : set([106, 13])p: 0.221984853237
--- testing 243 : set([106, 37])p: 0.221984853237
--- testing 244 : set([105, 52, 37, 13])p: 1.0
--- testing 245 : set([49, 105, 78, 33])p: 1.0
--- testing 246 : set([25, 78, 33])p: 0.214128073922
--- testing 247 : set([33, 2, 37])p: 0.214128073922
--- testing 248 : set([49, 13, 63])p: 1.0
--- testing 249 : set([80, 105, 37])p: 1.0
--- testing 250 : set([9, 13, 37, 105])p: 1.0
--- testing 251 : set([96, 49, 105])p: 0.0236730437786
--- testing 252 : set([9, 85])p: 0.214128073922
--- testing 253 : set([4, 37, 13])p: 0.214128073922
--- testing 254 : set([33, 22])p: 1.0
--- testing 255 : set([25, 105, 13, 49])p: 0.206192447666
--- testing 256 : set([49, 13, 78, 105])p: 0.206192447666
--- testing 257 : set([105, 52, 63])p: 1.0
--- testing 258 : set([9, 105, 33])p: 0.206192447666
--- testing 259 : set([96, 49, 13])p: 0.0014933603285
--- testing 260 : set([105, 85, 37])p: 1.0
--- testing 261 : set([33, 6])p: 1.0
--- testing 262 : set([33, 106])p: 1.0
--- testing 263 : set([105, 59])p: 1.0
--- testing 264 : set([53, 37])p: 1.0
--- testing 265 : set([13, 14])p: 1.0
--- testing 266 : set([25, 13, 37, 105])p: 0.0200720774493
--- testing 267 : set([33, 37, 78])p: 0.198177188162
--- testing 268 : set([49, 2, 33])p: 1.0
--- testing 269 : set([105, 2, 78])p: 0.198177188162
--- testing 270 : set([105, 37, 63])p: 1.0
--- testing 271 : set([9, 105, 49])p: 1.0
--- testing 272 : set([9, 52])p: 0.198177188162
--- testing 273 : set([33, 85, 13])p: 0.198177188162
--- testing 274 : set([98, 13])p: 0.198177188162
--- testing 275 : set([55])p: 1.0
--- testing 276 : set([25, 105, 13, 33])p: 1.0
--- testing 277 : set([25, 52, 105, 49])p: 1.0
--- testing 278 : set([49, 2, 52, 105])p: 0.0183662618416
--- testing 279 : set([9, 2])p: 1.0
--- testing 280 : set([96, 33, 105])p: 0.0183662618416
--- testing 281 : set([96, 25, 13])p: 0.0011380238191
--- testing 282 : set([96, 9])p: 0.190081501312
--- testing 283 : set([25, 6])p: 1.0
--- testing 284 : set([33, 30])p: 1.0
--- testing 285 : set([37, 95])p: 0.0183662618416
--- testing 286 : set([59, 37])p: 0.190081501312
--- testing 287 : set([35, 37])p: 1.0
--- testing 288 : set([37, 14])p: 1.0
--- testing 289 : set([21])p: 1.0
--- testing 290 : set([49, 105, 37, 33])p: 1.0
--- testing 291 : set([49, 2, 13, 105])p: 0.016725477268
--- testing 292 : set([33, 13, 63])p: 0.016725477268
--- testing 293 : set([25, 13, 63])p: 1.0
--- testing 294 : set([9, 13, 49])p: 1.0
--- testing 295 : set([96, 105, 37])p: 0.016725477268
--- testing 296 : set([96, 105, 52])p: 0.016725477268
--- testing 297 : set([25, 85, 13])p: 0.181904585146
--- testing 298 : set([105, 52, 85])p: 1.0
--- testing 299 : set([4, 78])p: 0.181904585146
--- testing 300 : set([49, 30])p: 1.0
--- testing 301 : set([35, 13])p: 1.0
--- testing 302 : set([7])p: 1.0
--- testing 303 : set([103])p: 1.0
--- testing 304 : set([25, 13, 37, 33])p: 1.0
--- testing 305 : set([52, 13, 78])p: 0.0151511910922
--- testing 306 : set([49, 2, 37])p: 1.0
--- testing 307 : set([13, 78, 63])p: 0.173645629753
--- testing 308 : set([96, 25, 33])p: 0.173645629753
--- testing 309 : set([33, 85, 105])p: 1.0
--- testing 310 : set([25, 85, 105])p: 1.0
--- testing 311 : set([53, 13])p: 0.0151511910922
--- testing 312 : set([72])p: 1.0
--- testing 313 : set([101])p: 0.0151511910922
--- testing 314 : set([25, 105, 37, 49])p: 0.165303817191
--- testing 315 : set([25, 105, 33, 49])p: 1.0
--- testing 316 : set([33, 52, 13, 105])p: 1.0
--- testing 317 : set([25, 52, 37])p: 1.0
--- testing 318 : set([25, 37, 78])p: 1.0
--- testing 319 : set([25, 78, 49])p: 1.0
--- testing 320 : set([25, 2, 37])p: 1.0
--- testing 321 : set([49, 2, 78])p: 0.165303817191
--- testing 322 : set([49, 52, 63])p: 1.0
--- testing 323 : set([105, 2, 63])p: 1.0
--- testing 324 : set([80, 49, 13])p: 1.0
--- testing 325 : set([9, 13, 37, 25])p: 1.0
--- testing 326 : set([9, 37, 63])p: 1.0
--- testing 327 : set([33, 85, 37])p: 1.0
--- testing 328 : set([13, 85, 63])p: 1.0
--- testing 329 : set([52, 4])p: 0.165303817191
--- testing 330 : set([96, 6])p: 1.0
--- testing 331 : set([49, 106])p: 0.165303817191
--- testing 332 : set([33, 52, 37])p: 1.0
--- testing 333 : set([49, 52, 37, 13])p: 1.0
--- testing 334 : set([25, 52, 13, 105])p: 1.0
--- testing 335 : set([49, 37, 78, 105])p: 1.0
--- testing 336 : set([105, 52, 13, 78])p: 0.0122080969475
--- testing 337 : set([33, 105, 63])p: 1.0
--- testing 338 : set([25, 33, 63])p: 1.0
--- testing 339 : set([105, 78, 63])p: 0.156878321421
--- testing 340 : set([2, 37, 63])p: 1.0
--- testing 341 : set([80, 25, 37])p: 1.0
--- testing 342 : set([9, 13, 33])p: 1.0
--- testing 343 : set([9, 13, 63])p: 1.0
--- testing 344 : set([49, 85, 37])p: 1.0
--- testing 345 : set([105, 85, 78])p: 1.0
--- testing 346 : set([96, 85, 13])p: 0.156878321421
--- testing 347 : set([49, 4, 105])p: 1.0
--- testing 348 : set([4, 85])p: 1.0
--- testing 349 : set([49, 22])p: 0.156878321421
--- testing 350 : set([25, 106])p: 1.0
--- testing 351 : set([49, 95])p: 0.0122080969475
--- testing 352 : set([49, 59])p: 1.0
--- testing 353 : set([105, 19])p: 0.156878321421
--- testing 354 : set([105, 53])p: 0.0122080969475
--- testing 355 : set([33, 98])p: 0.156878321421
--- testing 356 : set([105, 54])p: 1.0
--- testing 357 : set([100])p: 1.0
--- testing 358 : set([49, 13, 52, 37, 105])p: 1.0
--- testing 359 : set([33, 52, 78])p: 0.148368308217
--- testing 360 : set([25, 2, 105])p: 1.0
--- testing 361 : set([2, 13, 78])p: 0.000497047321516
--- testing 362 : set([80, 49, 78])p: 1.0
--- testing 363 : set([80, 2, 13])p: 0.148368308217
--- testing 364 : set([9, 2, 13])p: 1.0
--- testing 365 : set([96, 33, 37])p: 0.0108423381776
--- testing 366 : set([96, 105, 78])p: 0.0108423381776
--- testing 367 : set([96, 2, 13])p: 0.148368308217
--- testing 368 : set([49, 13, 85, 105])p: 1.0
--- testing 369 : set([2, 85, 13])p: 0.148368308217
--- testing 370 : set([80, 105, 85])p: 1.0
--- testing 371 : set([2, 4])p: 0.148368308217
--- testing 372 : set([106, 52])p: 0.148368308217
--- testing 373 : set([85, 30])p: 1.0
--- testing 374 : set([49, 86])p: 1.0
--- testing 375 : set([33, 19])p: 1.0
--- testing 376 : set([37, 38, 13])p: 1.0
--- testing 377 : set([56, 37])p: 1.0
--- testing 378 : set([40, 13])p: 1.0
--- testing 379 : set([24])p: 1.0
--- testing 380 : set([60])p: 1.0
--- testing 381 : set([91])p: 0.148368308217
--- testing 382 : set([25, 13, 37, 49])p: 0.13977293509
--- testing 383 : set([49, 2, 105, 33])p: 1.0
--- testing 384 : set([25, 2, 33])p: 1.0
--- testing 385 : set([2, 52, 13])p: 0.13977293509
--- testing 386 : set([25, 105, 63])p: 1.0
--- testing 387 : set([49, 52, 105, 63])p: 1.0
--- testing 388 : set([49, 2, 63])p: 1.0
--- testing 389 : set([80, 33, 13])p: 1.0
--- testing 390 : set([80, 33, 105])p: 1.0
--- testing 391 : set([96, 13, 78])p: 0.00954917682063
--- testing 392 : set([25, 85, 37])p: 1.0
--- testing 393 : set([85, 78, 13])p: 0.13977293509
--- testing 394 : set([80, 85, 13])p: 0.13977293509
--- testing 395 : set([9, 85, 37])p: 1.0
--- testing 396 : set([9, 4])p: 0.13977293509
--- testing 397 : set([52, 22])p: 0.13977293509
--- testing 398 : set([25, 13, 95])p: 0.000406824888335
--- testing 399 : set([25, 33, 95])p: 1.0
--- testing 400 : set([13, 54])p: 1.0
--- testing 401 : set([37, 54])p: 1.0
--- testing 402 : set([56, 105])p: 0.13977293509
--- testing 403 : set([15])p: 0.13977293509
--- testing 404 : set([47])p: 1.0
--- testing 405 : set([66])p: 1.0
--- testing 406 : set([25, 105, 37, 33])p: 1.0
--- testing 407 : set([105, 37, 78, 13])p: 1.0
--- testing 408 : set([25, 52, 78])p: 0.131091351205
--- testing 409 : set([105, 2, 37, 13])p: 1.0
--- testing 410 : set([33, 2, 13, 105])p: 1.0
--- testing 411 : set([25, 2, 37, 13])p: 1.0
--- testing 412 : set([105, 13, 37, 63])p: 1.0
--- testing 413 : set([33, 2, 63])p: 0.131091351205
--- testing 414 : set([25, 2, 63])p: 1.0
--- testing 415 : set([80, 25, 13])p: 0.131091351205
--- testing 416 : set([80, 13, 63])p: 1.0
--- testing 417 : set([9, 105, 37, 33])p: 0.131091351205
--- testing 418 : set([9, 37, 49])p: 1.0
--- testing 419 : set([9, 105, 25])p: 1.0
--- testing 420 : set([9, 52, 105])p: 0.131091351205
--- testing 421 : set([9, 78, 105])p: 1.0
--- testing 422 : set([96, 25, 105])p: 0.00833019656299
--- testing 423 : set([96, 13, 63])p: 0.00833019656299
--- testing 424 : set([96, 9, 37])p: 0.131091351205
--- testing 425 : set([37, 85, 63])p: 1.0
--- testing 426 : set([105, 4, 37])p: 1.0
--- testing 427 : set([52, 30])p: 1.0
--- testing 428 : set([37, 86, 13])p: 0.131091351205
--- testing 429 : set([33, 59])p: 1.0
--- testing 430 : set([25, 59])p: 1.0
--- testing 431 : set([2, 59])p: 0.131091351205
--- testing 432 : set([92, 13])p: 1.0
--- testing 433 : set([90, 13])p: 1.0
--- testing 434 : set([105, 90])p: 1.0
--- testing 435 : set([105, 98])p: 1.0
--- testing 436 : set([40, 37])p: 1.0
--- testing 437 : set([20])p: 1.0
--- testing 438 : set([62])p: 0.131091351205
--- testing 439 : set([73])p: 1.0
--- testing 440 : set([25, 52, 33])p: 0.122322697302
--- testing 441 : set([25, 13, 78, 105])p: 1.0
--- testing 442 : set([25, 105, 78, 49])p: 1.0
--- testing 443 : set([52, 37, 78])p: 1.0
--- testing 444 : set([105, 2, 52, 13])p: 0.122322697302
--- testing 445 : set([49, 2, 78, 105])p: 0.122322697302
--- testing 446 : set([25, 37, 63])p: 1.0
--- testing 447 : set([49, 78, 63])p: 1.0
--- testing 448 : set([80, 49, 13, 105])p: 1.0
--- testing 449 : set([80, 49, 52])p: 1.0
--- testing 450 : set([9, 85, 13])p: 1.0
--- testing 451 : set([105, 4, 13])p: 0.122322697302
--- testing 452 : set([96, 30])p: 1.0
--- testing 453 : set([33, 86])p: 1.0
--- testing 454 : set([25, 86])p: 0.122322697302
--- testing 455 : set([96, 95])p: 0.00718700529483
--- testing 456 : set([105, 35])p: 1.0
--- testing 457 : set([105, 92])p: 1.0
--- testing 458 : set([92, 37])p: 1.0
--- testing 459 : set([45])p: 1.0
--- testing 460 : set([49, 52, 13, 33])p: 1.0
--- testing 461 : set([25, 52, 37, 105])p: 1.0
--- testing 462 : set([33, 37, 78, 105])p: 1.0
--- testing 463 : set([33, 52, 78, 105])p: 0.113466105609
--- testing 464 : set([33, 2, 78])p: 1.0
--- testing 465 : set([25, 2, 78])p: 0.113466105609
--- testing 466 : set([49, 33, 63])p: 1.0
--- testing 467 : set([80, 13, 78])p: 0.113466105609
--- testing 468 : set([9, 13, 78])p: 1.0
--- testing 469 : set([9, 2, 37])p: 1.0
--- testing 470 : set([96, 49, 78])p: 0.113466105609
--- testing 471 : set([49, 85, 78])p: 1.0
--- testing 472 : set([96, 105, 85])p: 1.0
--- testing 473 : set([96, 85, 37])p: 1.0
--- testing 474 : set([96, 25, 85])p: 1.0
--- testing 475 : set([96, 85, 63])p: 1.0
--- testing 476 : set([25, 4, 37])p: 1.0
--- testing 477 : set([80, 4])p: 1.0
--- testing 478 : set([105, 13, 22])p: 0.113466105609
--- testing 479 : set([25, 22])p: 0.113466105609
--- testing 480 : set([30, 63])p: 1.0
--- testing 481 : set([86, 63])p: 1.0
--- testing 482 : set([52, 95])p: 1.0
--- testing 483 : set([2, 95])p: 0.113466105609
--- testing 484 : set([13, 37, 71])p: 1.0
--- testing 485 : set([33, 35])p: 1.0
--- testing 486 : set([49, 92])p: 1.0
--- testing 487 : set([33, 31])p: 1.0
--- testing 488 : set([25, 98])p: 1.0
--- testing 489 : set([49, 54])p: 1.0
--- testing 490 : set([5])p: 1.0
--- testing 491 : set([25, 37, 33, 49])p: 1.0
--- testing 492 : set([33, 52, 37, 105])p: 1.0
--- testing 493 : set([49, 13, 52, 105, 33])p: 1.0
--- testing 494 : set([25, 105, 78, 33])p: 0.104520699761
--- testing 495 : set([33, 2, 37, 13])p: 0.104520699761
--- testing 496 : set([49, 2, 37, 13])p: 1.0
--- testing 497 : set([49, 2, 13, 33])p: 1.0
--- testing 498 : set([25, 2, 49])p: 1.0
--- testing 499 : set([2, 52, 37])p: 1.0
--- testing 500 : set([33, 2, 52])p: 1.0
--- testing 501 : set([49, 37, 63])p: 1.0
--- testing 502 : set([52, 13, 63])p: 1.0
--- testing 503 : set([80, 52, 13])p: 1.0
--- testing 504 : set([80, 49, 52, 105])p: 1.0
--- testing 505 : set([80, 33, 78])p: 1.0
--- testing 506 : set([9, 13, 37, 63])p: 1.0
--- testing 507 : set([96, 25, 37])p: 0.00513454424118
--- testing 508 : set([96, 105, 2])p: 0.104520699761
--- testing 509 : set([96, 37, 63])p: 1.0
--- testing 510 : set([96, 33, 63])p: 1.0
--- testing 511 : set([105, 13, 85, 37])p: 1.0
--- testing 512 : set([33, 13, 85, 37])p: 1.0
--- testing 513 : set([52, 85, 37])p: 1.0
--- testing 514 : set([49, 52, 85, 105])p: 1.0
--- testing 515 : set([80, 85, 37])p: 1.0
--- testing 516 : set([80, 49, 85])p: 1.0
--- testing 517 : set([33, 4, 105])p: 1.0
--- testing 518 : set([52, 4, 105])p: 0.104520699761
--- testing 519 : set([37, 6, 13])p: 1.0
--- testing 520 : set([25, 13, 6])p: 1.0
--- testing 521 : set([37, 22, 13])p: 1.0
--- testing 522 : set([106, 78])p: 0.104520699761
--- testing 523 : set([78, 86])p: 1.0
--- testing 524 : set([13, 37, 95])p: 0.00513454424118
--- testing 525 : set([33, 37, 95])p: 1.0
--- testing 526 : set([25, 37, 95])p: 0.00513454424118
--- testing 527 : set([85, 95])p: 1.0
--- testing 528 : set([59, 37, 13])p: 0.104520699761
--- testing 529 : set([59, 63])p: 1.0
--- testing 530 : set([105, 71])p: 1.0
--- testing 531 : set([90, 37])p: 1.0
--- testing 532 : set([37, 31])p: 1.0
--- testing 533 : set([105, 38])p: 1.0
--- testing 534 : set([37, 14, 13])p: 1.0
--- testing 535 : set([11])p: 0.104520699761
--- testing 536 : set([32])p: 0.104520699761
--- testing 537 : set([88])p: 0.104520699761
--- testing 538 : set([49, 13, 37, 33])p: 1.0
--- testing 539 : set([25, 13, 105, 37, 49])p: 0.0954855947137
--- testing 540 : set([25, 13, 33, 49])p: 1.0
--- testing 541 : set([33, 52, 37, 13])p: 1.0
--- testing 542 : set([25, 37, 78, 105])p: 1.0
--- testing 543 : set([105, 52, 37, 78])p: 1.0
--- testing 544 : set([25, 52, 78, 105])p: 0.0954855947137
--- testing 545 : set([33, 2, 37, 105])p: 1.0
--- testing 546 : set([49, 2, 37, 105])p: 1.0
--- testing 547 : set([80, 52, 37])p: 1.0
--- testing 548 : set([80, 49, 78, 105])p: 1.0
--- testing 549 : set([80, 25, 78])p: 0.0954855947137
--- testing 550 : set([80, 33, 2])p: 1.0
--- testing 551 : set([80, 37, 63])p: 1.0
--- testing 552 : set([9, 13, 37, 33])p: 1.0
--- testing 553 : set([9, 13, 37, 49])p: 1.0
--- testing 554 : set([9, 37, 78])p: 1.0
--- testing 555 : set([9, 105, 63])p: 1.0
--- testing 556 : set([80, 9, 13])p: 1.0
--- testing 557 : set([80, 9, 37])p: 1.0
--- testing 558 : set([96, 105, 37, 13])p: 0.0954855947137
--- testing 559 : set([96, 49, 13, 105])p: 0.00422861417167
--- testing 560 : set([96, 37, 78])p: 0.0954855947137
--- testing 561 : set([96, 33, 78])p: 0.00422861417167
--- testing 562 : set([96, 2, 37])p: 1.0
--- testing 563 : set([96, 33, 2])p: 1.0
--- testing 564 : set([96, 2, 63])p: 1.0
--- testing 565 : set([49, 85, 33])p: 0.0954855947137
--- testing 566 : set([105, 2, 85])p: 1.0
--- testing 567 : set([105, 85, 63])p: 1.0
--- testing 568 : set([9, 13, 85, 37])p: 1.0
--- testing 569 : set([49, 6])p: 1.0
--- testing 570 : set([78, 22])p: 0.0954855947137
--- testing 571 : set([105, 106, 13])p: 0.0954855947137
--- testing 572 : set([33, 106, 105])p: 1.0
--- testing 573 : set([49, 106, 105])p: 0.0954855947137
--- testing 574 : set([105, 106, 52])p: 0.0954855947137
--- testing 575 : set([106, 63])p: 1.0
--- testing 576 : set([80, 106])p: 1.0
--- testing 577 : set([105, 13, 30])p: 1.0
--- testing 578 : set([49, 30, 105])p: 1.0
--- testing 579 : set([25, 13, 30])p: 1.0
--- testing 580 : set([25, 30, 105])p: 1.0
--- testing 581 : set([33, 105, 95])p: 1.0
--- testing 582 : set([78, 95])p: 1.0
--- testing 583 : set([30, 95])p: 0.0954855947137
--- testing 584 : set([49, 59, 105])p: 1.0
--- testing 585 : set([59, 52])p: 1.0
--- testing 586 : set([19, 37])p: 1.0
--- testing 587 : set([25, 53])p: 1.0
--- testing 588 : set([49, 35])p: 1.0
--- testing 589 : set([49, 92, 105])p: 1.0
--- testing 590 : set([105, 31])p: 1.0
--- testing 591 : set([56, 13])p: 1.0
--- testing 592 : set([40, 33])p: 0.0954855947137
--- testing 593 : set([41])p: 1.0
--- testing 594 : set([42])p: 1.0
--- testing 595 : set([70])p: 1.0
--- testing 596 : set([25, 52, 105, 33])p: 0.0863598966595
--- testing 597 : set([25, 13, 52, 105, 49])p: 1.0
--- testing 598 : set([25, 52, 37, 49])p: 1.0
--- testing 599 : set([33, 13, 78, 105])p: 1.0
--- testing 600 : set([49, 37, 78, 13])p: 1.0
--- testing 601 : set([25, 13, 78, 33])p: 1.0
--- testing 602 : set([49, 52, 13, 78, 105])p: 0.0863598966595
--- testing 603 : set([25, 2, 13, 105])p: 1.0
--- testing 604 : set([33, 2, 52, 105])p: 1.0
--- testing 605 : set([49, 2, 52, 13, 105])p: 0.0863598966595
--- testing 606 : set([2, 37, 78])p: 1.0
--- testing 607 : set([33, 37, 63])p: 1.0
--- testing 608 : set([49, 105, 13, 63])p: 1.0
--- testing 609 : set([52, 37, 63])p: 1.0
--- testing 610 : set([37, 78, 63])p: 1.0
--- testing 611 : set([49, 105, 78, 63])p: 1.0
--- testing 612 : set([2, 13, 37, 63])p: 1.0
--- testing 613 : set([80, 33, 37])p: 1.0
--- testing 614 : set([80, 49, 37])p: 1.0
--- testing 615 : set([80, 25, 105])p: 1.0
--- testing 616 : set([80, 37, 78])p: 1.0
--- testing 617 : set([9, 105, 13, 49])p: 1.0
--- testing 618 : set([9, 78, 33])p: 1.0
--- testing 619 : set([9, 2, 37, 13])p: 1.0
--- testing 620 : set([96, 33, 37, 105])p: 0.0863598966595
--- testing 621 : set([96, 49, 37])p: 0.0863598966595
--- testing 622 : set([96, 49, 33])p: 0.0863598966595
--- testing 623 : set([96, 49, 52, 105])p: 0.0863598966595
--- testing 624 : set([96, 49, 78, 105])p: 0.0863598966595
--- testing 625 : set([96, 25, 63])p: 1.0
--- testing 626 : set([96, 9, 13])p: 1.0
--- testing 627 : set([49, 13, 85, 37])p: 1.0
--- testing 628 : set([49, 105, 85, 37])p: 1.0
--- testing 629 : set([25, 85, 33])p: 1.0
--- testing 630 : set([52, 85, 13])p: 1.0
--- testing 631 : set([33, 85, 78])p: 1.0
--- testing 632 : set([2, 85, 37])p: 1.0
--- testing 633 : set([37, 13, 85, 63])p: 1.0
--- testing 634 : set([25, 85, 63])p: 1.0
--- testing 635 : set([80, 85, 78])p: 0.0863598966595
--- testing 636 : set([80, 2, 85])p: 0.0863598966595
--- testing 637 : set([96, 33, 85])p: 0.0863598966595
--- testing 638 : set([33, 4, 37])p: 0.0863598966595
--- testing 639 : set([25, 4, 105])p: 1.0
--- testing 640 : set([2, 22])p: 0.0863598966595
--- testing 641 : set([96, 106])p: 0.0863598966595
--- testing 642 : set([37, 30, 13])p: 1.0
--- testing 643 : set([2, 30])p: 0.0863598966595
--- testing 644 : set([105, 13, 86])p: 1.0
--- testing 645 : set([105, 13, 95])p: 0.0863598966595
--- testing 646 : set([33, 13, 95])p: 1.0
--- testing 647 : set([19, 13])p: 1.0
--- testing 648 : set([49, 19])p: 1.0
--- testing 649 : set([19, 78])p: 1.0
--- testing 650 : set([13, 53, 37])p: 1.0
--- testing 651 : set([53, 63])p: 0.0863598966595
--- testing 652 : set([33, 92])p: 1.0
--- testing 653 : set([25, 92])p: 1.0
--- testing 654 : set([52, 92])p: 1.0
--- testing 655 : set([25, 90])p: 1.0
--- testing 656 : set([13, 31])p: 1.0
--- testing 657 : set([9, 38])p: 1.0
--- testing 658 : set([98, 37])p: 1.0
--- testing 659 : set([49, 54, 105])p: 1.0
--- testing 660 : set([40, 105])p: 1.0
--- testing 661 : set([40, 25])p: 0.0863598966595
--- testing 662 : set([64, 13])p: 1.0
--- testing 663 : set([1])p: 1.0
--- testing 664 : set([12])p: 1.0
--- testing 665 : set([43])p: 1.0
--- testing 666 : set([48])p: 0.0863598966595
--- testing 667 : set([51])p: 1.0
--- testing 668 : set([67])p: 1.0
--- testing 669 : set([79])p: 1.0
--- testing 670 : set([93])p: 1.0
--- testing 671 : set([49, 13, 105, 37, 33])p: 1.0
--- testing 672 : set([25, 52, 37, 13])p: 1.0
--- testing 673 : set([33, 37, 78, 13])p: 0.0771427029404
--- testing 674 : set([25, 52, 78, 49])p: 1.0
--- testing 675 : set([25, 2, 37, 105])p: 1.0
--- testing 676 : set([25, 2, 105, 49])p: 1.0
--- testing 677 : set([105, 2, 52, 37])p: 1.0
--- testing 678 : set([25, 49, 63])p: 1.0
--- testing 679 : set([105, 13, 78, 63])p: 1.0
--- testing 680 : set([49, 2, 13, 63])p: 1.0
--- testing 681 : set([49, 2, 105, 63])p: 1.0
--- testing 682 : set([2, 78, 63])p: 0.0771427029404
--- testing 683 : set([80, 105, 37, 13])p: 1.0
--- testing 684 : set([80, 25, 33])p: 0.0771427029404
--- testing 685 : set([80, 52, 78])p: 1.0
--- testing 686 : set([80, 2, 37])p: 1.0
--- testing 687 : set([80, 25, 2])p: 0.0771427029404
--- testing 688 : set([9, 105, 37, 49])p: 1.0
--- testing 689 : set([9, 105, 13, 25])p: 1.0
--- testing 690 : set([9, 105, 37, 63])p: 1.0
--- testing 691 : set([96, 49, 2])p: 0.0771427029404
--- testing 692 : set([96, 49, 63])p: 1.0
--- testing 693 : set([96, 80, 13])p: 1.0
--- testing 694 : set([49, 105, 85, 33])p: 1.0
--- testing 695 : set([25, 13, 85, 105])p: 1.0
--- testing 696 : set([85, 78, 37])p: 1.0
--- testing 697 : set([49, 85, 78, 105])p: 1.0
--- testing 698 : set([25, 85, 78])p: 0.0771427029404
--- testing 699 : set([49, 2, 85])p: 1.0
--- testing 700 : set([49, 85, 63])p: 1.0
--- testing 701 : set([80, 49, 85, 105])p: 1.0
--- testing 702 : set([9, 85, 105])p: 1.0
--- testing 703 : set([96, 49, 85])p: 0.0771427029404
--- testing 704 : set([105, 4, 78])p: 1.0
--- testing 705 : set([9, 4, 37])p: 1.0
--- testing 706 : set([105, 13, 6])p: 1.0
--- testing 707 : set([33, 37, 6])p: 1.0
--- testing 708 : set([78, 6])p: 1.0
--- testing 709 : set([80, 6])p: 1.0
--- testing 710 : set([85, 6])p: 1.0
--- testing 711 : set([49, 22, 105])p: 0.0771427029404
--- testing 712 : set([22, 63])p: 1.0
--- testing 713 : set([106, 85])p: 1.0
--- testing 714 : set([25, 30, 33])p: 1.0
--- testing 715 : set([4, 30])p: 1.0
--- testing 716 : set([105, 37, 86])p: 1.0
--- testing 717 : set([49, 86, 105])p: 1.0
--- testing 718 : set([52, 86])p: 1.0
--- testing 719 : set([96, 86])p: 1.0
--- testing 720 : set([80, 95])p: 1.0
--- testing 721 : set([49, 59, 13])p: 1.0
--- testing 722 : set([59, 78])p: 1.0
--- testing 723 : set([63, 71])p: 1.0
--- testing 724 : set([96, 53])p: 1.0
--- testing 725 : set([92, 78])p: 1.0
--- testing 726 : set([49, 90])p: 1.0
--- testing 727 : set([33, 38])p: 1.0
--- testing 728 : set([25, 38])p: 1.0
--- testing 729 : set([49, 98])p: 1.0
--- testing 730 : set([98, 2])p: 0.0771427029404
--- testing 731 : set([56, 49])p: 0.0771427029404
--- testing 732 : set([56, 25])p: 0.0771427029404
--- testing 733 : set([105, 14])p: 1.0
--- testing 734 : set([64, 105])p: 1.0
--- testing 735 : set([69, 13])p: 1.0
--- testing 736 : set([69, 37])p: 1.0
--- testing 737 : set([105, 84])p: 1.0
--- testing 738 : set([105, 47])p: 1.0
--- testing 739 : set([8])p: 1.0
--- testing 740 : set([18])p: 1.0
--- testing 741 : set([65])p: 1.0
--- testing 742 : set([82])p: 1.0
--- testing 743 : set([94])p: 1.0
--- testing 744 : set([25, 37, 105, 33, 49])p: 1.0
--- testing 745 : set([25, 105, 52, 37, 49])p: 1.0
--- testing 746 : set([25, 13, 78, 49])p: 1.0
--- testing 747 : set([25, 52, 105, 78, 49])p: 1.0
--- testing 748 : set([49, 2, 105, 13, 33])p: 1.0
--- testing 749 : set([25, 2, 13, 33])p: 1.0
--- testing 750 : set([25, 2, 13, 49])p: 1.0
--- testing 751 : set([33, 2, 78, 105])p: 1.0
--- testing 752 : set([49, 2, 13, 78])p: 0.0678331019613
--- testing 753 : set([49, 2, 78, 33])p: 1.0
--- testing 754 : set([25, 2, 13, 78])p: 0.0678331019613
--- testing 755 : set([2, 52, 78])p: 0.00201259994538
--- testing 756 : set([25, 105, 13, 63])p: 1.0
--- testing 757 : set([25, 105, 33, 63])p: 1.0
--- testing 758 : set([105, 52, 13, 63])p: 1.0
--- testing 759 : set([49, 13, 78, 63])p: 1.0
--- testing 760 : set([25, 78, 63])p: 1.0
--- testing 761 : set([2, 52, 63])p: 1.0
--- testing 762 : set([80, 105, 52, 13])p: 1.0
--- testing 763 : set([80, 105, 2])p: 1.0
--- testing 764 : set([80, 13, 37, 63])p: 1.0
--- testing 765 : set([80, 2, 63])p: 1.0
--- testing 766 : set([9, 33, 49])p: 1.0
--- testing 767 : set([9, 33, 25])p: 1.0
--- testing 768 : set([9, 52, 13])p: 0.0678331019613
--- testing 769 : set([9, 52, 37])p: 1.0
--- testing 770 : set([9, 105, 78, 33])p: 1.0
--- testing 771 : set([80, 9, 37, 13])p: 1.0
--- testing 772 : set([96, 33, 37, 13])p: 0.0678331019613
--- testing 773 : set([96, 25, 13, 105])p: 0.0678331019613
--- testing 774 : set([96, 25, 13, 33])p: 1.0
--- testing 775 : set([96, 25, 105, 33])p: 0.0678331019613
--- testing 776 : set([96, 52, 13])p: 0.0678331019613
--- testing 777 : set([96, 105, 13, 78])p: 0.0678331019613
--- testing 778 : set([96, 78, 63])p: 0.0678331019613
--- testing 779 : set([33, 13, 85, 105])p: 1.0
--- testing 780 : set([33, 105, 85, 37])p: 1.0
--- testing 781 : set([49, 13, 85, 33])p: 0.0678331019613
--- testing 782 : set([25, 13, 85, 37])p: 1.0
--- testing 783 : set([105, 52, 85, 13])p: 1.0
--- testing 784 : set([105, 52, 85, 37])p: 1.0
--- testing 785 : set([33, 52, 85])p: 1.0
--- testing 786 : set([2, 85, 63])p: 1.0
--- testing 787 : set([25, 4, 13])p: 1.0
--- testing 788 : set([2, 4, 13])p: 0.0678331019613
--- testing 789 : set([9, 4, 13])p: 0.0678331019613
--- testing 790 : set([33, 6, 105])p: 1.0
--- testing 791 : set([105, 37, 22])p: 1.0
--- testing 792 : set([33, 13, 22])p: 1.0
--- testing 793 : set([6, 22])p: 1.0
--- testing 794 : set([49, 106, 52])p: 0.0678331019613
--- testing 795 : set([9, 106])p: 1.0
--- testing 796 : set([33, 30, 105])p: 1.0
--- testing 797 : set([105, 52, 30])p: 1.0
--- testing 798 : set([78, 30])p: 1.0
--- testing 799 : set([80, 30])p: 1.0
--- testing 800 : set([9, 30])p: 1.0
--- testing 801 : set([105, 37, 86, 13])p: 1.0
--- testing 802 : set([2, 86])p: 0.00201259994538
--- testing 803 : set([80, 86])p: 1.0
--- testing 804 : set([49, 105, 95])p: 0.0678331019613
--- testing 805 : set([25, 37, 33, 95])p: 1.0
--- testing 806 : set([96, 25, 95])p: 0.00201259994538
--- testing 807 : set([4, 95])p: 1.0
--- testing 808 : set([105, 59, 13])p: 1.0
--- testing 809 : set([25, 59, 13])p: 1.0
--- testing 810 : set([49, 19, 105])p: 1.0
--- testing 811 : set([80, 19])p: 1.0
--- testing 812 : set([33, 53])p: 0.00201259994538
--- testing 813 : set([9, 53])p: 1.0
--- testing 814 : set([33, 35, 37])p: 1.0
--- testing 815 : set([49, 35, 105])p: 1.0
--- testing 816 : set([25, 35])p: 1.0
--- testing 817 : set([35, 85])p: 1.0
--- testing 818 : set([90, 78])p: 1.0
--- testing 819 : set([90, 2])p: 1.0
--- testing 820 : set([2, 38])p: 1.0
--- testing 821 : set([96, 38])p: 1.0
--- testing 822 : set([33, 98, 13])p: 0.0678331019613
--- testing 823 : set([98, 52])p: 1.0
--- testing 824 : set([98, 85])p: 1.0
--- testing 825 : set([33, 54])p: 1.0
--- testing 826 : set([25, 54])p: 1.0
--- testing 827 : set([2, 54])p: 1.0
--- testing 828 : set([56, 33])p: 1.0
--- testing 829 : set([105, 61])p: 1.0
--- testing 830 : set([33, 61])p: 1.0
--- testing 831 : set([37, 103])p: 1.0
--- testing 832 : set([101, 37])p: 1.0
--- testing 833 : set([17])p: 1.0
--- testing 834 : set([27])p: 1.0
--- testing 835 : set([44])p: 1.0
--- testing 836 : set([89])p: 1.0
--- testing 837 : set([97])p: 0.0678331019613
--- testing 838 : set([99])p: 1.0
--- testing 839 : set([25, 13, 105, 37, 33])p: 1.0
--- testing 840 : set([25, 13, 105, 33, 49])p: 1.0
--- testing 841 : set([33, 13, 52, 37, 105])p: 1.0
--- testing 842 : set([49, 13, 37, 78, 105])p: 1.0
--- testing 843 : set([49, 105, 37, 78, 33])p: 1.0
--- testing 844 : set([25, 37, 78, 13])p: 1.0
--- testing 845 : set([25, 105, 13, 78, 49])p: 1.0
--- testing 846 : set([25, 37, 78, 49])p: 1.0
--- testing 847 : set([49, 52, 37, 78, 105])p: 1.0
--- testing 848 : set([49, 52, 105, 78, 33])p: 1.0
--- testing 849 : set([33, 2, 13, 37, 105])p: 1.0
--- testing 850 : set([49, 2, 13, 37, 105])p: 1.0
--- testing 851 : set([25, 2, 13, 37, 105])p: 1.0
--- testing 852 : set([25, 2, 37, 33])p: 1.0
--- testing 853 : set([2, 52, 37, 13])p: 1.0
--- testing 854 : set([25, 2, 52])p: 1.0
--- testing 855 : set([105, 2, 52, 78])p: 0.0584301731019
--- testing 856 : set([49, 13, 37, 63])p: 1.0
--- testing 857 : set([49, 13, 33, 63])p: 1.0
--- testing 858 : set([25, 13, 37, 63])p: 1.0
--- testing 859 : set([49, 52, 13, 63])p: 1.0
--- testing 860 : set([13, 37, 78, 63])p: 1.0
--- testing 861 : set([105, 37, 78, 63])p: 1.0
--- testing 862 : set([105, 2, 13, 63])p: 1.0
--- testing 863 : set([33, 2, 13, 63])p: 0.0584301731019
--- testing 864 : set([25, 2, 13, 63])p: 1.0
--- testing 865 : set([80, 49, 33])p: 0.0584301731019
--- testing 866 : set([80, 25, 49])p: 0.0584301731019
--- testing 867 : set([80, 105, 52, 37])p: 1.0
--- testing 868 : set([80, 105, 13, 78])p: 1.0
--- testing 869 : set([80, 33, 78, 105])p: 1.0
--- testing 870 : set([80, 49, 2])p: 1.0
--- testing 871 : set([80, 105, 63])p: 0.0584301731019
--- testing 872 : set([9, 105, 37, 25])p: 1.0
--- testing 873 : set([9, 52, 49])p: 1.0
--- testing 874 : set([9, 13, 78, 105])p: 1.0
--- testing 875 : set([9, 37, 78, 13])p: 1.0
--- testing 876 : set([9, 37, 78, 105])p: 1.0
--- testing 877 : set([9, 78, 49])p: 1.0
--- testing 878 : set([9, 13, 105, 37, 63])p: 1.0
--- testing 879 : set([9, 2, 63])p: 1.0
--- testing 880 : set([96, 33, 13, 105])p: 1.0
--- testing 881 : set([96, 49, 37, 13])p: 0.0584301731019
--- testing 882 : set([96, 105, 52, 13])p: 0.0584301731019
--- testing 883 : set([96, 52, 37])p: 1.0
--- testing 884 : set([96, 105, 52, 78])p: 0.00144705425842
--- testing 885 : set([96, 13, 37, 63])p: 1.0
--- testing 886 : set([49, 13, 105, 85, 33])p: 1.0
--- testing 887 : set([49, 37, 85, 33])p: 1.0
--- testing 888 : set([25, 85, 49])p: 1.0
--- testing 889 : set([33, 52, 85, 105])p: 1.0
--- testing 890 : set([33, 85, 78, 105])p: 1.0
--- testing 891 : set([33, 2, 85])p: 1.0
--- testing 892 : set([49, 2, 85, 13])p: 1.0
--- testing 893 : set([33, 85, 63])p: 1.0
--- testing 894 : set([49, 105, 85, 63])p: 1.0
--- testing 895 : set([80, 105, 85, 13])p: 1.0
--- testing 896 : set([80, 13, 85, 37])p: 1.0
--- testing 897 : set([80, 33, 85])p: 1.0
--- testing 898 : set([80, 25, 85])p: 0.0584301731019
--- testing 899 : set([80, 2, 85, 13])p: 0.0584301731019
--- testing 900 : set([9, 85, 25])p: 1.0
--- testing 901 : set([96, 13, 85, 37])p: 1.0
--- testing 902 : set([96, 49, 85, 13])p: 0.0584301731019
--- testing 903 : set([96, 2, 85])p: 1.0
--- testing 904 : set([105, 4, 37, 13])p: 1.0
--- testing 905 : set([33, 4, 13])p: 0.0584301731019
--- testing 906 : set([49, 4, 33])p: 1.0
--- testing 907 : set([52, 4, 105, 49])p: 1.0
--- testing 908 : set([33, 4, 78])p: 1.0
--- testing 909 : set([25, 4, 78])p: 1.0
--- testing 910 : set([4, 13, 63])p: 1.0
--- testing 911 : set([4, 37, 63])p: 1.0
--- testing 912 : set([96, 4, 13])p: 1.0
--- testing 913 : set([96, 33, 4])p: 1.0
--- testing 914 : set([4, 85, 37])p: 1.0
--- testing 915 : set([33, 13, 6])p: 1.0
--- testing 916 : set([33, 37, 22])p: 1.0
--- testing 917 : set([105, 52, 22])p: 0.0584301731019
--- testing 918 : set([96, 22])p: 0.00144705425842
--- testing 919 : set([106, 2])p: 0.0584301731019
--- testing 920 : set([49, 13, 30])p: 1.0
--- testing 921 : set([25, 37, 30])p: 1.0
--- testing 922 : set([9, 13, 30])p: 1.0
--- testing 923 : set([105, 52, 86])p: 1.0
--- testing 924 : set([9, 86])p: 1.0
--- testing 925 : set([49, 13, 95])p: 0.00144705425842
--- testing 926 : set([49, 37, 95])p: 0.0584301731019
--- testing 927 : set([49, 33, 95])p: 1.0
--- testing 928 : set([25, 49, 95])p: 0.00144705425842
--- testing 929 : set([105, 52, 95])p: 1.0
--- testing 930 : set([86, 95])p: 0.00144705425842
--- testing 931 : set([105, 59, 52])p: 1.0
--- testing 932 : set([2, 59, 13])p: 0.0584301731019
--- testing 933 : set([105, 53, 13])p: 0.0584301731019
--- testing 934 : set([105, 53, 37])p: 1.0
--- testing 935 : set([25, 53, 37])p: 1.0
--- testing 936 : set([52, 53])p: 1.0
--- testing 937 : set([35, 37, 13])p: 1.0
--- testing 938 : set([92, 37, 13])p: 1.0
--- testing 939 : set([105, 37, 38])p: 1.0
--- testing 940 : set([33, 13, 38])p: 1.0
--- testing 941 : set([33, 37, 38])p: 1.0
--- testing 942 : set([52, 38])p: 1.0
--- testing 943 : set([2, 37, 38])p: 1.0
--- testing 944 : set([38, 63])p: 1.0
--- testing 945 : set([9, 13, 38])p: 1.0
--- testing 946 : set([105, 98, 13])p: 1.0
--- testing 947 : set([98, 63])p: 0.0584301731019
--- testing 948 : set([105, 13, 54])p: 1.0
--- testing 949 : set([52, 54])p: 1.0
--- testing 950 : set([78, 54])p: 1.0
--- testing 951 : set([54, 63])p: 1.0
--- testing 952 : set([40, 37, 13])p: 1.0
--- testing 953 : set([40, 33, 13])p: 1.0
--- testing 954 : set([40, 38])p: 1.0
--- testing 955 : set([61, 37])p: 1.0
--- testing 956 : set([25, 61])p: 1.0
--- testing 957 : set([25, 74])p: 1.0
--- testing 958 : set([64, 37])p: 1.0
--- testing 959 : set([69, 63])p: 1.0
--- testing 960 : set([33, 84])p: 1.0
--- testing 961 : set([25, 84])p: 1.0
--- testing 962 : set([100, 13])p: 1.0
--- testing 963 : set([11, 13])p: 1.0
--- testing 964 : set([3])p: 1.0
--- testing 965 : set([16])p: 0.0584301731019
--- testing 966 : set([23])p: 1.0
--- testing 967 : set([26])p: 1.0
--- testing 968 : set([81])p: 1.0
--- testing 969 : set([83])p: 1.0
--- testing 970 : set([49, 105, 52, 37, 33])p: 1.0
--- testing 971 : set([25, 13, 52, 37, 105])p: 1.0
--- testing 972 : set([25, 52, 13, 33])p: 1.0
--- testing 973 : set([25, 105, 52, 33, 49])p: 1.0
--- testing 974 : set([49, 13, 78, 33])p: 1.0
--- testing 975 : set([25, 13, 37, 78, 105])p: 1.0
--- testing 976 : set([25, 105, 13, 78, 33])p: 1.0
--- testing 977 : set([25, 105, 37, 78, 49])p: 1.0
--- testing 978 : set([52, 37, 78, 13])p: 1.0
--- testing 979 : set([25, 52, 13, 78])p: 1.0
--- testing 980 : set([25, 2, 105, 13, 49])p: 1.0
--- testing 981 : set([105, 2, 52, 37, 13])p: 1.0
--- testing 982 : set([33, 2, 52, 13, 105])p: 1.0
--- testing 983 : set([49, 2, 52, 105, 33])p: 1.0
--- testing 984 : set([105, 2, 13, 78])p: 0.048932986628
--- testing 985 : set([105, 2, 37, 78])p: 1.0
--- testing 986 : set([49, 2, 105, 78, 33])p: 1.0
--- testing 987 : set([33, 105, 13, 63])p: 1.0
--- testing 988 : set([49, 105, 33, 63])p: 1.0
--- testing 989 : set([25, 105, 49, 63])p: 1.0
--- testing 990 : set([49, 13, 52, 105, 63])p: 1.0
--- testing 991 : set([49, 105, 13, 78, 63])p: 1.0
--- testing 992 : set([25, 13, 78, 63])p: 1.0
--- testing 993 : set([2, 13, 78, 63])p: 0.048932986628
--- testing 994 : set([80, 49, 37, 105])p: 1.0
--- testing 995 : set([80, 25, 37, 13])p: 1.0
--- testing 996 : set([80, 33, 52])p: 1.0
--- testing 997 : set([80, 49, 52, 13, 105])p: 1.0
--- testing 998 : set([80, 25, 52])p: 1.0
--- testing 999 : set([80, 105, 52, 78])p: 1.0
--- testing 1000 : set([80, 2, 37, 13])p: 1.0
--- testing 1001 : set([80, 25, 2, 13])p: 0.048932986628
--- testing 1002 : set([80, 2, 13, 63])p: 1.0
--- testing 1003 : set([9, 105, 13, 33])p: 1.0
--- testing 1004 : set([9, 105, 33, 49])p: 1.0
--- testing 1005 : set([9, 52, 105, 49])p: 1.0
--- testing 1006 : set([9, 37, 78, 33])p: 1.0
--- testing 1007 : set([9, 2, 105])p: 1.0
--- testing 1008 : set([9, 33, 63])p: 1.0
--- testing 1009 : set([9, 2, 13, 63])p: 1.0
--- testing 1010 : set([80, 9, 105])p: 1.0
--- testing 1011 : set([80, 9, 33])p: 1.0
--- testing 1012 : set([96, 25, 37, 13])p: 0.000971071497154
--- testing 1013 : set([96, 33, 13, 78])p: 0.048932986628
--- testing 1014 : set([96, 49, 13, 78])p: 0.048932986628
--- testing 1015 : set([96, 25, 78])p: 0.048932986628
--- testing 1016 : set([96, 105, 2, 37])p: 1.0
--- testing 1017 : set([96, 49, 2, 105])p: 0.048932986628
--- testing 1018 : set([96, 25, 2])p: 1.0
--- testing 1019 : set([96, 2, 78])p: 0.048932986628
--- testing 1020 : set([96, 105, 63])p: 1.0
--- testing 1021 : set([96, 25, 33, 63])p: 1.0
--- testing 1022 : set([96, 80, 37])p: 1.0
--- testing 1023 : set([96, 9, 105])p: 0.048932986628
--- testing 1024 : set([96, 9, 37, 13])p: 1.0
--- testing 1025 : set([96, 9, 33])p: 0.048932986628
--- testing 1026 : set([49, 37, 105, 85, 33])p: 1.0
--- testing 1027 : set([25, 105, 85, 37])p: 1.0
--- testing 1028 : set([33, 52, 85, 37])p: 1.0
--- testing 1029 : set([49, 105, 52, 85, 13])p: 1.0
--- testing 1030 : set([105, 85, 78, 13])p: 1.0
--- testing 1031 : set([49, 85, 78, 13])p: 1.0
--- testing 1032 : set([105, 2, 85, 13])p: 1.0
--- testing 1033 : set([2, 13, 85, 37])p: 1.0
--- testing 1034 : set([33, 2, 85, 105])p: 1.0
--- testing 1035 : set([49, 2, 85, 105])p: 1.0
--- testing 1036 : set([25, 2, 85])p: 0.048932986628
--- testing 1037 : set([2, 85, 78])p: 0.048932986628
--- testing 1038 : set([80, 33, 85, 105])p: 1.0
--- testing 1039 : set([80, 49, 85, 13])p: 1.0
--- testing 1040 : set([80, 52, 85])p: 1.0
--- testing 1041 : set([80, 105, 85, 78])p: 1.0
--- testing 1042 : set([80, 85, 63])p: 1.0
--- testing 1043 : set([9, 105, 85, 37])p: 1.0
--- testing 1044 : set([9, 13, 85, 25])p: 1.0
--- testing 1045 : set([9, 85, 78, 105])p: 1.0
--- testing 1046 : set([96, 49, 85, 105])p: 1.0
--- testing 1047 : set([96, 85, 78])p: 1.0
--- testing 1048 : set([96, 13, 85, 63])p: 1.0
--- testing 1049 : set([49, 4, 13])p: 1.0
--- testing 1050 : set([49, 4, 37])p: 1.0
--- testing 1051 : set([25, 4, 37, 105])p: 1.0
--- testing 1052 : set([52, 4, 13])p: 0.048932986628
--- testing 1053 : set([4, 37, 78])p: 1.0
--- testing 1054 : set([2, 4, 37])p: 0.048932986628
--- testing 1055 : set([33, 4, 63])p: 1.0
--- testing 1056 : set([25, 4, 63])p: 1.0
--- testing 1057 : set([9, 4, 105])p: 0.048932986628
--- testing 1058 : set([9, 4, 37, 13])p: 1.0
--- testing 1059 : set([96, 4, 37])p: 1.0
--- testing 1060 : set([96, 2, 4])p: 1.0
--- testing 1061 : set([33, 4, 85])p: 1.0
--- testing 1062 : set([105, 37, 6])p: 1.0
--- testing 1063 : set([49, 13, 6])p: 1.0
--- testing 1064 : set([25, 37, 6])p: 1.0
--- testing 1065 : set([52, 6])p: 1.0
--- testing 1066 : set([105, 78, 6])p: 1.0
--- testing 1067 : set([2, 6])p: 1.0
--- testing 1068 : set([6, 63])p: 1.0
--- testing 1069 : set([4, 6])p: 1.0
--- testing 1070 : set([33, 22, 105])p: 1.0
--- testing 1071 : set([49, 13, 22])p: 0.048932986628
--- testing 1072 : set([49, 37, 22])p: 1.0
--- testing 1073 : set([52, 13, 22])p: 0.048932986628
--- testing 1074 : set([49, 52, 22])p: 0.048932986628
--- testing 1075 : set([105, 78, 22])p: 0.048932986628
--- testing 1076 : set([105, 2, 22])p: 0.048932986628
--- testing 1077 : set([85, 22])p: 1.0
--- testing 1078 : set([6, 22, 37])p: 1.0
--- testing 1079 : set([106, 37, 13])p: 1.0
--- testing 1080 : set([49, 106, 13])p: 0.048932986628
--- testing 1081 : set([49, 106, 52, 105])p: 0.048932986628
--- testing 1082 : set([25, 106, 78])p: 1.0
--- testing 1083 : set([9, 106, 105])p: 1.0
--- testing 1084 : set([96, 106, 13])p: 0.048932986628
--- testing 1085 : set([33, 13, 30])p: 1.0
--- testing 1086 : set([25, 13, 30, 105])p: 1.0
--- testing 1087 : set([96, 13, 30])p: 1.0
--- testing 1088 : set([85, 30, 13])p: 1.0
--- testing 1089 : set([96, 85, 30])p: 1.0
--- testing 1090 : set([105, 78, 86])p: 1.0
--- testing 1091 : set([49, 78, 86])p: 1.0
--- testing 1092 : set([13, 86, 63])p: 1.0
--- testing 1093 : set([37, 86, 63])p: 1.0
--- testing 1094 : set([4, 86])p: 1.0
--- testing 1095 : set([6, 86])p: 1.0
--- testing 1096 : set([25, 105, 95])p: 0.048932986628
--- testing 1097 : set([25, 13, 37, 95])p: 0.000971071497154
--- testing 1098 : set([25, 13, 33, 95])p: 1.0
--- testing 1099 : set([25, 2, 95])p: 0.048932986628
--- testing 1100 : set([9, 95])p: 1.0
--- testing 1101 : set([96, 37, 95])p: 0.000971071497154
--- testing 1102 : set([106, 95])p: 1.0
--- testing 1103 : set([33, 59, 37])p: 1.0
--- testing 1104 : set([25, 59, 37])p: 1.0
--- testing 1105 : set([9, 59, 13])p: 1.0
--- testing 1106 : set([19, 52])p: 1.0
--- testing 1107 : set([33, 19, 78])p: 1.0
--- testing 1108 : set([2, 19])p: 1.0
--- testing 1109 : set([9, 19])p: 0.048932986628
--- testing 1110 : set([19, 6])p: 1.0
--- testing 1111 : set([2, 37, 71])p: 1.0
--- testing 1112 : set([63, 13, 71])p: 1.0
--- testing 1113 : set([37, 53, 63])p: 1.0
--- testing 1114 : set([80, 53])p: 1.0
--- testing 1115 : set([4, 53])p: 1.0
--- testing 1116 : set([105, 35, 52, 49])p: 1.0
--- testing 1117 : set([2, 35])p: 1.0
--- testing 1118 : set([80, 35])p: 1.0
--- testing 1119 : set([9, 35, 13])p: 1.0
--- testing 1120 : set([96, 35])p: 1.0
--- testing 1121 : set([25, 92, 37, 13])p: 1.0
--- testing 1122 : set([25, 92, 33])p: 1.0
--- testing 1123 : set([52, 92, 105, 49])p: 1.0
--- testing 1124 : set([105, 92, 78])p: 1.0
--- testing 1125 : set([2, 92])p: 1.0
--- testing 1126 : set([90, 63])p: 1.0
--- testing 1127 : set([33, 105, 31])p: 1.0
--- testing 1128 : set([49, 31])p: 1.0
--- testing 1129 : set([33, 37, 38, 13])p: 1.0
--- testing 1130 : set([37, 38, 63])p: 1.0
--- testing 1131 : set([80, 38])p: 1.0
--- testing 1132 : set([49, 98, 105])p: 1.0
--- testing 1133 : set([98, 2, 13])p: 0.048932986628
--- testing 1134 : set([98, 85, 13])p: 1.0
--- testing 1135 : set([37, 54, 13])p: 1.0
--- testing 1136 : set([49, 52, 54, 105])p: 1.0
--- testing 1137 : set([56, 49, 105])p: 0.048932986628
--- testing 1138 : set([56, 2])p: 0.048932986628
--- testing 1139 : set([33, 14])p: 1.0
--- testing 1140 : set([14, 63])p: 1.0
--- testing 1141 : set([40, 49])p: 0.048932986628
--- testing 1142 : set([40, 9])p: 1.0
--- testing 1143 : set([40, 96])p: 1.0
--- testing 1144 : set([61, 13])p: 1.0
--- testing 1145 : set([74, 13])p: 1.0
--- testing 1146 : set([64, 33])p: 1.0
--- testing 1147 : set([84, 37])p: 1.0
--- testing 1148 : set([13, 55])p: 1.0
--- testing 1149 : set([2, 55])p: 1.0
--- testing 1150 : set([13, 7])p: 1.0
--- testing 1151 : set([37, 7])p: 1.0
--- testing 1152 : set([13, 103])p: 1.0
--- testing 1153 : set([25, 103])p: 1.0
--- testing 1154 : set([72, 105])p: 1.0
--- testing 1155 : set([24, 13])p: 1.0
--- testing 1156 : set([105, 60])p: 1.0
--- testing 1157 : set([91, 13])p: 1.0
--- testing 1158 : set([105, 91])p: 0.048932986628
--- testing 1159 : set([37, 47])p: 1.0
--- testing 1160 : set([105, 62])p: 1.0
--- testing 1161 : set([33, 67])p: 1.0
--- testing 1162 : set([105, 18])p: 1.0
--- testing 1163 : set([65, 37])p: 1.0
--- testing 1164 : set([10])p: 1.0
--- testing 1165 : set([46])p: 0.048932986628
--- testing 1166 : set([68])p: 1.0
--- testing 1167 : set([25, 37, 13, 33, 49])p: 1.0
--- testing 1168 : set([37, 105, 13, 49, 52, 25])p: 1.0
--- testing 1169 : set([37, 105, 13, 78, 49, 25])p: 1.0
--- testing 1170 : set([25, 33, 78, 49])p: 1.0
--- testing 1171 : set([105, 52, 37, 78, 13])p: 1.0
--- testing 1172 : set([33, 52, 37, 78])p: 1.0
--- testing 1173 : set([25, 52, 13, 78, 105])p: 1.0
--- testing 1174 : set([49, 2, 105, 37, 33])p: 1.0
--- testing 1175 : set([25, 2, 105, 33])p: 1.0
--- testing 1176 : set([25, 2, 13, 37, 49])p: 1.0
--- testing 1177 : set([25, 2, 33, 49])p: 1.0
--- testing 1178 : set([2, 37, 105, 13, 49, 52])p: 1.0
--- testing 1179 : set([25, 2, 52, 13])p: 1.0
--- testing 1180 : set([25, 2, 52, 105, 49])p: 1.0
--- testing 1181 : set([33, 2, 37, 78])p: 1.0
--- testing 1182 : set([49, 2, 13, 78, 105])p: 0.0393406036018
--- testing 1183 : set([49, 2, 37, 78, 105])p: 1.0
--- testing 1184 : set([25, 2, 78, 33])p: 1.0
--- testing 1185 : set([25, 2, 78, 49])p: 1.0
--- testing 1186 : set([49, 2, 52, 78, 105])p: 0.0393406036018
--- testing 1187 : set([49, 105, 37, 63])p: 1.0
--- testing 1188 : set([25, 13, 105, 37, 63])p: 1.0
--- testing 1189 : set([25, 13, 33, 63])p: 1.0
--- testing 1190 : set([25, 33, 49, 63])p: 1.0
--- testing 1191 : set([105, 52, 37, 63])p: 1.0
--- testing 1192 : set([105, 13, 37, 78, 63])p: 1.0
--- testing 1193 : set([33, 78, 63])p: 1.0
--- testing 1194 : set([49, 37, 78, 63])p: 1.0
--- testing 1195 : set([105, 52, 49, 78, 63])p: 1.0
--- testing 1196 : set([49, 2, 33, 63])p: 1.0
--- testing 1197 : set([25, 2, 33, 63])p: 1.0
--- testing 1198 : set([2, 52, 13, 63])p: 1.0
--- testing 1199 : set([80, 33, 37, 13])p: 1.0
--- testing 1200 : set([80, 49, 105, 33])p: 1.0
--- testing 1201 : set([80, 25, 37, 105])p: 1.0
--- testing 1202 : set([80, 25, 52, 37])p: 1.0
--- testing 1203 : set([80, 49, 13, 78, 105])p: 1.0
--- testing 1204 : set([80, 49, 2, 13])p: 1.0
--- testing 1205 : set([80, 2, 78])p: 0.0393406036018
--- testing 1206 : set([80, 52, 63])p: 1.0
--- testing 1207 : set([9, 13, 105, 37, 49])p: 1.0
--- testing 1208 : set([9, 37, 105, 33, 49])p: 1.0
--- testing 1209 : set([9, 13, 105, 37, 25])p: 1.0
--- testing 1210 : set([9, 13, 33, 25])p: 1.0
--- testing 1211 : set([9, 105, 33, 25])p: 1.0
--- testing 1212 : set([9, 37, 33, 25])p: 1.0
--- testing 1213 : set([9, 49, 25])p: 1.0
--- testing 1214 : set([9, 52, 37, 105])p: 1.0
--- testing 1215 : set([9, 105, 37, 78, 33])p: 1.0
--- testing 1216 : set([9, 105, 78, 49])p: 1.0
--- testing 1217 : set([9, 2, 37, 105])p: 1.0
--- testing 1218 : set([9, 2, 33])p: 1.0
--- testing 1219 : set([9, 2, 49])p: 1.0
--- testing 1220 : set([9, 2, 37, 13, 25])p: 1.0
--- testing 1221 : set([96, 49, 37, 105])p: 0.0393406036018
--- testing 1222 : set([96, 49, 105, 33])p: 1.0
--- testing 1223 : set([96, 25, 37, 105])p: 0.0393406036018
--- testing 1224 : set([96, 25, 37, 33])p: 1.0
--- testing 1225 : set([96, 25, 49])p: 0.0393406036018
--- testing 1226 : set([96, 105, 52, 37])p: 1.0
--- testing 1227 : set([96, 33, 52, 105])p: 0.0393406036018
--- testing 1228 : set([96, 37, 78, 13])p: 0.0393406036018
--- testing 1229 : set([96, 33, 78, 105])p: 0.0393406036018
--- testing 1230 : set([96, 49, 13, 78, 105])p: 0.0393406036018
--- testing 1231 : set([96, 2, 37, 13])p: 1.0
--- testing 1232 : set([96, 33, 2, 105])p: 1.0
--- testing 1233 : set([96, 33, 2, 37])p: 1.0
--- testing 1234 : set([96, 2, 52])p: 0.0393406036018
--- testing 1235 : set([96, 49, 2, 78, 105])p: 0.0393406036018
--- testing 1236 : set([96, 80, 105])p: 1.0
--- testing 1237 : set([96, 9, 105, 33])p: 0.0393406036018
--- testing 1238 : set([96, 9, 78])p: 1.0
--- testing 1239 : set([49, 13, 105, 85, 37])p: 1.0
--- testing 1240 : set([25, 105, 85, 49])p: 1.0
--- testing 1241 : set([13, 52, 85, 37])p: 1.0
--- testing 1242 : set([33, 52, 85, 13])p: 1.0
--- testing 1243 : set([33, 105, 52, 85, 37])p: 1.0
--- testing 1244 : set([49, 105, 52, 85, 37])p: 1.0
--- testing 1245 : set([49, 105, 52, 85, 33])p: 1.0
--- testing 1246 : set([105, 85, 78, 37])p: 1.0
--- testing 1247 : set([25, 85, 78, 13])p: 0.0393406036018
--- testing 1248 : set([105, 2, 85, 37])p: 1.0
--- testing 1249 : set([105, 13, 85, 63])p: 1.0
--- testing 1250 : set([85, 78, 63])p: 1.0
--- testing 1251 : set([80, 49, 13, 85, 105])p: 1.0
--- testing 1252 : set([80, 13, 85, 63])p: 1.0
--- testing 1253 : set([9, 13, 85, 105])p: 1.0
--- testing 1254 : set([9, 85, 33])p: 1.0
--- testing 1255 : set([9, 85, 63])p: 1.0
--- testing 1256 : set([96, 33, 85, 13])p: 0.0393406036018
--- testing 1257 : set([96, 33, 85, 37])p: 1.0
--- testing 1258 : set([96, 49, 13, 85, 105])p: 1.0
--- testing 1259 : set([96, 49, 85, 33])p: 0.0393406036018
--- testing 1260 : set([96, 33, 85, 78])p: 1.0
--- testing 1261 : set([96, 2, 85, 37])p: 1.0
--- testing 1262 : set([96, 37, 85, 63])p: 1.0
--- testing 1263 : set([96, 80, 85])p: 1.0
--- testing 1264 : set([49, 4, 105, 33])p: 1.0
--- testing 1265 : set([25, 4, 37, 13])p: 1.0
--- testing 1266 : set([25, 4, 49])p: 1.0
--- testing 1267 : set([52, 4, 13, 105])p: 0.0393406036018
--- testing 1268 : set([52, 4, 25])p: 1.0
--- testing 1269 : set([105, 4, 63])p: 1.0
--- testing 1270 : set([49, 4, 63])p: 1.0
--- testing 1271 : set([80, 105, 4])p: 1.0
--- testing 1272 : set([80, 4, 37])p: 1.0
--- testing 1273 : set([9, 4, 25])p: 1.0
--- testing 1274 : set([105, 4, 85])p: 1.0
--- testing 1275 : set([49, 4, 85])p: 1.0
--- testing 1276 : set([25, 4, 85])p: 1.0
--- testing 1277 : set([105, 37, 6, 13])p: 1.0
--- testing 1278 : set([33, 37, 6, 13])p: 1.0
--- testing 1279 : set([49, 6, 105])p: 1.0
--- testing 1280 : set([25, 6, 33])p: 1.0
--- testing 1281 : set([9, 6])p: 1.0
--- testing 1282 : set([25, 22, 105])p: 0.0393406036018
--- testing 1283 : set([33, 52, 22])p: 1.0
--- testing 1284 : set([49, 52, 22, 105])p: 0.0393406036018
--- testing 1285 : set([2, 52, 22])p: 0.0393406036018
--- testing 1286 : set([13, 22, 63])p: 1.0
--- testing 1287 : set([80, 22])p: 1.0
--- testing 1288 : set([4, 22])p: 1.0
--- testing 1289 : set([33, 6, 22])p: 1.0
--- testing 1290 : set([105, 106, 37])p: 1.0
--- testing 1291 : set([33, 106, 13])p: 1.0
--- testing 1292 : set([49, 106, 13, 105])p: 0.0393406036018
--- testing 1293 : set([49, 106, 37])p: 1.0
--- testing 1294 : set([49, 106, 33])p: 1.0
--- testing 1295 : set([25, 106, 13])p: 1.0
--- testing 1296 : set([25, 106, 105])p: 1.0
--- testing 1297 : set([25, 106, 33])p: 1.0
--- testing 1298 : set([106, 13, 78])p: 0.0393406036018
--- testing 1299 : set([106, 4])p: 1.0
--- testing 1300 : set([106, 6])p: 1.0
--- testing 1301 : set([25, 13, 30, 33])p: 1.0
--- testing 1302 : set([25, 105, 30, 33])p: 1.0
--- testing 1303 : set([25, 30, 49])p: 1.0
--- testing 1304 : set([25, 52, 30])p: 1.0
--- testing 1305 : set([105, 78, 30])p: 1.0
--- testing 1306 : set([25, 2, 30])p: 0.0393406036018
--- testing 1307 : set([13, 30, 63])p: 1.0
--- testing 1308 : set([105, 30, 63])p: 1.0
--- testing 1309 : set([85, 30, 37])p: 1.0
--- testing 1310 : set([33, 86, 105])p: 1.0
--- testing 1311 : set([49, 37, 86])p: 1.0
--- testing 1312 : set([49, 78, 86, 105])p: 1.0
--- testing 1313 : set([96, 105, 86])p: 1.0
--- testing 1314 : set([85, 86])p: 1.0
--- testing 1315 : set([22, 86])p: 0.0393406036018
--- testing 1316 : set([105, 37, 95])p: 0.0393406036018
--- testing 1317 : set([33, 13, 37, 95])p: 1.0
--- testing 1318 : set([49, 13, 37, 95])p: 0.0393406036018
--- testing 1319 : set([49, 105, 33, 95])p: 1.0
--- testing 1320 : set([49, 37, 33, 95])p: 1.0
--- testing 1321 : set([25, 37, 49, 95])p: 0.0393406036018
--- testing 1322 : set([25, 33, 49, 95])p: 1.0
--- testing 1323 : set([52, 13, 95])p: 1.0
--- testing 1324 : set([33, 52, 95])p: 1.0
--- testing 1325 : set([105, 2, 95])p: 1.0
--- testing 1326 : set([33, 2, 95])p: 1.0
--- testing 1327 : set([96, 25, 13, 95])p: 0.0005864923607
--- testing 1328 : set([96, 25, 37, 95])p: 0.0005864923607
--- testing 1329 : set([105, 85, 95])p: 1.0
--- testing 1330 : set([33, 85, 95])p: 1.0
--- testing 1331 : set([25, 85, 95])p: 1.0
--- testing 1332 : set([33, 106, 95])p: 1.0
--- testing 1333 : set([25, 30, 95])p: 0.0393406036018
--- testing 1334 : set([49, 59, 37])p: 1.0
--- testing 1335 : set([49, 59, 52, 105])p: 1.0
--- testing 1336 : set([59, 13, 78])p: 1.0
--- testing 1337 : set([59, 13, 63])p: 1.0
--- testing 1338 : set([59, 85])p: 1.0
--- testing 1339 : set([33, 19, 105])p: 1.0
--- testing 1340 : set([25, 19])p: 1.0
--- testing 1341 : set([105, 19, 52])p: 1.0
--- testing 1342 : set([96, 19])p: 1.0
--- testing 1343 : set([105, 13, 71])p: 1.0
--- testing 1344 : set([105, 37, 71])p: 1.0
--- testing 1345 : set([33, 71])p: 1.0
--- testing 1346 : set([25, 71])p: 1.0
--- testing 1347 : set([63, 37, 71])p: 1.0
--- testing 1348 : set([9, 71])p: 1.0
--- testing 1349 : set([4, 71])p: 1.0
--- testing 1350 : set([49, 53])p: 0.0393406036018
--- testing 1351 : set([53, 78])p: 1.0
--- testing 1352 : set([13, 53, 63])p: 0.0393406036018
--- testing 1353 : set([96, 53, 37])p: 1.0
--- testing 1354 : set([53, 85])p: 1.0
--- testing 1355 : set([105, 35, 13])p: 1.0
--- testing 1356 : set([33, 35, 105])p: 1.0
--- testing 1357 : set([52, 92, 25])p: 1.0
--- testing 1358 : set([49, 92, 78, 105])p: 1.0
--- testing 1359 : set([92, 63])p: 1.0
--- testing 1360 : set([92, 86])p: 1.0
--- testing 1361 : set([90, 37, 13])p: 1.0
--- testing 1362 : set([33, 90])p: 1.0
--- testing 1363 : set([49, 90, 105])p: 1.0
--- testing 1364 : set([25, 90, 13])p: 1.0
--- testing 1365 : set([90, 85])p: 1.0
--- testing 1366 : set([25, 31])p: 0.0393406036018
--- testing 1367 : set([52, 31])p: 1.0
--- testing 1368 : set([105, 13, 38])p: 1.0
--- testing 1369 : set([49, 38])p: 1.0
--- testing 1370 : set([25, 38, 33])p: 1.0
--- testing 1371 : set([52, 37, 38])p: 1.0
--- testing 1372 : set([2, 13, 38])p: 1.0
--- testing 1373 : set([80, 37, 38])p: 1.0
--- testing 1374 : set([9, 37, 38])p: 1.0
--- testing 1375 : set([96, 13, 38])p: 1.0
--- testing 1376 : set([96, 105, 38])p: 1.0
--- testing 1377 : set([96, 37, 38])p: 1.0
--- testing 1378 : set([49, 98, 13])p: 1.0
--- testing 1379 : set([25, 98, 13])p: 1.0
--- testing 1380 : set([105, 98, 52])p: 1.0
--- testing 1381 : set([49, 98, 52])p: 1.0
--- testing 1382 : set([98, 78])p: 1.0
--- testing 1383 : set([33, 98, 2])p: 0.0393406036018
--- testing 1384 : set([98, 13, 63])p: 0.0393406036018
--- testing 1385 : set([98, 22])p: 1.0
--- testing 1386 : set([98, 30])p: 1.0
--- testing 1387 : set([13, 54, 63])p: 1.0
--- testing 1388 : set([80, 54])p: 1.0
--- testing 1389 : set([4, 54])p: 1.0
--- testing 1390 : set([56, 105, 13])p: 1.0
--- testing 1391 : set([56, 37, 13])p: 1.0
--- testing 1392 : set([56, 105, 37])p: 1.0
--- testing 1393 : set([56, 25, 13])p: 1.0
--- testing 1394 : set([56, 25, 105])p: 1.0
--- testing 1395 : set([56, 52])p: 0.0393406036018
--- testing 1396 : set([56, 105, 78])p: 1.0
--- testing 1397 : set([49, 14])p: 1.0
--- testing 1398 : set([80, 14])p: 1.0
--- testing 1399 : set([40, 105, 13])p: 1.0
--- testing 1400 : set([40, 49, 33])p: 0.0393406036018
--- testing 1401 : set([40, 25, 13])p: 1.0
--- testing 1402 : set([40, 25, 33])p: 0.0393406036018
--- testing 1403 : set([40, 106])p: 1.0
--- testing 1404 : set([40, 33, 95])p: 1.0
--- testing 1405 : set([40, 37, 38])p: 1.0
--- testing 1406 : set([61, 63])p: 1.0
--- testing 1407 : set([33, 74])p: 1.0
--- testing 1408 : set([96, 74])p: 1.0
--- testing 1409 : set([64, 96])p: 1.0
--- testing 1410 : set([2, 69])p: 1.0
--- testing 1411 : set([84, 78])p: 1.0
--- testing 1412 : set([33, 55])p: 1.0
--- testing 1413 : set([21, 13])p: 1.0
--- testing 1414 : set([72, 33])p: 1.0
--- testing 1415 : set([72, 49])p: 1.0
--- testing 1416 : set([9, 101])p: 1.0
--- testing 1417 : set([9, 100])p: 1.0
--- testing 1418 : set([60, 63])p: 1.0
--- testing 1419 : set([91, 37])p: 1.0
--- testing 1420 : set([37, 15])p: 1.0
--- testing 1421 : set([105, 66])p: 1.0
--- testing 1422 : set([20, 13])p: 1.0
--- testing 1423 : set([25, 20])p: 1.0
--- testing 1424 : set([33, 62])p: 0.0393406036018
--- testing 1425 : set([73, 105])p: 1.0
--- testing 1426 : set([11, 37])p: 1.0
--- testing 1427 : set([13, 70])p: 1.0
--- testing 1428 : set([33, 67, 105])p: 1.0
--- testing 1429 : set([82, 13])p: 1.0
--- testing 1430 : set([105, 44])p: 1.0
--- testing 1431 : set([25, 99])p: 1.0
--- testing 1432 : set([36])p: 1.0
--- testing 1433 : set([39])p: 1.0
--- testing 1434 : set([50])p: 1.0
--- testing 1435 : set([58])p: 1.0
--- testing 1436 : set([87])p: 1.0
--- testing 1437 : set([33, 37, 105, 13, 49, 25])p: 1.0
--- testing 1438 : set([33, 37, 105, 13, 49, 52])p: 1.0
--- testing 1439 : set([25, 13, 52, 105, 33])p: 1.0
--- testing 1440 : set([25, 52, 37, 33])p: 1.0
--- testing 1441 : set([33, 13, 37, 78, 105])p: 1.0
--- testing 1442 : set([49, 105, 13, 78, 33])p: 1.0
--- testing 1443 : set([25, 37, 78, 33])p: 1.0
--- testing 1444 : set([25, 13, 33, 78, 49])p: 1.0
--- testing 1445 : set([33, 52, 37, 78, 105])p: 1.0
--- testing 1446 : set([37, 105, 13, 78, 49, 52])p: 1.0
--- testing 1447 : set([25, 52, 78, 33])p: 0.0296520757915
--- testing 1448 : set([105, 13, 78, 49, 52, 25])p: 1.0
--- testing 1449 : set([25, 2, 105, 13, 33])p: 1.0
--- testing 1450 : set([25, 2, 13, 37, 33])p: 1.0
--- testing 1451 : set([25, 2, 105, 37, 33])p: 1.0
--- testing 1452 : set([25, 2, 13, 33, 49])p: 1.0
--- testing 1453 : set([33, 2, 52, 37, 105])p: 1.0
--- testing 1454 : set([33, 2, 105, 13, 49, 52])p: 1.0
--- testing 1455 : set([2, 37, 105, 13, 49, 52, 25])p: 1.0
--- testing 1456 : set([2, 37, 78, 13])p: 1.0
--- testing 1457 : set([33, 2, 37, 78, 105])p: 1.0
--- testing 1458 : set([25, 2, 13, 78, 33])p: 1.0
--- testing 1459 : set([25, 2, 13, 78, 49])p: 1.0
--- testing 1460 : set([25, 2, 105, 78, 49])p: 1.0
--- testing 1461 : set([33, 2, 52, 78, 105])p: 1.0
--- testing 1462 : set([49, 37, 33, 63])p: 1.0
--- testing 1463 : set([25, 13, 105, 33, 63])p: 1.0
--- testing 1464 : set([25, 37, 49, 63])p: 1.0
--- testing 1465 : set([33, 52, 63])p: 1.0
--- testing 1466 : set([49, 13, 37, 78, 63])p: 1.0
--- testing 1467 : set([49, 105, 37, 78, 63])p: 1.0
--- testing 1468 : set([37, 105, 13, 78, 25, 63])p: 1.0
--- testing 1469 : set([25, 13, 49, 78, 63])p: 1.0
--- testing 1470 : set([105, 2, 37, 63])p: 1.0
--- testing 1471 : set([33, 2, 37, 63])p: 1.0
--- testing 1472 : set([49, 2, 37, 63])p: 1.0
--- testing 1473 : set([25, 2, 37, 63])p: 1.0
--- testing 1474 : set([25, 2, 49, 63])p: 1.0
--- testing 1475 : set([2, 105, 13, 49, 52, 63])p: 1.0
--- testing 1476 : set([25, 2, 52, 63])p: 1.0
--- testing 1477 : set([2, 37, 78, 63])p: 1.0
--- testing 1478 : set([49, 2, 78, 63])p: 1.0
--- testing 1479 : set([25, 2, 13, 78, 63])p: 1.0
--- testing 1480 : set([80, 33, 13, 105])p: 1.0
--- testing 1481 : set([80, 49, 37, 13])p: 1.0
--- testing 1482 : set([80, 49, 13, 33])p: 1.0
--- testing 1483 : set([80, 25, 13, 105])p: 1.0
--- testing 1484 : set([80, 25, 13, 33])p: 1.0
--- testing 1485 : set([80, 25, 105, 33])p: 1.0
--- testing 1486 : set([80, 33, 52, 13])p: 1.0
--- testing 1487 : set([80, 33, 52, 105])p: 1.0
--- testing 1488 : set([80, 25, 13, 78])p: 0.0296520757915
--- testing 1489 : set([80, 25, 78, 33])p: 1.0
--- testing 1490 : set([80, 49, 52, 78, 105])p: 1.0
--- testing 1491 : set([80, 33, 2, 105])p: 1.0
--- testing 1492 : set([80, 49, 2, 105])p: 1.0
--- testing 1493 : set([80, 25, 2, 78])p: 0.0296520757915
--- testing 1494 : set([80, 105, 13, 63])p: 1.0
--- testing 1495 : set([80, 33, 63])p: 1.0
--- testing 1496 : set([80, 49, 63])p: 1.0
--- testing 1497 : set([80, 52, 13, 63])p: 1.0
--- testing 1498 : set([80, 105, 52, 63])p: 1.0
--- testing 1499 : set([80, 78, 63])p: 0.0296520757915
--- testing 1500 : set([80, 2, 13, 37, 63])p: 1.0
--- testing 1501 : set([9, 13, 105, 37, 33])p: 1.0
--- testing 1502 : set([9, 37, 13, 33, 25])p: 1.0
--- testing 1503 : set([9, 13, 49, 25])p: 1.0
--- testing 1504 : set([9, 105, 49, 25])p: 1.0
--- testing 1505 : set([9, 37, 49, 25])p: 1.0
--- testing 1506 : set([9, 52, 13, 105])p: 0.0296520757915
--- testing 1507 : set([9, 52, 33])p: 1.0
--- testing 1508 : set([9, 78, 25])p: 1.0
--- testing 1509 : set([9, 52, 78, 105])p: 1.0
--- testing 1510 : set([9, 2, 13, 105])p: 1.0
--- testing 1511 : set([9, 2, 105, 37, 33])p: 1.0
--- testing 1512 : set([9, 2, 13, 49])p: 1.0
--- testing 1513 : set([9, 2, 105, 49])p: 1.0
--- testing 1514 : set([9, 2, 37, 49])p: 1.0
--- testing 1515 : set([9, 2, 52, 37])p: 1.0
--- testing 1516 : set([9, 105, 33, 63])p: 1.0
--- testing 1517 : set([9, 25, 63])p: 1.0
--- testing 1518 : set([9, 78, 63])p: 1.0
--- testing 1519 : set([9, 2, 37, 63])p: 1.0
--- testing 1520 : set([80, 9, 37, 105])p: 1.0
--- testing 1521 : set([80, 9, 13, 33])p: 1.0
--- testing 1522 : set([80, 9, 52])p: 1.0
--- testing 1523 : set([80, 9, 78])p: 1.0
--- testing 1524 : set([80, 9, 13, 63])p: 1.0
--- testing 1525 : set([96, 33, 13, 37, 105])p: 1.0
--- testing 1526 : set([96, 49, 13, 37, 105])p: 0.0296520757915
--- testing 1527 : set([96, 25, 105, 13, 33])p: 1.0
--- testing 1528 : set([96, 25, 105, 37, 33])p: 1.0
--- testing 1529 : set([96, 25, 105, 13, 49])p: 0.0296520757915
--- testing 1530 : set([96, 49, 52, 13, 105])p: 0.0296520757915
--- testing 1531 : set([96, 25, 52, 105])p: 0.0296520757915
--- testing 1532 : set([96, 105, 37, 78])p: 1.0
--- testing 1533 : set([96, 33, 37, 78])p: 0.0296520757915
--- testing 1534 : set([96, 25, 78, 33])p: 0.0296520757915
--- testing 1535 : set([96, 105, 52, 13, 78])p: 0.0296520757915
--- testing 1536 : set([96, 49, 52, 78, 105])p: 0.0296520757915
--- testing 1537 : set([96, 105, 2, 13])p: 0.0296520757915
--- testing 1538 : set([96, 33, 2, 13])p: 1.0
--- testing 1539 : set([96, 33, 2, 37, 105])p: 1.0
--- testing 1540 : set([96, 49, 2, 13])p: 0.0296520757915
--- testing 1541 : set([96, 49, 2, 33])p: 1.0
--- testing 1542 : set([96, 25, 2, 33])p: 1.0
--- testing 1543 : set([96, 105, 2, 52])p: 0.0296520757915
--- testing 1544 : set([96, 49, 13, 63])p: 1.0
--- testing 1545 : set([96, 49, 105, 63])p: 1.0
--- testing 1546 : set([96, 49, 37, 63])p: 1.0
--- testing 1547 : set([96, 52, 63])p: 1.0
--- testing 1548 : set([96, 105, 78, 63])p: 1.0
--- testing 1549 : set([96, 33, 2, 63])p: 1.0
--- testing 1550 : set([96, 80, 13, 105])p: 1.0
--- testing 1551 : set([96, 80, 78])p: 1.0
--- testing 1552 : set([96, 80, 2])p: 1.0
--- testing 1553 : set([96, 9, 105, 37, 33])p: 0.0296520757915
--- testing 1554 : set([96, 9, 78, 105])p: 1.0
--- testing 1555 : set([96, 9, 37, 78])p: 1.0
--- testing 1556 : set([96, 9, 63])p: 1.0
--- testing 1557 : set([33, 37, 105, 13, 49, 85])p: 1.0
--- testing 1558 : set([25, 13, 105, 85, 37])p: 1.0
--- testing 1559 : set([25, 37, 85, 33])p: 1.0
--- testing 1560 : set([105, 13, 52, 85, 37])p: 1.0
--- testing 1561 : set([33, 13, 52, 85, 37])p: 1.0
--- testing 1562 : set([33, 105, 13, 49, 52, 85])p: 1.0
--- testing 1563 : set([33, 37, 105, 49, 52, 85])p: 1.0
--- testing 1564 : set([33, 105, 85, 78, 37])p: 1.0
--- testing 1565 : set([49, 85, 78, 37])p: 1.0
--- testing 1566 : set([49, 105, 85, 78, 33])p: 1.0
--- testing 1567 : set([33, 2, 85, 13])p: 1.0
--- testing 1568 : set([33, 2, 105, 85, 37])p: 1.0
--- testing 1569 : set([49, 2, 13, 85, 105])p: 1.0
--- testing 1570 : set([49, 2, 85, 37])p: 1.0
--- testing 1571 : set([49, 2, 105, 85, 33])p: 1.0
--- testing 1572 : set([105, 2, 85, 78])p: 1.0
--- testing 1573 : set([105, 37, 85, 63])p: 1.0
--- testing 1574 : set([33, 105, 85, 63])p: 1.0
--- testing 1575 : set([49, 13, 85, 63])p: 1.0
--- testing 1576 : set([49, 33, 85, 63])p: 1.0
--- testing 1577 : set([25, 105, 85, 63])p: 1.0
--- testing 1578 : set([25, 33, 85, 63])p: 1.0
--- testing 1579 : set([49, 105, 85, 78, 63])p: 1.0
--- testing 1580 : set([2, 13, 85, 63])p: 1.0
--- testing 1581 : set([80, 33, 85, 13])p: 1.0
--- testing 1582 : set([80, 25, 85, 13])p: 0.0296520757915
--- testing 1583 : set([80, 52, 85, 13])p: 1.0
--- testing 1584 : set([80, 105, 52, 85])p: 1.0
--- testing 1585 : set([80, 33, 52, 85])p: 1.0
--- testing 1586 : set([80, 85, 78, 13])p: 0.0296520757915
--- testing 1587 : set([80, 49, 85, 78, 105])p: 1.0
--- testing 1588 : set([80, 25, 85, 78])p: 0.0296520757915
--- testing 1589 : set([80, 49, 2, 85])p: 1.0
--- testing 1590 : set([80, 37, 13, 85, 63])p: 1.0
--- testing 1591 : set([80, 2, 85, 63])p: 1.0
--- testing 1592 : set([9, 13, 105, 85, 37])p: 1.0
--- testing 1593 : set([9, 37, 85, 33])p: 1.0
--- testing 1594 : set([9, 105, 85, 49])p: 1.0
--- testing 1595 : set([9, 37, 13, 85, 25])p: 1.0
--- testing 1596 : set([9, 105, 85, 78, 33])p: 1.0
--- testing 1597 : set([9, 105, 85, 63])p: 1.0
--- testing 1598 : set([9, 37, 85, 63])p: 1.0
--- testing 1599 : set([80, 9, 85])p: 1.0
--- testing 1600 : set([96, 105, 85, 37])p: 1.0
--- testing 1601 : set([96, 33, 85, 105])p: 1.0
--- testing 1602 : set([96, 25, 85, 105])p: 1.0
--- testing 1603 : set([96, 25, 85, 37])p: 1.0
--- testing 1604 : set([96, 25, 85, 33])p: 1.0
--- testing 1605 : set([96, 33, 37, 85, 63])p: 1.0
--- testing 1606 : set([96, 49, 85, 63])p: 1.0
--- testing 1607 : set([33, 4, 37, 13])p: 0.0296520757915
--- testing 1608 : set([33, 4, 37, 105])p: 1.0
--- testing 1609 : set([49, 4, 13, 105])p: 1.0
--- testing 1610 : set([49, 4, 37, 105])p: 1.0
--- testing 1611 : set([25, 4, 33])p: 1.0
--- testing 1612 : set([105, 4, 37, 78])p: 1.0
--- testing 1613 : set([33, 4, 78, 105])p: 1.0
--- testing 1614 : set([49, 4, 78])p: 1.0
--- testing 1615 : set([25, 4, 78, 105])p: 1.0
--- testing 1616 : set([25, 4, 37, 78])p: 1.0
--- testing 1617 : set([2, 4, 37, 13])p: 0.0296520757915
--- testing 1618 : set([25, 2, 4])p: 1.0
--- testing 1619 : set([13, 4, 37, 63])p: 1.0
--- testing 1620 : set([49, 4, 105, 63])p: 1.0
--- testing 1621 : set([25, 4, 37, 63])p: 1.0
--- testing 1622 : set([2, 4, 63])p: 1.0
--- testing 1623 : set([80, 4, 13])p: 1.0
--- testing 1624 : set([80, 4, 78])p: 1.0
--- testing 1625 : set([9, 4, 13, 105])p: 0.0296520757915
--- testing 1626 : set([9, 13, 4, 37, 25])p: 1.0
--- testing 1627 : set([96, 49, 4])p: 1.0
--- testing 1628 : set([96, 4, 78])p: 1.0
--- testing 1629 : set([96, 4, 63])p: 1.0
--- testing 1630 : set([4, 85, 13])p: 1.0
--- testing 1631 : set([105, 4, 85, 37])p: 1.0
--- testing 1632 : set([49, 4, 85, 37])p: 1.0
--- testing 1633 : set([37, 4, 85, 63])p: 1.0
--- testing 1634 : set([96, 4, 85])p: 1.0
--- testing 1635 : set([33, 13, 6, 105])p: 1.0
--- testing 1636 : set([49, 13, 6, 105])p: 1.0
--- testing 1637 : set([25, 37, 6, 13])p: 1.0
--- testing 1638 : set([33, 78, 6, 105])p: 1.0
--- testing 1639 : set([13, 6, 63])p: 1.0
--- testing 1640 : set([37, 6, 63])p: 1.0
--- testing 1641 : set([80, 13, 6])p: 1.0
--- testing 1642 : set([80, 105, 6])p: 1.0
--- testing 1643 : set([96, 13, 6])p: 1.0
--- testing 1644 : set([96, 105, 6])p: 1.0
--- testing 1645 : set([96, 85, 6])p: 1.0
--- testing 1646 : set([105, 37, 22, 13])p: 1.0
--- testing 1647 : set([33, 13, 22, 105])p: 1.0
--- testing 1648 : set([49, 37, 22, 13])p: 1.0
--- testing 1649 : set([105, 52, 13, 22])p: 0.0296520757915
--- testing 1650 : set([25, 78, 22])p: 1.0
--- testing 1651 : set([52, 78, 22])p: 0.0296520757915
--- testing 1652 : set([2, 13, 22])p: 0.0296520757915
--- testing 1653 : set([105, 2, 52, 22])p: 0.0296520757915
--- testing 1654 : set([37, 22, 63])p: 1.0
--- testing 1655 : set([80, 37, 22, 13])p: 1.0
--- testing 1656 : set([9, 22])p: 1.0
--- testing 1657 : set([96, 13, 22])p: 0.0296520757915
--- testing 1658 : set([85, 22, 13])p: 1.0
--- testing 1659 : set([105, 85, 22])p: 1.0
--- testing 1660 : set([33, 6, 22, 37])p: 1.0
--- testing 1661 : set([33, 106, 37])p: 1.0
--- testing 1662 : set([105, 106, 78])p: 0.0296520757915
--- testing 1663 : set([106, 2, 13])p: 0.0296520757915
--- testing 1664 : set([105, 106, 2])p: 0.0296520757915
--- testing 1665 : set([106, 13, 63])p: 1.0
--- testing 1666 : set([9, 106, 13, 105])p: 1.0
--- testing 1667 : set([96, 105, 106, 13])p: 0.0296520757915
--- testing 1668 : set([33, 37, 30])p: 1.0
--- testing 1669 : set([25, 37, 30, 13])p: 1.0
--- testing 1670 : set([25, 105, 13, 30, 33])p: 1.0
--- testing 1671 : set([25, 105, 30, 49])p: 1.0
--- testing 1672 : set([49, 52, 30, 105])p: 1.0
--- testing 1673 : set([25, 52, 30, 105])p: 1.0
--- testing 1674 : set([33, 78, 30])p: 1.0
--- testing 1675 : set([2, 37, 30])p: 1.0
--- testing 1676 : set([49, 2, 30])p: 1.0
--- testing 1677 : set([37, 30, 63])p: 1.0
--- testing 1678 : set([25, 30, 63])p: 1.0
--- testing 1679 : set([80, 13, 30])p: 1.0
--- testing 1680 : set([9, 13, 30, 105])p: 1.0
--- testing 1681 : set([9, 13, 30, 25])p: 1.0
--- testing 1682 : set([96, 33, 30])p: 1.0
--- testing 1683 : set([49, 85, 30])p: 1.0
--- testing 1684 : set([96, 85, 30, 37])p: 1.0
--- testing 1685 : set([22, 30])p: 1.0
--- testing 1686 : set([106, 30])p: 1.0
--- testing 1687 : set([33, 13, 86])p: 1.0
--- testing 1688 : set([33, 37, 86])p: 1.0
--- testing 1689 : set([49, 37, 86, 13])p: 1.0
--- testing 1690 : set([49, 86, 33])p: 1.0
--- testing 1691 : set([25, 86, 105])p: 1.0
--- testing 1692 : set([25, 37, 86])p: 1.0
--- testing 1693 : set([25, 86, 33])p: 1.0
--- testing 1694 : set([52, 13, 86])p: 1.0
--- testing 1695 : set([49, 52, 86, 105])p: 1.0
--- testing 1696 : set([78, 86, 13])p: 1.0
--- testing 1697 : set([33, 78, 86])p: 1.0
--- testing 1698 : set([25, 2, 86])p: 0.0296520757915
--- testing 1699 : set([13, 37, 86, 63])p: 1.0
--- testing 1700 : set([6, 86, 37])p: 1.0
--- testing 1701 : set([30, 86])p: 0.0296520757915
--- testing 1702 : set([33, 105, 37, 95])p: 1.0
--- testing 1703 : set([49, 105, 37, 95])p: 0.0296520757915
--- testing 1704 : set([25, 105, 37, 95])p: 0.0296520757915
--- testing 1705 : set([25, 105, 33, 95])p: 1.0
--- testing 1706 : set([25, 13, 49, 95])p: 0.000295185156245
--- testing 1707 : set([25, 105, 49, 95])p: 0.0296520757915
--- testing 1708 : set([25, 33, 37, 49, 95])p: 1.0
--- testing 1709 : set([105, 52, 13, 95])p: 1.0
--- testing 1710 : set([49, 52, 105, 95])p: 1.0
--- testing 1711 : set([25, 52, 95])p: 1.0
--- testing 1712 : set([13, 78, 95])p: 1.0
--- testing 1713 : set([105, 78, 95])p: 1.0
--- testing 1714 : set([33, 78, 95])p: 1.0
--- testing 1715 : set([25, 2, 33, 95])p: 1.0
--- testing 1716 : set([80, 33, 105, 95])p: 1.0
--- testing 1717 : set([96, 105, 95])p: 0.0296520757915
--- testing 1718 : set([96, 33, 95])p: 1.0
--- testing 1719 : set([13, 85, 95])p: 1.0
--- testing 1720 : set([37, 85, 95])p: 1.0
--- testing 1721 : set([33, 105, 85, 95])p: 1.0
--- testing 1722 : set([96, 25, 85, 95])p: 1.0
--- testing 1723 : set([6, 95])p: 1.0
--- testing 1724 : set([105, 30, 95])p: 1.0
--- testing 1725 : set([49, 30, 95])p: 1.0
--- testing 1726 : set([2, 30, 95])p: 0.0296520757915
--- testing 1727 : set([13, 86, 95])p: 1.0
--- testing 1728 : set([105, 59, 37])p: 1.0
--- testing 1729 : set([33, 59, 13])p: 1.0
--- testing 1730 : set([49, 59, 13, 105])p: 1.0
--- testing 1731 : set([49, 59, 37, 13])p: 1.0
--- testing 1732 : set([49, 59, 33])p: 1.0
--- testing 1733 : set([25, 59, 37, 13])p: 1.0
--- testing 1734 : set([25, 59, 37, 33])p: 1.0
--- testing 1735 : set([59, 37, 78])p: 1.0
--- testing 1736 : set([105, 2, 59])p: 1.0
--- testing 1737 : set([2, 59, 37])p: 0.0296520757915
--- testing 1738 : set([49, 2, 59])p: 1.0
--- testing 1739 : set([25, 2, 59])p: 1.0
--- testing 1740 : set([2, 59, 78])p: 1.0
--- testing 1741 : set([2, 59, 63])p: 1.0
--- testing 1742 : set([80, 59])p: 1.0
--- testing 1743 : set([59, 85, 13])p: 1.0
--- testing 1744 : set([25, 106, 59])p: 1.0
--- testing 1745 : set([25, 59, 95])p: 1.0
--- testing 1746 : set([19, 37, 13])p: 1.0
--- testing 1747 : set([33, 19, 37])p: 1.0
--- testing 1748 : set([49, 19, 33])p: 1.0
--- testing 1749 : set([105, 19, 78])p: 1.0
--- testing 1750 : set([49, 19, 78])p: 1.0
--- testing 1751 : set([25, 19, 78])p: 1.0
--- testing 1752 : set([19, 63])p: 1.0
--- testing 1753 : set([19, 85])p: 0.0296520757915
--- testing 1754 : set([33, 19, 6])p: 1.0
--- testing 1755 : set([19, 95])p: 1.0
--- testing 1756 : set([33, 13, 71])p: 1.0
--- testing 1757 : set([2, 37, 13, 71])p: 1.0
--- testing 1758 : set([63, 13, 37, 71])p: 1.0
--- testing 1759 : set([2, 63, 37, 71])p: 1.0
--- testing 1760 : set([80, 37, 71])p: 1.0
--- testing 1761 : set([85, 71])p: 1.0
--- testing 1762 : set([33, 53, 37])p: 1.0
--- testing 1763 : set([49, 53, 105])p: 0.0296520757915
--- testing 1764 : set([25, 53, 13])p: 1.0
--- testing 1765 : set([105, 52, 53, 37])p: 1.0
--- testing 1766 : set([37, 13, 53, 63])p: 1.0
--- testing 1767 : set([9, 105, 53, 37])p: 1.0
--- testing 1768 : set([49, 35, 13])p: 1.0
--- testing 1769 : set([25, 35, 105])p: 1.0
--- testing 1770 : set([35, 78])p: 1.0
--- testing 1771 : set([2, 35, 13])p: 1.0
--- testing 1772 : set([35, 63])p: 1.0
--- testing 1773 : set([35, 85, 13])p: 1.0
--- testing 1774 : set([25, 92, 105])p: 1.0
--- testing 1775 : set([25, 92, 49])p: 1.0
--- testing 1776 : set([52, 92, 33])p: 1.0
--- testing 1777 : set([52, 13, 92, 37, 25])p: 1.0
--- testing 1778 : set([2, 92, 37])p: 1.0
--- testing 1779 : set([52, 59, 92])p: 1.0
--- testing 1780 : set([105, 90, 13])p: 1.0
--- testing 1781 : set([105, 90, 52])p: 1.0
--- testing 1782 : set([105, 90, 78])p: 1.0
--- testing 1783 : set([90, 2, 63])p: 1.0
--- testing 1784 : set([80, 90])p: 1.0
--- testing 1785 : set([13, 37, 31])p: 1.0
--- testing 1786 : set([33, 37, 31])p: 1.0
--- testing 1787 : set([49, 13, 31])p: 1.0
--- testing 1788 : set([96, 31])p: 1.0
--- testing 1789 : set([22, 31])p: 1.0
--- testing 1790 : set([105, 37, 38, 13])p: 1.0
--- testing 1791 : set([33, 13, 38, 105])p: 1.0
--- testing 1792 : set([49, 37, 38, 13])p: 1.0
--- testing 1793 : set([25, 38, 105])p: 1.0
--- testing 1794 : set([105, 52, 37, 38])p: 1.0
--- testing 1795 : set([78, 38])p: 1.0
--- testing 1796 : set([2, 37, 38, 13])p: 1.0
--- testing 1797 : set([13, 37, 38, 63])p: 1.0
--- testing 1798 : set([80, 37, 38, 13])p: 1.0
--- testing 1799 : set([9, 37, 38, 13])p: 1.0
--- testing 1800 : set([96, 52, 37, 38])p: 1.0
--- testing 1801 : set([85, 38])p: 1.0
--- testing 1802 : set([38, 71])p: 1.0
--- testing 1803 : set([98, 37, 13])p: 1.0
--- testing 1804 : set([105, 98, 37])p: 1.0
--- testing 1805 : set([33, 98, 105])p: 1.0
--- testing 1806 : set([49, 98, 13, 105])p: 1.0
--- testing 1807 : set([25, 98, 105])p: 1.0
--- testing 1808 : set([25, 98, 33])p: 1.0
--- testing 1809 : set([49, 98, 52, 105])p: 1.0
--- testing 1810 : set([98, 13, 78])p: 1.0
--- testing 1811 : set([105, 98, 78])p: 1.0
--- testing 1812 : set([49, 98, 78])p: 1.0
--- testing 1813 : set([33, 98, 2, 13])p: 0.0296520757915
--- testing 1814 : set([33, 98, 63])p: 0.0296520757915
--- testing 1815 : set([25, 98, 63])p: 1.0
--- testing 1816 : set([98, 13, 2, 63])p: 0.0296520757915
--- testing 1817 : set([96, 98])p: 1.0
--- testing 1818 : set([33, 98, 85])p: 1.0
--- testing 1819 : set([98, 6])p: 1.0
--- testing 1820 : set([98, 95])p: 1.0
--- testing 1821 : set([49, 13, 54])p: 1.0
--- testing 1822 : set([49, 54, 33])p: 1.0
--- testing 1823 : set([25, 13, 54])p: 1.0
--- testing 1824 : set([78, 54, 37])p: 1.0
--- testing 1825 : set([49, 78, 54])p: 1.0
--- testing 1826 : set([105, 2, 54])p: 1.0
--- testing 1827 : set([13, 37, 54, 63])p: 1.0
--- testing 1828 : set([9, 54])p: 1.0
--- testing 1829 : set([106, 54])p: 1.0
--- testing 1830 : set([56, 49, 2])p: 0.0296520757915
--- testing 1831 : set([56, 63])p: 1.0
--- testing 1832 : set([56, 37, 22])p: 1.0
--- testing 1833 : set([33, 13, 14])p: 1.0
--- testing 1834 : set([33, 37, 14])p: 1.0
--- testing 1835 : set([25, 14])p: 1.0
--- testing 1836 : set([2, 14])p: 1.0
--- testing 1837 : set([13, 14, 63])p: 1.0
--- testing 1838 : set([40, 105, 37])p: 1.0
--- testing 1839 : set([40, 25, 105])p: 1.0
--- testing 1840 : set([40, 25, 37])p: 1.0
--- testing 1841 : set([40, 25, 33, 49])p: 0.0296520757915
--- testing 1842 : set([40, 52])p: 1.0
--- testing 1843 : set([40, 78])p: 1.0
--- testing 1844 : set([40, 2, 37])p: 1.0
--- testing 1845 : set([40, 63])p: 1.0
--- testing 1846 : set([40, 80])p: 0.0296520757915
--- testing 1847 : set([40, 96, 37])p: 1.0
--- testing 1848 : set([40, 33, 13, 95])p: 1.0
--- testing 1849 : set([40, 9, 38])p: 1.0
--- testing 1850 : set([25, 61, 33])p: 1.0
--- testing 1851 : set([2, 61])p: 1.0
--- testing 1852 : set([105, 74])p: 1.0
--- testing 1853 : set([49, 74])p: 1.0
--- testing 1854 : set([74, 2])p: 1.0
--- testing 1855 : set([74, 85])p: 1.0
--- testing 1856 : set([64, 33, 13, 105])p: 1.0
--- testing 1857 : set([64, 49])p: 1.0
--- testing 1858 : set([64, 63])p: 1.0
--- testing 1859 : set([64, 80])p: 1.0
--- testing 1860 : set([64, 9])p: 1.0
--- testing 1861 : set([13, 69, 37])p: 1.0
--- testing 1862 : set([49, 69, 37])p: 1.0
--- testing 1863 : set([13, 69, 63])p: 1.0
--- testing 1864 : set([84, 13])p: 1.0
--- testing 1865 : set([105, 84, 37])p: 1.0
--- testing 1866 : set([33, 84, 105])p: 1.0
--- testing 1867 : set([33, 84, 37])p: 1.0
--- testing 1868 : set([25, 84, 37])p: 1.0
--- testing 1869 : set([2, 84])p: 1.0
--- testing 1870 : set([37, 55])p: 1.0
--- testing 1871 : set([49, 105, 55])p: 1.0
--- testing 1872 : set([21, 37])p: 1.0
--- testing 1873 : set([25, 21])p: 1.0
--- testing 1874 : set([9, 21])p: 1.0
--- testing 1875 : set([85, 103])p: 1.0
--- testing 1876 : set([72, 2])p: 1.0
--- testing 1877 : set([72, 80])p: 1.0
--- testing 1878 : set([101, 13])p: 1.0
--- testing 1879 : set([105, 101])p: 1.0
--- testing 1880 : set([33, 101])p: 1.0
--- testing 1881 : set([25, 101, 37])p: 1.0
--- testing 1882 : set([105, 100])p: 1.0
--- testing 1883 : set([100, 37])p: 1.0
--- testing 1884 : set([9, 100, 13])p: 1.0
--- testing 1885 : set([24, 37])p: 1.0
--- testing 1886 : set([24, 33])p: 1.0
--- testing 1887 : set([60, 37])p: 1.0
--- testing 1888 : set([49, 60, 105])p: 1.0
--- testing 1889 : set([2, 60])p: 1.0
--- testing 1890 : set([105, 91, 13])p: 1.0
--- testing 1891 : set([13, 47])p: 1.0
--- testing 1892 : set([9, 20, 13, 37])p: 1.0
--- testing 1893 : set([49, 62, 105])p: 1.0
--- testing 1894 : set([25, 62])p: 0.0296520757915
--- testing 1895 : set([73, 13])p: 1.0
--- testing 1896 : set([73, 33])p: 1.0
--- testing 1897 : set([49, 5, 33])p: 1.0
--- testing 1898 : set([11, 37, 13])p: 1.0
--- testing 1899 : set([32, 33])p: 0.0296520757915
--- testing 1900 : set([88, 33])p: 0.0296520757915
--- testing 1901 : set([88, 25])p: 0.0296520757915
--- testing 1902 : set([88, 52])p: 1.0
--- testing 1903 : set([41, 105])p: 1.0
--- testing 1904 : set([42, 13])p: 1.0
--- testing 1905 : set([42, 37])p: 1.0
--- testing 1906 : set([1, 105])p: 1.0
--- testing 1907 : set([12, 37, 13])p: 1.0
--- testing 1908 : set([48, 13])p: 0.0296520757915
--- testing 1909 : set([48, 105])p: 1.0
--- testing 1910 : set([67, 37])p: 1.0
--- testing 1911 : set([49, 67, 33])p: 1.0
--- testing 1912 : set([13, 79])p: 1.0
--- testing 1913 : set([8, 13])p: 1.0
--- testing 1914 : set([8, 49])p: 1.0
--- testing 1915 : set([49, 18, 105])p: 1.0
--- testing 1916 : set([25, 18])p: 1.0
--- testing 1917 : set([17, 37])p: 1.0
--- testing 1918 : set([97, 105])p: 0.0296520757915
--- testing 1919 : set([97, 25])p: 0.0296520757915
--- testing 1920 : set([99, 13])p: 1.0
--- testing 1921 : set([25, 99, 37])p: 1.0
--- testing 1922 : set([33, 3])p: 1.0
--- testing 1923 : set([16, 13])p: 1.0
--- testing 1924 : set([26, 13])p: 1.0
--- testing 1925 : set([25, 29])p: 1.0
--- testing 1926 : set([57])p: 1.0
--- testing 1927 : set([76])p: 1.0
--- testing 1928 : set([77])p: 1.0
