trsact: data/conditions/data_696.csv.4lcm53 ,#transactions 16228 ,#items 107 ,size 18997 extracted database: #transactions 16228 ,#items 97 ,size 18978
 output to: data/conditions/data_696.csv.4lcm53.results.lcm/data_696.csv.4lcm53.lowsup4.closed
separated at 0
iters=1379
1365
1
97
401
524
276
63
3
finish calculation of K: 1364
4
--- testing 1 : set([14])p: 0.00252025803839
--- testing 2 : set([105])p: 0.0219004072491
--- testing 3 : set([38])p: 0.0108374375226
--- testing 4 : set([14, 38])p: 0.0609454093031
--- testing 5 : set([34])p: 0.0784729245315
--- testing 6 : set([50])p: 0.0175223410548
--- testing 7 : set([105, 50])p: 0.227030244184
--- testing 8 : set([26])p: 0.00145124750779
--- testing 9 : set([53])p: 0.0240120559953
--- testing 10 : set([79])p: 7.33169910888e-16
--- testing 11 : set([2])p: 0.00309014256595
--- testing 12 : set([64])p: 0.103918665806
--- testing 13 : set([10])p: 0.102123507381
--- testing 14 : set([105, 53])p: 0.0788084755272
--- testing 15 : set([96])p: 0.0518025821709
--- testing 16 : set([105, 14])p: 0.0142793831265
--- testing 17 : set([85])p: 6.23312531048e-10
--- testing 18 : set([105, 38])p: 0.0042777768349
--- testing 19 : set([4])p: 0.657568150379
--- testing 20 : set([105, 34])p: 0.224712673019
--- testing 21 : set([34, 14])p: 0.107570421643
--- testing 22 : set([50, 14])p: 0.0192067918624
--- testing 23 : set([105, 79])p: 1.09569226599e-06
--- testing 24 : set([50, 53])p: 0.154860733687
--- testing 25 : set([26, 14])p: 0.0874963432181
--- testing 26 : set([34, 38])p: 0.575586964107
--- testing 27 : set([10, 38])p: 0.332619620228
--- testing 28 : set([105, 50, 53])p: 0.209708981573
--- testing 29 : set([26, 38])p: 0.00167930709984
--- testing 30 : set([2, 14])p: 0.00359075880885
--- testing 31 : set([10, 14])p: 0.209772966935
--- testing 32 : set([6])p: 0.464815149322
--- testing 33 : set([105, 26])p: 0.274646615391
--- testing 34 : set([64, 14])p: 0.0101191710379
--- testing 35 : set([50, 38])p: 0.250495124379
--- testing 36 : set([50, 79])p: 0.00119612578562
--- testing 37 : set([50, 34])p: 0.663259793529
--- testing 38 : set([105, 2])p: 0.446422324341
--- testing 39 : set([26, 34])p: 0.282953292859
--- testing 40 : set([23])p: 0.854451244109
--- testing 41 : set([14, 79])p: 0.0159123795101
--- testing 42 : set([8])p: 0.710288311478
--- testing 43 : set([53, 14])p: 0.025933780361
--- testing 44 : set([105, 50, 14])p: 0.00406770321805
--- testing 45 : set([96, 14])p: 0.179285948113
--- testing 46 : set([64, 38])p: 0.0417833816405
--- testing 47 : set([106])p: 0.0386053699869
--- testing 48 : set([31])p: 0.257419796495
--- testing 49 : set([86])p: 0.246296408253
--- testing 50 : set([85, 14])p: 0.000159149453679
--- testing 51 : set([95])p: 0.133074068793
--- testing 52 : set([105, 14, 38])p: 0.114347792308
--- testing 53 : set([34, 79])p: 0.00769133883785
--- testing 54 : set([2, 38])p: 0.100465500727
--- testing 55 : set([53, 38])p: 0.0189795063691
--- testing 56 : set([105, 50, 79])p: 0.0132418092223
--- testing 57 : set([10, 14, 38])p: 0.136720495407
--- testing 58 : set([38, 79])p: 0.0263125813272
--- testing 59 : set([26, 50])p: 0.220336002546
--- testing 60 : set([85, 38])p: 0.00228627371986
--- testing 61 : set([105, 85])p: 2.10719727705e-06
--- testing 62 : set([64, 105])p: 0.202931766201
--- testing 63 : set([105, 50, 34])p: 0.545259932174
--- testing 64 : set([34, 53])p: 0.309631760588
--- testing 65 : set([2, 34])p: 0.00356094533916
--- testing 66 : set([105, 50, 38])p: 0.288155728668
--- testing 67 : set([34, 14, 38])p: 0.475452207144
--- testing 68 : set([105, 53, 14])p: 0.0645651411473
--- testing 69 : set([2, 50])p: 0.14403976954
--- testing 70 : set([96, 105])p: 0.459375896034
--- testing 71 : set([60])p: 0.672810425801
--- testing 72 : set([105, 10])p: 0.253048076301
--- testing 73 : set([26, 14, 38])p: 0.239314983284
--- testing 74 : set([96, 38])p: 0.212513634334
--- testing 75 : set([53, 79])p: 0.0123877048474
--- testing 76 : set([26, 79])p: 0.000954192552081
--- testing 77 : set([64, 2])p: 0.0319747998051
--- testing 78 : set([20])p: 0.0301899841671
--- testing 79 : set([96, 34])p: 0.789647822737
--- testing 80 : set([72])p: 0.555306479671
--- testing 81 : set([105, 34, 14])p: 0.537856450159
--- testing 82 : set([50, 14, 38])p: 0.528986264197
--- testing 83 : set([105, 53, 38])p: 0.0561320898679
--- testing 84 : set([54])p: 0.13360820104
--- testing 85 : set([26, 53])p: 0.117623747301
--- testing 86 : set([105, 53, 79])p: 0.117623747301
--- testing 87 : set([50, 85])p: 4.31419606902e-05
--- testing 88 : set([105, 34, 38])p: 0.923777870791
--- testing 89 : set([64, 14, 38])p: 0.0127921724804
--- testing 90 : set([105, 26, 14])p: 0.445237799409
--- testing 91 : set([36])p: 0.0978329878077
--- testing 92 : set([4, 14])p: 0.435553275933
--- testing 93 : set([92])p: 0.70039467765
--- testing 94 : set([4, 38])p: 0.213367538086
--- testing 95 : set([90])p: 0.425806409784
--- testing 96 : set([64, 50])p: 0.416001538782
--- testing 97 : set([26, 85])p: 0.0290660939585
--- testing 98 : set([32])p: 1.0
--- testing 99 : set([105, 26, 50])p: 0.904614071886
--- testing 100 : set([2, 26])p: 0.00199889972102
--- testing 101 : set([64, 34])p: 0.406143233311
--- testing 102 : set([2, 14, 38])p: 0.0716403826426
--- testing 103 : set([105, 2, 50])p: 0.38628578914
--- testing 104 : set([39])p: 0.0716403826426
--- testing 105 : set([98])p: 0.658485315128
--- testing 106 : set([64, 26])p: 0.893298109588
--- testing 107 : set([55])p: 0.175866153896
--- testing 108 : set([105, 34, 53])p: 0.366275449899
--- testing 109 : set([105, 34, 79])p: 0.0188116466837
--- testing 110 : set([105, 14, 79])p: 0.0173848579317
--- testing 111 : set([105, 4])p: 0.154561503259
--- testing 112 : set([96, 26])p: 0.612010090423
--- testing 113 : set([57])p: 0.612010090423
--- testing 114 : set([14, 85, 38])p: 0.0147578024874
--- testing 115 : set([34, 85])p: 0.0147578024874
--- testing 116 : set([96, 85])p: 0.134314719366
--- testing 117 : set([15])p: 0.134314719366
--- testing 118 : set([26, 34, 14])p: 0.305800819293
--- testing 119 : set([50, 53, 14])p: 0.0436069499139
--- testing 120 : set([2, 79])p: 0.127822784881
--- testing 121 : set([10, 34])p: 0.0436069499139
--- testing 122 : set([96, 64])p: 0.861407029564
--- testing 123 : set([105, 26, 34])p: 0.275648332836
--- testing 124 : set([96, 50])p: 0.539090236231
--- testing 125 : set([105, 26, 38])p: 0.0974882502397
--- testing 126 : set([26, 34, 38])p: 0.527929828814
--- testing 127 : set([10, 26])p: 0.527929828814
--- testing 128 : set([96, 2])p: 0.255717261478
--- testing 129 : set([2, 53])p: 0.516587638508
--- testing 130 : set([14, 6])p: 0.245827948275
--- testing 131 : set([105, 50, 53, 14])p: 0.0255788168352
--- testing 132 : set([50, 53, 79])p: 0.236001146995
--- testing 133 : set([105, 2, 14])p: 0.505065949562
--- testing 134 : set([105, 50, 53, 79])p: 0.22624591978
--- testing 135 : set([8, 14])p: 0.493367479885
--- testing 136 : set([14, 38, 79])p: 0.481495410547
--- testing 137 : set([105, 10, 38])p: 0.216571549932
--- testing 138 : set([41])p: 0.216571549932
--- testing 139 : set([62])p: 0.481495410547
--- testing 140 : set([50, 34, 14])p: 0.206987531504
--- testing 141 : set([105, 26, 53])p: 0.457245701284
--- testing 142 : set([64, 79])p: 0.197503557259
--- testing 143 : set([85, 79])p: 1.65574040442e-05
--- testing 144 : set([64, 85])p: 0.0162102894273
--- testing 145 : set([105, 106])p: 0.783072497943
--- testing 146 : set([14, 31])p: 0.18812950487
--- testing 147 : set([14, 53, 38])p: 0.43235275835
--- testing 148 : set([2, 50, 14])p: 0.0572232000423
--- testing 149 : set([105, 50, 14, 38])p: 0.766262051199
--- testing 150 : set([26, 50, 14])p: 0.766262051199
--- testing 151 : set([105, 10, 14])p: 0.419678891493
--- testing 152 : set([10, 50])p: 0.419678891493
--- testing 153 : set([105, 38, 79])p: 0.757375303514
--- testing 154 : set([64, 53])p: 0.0488899585643
--- testing 155 : set([96, 14, 38])p: 0.757375303514
--- testing 156 : set([34, 4])p: 0.757375303514
--- testing 157 : set([14, 23])p: 0.160768084963
--- testing 158 : set([38, 23])p: 0.160768084963
--- testing 159 : set([50, 53, 38])p: 0.393909785714
--- testing 160 : set([96, 79])p: 0.1519356013
--- testing 161 : set([2, 85])p: 5.43820211729e-06
--- testing 162 : set([38, 6])p: 0.393909785714
--- testing 163 : set([14, 95])p: 0.393909785714
--- testing 164 : set([34, 95])p: 0.1519356013
--- testing 165 : set([26, 95])p: 0.748151271906
--- testing 166 : set([50, 14, 79])p: 0.0412767631544
--- testing 167 : set([64, 2, 14])p: 0.00946072237313
--- testing 168 : set([50, 34, 53])p: 0.36763201546
--- testing 169 : set([50, 34, 79])p: 0.36763201546
--- testing 170 : set([105, 2, 34])p: 0.134765592591
--- testing 171 : set([64, 105, 14])p: 0.134765592591
--- testing 172 : set([105, 50, 85])p: 2.9787345179e-05
--- testing 173 : set([105, 6])p: 0.134765592591
--- testing 174 : set([75])p: 0.36763201546
--- testing 175 : set([64, 105, 50])p: 0.354325362725
--- testing 176 : set([105, 85, 14])p: 0.00130344005949
--- testing 177 : set([26, 4])p: 0.718325251908
--- testing 178 : set([105, 34, 14, 38])p: 0.707619372814
--- testing 179 : set([14, 86])p: 0.707619372814
--- testing 180 : set([65])p: 0.118326162022
--- testing 181 : set([26, 34, 50])p: 0.696507297449
--- testing 182 : set([105, 50, 34, 53])p: 0.327430296449
--- testing 183 : set([105, 26, 79])p: 0.327430296449
--- testing 184 : set([2, 34, 14])p: 0.327430296449
--- testing 185 : set([85, 53])p: 0.00569456116501
--- testing 186 : set([105, 23])p: 0.696507297449
--- testing 187 : set([60, 14])p: 0.327430296449
--- testing 188 : set([105, 50, 53, 38])p: 0.684973641168
--- testing 189 : set([2, 26, 14])p: 0.00495077315621
--- testing 190 : set([105, 2, 53])p: 0.31386633233
--- testing 191 : set([50, 4])p: 1.0
--- testing 192 : set([26, 50, 38])p: 0.673002437657
--- testing 193 : set([64, 10])p: 0.095221443604
--- testing 194 : set([96, 105, 14])p: 0.095221443604
--- testing 195 : set([50, 85, 14])p: 0.00427855421672
--- testing 196 : set([8, 105])p: 0.673002437657
--- testing 197 : set([105, 31])p: 0.673002437657
--- testing 198 : set([38, 86])p: 0.673002437657
--- testing 199 : set([50, 34, 38])p: 1.0
--- testing 200 : set([96, 53])p: 0.660577116981
--- testing 201 : set([8, 26])p: 0.286574725792
--- testing 202 : set([105, 95])p: 0.0879758138133
--- testing 203 : set([72, 38])p: 0.0879758138133
--- testing 204 : set([38, 39])p: 0.0203002668329
--- testing 205 : set([34, 53, 14])p: 0.0809748951602
--- testing 206 : set([105, 2, 38])p: 1.0
--- testing 207 : set([10, 26, 14])p: 0.272878249104
--- testing 208 : set([105, 86])p: 1.0
--- testing 209 : set([14, 39])p: 0.0809748951602
--- testing 210 : set([10, 79])p: 0.0742283340347
--- testing 211 : set([72, 14])p: 0.25917086668
--- testing 212 : set([26, 53, 14])p: 0.62040121385
--- testing 213 : set([34, 14, 79])p: 0.245471419817
--- testing 214 : set([10, 34, 38])p: 0.245471419817
--- testing 215 : set([96, 4])p: 1.0
--- testing 216 : set([38, 31])p: 1.0
--- testing 217 : set([26, 31])p: 1.0
--- testing 218 : set([70])p: 0.62040121385
--- testing 219 : set([84])p: 1.0
--- testing 220 : set([105, 50, 34, 14])p: 0.231800189591
--- testing 221 : set([26, 50, 53])p: 0.605980837157
--- testing 222 : set([50, 38, 79])p: 0.605980837157
--- testing 223 : set([26, 14, 79])p: 0.0615350524968
--- testing 224 : set([10, 26, 38])p: 0.231800189591
--- testing 225 : set([96, 34, 14])p: 0.231800189591
--- testing 226 : set([64, 4])p: 1.0
--- testing 227 : set([8, 34])p: 0.231800189591
--- testing 228 : set([106, 14])p: 1.0
--- testing 229 : set([106, 38])p: 0.231800189591
--- testing 230 : set([105, 14, 53, 38])p: 0.591013611254
--- testing 231 : set([105, 50, 34, 79])p: 0.218178978623
--- testing 232 : set([26, 34, 79])p: 0.0556055988146
--- testing 233 : set([2, 34, 38])p: 0.591013611254
--- testing 234 : set([64, 50, 14])p: 0.218178978623
--- testing 235 : set([105, 10, 14, 38])p: 0.218178978623
--- testing 236 : set([96, 105, 50])p: 0.591013611254
--- testing 237 : set([10, 85])p: 0.0556055988146
--- testing 238 : set([4, 14, 38])p: 0.591013611254
--- testing 239 : set([34, 23])p: 1.0
--- testing 240 : set([8, 38])p: 0.591013611254
--- testing 241 : set([105, 26, 50, 14])p: 1.0
--- testing 242 : set([105, 50, 14, 79])p: 0.00898796782171
--- testing 243 : set([64, 105, 53])p: 0.0499648835263
--- testing 244 : set([105, 10, 34])p: 0.575478834894
--- testing 245 : set([96, 50, 14])p: 0.575478834894
--- testing 246 : set([105, 85, 38])p: 0.204631196972
--- testing 247 : set([34, 6])p: 0.575478834894
--- testing 248 : set([106, 34])p: 0.575478834894
--- testing 249 : set([105, 60])p: 0.575478834894
--- testing 250 : set([38, 54])p: 0.575478834894
--- testing 251 : set([14, 15])p: 0.575478834894
--- testing 252 : set([105, 26, 14, 38])p: 0.191181952325
--- testing 253 : set([34, 38, 79])p: 1.0
--- testing 254 : set([2, 34, 50])p: 0.191181952325
--- testing 255 : set([105, 2, 79])p: 1.0
--- testing 256 : set([64, 105, 38])p: 0.191181952325
--- testing 257 : set([105, 10, 50])p: 0.191181952325
--- testing 258 : set([10, 53])p: 0.0446200684344
--- testing 259 : set([34, 85, 14])p: 0.0446200684344
--- testing 260 : set([98, 14])p: 0.55935502455
--- testing 261 : set([56])p: 0.191181952325
--- testing 262 : set([105, 26, 34, 14])p: 0.542619884903
--- testing 263 : set([105, 26, 50, 53])p: 1.0
--- testing 264 : set([105, 2, 50, 53])p: 0.177858144698
--- testing 265 : set([10, 2])p: 0.542619884903
--- testing 266 : set([96, 105, 34])p: 0.542619884903
--- testing 267 : set([96, 26, 14])p: 0.542619884903
--- testing 268 : set([96, 10])p: 0.542619884903
--- testing 269 : set([26, 6])p: 0.177858144698
--- testing 270 : set([34, 31])p: 1.0
--- testing 271 : set([38, 95])p: 0.542619884903
--- testing 272 : set([60, 38])p: 1.0
--- testing 273 : set([36, 38])p: 0.542619884903
--- testing 274 : set([38, 15])p: 0.177858144698
--- testing 275 : set([22])p: 1.0
--- testing 276 : set([105, 50, 34, 38])p: 1.0
--- testing 277 : set([105, 2, 50, 14])p: 0.164688565866
--- testing 278 : set([64, 34, 14])p: 0.164688565866
--- testing 279 : set([64, 26, 14])p: 0.525250278227
--- testing 280 : set([10, 50, 14])p: 0.525250278227
--- testing 281 : set([96, 105, 38])p: 0.525250278227
--- testing 282 : set([96, 105, 53])p: 0.525250278227
--- testing 283 : set([26, 85, 14])p: 0.0348429444074
--- testing 284 : set([105, 85, 53])p: 0.0348429444074
--- testing 285 : set([4, 79])p: 0.0348429444074
--- testing 286 : set([50, 31])p: 0.525250278227
--- testing 287 : set([36, 14])p: 0.164688565866
--- testing 288 : set([7])p: 0.525250278227
--- testing 289 : set([103])p: 0.164688565866
--- testing 290 : set([26, 14, 34, 38])p: 0.507222192609
--- testing 291 : set([53, 14, 79])p: 0.15170400372
--- testing 292 : set([2, 50, 38])p: 0.507222192609
--- testing 293 : set([64, 14, 79])p: 1.0
--- testing 294 : set([96, 26, 34])p: 1.0
--- testing 295 : set([105, 34, 85])p: 0.000486366101612
--- testing 296 : set([105, 26, 85])p: 0.15170400372
--- testing 297 : set([14, 54])p: 0.507222192609
--- testing 298 : set([73])p: 0.030420810584
--- testing 299 : set([101])p: 0.15170400372
--- testing 300 : set([105, 26, 50, 38])p: 1.0
--- testing 301 : set([105, 26, 34, 50])p: 1.0
--- testing 302 : set([105, 34, 53, 14])p: 0.488510708983
--- testing 303 : set([26, 53, 38])p: 0.0035882902708
--- testing 304 : set([26, 38, 79])p: 0.138937351811
--- testing 305 : set([26, 50, 79])p: 0.488510708983
--- testing 306 : set([2, 26, 38])p: 0.138937351811
--- testing 307 : set([2, 50, 79])p: 1.0
--- testing 308 : set([64, 50, 53])p: 0.138937351811
--- testing 309 : set([64, 105, 2])p: 0.138937351811
--- testing 310 : set([10, 14, 26, 38])p: 0.138937351811
--- testing 311 : set([64, 10, 38])p: 0.488510708983
--- testing 312 : set([34, 85, 38])p: 0.488510708983
--- testing 313 : set([64, 85, 14])p: 0.0035882902708
--- testing 314 : set([4, 53])p: 1.0
--- testing 315 : set([96, 6])p: 1.0
--- testing 316 : set([106, 50])p: 1.0
--- testing 317 : set([34, 53, 38])p: 0.469089966918
--- testing 318 : set([50, 14, 53, 38])p: 1.0
--- testing 319 : set([105, 26, 53, 14])p: 0.469089966918
--- testing 320 : set([105, 50, 38, 79])p: 1.0
--- testing 321 : set([105, 53, 14, 79])p: 0.126423724297
--- testing 322 : set([64, 105, 34])p: 0.469089966918
--- testing 323 : set([64, 26, 34])p: 1.0
--- testing 324 : set([64, 105, 79])p: 0.469089966918
--- testing 325 : set([64, 2, 38])p: 0.0225269685316
--- testing 326 : set([10, 34, 14])p: 0.0225269685316
--- testing 327 : set([64, 10, 14])p: 0.0225269685316
--- testing 328 : set([50, 85, 38])p: 0.126423724297
--- testing 329 : set([105, 85, 79])p: 0.000275013078088
--- testing 330 : set([96, 85, 14])p: 0.469089966918
--- testing 331 : set([105, 50, 4])p: 1.0
--- testing 332 : set([4, 85])p: 1.0
--- testing 333 : set([50, 23])p: 1.0
--- testing 334 : set([8, 96])p: 1.0
--- testing 335 : set([106, 26])p: 1.0
--- testing 336 : set([50, 95])p: 1.0
--- testing 337 : set([50, 60])p: 0.126423724297
--- testing 338 : set([105, 20])p: 1.0
--- testing 339 : set([105, 54])p: 0.126423724297
--- testing 340 : set([98, 34])p: 0.469089966918
--- testing 341 : set([105, 55])p: 0.469089966918
--- testing 342 : set([100])p: 0.469089966918
--- testing 343 : set([105, 50, 14, 53, 38])p: 1.0
--- testing 344 : set([34, 53, 79])p: 1.0
--- testing 345 : set([105, 2, 26])p: 0.448933129117
--- testing 346 : set([2, 14, 79])p: 0.448933129117
--- testing 347 : set([10, 2, 14])p: 0.448933129117
--- testing 348 : set([96, 34, 38])p: 0.448933129117
--- testing 349 : set([96, 105, 79])p: 0.448933129117
--- testing 350 : set([96, 2, 14])p: 0.448933129117
--- testing 351 : set([105, 50, 85, 14])p: 0.00226169570025
--- testing 352 : set([2, 85, 14])p: 1.35893992394e-05
--- testing 353 : set([2, 4])p: 1.0
--- testing 354 : set([106, 53])p: 0.448933129117
--- testing 355 : set([85, 31])p: 1.0
--- testing 356 : set([50, 86])p: 1.0
--- testing 357 : set([34, 20])p: 0.448933129117
--- testing 358 : set([14, 38, 39])p: 0.0190586180839
--- testing 359 : set([57, 38])p: 1.0
--- testing 360 : set([41, 14])p: 0.448933129117
--- testing 361 : set([25])p: 1.0
--- testing 362 : set([61])p: 0.11420057656
--- testing 363 : set([91])p: 1.0
--- testing 364 : set([26, 14, 50, 38])p: 1.0
--- testing 365 : set([105, 2, 34, 50])p: 0.428012344582
--- testing 366 : set([2, 34, 26])p: 0.428012344582
--- testing 367 : set([2, 53, 14])p: 0.10230783175
--- testing 368 : set([64, 105, 26])p: 1.0
--- testing 369 : set([64, 105, 50, 53])p: 0.10230783175
--- testing 370 : set([64, 2, 50])p: 0.10230783175
--- testing 371 : set([96, 14, 79])p: 0.428012344582
--- testing 372 : set([26, 85, 38])p: 1.0
--- testing 373 : set([85, 14, 79])p: 0.0159091951369
--- testing 374 : set([10, 85, 38])p: 0.428012344582
--- testing 375 : set([10, 4])p: 1.0
--- testing 376 : set([53, 23])p: 1.0
--- testing 377 : set([26, 14, 95])p: 1.0
--- testing 378 : set([26, 34, 95])p: 1.0
--- testing 379 : set([14, 55])p: 1.0
--- testing 380 : set([38, 55])p: 0.10230783175
--- testing 381 : set([57, 105])p: 1.0
--- testing 382 : set([16])p: 1.0
--- testing 383 : set([48])p: 0.428012344582
--- testing 384 : set([67])p: 0.428012344582
--- testing 385 : set([105, 26, 34, 38])p: 0.406298710393
--- testing 386 : set([105, 14, 38, 79])p: 0.406298710393
--- testing 387 : set([26, 53, 79])p: 1.0
--- testing 388 : set([105, 2, 14, 38])p: 1.0
--- testing 389 : set([105, 2, 34, 14])p: 0.406298710393
--- testing 390 : set([2, 14, 26, 38])p: 0.0907880135352
--- testing 391 : set([64, 105, 14, 38])p: 0.406298710393
--- testing 392 : set([64, 2, 34])p: 0.0907880135352
--- testing 393 : set([64, 2, 26])p: 0.406298710393
--- testing 394 : set([105, 10, 34, 38])p: 1.0
--- testing 395 : set([10, 50, 38])p: 0.406298710393
--- testing 396 : set([105, 10, 26])p: 1.0
--- testing 397 : set([105, 10, 53])p: 0.406298710393
--- testing 398 : set([105, 10, 79])p: 0.0907880135352
--- testing 399 : set([96, 105, 26])p: 1.0
--- testing 400 : set([96, 64, 14])p: 1.0
--- testing 401 : set([96, 10, 38])p: 0.406298710393
--- testing 402 : set([64, 85, 38])p: 0.0130766161397
--- testing 403 : set([105, 4, 38])p: 0.406298710393
--- testing 404 : set([8, 50])p: 0.406298710393
--- testing 405 : set([53, 31])p: 1.0
--- testing 406 : set([14, 38, 86])p: 1.0
--- testing 407 : set([34, 60])p: 0.406298710393
--- testing 408 : set([26, 60])p: 0.406298710393
--- testing 409 : set([2, 60])p: 0.0907880135352
--- testing 410 : set([92, 14])p: 1.0
--- testing 411 : set([90, 14])p: 0.0907880135352
--- testing 412 : set([105, 90])p: 1.0
--- testing 413 : set([105, 98])p: 0.0907880135352
--- testing 414 : set([41, 38])p: 0.406298710393
--- testing 415 : set([21])p: 0.406298710393
--- testing 416 : set([63])p: 1.0
--- testing 417 : set([74])p: 1.0
--- testing 418 : set([26, 34, 53])p: 1.0
--- testing 419 : set([105, 26, 14, 79])p: 1.0
--- testing 420 : set([105, 26, 50, 79])p: 0.383762232046
--- testing 421 : set([53, 38, 79])p: 1.0
--- testing 422 : set([105, 2, 53, 14])p: 0.0796863853359
--- testing 423 : set([105, 2, 50, 79])p: 1.0
--- testing 424 : set([64, 26, 38])p: 0.383762232046
--- testing 425 : set([64, 50, 79])p: 0.383762232046
--- testing 426 : set([10, 85, 14])p: 0.383762232046
--- testing 427 : set([105, 4, 14])p: 0.383762232046
--- testing 428 : set([8, 79])p: 0.0796863853359
--- testing 429 : set([8, 2])p: 0.383762232046
--- testing 430 : set([96, 31])p: 1.0
--- testing 431 : set([34, 86])p: 0.383762232046
--- testing 432 : set([26, 86])p: 0.0796863853359
--- testing 433 : set([96, 95])p: 0.383762232046
--- testing 434 : set([105, 36])p: 0.383762232046
--- testing 435 : set([105, 92])p: 1.0
--- testing 436 : set([92, 38])p: 0.0796863853359
--- testing 437 : set([46])p: 1.0
--- testing 438 : set([50, 34, 53, 14])p: 0.360371782299
--- testing 439 : set([105, 26, 53, 38])p: 0.0690510963572
--- testing 440 : set([105, 34, 38, 79])p: 1.0
--- testing 441 : set([105, 34, 53, 79])p: 1.0
--- testing 442 : set([2, 34, 79])p: 0.360371782299
--- testing 443 : set([2, 26, 79])p: 0.00834452653786
--- testing 444 : set([64, 50, 34])p: 0.360371782299
--- testing 445 : set([10, 14, 79])p: 1.0
--- testing 446 : set([10, 2, 38])p: 0.360371782299
--- testing 447 : set([96, 50, 79])p: 0.0690510963572
--- testing 448 : set([50, 85, 79])p: 0.00834452653786
--- testing 449 : set([96, 105, 85])p: 0.360371782299
--- testing 450 : set([96, 85, 38])p: 1.0
--- testing 451 : set([96, 26, 85])p: 0.360371782299
--- testing 452 : set([96, 64, 85])p: 0.360371782299
--- testing 453 : set([26, 4, 38])p: 0.360371782299
--- testing 454 : set([105, 14, 23])p: 0.360371782299
--- testing 455 : set([26, 23])p: 0.360371782299
--- testing 456 : set([8, 14, 38])p: 0.360371782299
--- testing 457 : set([64, 31])p: 1.0
--- testing 458 : set([64, 86])p: 1.0
--- testing 459 : set([53, 95])p: 1.0
--- testing 460 : set([2, 95])p: 1.0
--- testing 461 : set([72, 14, 38])p: 0.0690510963572
--- testing 462 : set([34, 36])p: 1.0
--- testing 463 : set([50, 92])p: 1.0
--- testing 464 : set([32, 34])p: 1.0
--- testing 465 : set([98, 26])p: 1.0
--- testing 466 : set([50, 55])p: 1.0
--- testing 467 : set([5])p: 1.0
--- testing 468 : set([26, 34, 50, 38])p: 1.0
--- testing 469 : set([105, 34, 53, 38])p: 1.0
--- testing 470 : set([105, 50, 34, 53, 14])p: 0.336095058471
--- testing 471 : set([105, 26, 34, 79])p: 0.336095058471
--- testing 472 : set([2, 14, 34, 38])p: 1.0
--- testing 473 : set([2, 14, 50, 38])p: 0.336095058471
--- testing 474 : set([2, 34, 50, 14])p: 0.0589333347206
--- testing 475 : set([2, 50, 26])p: 1.0
--- testing 476 : set([2, 53, 38])p: 1.0
--- testing 477 : set([2, 34, 53])p: 0.336095058471
--- testing 478 : set([64, 50, 38])p: 1.0
--- testing 479 : set([64, 53, 14])p: 0.00643117791147
--- testing 480 : set([64, 10, 14, 38])p: 0.336095058471
--- testing 481 : set([96, 26, 38])p: 1.0
--- testing 482 : set([96, 105, 2])p: 1.0
--- testing 483 : set([96, 64, 38])p: 1.0
--- testing 484 : set([96, 64, 34])p: 1.0
--- testing 485 : set([105, 14, 85, 38])p: 0.336095058471
--- testing 486 : set([34, 14, 85, 38])p: 0.336095058471
--- testing 487 : set([85, 38, 53])p: 0.336095058471
--- testing 488 : set([105, 50, 85, 53])p: 0.0589333347206
--- testing 489 : set([105, 34, 4])p: 0.336095058471
--- testing 490 : set([105, 4, 53])p: 1.0
--- testing 491 : set([14, 38, 6])p: 0.0589333347206
--- testing 492 : set([26, 14, 6])p: 0.0589333347206
--- testing 493 : set([14, 38, 23])p: 0.00643117791147
--- testing 494 : set([8, 53])p: 1.0
--- testing 495 : set([106, 79])p: 0.0589333347206
--- testing 496 : set([86, 79])p: 0.336095058471
--- testing 497 : set([14, 38, 95])p: 1.0
--- testing 498 : set([34, 38, 95])p: 1.0
--- testing 499 : set([26, 38, 95])p: 1.0
--- testing 500 : set([85, 95])p: 0.0589333347206
--- testing 501 : set([60, 14, 38])p: 1.0
--- testing 502 : set([64, 60])p: 1.0
--- testing 503 : set([72, 105])p: 1.0
--- testing 504 : set([90, 38])p: 0.336095058471
--- testing 505 : set([32, 38])p: 1.0
--- testing 506 : set([105, 39])p: 0.336095058471
--- testing 507 : set([14, 38, 15])p: 1.0
--- testing 508 : set([12])p: 0.0589333347206
--- testing 509 : set([33])p: 1.0
--- testing 510 : set([88])p: 0.336095058471
--- testing 511 : set([50, 14, 34, 38])p: 1.0
--- testing 512 : set([105, 26, 14, 50, 38])p: 1.0
--- testing 513 : set([26, 34, 50, 14])p: 1.0
--- testing 514 : set([34, 14, 53, 38])p: 0.31089853813
--- testing 515 : set([105, 26, 38, 79])p: 1.0
--- testing 516 : set([105, 53, 38, 79])p: 1.0
--- testing 517 : set([105, 26, 53, 79])p: 1.0
--- testing 518 : set([105, 2, 34, 38])p: 1.0
--- testing 519 : set([105, 2, 50, 38])p: 1.0
--- testing 520 : set([10, 14, 34, 38])p: 0.0493874880281
--- testing 521 : set([10, 14, 50, 38])p: 0.31089853813
--- testing 522 : set([10, 38, 79])p: 1.0
--- testing 523 : set([64, 105, 10])p: 1.0
--- testing 524 : set([96, 105, 14, 38])p: 1.0
--- testing 525 : set([96, 105, 50, 14])p: 0.31089853813
--- testing 526 : set([96, 38, 79])p: 1.0
--- testing 527 : set([96, 34, 79])p: 0.31089853813
--- testing 528 : set([96, 2, 38])p: 1.0
--- testing 529 : set([96, 2, 34])p: 1.0
--- testing 530 : set([96, 64, 2])p: 0.31089853813
--- testing 531 : set([50, 34, 85])p: 0.0493874880281
--- testing 532 : set([105, 2, 85])p: 0.0493874880281
--- testing 533 : set([64, 105, 85])p: 0.0493874880281
--- testing 534 : set([10, 14, 85, 38])p: 0.31089853813
--- testing 535 : set([50, 6])p: 0.31089853813
--- testing 536 : set([79, 23])p: 1.0
--- testing 537 : set([8, 34, 14])p: 1.0
--- testing 538 : set([8, 26, 14])p: 0.31089853813
--- testing 539 : set([105, 106, 14])p: 1.0
--- testing 540 : set([105, 106, 34])p: 1.0
--- testing 541 : set([105, 106, 50])p: 1.0
--- testing 542 : set([105, 106, 53])p: 1.0
--- testing 543 : set([64, 106])p: 1.0
--- testing 544 : set([105, 14, 31])p: 0.31089853813
--- testing 545 : set([105, 50, 31])p: 0.31089853813
--- testing 546 : set([26, 14, 31])p: 1.0
--- testing 547 : set([105, 26, 31])p: 1.0
--- testing 548 : set([105, 34, 95])p: 0.00480660638277
--- testing 549 : set([79, 95])p: 0.31089853813
--- testing 550 : set([31, 95])p: 1.0
--- testing 551 : set([105, 50, 60])p: 0.31089853813
--- testing 552 : set([60, 53])p: 1.0
--- testing 553 : set([20, 38])p: 1.0
--- testing 554 : set([26, 54])p: 1.0
--- testing 555 : set([50, 36])p: 0.0493874880281
--- testing 556 : set([105, 50, 92])p: 1.0
--- testing 557 : set([32, 105])p: 1.0
--- testing 558 : set([57, 14])p: 0.31089853813
--- testing 559 : set([41, 34])p: 0.31089853813
--- testing 560 : set([42])p: 0.31089853813
--- testing 561 : set([43])p: 1.0
--- testing 562 : set([71])p: 1.0
--- testing 563 : set([105, 26, 34, 53])p: 1.0
--- testing 564 : set([105, 26, 50, 53, 14])p: 1.0
--- testing 565 : set([26, 50, 53, 38])p: 0.28474743312
--- testing 566 : set([105, 34, 14, 79])p: 0.28474743312
--- testing 567 : set([50, 14, 38, 79])p: 1.0
--- testing 568 : set([26, 34, 14, 79])p: 0.28474743312
--- testing 569 : set([105, 50, 53, 14, 79])p: 0.28474743312
--- testing 570 : set([105, 2, 26, 14])p: 1.0
--- testing 571 : set([105, 2, 34, 53])p: 0.28474743312
--- testing 572 : set([105, 2, 50, 53, 14])p: 0.040471311699
--- testing 573 : set([2, 38, 79])p: 1.0
--- testing 574 : set([64, 34, 38])p: 1.0
--- testing 575 : set([64, 105, 50, 14])p: 0.040471311699
--- testing 576 : set([64, 53, 38])p: 0.28474743312
--- testing 577 : set([64, 38, 79])p: 1.0
--- testing 578 : set([64, 105, 50, 79])p: 1.0
--- testing 579 : set([64, 2, 14, 38])p: 0.00345788352368
--- testing 580 : set([105, 10, 50, 14])p: 0.28474743312
--- testing 581 : set([10, 34, 79])p: 0.28474743312
--- testing 582 : set([10, 14, 2, 38])p: 0.28474743312
--- testing 583 : set([96, 105, 34, 38])p: 1.0
--- testing 584 : set([96, 50, 38])p: 1.0
--- testing 585 : set([96, 50, 34])p: 0.28474743312
--- testing 586 : set([96, 105, 50, 53])p: 1.0
--- testing 587 : set([96, 105, 50, 79])p: 0.28474743312
--- testing 588 : set([96, 64, 26])p: 1.0
--- testing 589 : set([96, 10, 14])p: 1.0
--- testing 590 : set([50, 14, 85, 38])p: 0.28474743312
--- testing 591 : set([105, 50, 85, 38])p: 0.28474743312
--- testing 592 : set([26, 34, 85])p: 1.0
--- testing 593 : set([85, 14, 53])p: 0.00345788352368
--- testing 594 : set([34, 85, 79])p: 0.040471311699
--- testing 595 : set([2, 85, 38])p: 0.040471311699
--- testing 596 : set([64, 14, 85, 38])p: 0.00345788352368
--- testing 597 : set([64, 26, 85])p: 1.0
--- testing 598 : set([96, 34, 85])p: 0.28474743312
--- testing 599 : set([34, 4, 38])p: 1.0
--- testing 600 : set([105, 26, 4])p: 1.0
--- testing 601 : set([2, 23])p: 1.0
--- testing 602 : set([8, 105, 14])p: 1.0
--- testing 603 : set([8, 10])p: 1.0
--- testing 604 : set([8, 96, 14])p: 1.0
--- testing 605 : set([96, 106])p: 1.0
--- testing 606 : set([14, 38, 31])p: 1.0
--- testing 607 : set([2, 31])p: 1.0
--- testing 608 : set([105, 14, 86])p: 1.0
--- testing 609 : set([105, 14, 95])p: 1.0
--- testing 610 : set([34, 14, 95])p: 1.0
--- testing 611 : set([20, 14])p: 0.040471311699
--- testing 612 : set([50, 20])p: 1.0
--- testing 613 : set([20, 79])p: 0.040471311699
--- testing 614 : set([14, 38, 54])p: 0.28474743312
--- testing 615 : set([64, 54])p: 1.0
--- testing 616 : set([34, 92])p: 1.0
--- testing 617 : set([26, 92])p: 1.0
--- testing 618 : set([92, 53])p: 1.0
--- testing 619 : set([90, 26])p: 1.0
--- testing 620 : set([32, 14])p: 1.0
--- testing 621 : set([10, 39])p: 0.28474743312
--- testing 622 : set([98, 38])p: 1.0
--- testing 623 : set([105, 50, 55])p: 1.0
--- testing 624 : set([41, 105])p: 1.0
--- testing 625 : set([41, 26])p: 0.28474743312
--- testing 626 : set([65, 14])p: 0.28474743312
--- testing 627 : set([1])p: 1.0
--- testing 628 : set([13])p: 1.0
--- testing 629 : set([44])p: 1.0
--- testing 630 : set([49])p: 1.0
--- testing 631 : set([52])p: 1.0
--- testing 632 : set([68])p: 1.0
--- testing 633 : set([80])p: 1.0
--- testing 634 : set([93])p: 1.0
--- testing 635 : set([105, 50, 14, 34, 38])p: 1.0
--- testing 636 : set([26, 14, 53, 38])p: 0.257605641851
--- testing 637 : set([34, 14, 38, 79])p: 1.0
--- testing 638 : set([26, 50, 53, 79])p: 1.0
--- testing 639 : set([105, 2, 26, 38])p: 1.0
--- testing 640 : set([105, 2, 50, 26])p: 1.0
--- testing 641 : set([105, 2, 53, 38])p: 1.0
--- testing 642 : set([64, 26, 50])p: 1.0
--- testing 643 : set([64, 105, 14, 79])p: 1.0
--- testing 644 : set([64, 2, 50, 14])p: 0.0322461054378
--- testing 645 : set([64, 105, 2, 50])p: 0.0322461054378
--- testing 646 : set([64, 2, 79])p: 0.257605641851
--- testing 647 : set([105, 10, 50, 38])p: 0.257605641851
--- testing 648 : set([105, 10, 26, 14])p: 1.0
--- testing 649 : set([64, 105, 10, 38])p: 1.0
--- testing 650 : set([96, 2, 50])p: 1.0
--- testing 651 : set([96, 64, 50])p: 1.0
--- testing 652 : set([105, 50, 34, 85])p: 0.0322461054378
--- testing 653 : set([105, 26, 85, 14])p: 0.257605641851
--- testing 654 : set([85, 38, 79])p: 0.257605641851
--- testing 655 : set([105, 50, 85, 79])p: 0.0023692765014
--- testing 656 : set([26, 85, 79])p: 0.0023692765014
--- testing 657 : set([2, 50, 85])p: 0.0023692765014
--- testing 658 : set([64, 50, 85])p: 0.257605641851
--- testing 659 : set([105, 10, 85])p: 0.257605641851
--- testing 660 : set([96, 50, 85])p: 0.257605641851
--- testing 661 : set([105, 4, 79])p: 0.257605641851
--- testing 662 : set([10, 4, 38])p: 1.0
--- testing 663 : set([105, 14, 6])p: 0.257605641851
--- testing 664 : set([34, 38, 6])p: 0.257605641851
--- testing 665 : set([6, 79])p: 0.0322461054378
--- testing 666 : set([85, 6])p: 0.257605641851
--- testing 667 : set([105, 50, 23])p: 1.0
--- testing 668 : set([64, 23])p: 0.257605641851
--- testing 669 : set([8, 105, 50])p: 1.0
--- testing 670 : set([8, 26, 34])p: 0.257605641851
--- testing 671 : set([8, 2, 14])p: 0.257605641851
--- testing 672 : set([8, 64])p: 0.257605641851
--- testing 673 : set([8, 23])p: 1.0
--- testing 674 : set([106, 85])p: 0.0322461054378
--- testing 675 : set([26, 34, 31])p: 1.0
--- testing 676 : set([4, 31])p: 1.0
--- testing 677 : set([105, 38, 86])p: 1.0
--- testing 678 : set([105, 50, 86])p: 1.0
--- testing 679 : set([53, 86])p: 1.0
--- testing 680 : set([96, 86])p: 1.0
--- testing 681 : set([50, 60, 14])p: 0.0322461054378
--- testing 682 : set([60, 79])p: 0.257605641851
--- testing 683 : set([72, 64])p: 0.257605641851
--- testing 684 : set([96, 54])p: 1.0
--- testing 685 : set([92, 79])p: 1.0
--- testing 686 : set([90, 50])p: 0.257605641851
--- testing 687 : set([34, 39])p: 1.0
--- testing 688 : set([26, 39])p: 1.0
--- testing 689 : set([98, 50])p: 0.0322461054378
--- testing 690 : set([98, 2])p: 1.0
--- testing 691 : set([57, 50])p: 1.0
--- testing 692 : set([57, 26])p: 1.0
--- testing 693 : set([105, 15])p: 1.0
--- testing 694 : set([65, 105])p: 0.0322461054378
--- testing 695 : set([14, 70])p: 0.257605641851
--- testing 696 : set([38, 70])p: 0.257605641851
--- testing 697 : set([105, 84])p: 1.0
--- testing 698 : set([48, 105])p: 0.257605641851
--- testing 699 : set([9])p: 1.0
--- testing 700 : set([19])p: 1.0
--- testing 701 : set([66])p: 1.0
--- testing 702 : set([82])p: 1.0
--- testing 703 : set([94])p: 0.257605641851
--- testing 704 : set([105, 26, 34, 50, 38])p: 1.0
--- testing 705 : set([105, 26, 50, 53, 38])p: 1.0
--- testing 706 : set([26, 50, 14, 79])p: 1.0
--- testing 707 : set([105, 26, 50, 53, 79])p: 1.0
--- testing 708 : set([105, 2, 34, 50, 14])p: 0.229435699799
--- testing 709 : set([2, 34, 26, 14])p: 1.0
--- testing 710 : set([2, 50, 26, 14])p: 1.0
--- testing 711 : set([105, 2, 34, 79])p: 1.0
--- testing 712 : set([2, 50, 14, 79])p: 1.0
--- testing 713 : set([2, 34, 50, 79])p: 1.0
--- testing 714 : set([2, 26, 14, 79])p: 0.229435699799
--- testing 715 : set([2, 53, 79])p: 1.0
--- testing 716 : set([64, 105, 26, 14])p: 1.0
--- testing 717 : set([64, 105, 26, 34])p: 1.0
--- testing 718 : set([64, 105, 53, 14])p: 0.0247768982037
--- testing 719 : set([64, 50, 14, 79])p: 1.0
--- testing 720 : set([64, 26, 79])p: 1.0
--- testing 721 : set([64, 2, 53])p: 0.0247768982037
--- testing 722 : set([10, 34, 50])p: 1.0
--- testing 723 : set([10, 34, 26])p: 1.0
--- testing 724 : set([10, 53, 14])p: 0.0247768982037
--- testing 725 : set([10, 53, 38])p: 0.229435699799
--- testing 726 : set([105, 10, 34, 79])p: 0.229435699799
--- testing 727 : set([96, 34, 14, 38])p: 0.229435699799
--- testing 728 : set([96, 105, 26, 14])p: 1.0
--- testing 729 : set([96, 26, 34, 14])p: 1.0
--- testing 730 : set([96, 105, 26, 34])p: 1.0
--- testing 731 : set([96, 53, 14])p: 1.0
--- testing 732 : set([96, 105, 14, 79])p: 0.229435699799
--- testing 733 : set([96, 64, 79])p: 0.229435699799
--- testing 734 : set([105, 34, 85, 14])p: 0.0247768982037
--- testing 735 : set([105, 34, 85, 38])p: 1.0
--- testing 736 : set([50, 34, 85, 14])p: 0.0247768982037
--- testing 737 : set([26, 14, 85, 38])p: 1.0
--- testing 738 : set([105, 85, 14, 53])p: 0.0247768982037
--- testing 739 : set([105, 85, 38, 53])p: 1.0
--- testing 740 : set([34, 85, 53])p: 0.00152200174605
--- testing 741 : set([64, 2, 85])p: 0.00152200174605
--- testing 742 : set([26, 4, 14])p: 1.0
--- testing 743 : set([2, 4, 14])p: 1.0
--- testing 744 : set([10, 4, 14])p: 1.0
--- testing 745 : set([105, 34, 6])p: 0.229435699799
--- testing 746 : set([105, 38, 23])p: 0.229435699799
--- testing 747 : set([34, 14, 23])p: 1.0
--- testing 748 : set([6, 23])p: 1.0
--- testing 749 : set([8, 50, 14])p: 1.0
--- testing 750 : set([106, 50, 53])p: 1.0
--- testing 751 : set([106, 10])p: 0.229435699799
--- testing 752 : set([105, 34, 31])p: 1.0
--- testing 753 : set([105, 53, 31])p: 1.0
--- testing 754 : set([79, 31])p: 0.229435699799
--- testing 755 : set([10, 31])p: 1.0
--- testing 756 : set([105, 14, 38, 86])p: 1.0
--- testing 757 : set([2, 86])p: 0.229435699799
--- testing 758 : set([105, 50, 95])p: 1.0
--- testing 759 : set([26, 34, 38, 95])p: 1.0
--- testing 760 : set([96, 26, 95])p: 0.229435699799
--- testing 761 : set([4, 95])p: 0.229435699799
--- testing 762 : set([105, 60, 14])p: 0.229435699799
--- testing 763 : set([26, 60, 14])p: 1.0
--- testing 764 : set([105, 50, 20])p: 1.0
--- testing 765 : set([34, 54])p: 1.0
--- testing 766 : set([10, 54])p: 1.0
--- testing 767 : set([34, 36, 38])p: 1.0
--- testing 768 : set([105, 50, 36])p: 0.229435699799
--- testing 769 : set([26, 36])p: 0.229435699799
--- testing 770 : set([36, 85])p: 0.229435699799
--- testing 771 : set([90, 79])p: 1.0
--- testing 772 : set([90, 2])p: 1.0
--- testing 773 : set([2, 39])p: 1.0
--- testing 774 : set([96, 39])p: 0.229435699799
--- testing 775 : set([98, 34, 14])p: 0.229435699799
--- testing 776 : set([98, 53])p: 0.229435699799
--- testing 777 : set([98, 85])p: 0.229435699799
--- testing 778 : set([34, 55])p: 1.0
--- testing 779 : set([26, 55])p: 0.229435699799
--- testing 780 : set([2, 55])p: 1.0
--- testing 781 : set([57, 34])p: 0.229435699799
--- testing 782 : set([105, 62])p: 1.0
--- testing 783 : set([34, 62])p: 1.0
--- testing 784 : set([38, 103])p: 0.0247768982037
--- testing 785 : set([101, 38])p: 1.0
--- testing 786 : set([18])p: 1.0
--- testing 787 : set([28])p: 0.229435699799
--- testing 788 : set([45])p: 0.229435699799
--- testing 789 : set([89])p: 1.0
--- testing 790 : set([97])p: 1.0
--- testing 791 : set([99])p: 1.0
--- testing 792 : set([105, 26, 14, 34, 38])p: 0.200198728143
--- testing 793 : set([105, 26, 34, 50, 14])p: 1.0
--- testing 794 : set([105, 34, 14, 53, 38])p: 1.0
--- testing 795 : set([105, 50, 14, 38, 79])p: 1.0
--- testing 796 : set([105, 50, 34, 38, 79])p: 1.0
--- testing 797 : set([26, 14, 38, 79])p: 1.0
--- testing 798 : set([105, 26, 50, 14, 79])p: 1.0
--- testing 799 : set([26, 50, 38, 79])p: 1.0
--- testing 800 : set([105, 50, 53, 38, 79])p: 1.0
--- testing 801 : set([105, 50, 34, 53, 79])p: 1.0
--- testing 802 : set([105, 2, 14, 34, 38])p: 1.0
--- testing 803 : set([105, 2, 14, 50, 38])p: 1.0
--- testing 804 : set([105, 2, 14, 26, 38])p: 1.0
--- testing 805 : set([2, 34, 26, 38])p: 1.0
--- testing 806 : set([2, 14, 53, 38])p: 1.0
--- testing 807 : set([2, 26, 53])p: 1.0
--- testing 808 : set([105, 2, 53, 79])p: 1.0
--- testing 809 : set([64, 50, 14, 38])p: 1.0
--- testing 810 : set([64, 50, 34, 14])p: 0.200198728143
--- testing 811 : set([64, 26, 14, 38])p: 0.200198728143
--- testing 812 : set([64, 50, 53, 14])p: 0.018132642073
--- testing 813 : set([64, 14, 38, 79])p: 1.0
--- testing 814 : set([64, 105, 38, 79])p: 1.0
--- testing 815 : set([64, 105, 2, 14])p: 0.018132642073
--- testing 816 : set([64, 2, 34, 14])p: 0.200198728143
--- testing 817 : set([64, 2, 26, 14])p: 0.200198728143
--- testing 818 : set([105, 10, 26, 38])p: 1.0
--- testing 819 : set([10, 50, 53])p: 0.200198728143
--- testing 820 : set([105, 10, 14, 79])p: 1.0
--- testing 821 : set([10, 14, 38, 79])p: 1.0
--- testing 822 : set([105, 10, 38, 79])p: 1.0
--- testing 823 : set([10, 50, 79])p: 0.200198728143
--- testing 824 : set([64, 105, 10, 14, 38])p: 1.0
--- testing 825 : set([64, 10, 2])p: 0.200198728143
--- testing 826 : set([96, 105, 34, 14])p: 0.200198728143
--- testing 827 : set([96, 50, 14, 38])p: 1.0
--- testing 828 : set([96, 105, 53, 14])p: 1.0
--- testing 829 : set([96, 53, 38])p: 0.200198728143
--- testing 830 : set([96, 105, 53, 79])p: 1.0
--- testing 831 : set([96, 64, 14, 38])p: 1.0
--- testing 832 : set([105, 50, 34, 85, 14])p: 0.018132642073
--- testing 833 : set([50, 34, 85, 38])p: 1.0
--- testing 834 : set([26, 50, 85])p: 0.200198728143
--- testing 835 : set([105, 34, 85, 53])p: 0.018132642073
--- testing 836 : set([105, 34, 85, 79])p: 0.018132642073
--- testing 837 : set([2, 34, 85])p: 0.200198728143
--- testing 838 : set([2, 50, 85, 14])p: 0.018132642073
--- testing 839 : set([64, 34, 85])p: 0.200198728143
--- testing 840 : set([64, 105, 50, 85])p: 0.200198728143
--- testing 841 : set([10, 26, 85])p: 1.0
--- testing 842 : set([96, 14, 85, 38])p: 1.0
--- testing 843 : set([96, 50, 85, 14])p: 0.200198728143
--- testing 844 : set([96, 2, 85])p: 0.200198728143
--- testing 845 : set([105, 4, 14, 38])p: 0.200198728143
--- testing 846 : set([34, 4, 14])p: 1.0
--- testing 847 : set([50, 4, 34])p: 1.0
--- testing 848 : set([105, 50, 4, 53])p: 1.0
--- testing 849 : set([34, 4, 79])p: 1.0
--- testing 850 : set([26, 4, 79])p: 1.0
--- testing 851 : set([64, 4, 14])p: 1.0
--- testing 852 : set([64, 4, 38])p: 1.0
--- testing 853 : set([96, 4, 14])p: 1.0
--- testing 854 : set([96, 34, 4])p: 1.0
--- testing 855 : set([4, 85, 38])p: 1.0
--- testing 856 : set([34, 14, 6])p: 0.200198728143
--- testing 857 : set([34, 38, 23])p: 1.0
--- testing 858 : set([105, 53, 23])p: 1.0
--- testing 859 : set([96, 23])p: 1.0
--- testing 860 : set([8, 105, 34])p: 1.0
--- testing 861 : set([8, 34, 38])p: 1.0
--- testing 862 : set([8, 14, 79])p: 0.200198728143
--- testing 863 : set([8, 105, 79])p: 0.200198728143
--- testing 864 : set([8, 96, 105])p: 1.0
--- testing 865 : set([8, 4])p: 1.0
--- testing 866 : set([106, 2])p: 1.0
--- testing 867 : set([50, 14, 31])p: 0.200198728143
--- testing 868 : set([26, 38, 31])p: 1.0
--- testing 869 : set([10, 14, 31])p: 1.0
--- testing 870 : set([105, 53, 86])p: 1.0
--- testing 871 : set([10, 86])p: 1.0
--- testing 872 : set([50, 14, 95])p: 1.0
--- testing 873 : set([50, 38, 95])p: 1.0
--- testing 874 : set([50, 34, 95])p: 1.0
--- testing 875 : set([26, 50, 95])p: 1.0
--- testing 876 : set([105, 53, 95])p: 1.0
--- testing 877 : set([86, 95])p: 1.0
--- testing 878 : set([105, 60, 53])p: 1.0
--- testing 879 : set([2, 60, 14])p: 0.200198728143
--- testing 880 : set([105, 14, 54])p: 1.0
--- testing 881 : set([105, 38, 54])p: 1.0
--- testing 882 : set([26, 38, 54])p: 1.0
--- testing 883 : set([53, 54])p: 1.0
--- testing 884 : set([36, 14, 38])p: 0.200198728143
--- testing 885 : set([92, 14, 38])p: 1.0
--- testing 886 : set([105, 38, 39])p: 0.200198728143
--- testing 887 : set([34, 14, 39])p: 1.0
--- testing 888 : set([34, 38, 39])p: 1.0
--- testing 889 : set([53, 39])p: 0.200198728143
--- testing 890 : set([2, 38, 39])p: 1.0
--- testing 891 : set([64, 39])p: 0.200198728143
--- testing 892 : set([10, 14, 39])p: 1.0
--- testing 893 : set([105, 98, 14])p: 0.200198728143
--- testing 894 : set([64, 98])p: 1.0
--- testing 895 : set([105, 14, 55])p: 1.0
--- testing 896 : set([53, 55])p: 1.0
--- testing 897 : set([79, 55])p: 0.018132642073
--- testing 898 : set([64, 55])p: 1.0
--- testing 899 : set([41, 14, 38])p: 0.200198728143
--- testing 900 : set([41, 34, 14])p: 1.0
--- testing 901 : set([41, 39])p: 0.200198728143
--- testing 902 : set([38, 62])p: 1.0
--- testing 903 : set([26, 62])p: 1.0
--- testing 904 : set([26, 75])p: 1.0
--- testing 905 : set([65, 38])p: 1.0
--- testing 906 : set([64, 70])p: 1.0
--- testing 907 : set([34, 84])p: 1.0
--- testing 908 : set([26, 84])p: 1.0
--- testing 909 : set([100, 14])p: 0.200198728143
--- testing 910 : set([12, 14])p: 0.200198728143
--- testing 911 : set([3])p: 1.0
--- testing 912 : set([17])p: 1.0
--- testing 913 : set([24])p: 1.0
--- testing 914 : set([27])p: 1.0
--- testing 915 : set([81])p: 1.0
--- testing 916 : set([83])p: 0.200198728143
--- testing 917 : set([105, 50, 34, 53, 38])p: 1.0
--- testing 918 : set([105, 26, 14, 53, 38])p: 0.169854380464
--- testing 919 : set([26, 34, 53, 14])p: 1.0
--- testing 920 : set([34, 105, 26, 50, 53])p: 1.0
--- testing 921 : set([50, 34, 14, 79])p: 0.169854380464
--- testing 922 : set([105, 26, 14, 38, 79])p: 1.0
--- testing 923 : set([105, 26, 34, 14, 79])p: 1.0
--- testing 924 : set([105, 26, 50, 38, 79])p: 1.0
--- testing 925 : set([14, 53, 38, 79])p: 1.0
--- testing 926 : set([26, 53, 14, 79])p: 1.0
--- testing 927 : set([105, 2, 50, 26, 14])p: 1.0
--- testing 928 : set([105, 2, 14, 53, 38])p: 1.0
--- testing 929 : set([105, 2, 34, 53, 14])p: 0.169854380464
--- testing 930 : set([34, 105, 2, 50, 53])p: 0.169854380464
--- testing 931 : set([105, 2, 14, 79])p: 1.0
--- testing 932 : set([105, 2, 38, 79])p: 1.0
--- testing 933 : set([105, 2, 34, 50, 79])p: 1.0
--- testing 934 : set([64, 105, 34, 14])p: 0.169854380464
--- testing 935 : set([64, 105, 50, 34])p: 0.169854380464
--- testing 936 : set([64, 105, 26, 50])p: 1.0
--- testing 937 : set([64, 105, 50, 53, 14])p: 0.0123864153998
--- testing 938 : set([64, 105, 50, 14, 79])p: 1.0
--- testing 939 : set([64, 26, 14, 79])p: 1.0
--- testing 940 : set([64, 2, 14, 79])p: 1.0
--- testing 941 : set([105, 10, 34, 14])p: 1.0
--- testing 942 : set([105, 10, 34, 50])p: 1.0
--- testing 943 : set([105, 10, 50, 53])p: 0.169854380464
--- testing 944 : set([10, 34, 38, 79])p: 1.0
--- testing 945 : set([105, 10, 2])p: 1.0
--- testing 946 : set([64, 10, 34])p: 0.169854380464
--- testing 947 : set([64, 10, 2, 14])p: 0.169854380464
--- testing 948 : set([96, 26, 14, 38])p: 1.0
--- testing 949 : set([96, 34, 14, 79])p: 0.169854380464
--- testing 950 : set([96, 50, 14, 79])p: 0.169854380464
--- testing 951 : set([96, 26, 79])p: 1.0
--- testing 952 : set([96, 105, 2, 38])p: 1.0
--- testing 953 : set([96, 105, 2, 50])p: 1.0
--- testing 954 : set([96, 2, 26])p: 0.169854380464
--- testing 955 : set([96, 2, 79])p: 0.169854380464
--- testing 956 : set([96, 64, 105])p: 1.0
--- testing 957 : set([96, 64, 26, 34])p: 1.0
--- testing 958 : set([96, 105, 10])p: 1.0
--- testing 959 : set([96, 10, 14, 38])p: 1.0
--- testing 960 : set([96, 10, 34])p: 1.0
--- testing 961 : set([105, 50, 34, 85, 38])p: 1.0
--- testing 962 : set([105, 26, 85, 38])p: 1.0
--- testing 963 : set([34, 85, 38, 53])p: 0.169854380464
--- testing 964 : set([105, 50, 85, 14, 53])p: 0.0123864153998
--- testing 965 : set([105, 85, 14, 79])p: 0.169854380464
--- testing 966 : set([50, 85, 14, 79])p: 0.169854380464
--- testing 967 : set([105, 2, 85, 14])p: 0.169854380464
--- testing 968 : set([2, 14, 85, 38])p: 0.0123864153998
--- testing 969 : set([105, 2, 34, 85])p: 0.169854380464
--- testing 970 : set([105, 2, 50, 85])p: 0.0123864153998
--- testing 971 : set([2, 26, 85])p: 0.169854380464
--- testing 972 : set([2, 85, 79])p: 0.0123864153998
--- testing 973 : set([105, 10, 85, 38])p: 1.0
--- testing 974 : set([10, 26, 85, 14])p: 1.0
--- testing 975 : set([105, 10, 85, 79])p: 0.169854380464
--- testing 976 : set([96, 105, 50, 85])p: 0.169854380464
--- testing 977 : set([96, 85, 79])p: 0.0123864153998
--- testing 978 : set([96, 64, 85, 14])p: 1.0
--- testing 979 : set([50, 4, 14])p: 1.0
--- testing 980 : set([50, 4, 38])p: 1.0
--- testing 981 : set([105, 26, 4, 38])p: 1.0
--- testing 982 : set([4, 53, 14])p: 1.0
--- testing 983 : set([4, 38, 79])p: 0.169854380464
--- testing 984 : set([2, 4, 38])p: 1.0
--- testing 985 : set([64, 34, 4])p: 1.0
--- testing 986 : set([64, 26, 4])p: 1.0
--- testing 987 : set([105, 10, 4])p: 1.0
--- testing 988 : set([10, 4, 14, 38])p: 1.0
--- testing 989 : set([96, 4, 38])p: 1.0
--- testing 990 : set([96, 2, 4])p: 1.0
--- testing 991 : set([34, 4, 85])p: 1.0
--- testing 992 : set([105, 38, 6])p: 0.169854380464
--- testing 993 : set([50, 14, 6])p: 1.0
--- testing 994 : set([26, 38, 6])p: 0.169854380464
--- testing 995 : set([53, 6])p: 1.0
--- testing 996 : set([105, 6, 79])p: 1.0
--- testing 997 : set([2, 6])p: 1.0
--- testing 998 : set([64, 6])p: 0.169854380464
--- testing 999 : set([4, 6])p: 1.0
--- testing 1000 : set([105, 34, 23])p: 1.0
--- testing 1001 : set([50, 14, 23])p: 1.0
--- testing 1002 : set([50, 38, 23])p: 1.0
--- testing 1003 : set([53, 14, 23])p: 1.0
--- testing 1004 : set([50, 53, 23])p: 1.0
--- testing 1005 : set([105, 79, 23])p: 1.0
--- testing 1006 : set([105, 2, 23])p: 1.0
--- testing 1007 : set([85, 23])p: 0.169854380464
--- testing 1008 : set([38, 6, 23])p: 1.0
--- testing 1009 : set([8, 105, 38])p: 1.0
--- testing 1010 : set([8, 105, 53])p: 1.0
--- testing 1011 : set([8, 64, 14])p: 1.0
--- testing 1012 : set([8, 96, 34])p: 1.0
--- testing 1013 : set([8, 85])p: 0.169854380464
--- testing 1014 : set([106, 14, 38])p: 1.0
--- testing 1015 : set([106, 50, 14])p: 1.0
--- testing 1016 : set([105, 106, 50, 53])p: 1.0
--- testing 1017 : set([106, 26, 79])p: 1.0
--- testing 1018 : set([105, 106, 10])p: 1.0
--- testing 1019 : set([96, 106, 14])p: 1.0
--- testing 1020 : set([34, 14, 31])p: 1.0
--- testing 1021 : set([105, 26, 14, 31])p: 1.0
--- testing 1022 : set([96, 14, 31])p: 1.0
--- testing 1023 : set([85, 14, 31])p: 1.0
--- testing 1024 : set([96, 85, 31])p: 1.0
--- testing 1025 : set([105, 86, 79])p: 1.0
--- testing 1026 : set([50, 86, 79])p: 1.0
--- testing 1027 : set([64, 14, 86])p: 1.0
--- testing 1028 : set([64, 38, 86])p: 1.0
--- testing 1029 : set([4, 86])p: 1.0
--- testing 1030 : set([6, 86])p: 1.0
--- testing 1031 : set([105, 26, 95])p: 1.0
--- testing 1032 : set([26, 14, 38, 95])p: 1.0
--- testing 1033 : set([26, 34, 14, 95])p: 1.0
--- testing 1034 : set([2, 26, 95])p: 1.0
--- testing 1035 : set([10, 95])p: 1.0
--- testing 1036 : set([96, 38, 95])p: 1.0
--- testing 1037 : set([8, 95])p: 1.0
--- testing 1038 : set([106, 95])p: 1.0
--- testing 1039 : set([34, 60, 38])p: 1.0
--- testing 1040 : set([26, 60, 38])p: 1.0
--- testing 1041 : set([10, 60, 14])p: 1.0
--- testing 1042 : set([20, 53])p: 1.0
--- testing 1043 : set([34, 20, 79])p: 0.169854380464
--- testing 1044 : set([2, 20])p: 0.169854380464
--- testing 1045 : set([10, 20])p: 1.0
--- testing 1046 : set([20, 6])p: 1.0
--- testing 1047 : set([72, 2, 38])p: 0.169854380464
--- testing 1048 : set([72, 64, 14])p: 0.169854380464
--- testing 1049 : set([64, 38, 54])p: 1.0
--- testing 1050 : set([4, 54])p: 1.0
--- testing 1051 : set([105, 50, 36, 53])p: 0.169854380464
--- testing 1052 : set([2, 36])p: 0.169854380464
--- testing 1053 : set([10, 36, 14])p: 1.0
--- testing 1054 : set([96, 36])p: 0.169854380464
--- testing 1055 : set([26, 92, 14, 38])p: 1.0
--- testing 1056 : set([26, 92, 34])p: 1.0
--- testing 1057 : set([105, 50, 92, 53])p: 1.0
--- testing 1058 : set([105, 92, 79])p: 1.0
--- testing 1059 : set([2, 92])p: 1.0
--- testing 1060 : set([64, 90])p: 1.0
--- testing 1061 : set([32, 105, 34])p: 1.0
--- testing 1062 : set([32, 50])p: 1.0
--- testing 1063 : set([34, 14, 38, 39])p: 1.0
--- testing 1064 : set([64, 38, 39])p: 0.169854380464
--- testing 1065 : set([105, 98, 50])p: 0.0123864153998
--- testing 1066 : set([98, 2, 14])p: 1.0
--- testing 1067 : set([98, 85, 14])p: 0.169854380464
--- testing 1068 : set([14, 38, 55])p: 1.0
--- testing 1069 : set([105, 50, 53, 55])p: 1.0
--- testing 1070 : set([57, 50, 105])p: 1.0
--- testing 1071 : set([57, 2])p: 1.0
--- testing 1072 : set([34, 15])p: 0.169854380464
--- testing 1073 : set([64, 15])p: 0.0123864153998
--- testing 1074 : set([41, 50])p: 0.169854380464
--- testing 1075 : set([41, 10])p: 0.169854380464
--- testing 1076 : set([96, 41])p: 1.0
--- testing 1077 : set([14, 62])p: 1.0
--- testing 1078 : set([75, 14])p: 1.0
--- testing 1079 : set([65, 34])p: 1.0
--- testing 1080 : set([84, 38])p: 1.0
--- testing 1081 : set([56, 14])p: 1.0
--- testing 1082 : set([56, 2])p: 1.0
--- testing 1083 : set([14, 7])p: 0.169854380464
--- testing 1084 : set([38, 7])p: 1.0
--- testing 1085 : set([14, 103])p: 1.0
--- testing 1086 : set([26, 103])p: 1.0
--- testing 1087 : set([73, 105])p: 0.169854380464
--- testing 1088 : set([25, 14])p: 1.0
--- testing 1089 : set([105, 61])p: 0.169854380464
--- testing 1090 : set([91, 14])p: 1.0
--- testing 1091 : set([105, 91])p: 1.0
--- testing 1092 : set([48, 38])p: 1.0
--- testing 1093 : set([105, 63])p: 1.0
--- testing 1094 : set([34, 68])p: 1.0
--- testing 1095 : set([105, 19])p: 1.0
--- testing 1096 : set([66, 38])p: 1.0
--- testing 1097 : set([11])p: 1.0
--- testing 1098 : set([47])p: 1.0
--- testing 1099 : set([69])p: 1.0
--- testing 1100 : set([14, 26, 34, 50, 38])p: 1.0
--- testing 1101 : set([38, 105, 14, 50, 53, 26])p: 1.0
--- testing 1102 : set([38, 105, 14, 79, 50, 26])p: 1.0
--- testing 1103 : set([26, 34, 50, 79])p: 1.0
--- testing 1104 : set([105, 14, 53, 38, 79])p: 1.0
--- testing 1105 : set([34, 53, 38, 79])p: 1.0
--- testing 1106 : set([105, 26, 53, 14, 79])p: 1.0
--- testing 1107 : set([105, 2, 34, 50, 38])p: 1.0
--- testing 1108 : set([105, 2, 34, 26])p: 1.0
--- testing 1109 : set([14, 2, 50, 26, 38])p: 1.0
--- testing 1110 : set([34, 2, 50, 26])p: 1.0
--- testing 1111 : set([2, 38, 105, 14, 50, 53])p: 1.0
--- testing 1112 : set([2, 26, 53, 14])p: 1.0
--- testing 1113 : set([50, 105, 2, 26, 53])p: 1.0
--- testing 1114 : set([2, 34, 38, 79])p: 1.0
--- testing 1115 : set([105, 2, 50, 14, 79])p: 1.0
--- testing 1116 : set([105, 2, 50, 38, 79])p: 1.0
--- testing 1117 : set([2, 34, 26, 79])p: 0.138360787451
--- testing 1118 : set([2, 50, 26, 79])p: 1.0
--- testing 1119 : set([105, 2, 50, 53, 79])p: 1.0
--- testing 1120 : set([64, 105, 50, 38])p: 1.0
--- testing 1121 : set([64, 105, 26, 14, 38])p: 1.0
--- testing 1122 : set([64, 26, 34, 14])p: 1.0
--- testing 1123 : set([64, 26, 34, 50])p: 1.0
--- testing 1124 : set([64, 105, 53, 38])p: 0.138360787451
--- testing 1125 : set([64, 105, 14, 38, 79])p: 1.0
--- testing 1126 : set([64, 34, 79])p: 1.0
--- testing 1127 : set([64, 50, 38, 79])p: 1.0
--- testing 1128 : set([64, 105, 50, 53, 79])p: 1.0
--- testing 1129 : set([64, 2, 34, 50])p: 0.138360787451
--- testing 1130 : set([64, 2, 34, 26])p: 1.0
--- testing 1131 : set([64, 2, 53, 14])p: 0.00761563570084
--- testing 1132 : set([105, 10, 14, 50, 38])p: 0.138360787451
--- testing 1133 : set([105, 10, 34, 50, 38])p: 1.0
--- testing 1134 : set([105, 10, 14, 26, 38])p: 1.0
--- testing 1135 : set([10, 34, 26, 14])p: 1.0
--- testing 1136 : set([105, 10, 34, 26])p: 1.0
--- testing 1137 : set([10, 34, 26, 38])p: 1.0
--- testing 1138 : set([10, 50, 26])p: 1.0
--- testing 1139 : set([105, 10, 53, 38])p: 1.0
--- testing 1140 : set([105, 10, 34, 38, 79])p: 1.0
--- testing 1141 : set([105, 10, 50, 79])p: 0.138360787451
--- testing 1142 : set([105, 10, 2, 38])p: 1.0
--- testing 1143 : set([10, 34, 2])p: 1.0
--- testing 1144 : set([10, 50, 2])p: 1.0
--- testing 1145 : set([38, 10, 26, 2, 14])p: 0.138360787451
--- testing 1146 : set([96, 105, 50, 38])p: 1.0
--- testing 1147 : set([96, 105, 50, 34])p: 0.138360787451
--- testing 1148 : set([96, 105, 26, 38])p: 1.0
--- testing 1149 : set([96, 26, 34, 38])p: 1.0
--- testing 1150 : set([96, 26, 50])p: 1.0
--- testing 1151 : set([96, 105, 53, 38])p: 0.138360787451
--- testing 1152 : set([96, 105, 34, 53])p: 1.0
--- testing 1153 : set([96, 14, 38, 79])p: 1.0
--- testing 1154 : set([96, 105, 34, 79])p: 0.138360787451
--- testing 1155 : set([96, 105, 50, 14, 79])p: 0.138360787451
--- testing 1156 : set([96, 2, 14, 38])p: 1.0
--- testing 1157 : set([96, 105, 2, 34])p: 1.0
--- testing 1158 : set([96, 2, 34, 38])p: 1.0
--- testing 1159 : set([96, 2, 53])p: 1.0
--- testing 1160 : set([96, 105, 2, 50, 79])p: 1.0
--- testing 1161 : set([96, 105, 10, 34])p: 1.0
--- testing 1162 : set([96, 10, 79])p: 1.0
--- testing 1163 : set([105, 50, 14, 85, 38])p: 1.0
--- testing 1164 : set([105, 26, 50, 85])p: 0.138360787451
--- testing 1165 : set([14, 85, 38, 53])p: 0.138360787451
--- testing 1166 : set([34, 85, 14, 53])p: 0.00761563570084
--- testing 1167 : set([105, 34, 85, 38, 53])p: 1.0
--- testing 1168 : set([105, 50, 85, 38, 53])p: 1.0
--- testing 1169 : set([105, 50, 34, 85, 53])p: 0.138360787451
--- testing 1170 : set([105, 85, 38, 79])p: 1.0
--- testing 1171 : set([26, 85, 14, 79])p: 0.00761563570084
--- testing 1172 : set([105, 2, 85, 38])p: 1.0
--- testing 1173 : set([64, 105, 85, 14])p: 0.00761563570084
--- testing 1174 : set([64, 85, 79])p: 0.138360787451
--- testing 1175 : set([105, 10, 85, 14])p: 1.0
--- testing 1176 : set([10, 34, 85])p: 0.00761563570084
--- testing 1177 : set([64, 10, 85])p: 1.0
--- testing 1178 : set([96, 34, 85, 14])p: 0.138360787451
--- testing 1179 : set([96, 34, 85, 38])p: 1.0
--- testing 1180 : set([96, 105, 50, 85, 14])p: 0.138360787451
--- testing 1181 : set([96, 50, 34, 85])p: 0.138360787451
--- testing 1182 : set([96, 34, 85, 79])p: 0.138360787451
--- testing 1183 : set([96, 2, 85, 38])p: 1.0
--- testing 1184 : set([96, 64, 85, 38])p: 1.0
--- testing 1185 : set([105, 50, 4, 34])p: 1.0
--- testing 1186 : set([26, 4, 14, 38])p: 1.0
--- testing 1187 : set([26, 4, 50])p: 1.0
--- testing 1188 : set([105, 4, 53, 14])p: 1.0
--- testing 1189 : set([26, 4, 53])p: 1.0
--- testing 1190 : set([64, 105, 4])p: 1.0
--- testing 1191 : set([64, 50, 4])p: 1.0
--- testing 1192 : set([10, 4, 26])p: 1.0
--- testing 1193 : set([105, 4, 85])p: 1.0
--- testing 1194 : set([50, 4, 85])p: 1.0
--- testing 1195 : set([26, 4, 85])p: 1.0
--- testing 1196 : set([105, 14, 38, 6])p: 0.138360787451
--- testing 1197 : set([34, 14, 38, 6])p: 0.138360787451
--- testing 1198 : set([105, 50, 6])p: 1.0
--- testing 1199 : set([26, 34, 6])p: 0.138360787451
--- testing 1200 : set([10, 6])p: 1.0
--- testing 1201 : set([105, 26, 23])p: 1.0
--- testing 1202 : set([34, 53, 23])p: 1.0
--- testing 1203 : set([105, 50, 53, 23])p: 1.0
--- testing 1204 : set([2, 53, 23])p: 1.0
--- testing 1205 : set([64, 14, 23])p: 0.138360787451
--- testing 1206 : set([4, 23])p: 1.0
--- testing 1207 : set([34, 6, 23])p: 1.0
--- testing 1208 : set([8, 34, 14, 38])p: 1.0
--- testing 1209 : set([8, 105, 50, 14])p: 1.0
--- testing 1210 : set([8, 105, 26])p: 1.0
--- testing 1211 : set([8, 26, 38])p: 1.0
--- testing 1212 : set([8, 53, 79])p: 1.0
--- testing 1213 : set([8, 2, 79])p: 0.138360787451
--- testing 1214 : set([8, 96, 38])p: 1.0
--- testing 1215 : set([8, 96, 26])p: 1.0
--- testing 1216 : set([8, 96, 79])p: 1.0
--- testing 1217 : set([8, 96, 64])p: 1.0
--- testing 1218 : set([8, 105, 23])p: 1.0
--- testing 1219 : set([105, 106, 38])p: 1.0
--- testing 1220 : set([106, 34, 14])p: 1.0
--- testing 1221 : set([105, 106, 50, 14])p: 1.0
--- testing 1222 : set([106, 50, 38])p: 1.0
--- testing 1223 : set([106, 34, 50])p: 1.0
--- testing 1224 : set([106, 26, 14])p: 1.0
--- testing 1225 : set([105, 106, 26])p: 1.0
--- testing 1226 : set([106, 34, 26])p: 1.0
--- testing 1227 : set([106, 14, 79])p: 1.0
--- testing 1228 : set([106, 4])p: 0.138360787451
--- testing 1229 : set([106, 6])p: 1.0
--- testing 1230 : set([26, 34, 14, 31])p: 1.0
--- testing 1231 : set([105, 26, 34, 31])p: 1.0
--- testing 1232 : set([26, 50, 31])p: 1.0
--- testing 1233 : set([26, 53, 31])p: 1.0
--- testing 1234 : set([105, 79, 31])p: 0.138360787451
--- testing 1235 : set([2, 26, 31])p: 1.0
--- testing 1236 : set([64, 14, 31])p: 1.0
--- testing 1237 : set([64, 105, 31])p: 1.0
--- testing 1238 : set([85, 38, 31])p: 1.0
--- testing 1239 : set([105, 34, 86])p: 1.0
--- testing 1240 : set([50, 38, 86])p: 1.0
--- testing 1241 : set([105, 50, 86, 79])p: 1.0
--- testing 1242 : set([96, 105, 86])p: 1.0
--- testing 1243 : set([85, 86])p: 1.0
--- testing 1244 : set([86, 23])p: 1.0
--- testing 1245 : set([8, 86])p: 1.0
--- testing 1246 : set([105, 38, 95])p: 1.0
--- testing 1247 : set([34, 14, 38, 95])p: 1.0
--- testing 1248 : set([50, 14, 38, 95])p: 1.0
--- testing 1249 : set([105, 50, 34, 95])p: 1.0
--- testing 1250 : set([50, 34, 38, 95])p: 1.0
--- testing 1251 : set([26, 50, 38, 95])p: 1.0
--- testing 1252 : set([26, 34, 50, 95])p: 1.0
--- testing 1253 : set([53, 14, 95])p: 1.0
--- testing 1254 : set([34, 53, 95])p: 1.0
--- testing 1255 : set([105, 2, 95])p: 1.0
--- testing 1256 : set([2, 34, 95])p: 1.0
--- testing 1257 : set([96, 26, 14, 95])p: 1.0
--- testing 1258 : set([96, 26, 38, 95])p: 1.0
--- testing 1259 : set([105, 85, 95])p: 0.138360787451
--- testing 1260 : set([34, 85, 95])p: 0.138360787451
--- testing 1261 : set([26, 85, 95])p: 0.138360787451
--- testing 1262 : set([8, 26, 95])p: 1.0
--- testing 1263 : set([106, 34, 95])p: 1.0
--- testing 1264 : set([26, 31, 95])p: 1.0
--- testing 1265 : set([50, 60, 38])p: 1.0
--- testing 1266 : set([105, 50, 60, 53])p: 1.0
--- testing 1267 : set([60, 14, 79])p: 1.0
--- testing 1268 : set([64, 60, 14])p: 1.0
--- testing 1269 : set([60, 85])p: 0.138360787451
--- testing 1270 : set([105, 34, 20])p: 1.0
--- testing 1271 : set([26, 20])p: 0.138360787451
--- testing 1272 : set([105, 20, 53])p: 1.0
--- testing 1273 : set([96, 20])p: 0.138360787451
--- testing 1274 : set([72, 105, 14])p: 1.0
--- testing 1275 : set([72, 105, 38])p: 1.0
--- testing 1276 : set([72, 34])p: 1.0
--- testing 1277 : set([72, 26])p: 1.0
--- testing 1278 : set([72, 64, 38])p: 0.138360787451
--- testing 1279 : set([72, 10])p: 1.0
--- testing 1280 : set([72, 4])p: 1.0
--- testing 1281 : set([50, 54])p: 1.0
--- testing 1282 : set([54, 79])p: 0.138360787451
--- testing 1283 : set([64, 14, 54])p: 1.0
--- testing 1284 : set([96, 38, 54])p: 1.0
--- testing 1285 : set([85, 54])p: 1.0
--- testing 1286 : set([105, 36, 14])p: 1.0
--- testing 1287 : set([105, 34, 36])p: 1.0
--- testing 1288 : set([26, 92, 53])p: 1.0
--- testing 1289 : set([105, 50, 92, 79])p: 1.0
--- testing 1290 : set([64, 92])p: 1.0
--- testing 1291 : set([92, 86])p: 0.138360787451
--- testing 1292 : set([90, 14, 38])p: 0.138360787451
--- testing 1293 : set([90, 34])p: 1.0
--- testing 1294 : set([105, 90, 50])p: 1.0
--- testing 1295 : set([90, 26, 14])p: 1.0
--- testing 1296 : set([90, 85])p: 1.0
--- testing 1297 : set([32, 26])p: 1.0
--- testing 1298 : set([32, 53])p: 1.0
--- testing 1299 : set([105, 14, 39])p: 1.0
--- testing 1300 : set([50, 39])p: 1.0
--- testing 1301 : set([26, 34, 39])p: 1.0
--- testing 1302 : set([53, 38, 39])p: 0.138360787451
--- testing 1303 : set([2, 14, 39])p: 1.0
--- testing 1304 : set([10, 38, 39])p: 1.0
--- testing 1305 : set([96, 14, 39])p: 1.0
--- testing 1306 : set([96, 105, 39])p: 0.138360787451
--- testing 1307 : set([96, 38, 39])p: 0.138360787451
--- testing 1308 : set([98, 50, 14])p: 0.138360787451
--- testing 1309 : set([98, 26, 14])p: 1.0
--- testing 1310 : set([105, 98, 53])p: 0.138360787451
--- testing 1311 : set([98, 50, 53])p: 0.138360787451
--- testing 1312 : set([98, 79])p: 0.00761563570084
--- testing 1313 : set([98, 34, 2])p: 1.0
--- testing 1314 : set([64, 98, 14])p: 1.0
--- testing 1315 : set([98, 23])p: 1.0
--- testing 1316 : set([98, 31])p: 1.0
--- testing 1317 : set([64, 14, 55])p: 1.0
--- testing 1318 : set([4, 55])p: 0.138360787451
--- testing 1319 : set([57, 14, 105])p: 1.0
--- testing 1320 : set([57, 14, 38])p: 1.0
--- testing 1321 : set([57, 38, 105])p: 1.0
--- testing 1322 : set([57, 26, 14])p: 1.0
--- testing 1323 : set([57, 26, 105])p: 1.0
--- testing 1324 : set([57, 53])p: 1.0
--- testing 1325 : set([57, 105, 79])p: 1.0
--- testing 1326 : set([50, 15])p: 1.0
--- testing 1327 : set([41, 14, 105])p: 1.0
--- testing 1328 : set([41, 50, 34])p: 0.138360787451
--- testing 1329 : set([41, 26, 14])p: 1.0
--- testing 1330 : set([41, 26, 34])p: 0.138360787451
--- testing 1331 : set([41, 106])p: 1.0
--- testing 1332 : set([41, 34, 95])p: 1.0
--- testing 1333 : set([41, 38, 39])p: 1.0
--- testing 1334 : set([64, 62])p: 1.0
--- testing 1335 : set([34, 75])p: 1.0
--- testing 1336 : set([96, 75])p: 1.0
--- testing 1337 : set([96, 65])p: 1.0
--- testing 1338 : set([2, 70])p: 0.138360787451
--- testing 1339 : set([84, 79])p: 1.0
--- testing 1340 : set([56, 34])p: 1.0
--- testing 1341 : set([14, 22])p: 1.0
--- testing 1342 : set([73, 34])p: 0.00761563570084
--- testing 1343 : set([73, 50])p: 1.0
--- testing 1344 : set([10, 101])p: 1.0
--- testing 1345 : set([10, 100])p: 1.0
--- testing 1346 : set([64, 61])p: 1.0
--- testing 1347 : set([91, 38])p: 1.0
--- testing 1348 : set([16, 38])p: 1.0
--- testing 1349 : set([105, 67])p: 1.0
--- testing 1350 : set([21, 14])p: 1.0
--- testing 1351 : set([26, 21])p: 0.138360787451
--- testing 1352 : set([34, 63])p: 1.0
--- testing 1353 : set([105, 74])p: 1.0
--- testing 1354 : set([12, 38])p: 1.0
--- testing 1355 : set([14, 71])p: 1.0
--- testing 1356 : set([105, 34, 68])p: 1.0
--- testing 1357 : set([82, 14])p: 1.0
--- testing 1358 : set([105, 45])p: 0.138360787451
--- testing 1359 : set([26, 99])p: 1.0
--- testing 1360 : set([37])p: 0.138360787451
--- testing 1361 : set([40])p: 1.0
--- testing 1362 : set([51])p: 1.0
--- testing 1363 : set([59])p: 1.0
--- testing 1364 : set([87])p: 1.0
