trsact: data/conditions/data_995.csv.4lcm53 ,#transactions 16228 ,#items 107 ,size 16926 extracted database: #transactions 16228 ,#items 89 ,size 16872
 output to: data/conditions/data_995.csv.4lcm53.results.lcm/data_995.csv.4lcm53.lowsup6.closed
separated at 0
iters=716
716
1
89
279
278
69
finish calculation of K: 715
6
--- testing 1 : set([14])p: 0.000261300722026
--- testing 2 : set([38])p: 0.972685948285
--- testing 3 : set([34])p: 2.5157263721e-13
--- testing 4 : set([50])p: 1.39498625466e-265
--- testing 5 : set([26])p: 4.80278338612e-05
--- testing 6 : set([53])p: 6.30961772834e-219
--- testing 7 : set([14, 38])p: 0.46325987492
--- testing 8 : set([79])p: 1.05572488667e-42
--- testing 9 : set([2])p: 3.68164480795e-08
--- testing 10 : set([64])p: 0.261340542521
--- testing 11 : set([81])p: 0.0219004072491
--- testing 12 : set([10])p: 0.363953553845
--- testing 13 : set([97])p: 0.185067309045
--- testing 14 : set([86])p: 0.000137018566123
--- testing 15 : set([4])p: 0.614086132857
--- testing 16 : set([34, 14])p: 5.27122657951e-06
--- testing 17 : set([50, 14])p: 3.26844679321e-47
--- testing 18 : set([50, 53])p: 7.95136035583e-144
--- testing 19 : set([26, 14])p: 4.34530180504e-05
--- testing 20 : set([34, 38])p: 6.67602230596e-06
--- testing 21 : set([10, 38])p: 0.151712238579
--- testing 22 : set([26, 38])p: 0.00767646398587
--- testing 23 : set([2, 14])p: 0.0147528615387
--- testing 24 : set([10, 14])p: 0.161586629645
--- testing 25 : set([6])p: 0.403697031929
--- testing 26 : set([64, 14])p: 0.253246624023
--- testing 27 : set([50, 38])p: 1.03087624235e-29
--- testing 28 : set([50, 79])p: 3.28122508124e-51
--- testing 29 : set([50, 34])p: 1.51873981626e-37
--- testing 30 : set([26, 34])p: 1.52731124558e-05
--- testing 31 : set([23])p: 0.165531321614
--- testing 32 : set([14, 79])p: 4.34994596725e-09
--- testing 33 : set([8])p: 0.263115834136
--- testing 34 : set([53, 14])p: 7.73705047556e-39
--- testing 35 : set([97, 14])p: 0.132400300654
--- testing 36 : set([64, 38])p: 0.704092078474
--- testing 37 : set([106])p: 0.000187895006766
--- testing 38 : set([31])p: 0.0767501890965
--- testing 39 : set([87])p: 0.141422745117
--- testing 40 : set([14, 86])p: 0.00831869104519
--- testing 41 : set([96])p: 0.0914807169158
--- testing 42 : set([34, 79])p: 2.16927171745e-14
--- testing 43 : set([2, 38])p: 0.0693364216191
--- testing 44 : set([53, 38])p: 2.27791627793e-27
--- testing 45 : set([81, 14])p: 0.0369329146728
--- testing 46 : set([10, 14, 38])p: 0.141713483871
--- testing 47 : set([38, 79])p: 1.09527983319e-05
--- testing 48 : set([26, 50])p: 3.57180863595e-22
--- testing 49 : set([38, 86])p: 0.127027816064
--- testing 50 : set([81, 38])p: 0.0766250958347
--- testing 51 : set([34, 53])p: 1.00922538957e-21
--- testing 52 : set([2, 34])p: 4.60991969717e-06
--- testing 53 : set([34, 14, 38])p: 1.6874407989e-05
--- testing 54 : set([2, 50])p: 7.765050188e-25
--- testing 55 : set([60])p: 0.0285950510031
--- testing 56 : set([26, 14, 38])p: 0.0359753192357
--- testing 57 : set([97, 38])p: 0.0693573809827
--- testing 58 : set([53, 79])p: 2.97875470498e-42
--- testing 59 : set([26, 79])p: 1.43792444713e-06
--- testing 60 : set([64, 2])p: 0.126442654325
--- testing 61 : set([20])p: 0.18008740987
--- testing 62 : set([97, 34])p: 0.0145737403295
--- testing 63 : set([72])p: 0.769305391939
--- testing 64 : set([50, 14, 38])p: 2.28926761688e-12
--- testing 65 : set([81, 79])p: 1.34788826122e-05
--- testing 66 : set([54])p: 0.0893393394707
--- testing 67 : set([26, 53])p: 3.89999981962e-16
--- testing 68 : set([50, 86])p: 7.88096579657e-11
--- testing 69 : set([64, 14, 38])p: 0.233964802728
--- testing 70 : set([36])p: 0.300317877834
--- testing 71 : set([4, 14])p: 0.280998770195
--- testing 72 : set([93])p: 0.280998770195
--- testing 73 : set([4, 38])p: 0.169880536362
--- testing 74 : set([91])p: 0.169880536362
--- testing 75 : set([64, 50])p: 1.65494013029e-11
--- testing 76 : set([26, 86])p: 0.00572122969169
--- testing 77 : set([32])p: 0.620091790348
--- testing 78 : set([2, 26])p: 0.0449532690586
--- testing 79 : set([64, 34])p: 0.0227657136744
--- testing 80 : set([2, 14, 38])p: 0.116143425612
--- testing 81 : set([81, 34])p: 0.0653868121492
--- testing 82 : set([39])p: 0.418475319139
--- testing 83 : set([99])p: 0.116143425612
--- testing 84 : set([64, 26])p: 0.0577203659453
--- testing 85 : set([55])p: 0.0141089077114
--- testing 86 : set([81, 50])p: 1.04484321843e-09
--- testing 87 : set([97, 26])p: 0.0652409097423
--- testing 88 : set([57])p: 0.0332141743186
--- testing 89 : set([14, 38, 86])p: 0.286036274776
--- testing 90 : set([34, 86])p: 0.000806125820578
--- testing 91 : set([97, 86])p: 0.16494905212
--- testing 92 : set([15])p: 0.680773751868
--- testing 93 : set([26, 34, 14])p: 4.55278284431e-05
--- testing 94 : set([50, 53, 14])p: 2.65660684606e-29
--- testing 95 : set([2, 79])p: 1.25901631334e-05
--- testing 96 : set([10, 34])p: 3.23345266391e-06
--- testing 97 : set([64, 97])p: 0.949733288236
--- testing 98 : set([81, 26])p: 0.463782201993
--- testing 99 : set([97, 50])p: 1.22853379491e-07
--- testing 100 : set([26, 34, 38])p: 0.0191605536966
--- testing 101 : set([10, 26])p: 0.0191605536966
--- testing 102 : set([97, 2])p: 0.15301403078
--- testing 103 : set([2, 53])p: 3.9563841571e-14
--- testing 104 : set([81, 86])p: 0.00241845432983
--- testing 105 : set([14, 6])p: 0.516080744388
--- testing 106 : set([50, 53, 79])p: 1.37797045023e-34
--- testing 107 : set([8, 14])p: 0.314234992607
--- testing 108 : set([14, 38, 79])p: 0.00864425843548
--- testing 109 : set([41])p: 0.290089207362
--- testing 110 : set([62])p: 0.599186575842
--- testing 111 : set([50, 34, 14])p: 6.25639719951e-10
--- testing 112 : set([64, 79])p: 0.000174799017583
--- testing 113 : set([81, 53])p: 3.89964266969e-11
--- testing 114 : set([86, 79])p: 0.000174799017583
--- testing 115 : set([81, 2])p: 0.519689146588
--- testing 116 : set([64, 86])p: 0.123430641834
--- testing 117 : set([14, 31])p: 0.123430641834
--- testing 118 : set([14, 53, 38])p: 5.59336165029e-10
--- testing 119 : set([2, 50, 14])p: 9.08519090586e-07
--- testing 120 : set([26, 50, 14])p: 2.06915213396e-09
--- testing 121 : set([10, 50])p: 1.45858606566e-08
--- testing 122 : set([64, 53])p: 1.00517552925e-09
--- testing 123 : set([81, 14, 38])p: 0.27864670989
--- testing 124 : set([97, 14, 38])p: 0.0818300409731
--- testing 125 : set([34, 4])p: 0.0375590639683
--- testing 126 : set([14, 23])p: 0.0154656442958
--- testing 127 : set([38, 23])p: 0.435055545825
--- testing 128 : set([50, 53, 38])p: 3.38622224813e-19
--- testing 129 : set([97, 79])p: 0.000106223527545
--- testing 130 : set([2, 86])p: 0.0701797838666
--- testing 131 : set([38, 6])p: 0.749233657232
--- testing 132 : set([96, 14])p: 0.141226606018
--- testing 133 : set([96, 34])p: 0.0701797838666
--- testing 134 : set([96, 26])p: 0.749233657232
--- testing 135 : set([50, 14, 79])p: 2.10544589963e-10
--- testing 136 : set([64, 2, 14])p: 0.553289790692
--- testing 137 : set([50, 34, 53])p: 2.58960356704e-22
--- testing 138 : set([50, 34, 79])p: 8.66311702278e-12
--- testing 139 : set([75])p: 0.942217467219
--- testing 140 : set([26, 4])p: 0.0930324267844
--- testing 141 : set([14, 87])p: 0.0794633736558
--- testing 142 : set([65])p: 0.162200879461
--- testing 143 : set([26, 34, 50])p: 3.23186488479e-07
--- testing 144 : set([2, 34, 14])p: 0.000245989189934
--- testing 145 : set([53, 86])p: 5.69111613264e-09
--- testing 146 : set([60, 14])p: 0.264406200211
--- testing 147 : set([2, 26, 14])p: 0.0561385991331
--- testing 148 : set([50, 4])p: 1.12240540941e-06
--- testing 149 : set([26, 50, 38])p: 8.27814525137e-08
--- testing 150 : set([64, 10])p: 0.0177355823469
--- testing 151 : set([50, 14, 86])p: 3.80323732953e-06
--- testing 152 : set([38, 87])p: 0.106041851014
--- testing 153 : set([50, 34, 38])p: 4.18013039986e-10
--- testing 154 : set([64, 81])p: 0.337646477317
--- testing 155 : set([97, 53])p: 4.18013039986e-10
--- testing 156 : set([8, 26])p: 0.724257410965
--- testing 157 : set([72, 38])p: 0.724257410965
--- testing 158 : set([38, 39])p: 0.337646477317
--- testing 159 : set([34, 53, 14])p: 1.75421858892e-08
--- testing 160 : set([10, 26, 14])p: 0.0756807456785
--- testing 161 : set([14, 39])p: 0.69735617225
--- testing 162 : set([10, 79])p: 2.36643364357e-05
--- testing 163 : set([97, 81])p: 0.668618564949
--- testing 164 : set([72, 14])p: 0.668618564949
--- testing 165 : set([26, 53, 14])p: 3.03842804869e-08
--- testing 166 : set([34, 14, 79])p: 0.018633801418
--- testing 167 : set([10, 34, 38])p: 1.34204721832e-05
--- testing 168 : set([81, 10])p: 0.427802739902
--- testing 169 : set([97, 4])p: 0.942463742576
--- testing 170 : set([38, 31])p: 0.99059232891
--- testing 171 : set([26, 31])p: 0.0058468016539
--- testing 172 : set([70])p: 0.942463742576
--- testing 173 : set([85])p: 0.0512440208842
--- testing 174 : set([26, 50, 53])p: 1.99645544356e-13
--- testing 175 : set([50, 38, 79])p: 1.24254901928e-08
--- testing 176 : set([26, 14, 79])p: 4.47239592859e-05
--- testing 177 : set([10, 26, 38])p: 0.217287258731
--- testing 178 : set([97, 34, 14])p: 0.217287258731
--- testing 179 : set([64, 4])p: 0.605709382238
--- testing 180 : set([8, 34])p: 0.217287258731
--- testing 181 : set([106, 14])p: 0.00420835023799
--- testing 182 : set([106, 38])p: 0.605709382238
--- testing 183 : set([26, 34, 79])p: 0.000704890273717
--- testing 184 : set([2, 34, 38])p: 0.00295433812588
--- testing 185 : set([64, 50, 14])p: 0.0106078267378
--- testing 186 : set([10, 86])p: 0.0325692832236
--- testing 187 : set([4, 14, 38])p: 0.189714132207
--- testing 188 : set([34, 23])p: 0.357745325208
--- testing 189 : set([8, 38])p: 0.357745325208
--- testing 190 : set([97, 50, 14])p: 0.00201706818748
--- testing 191 : set([34, 6])p: 0.0698963202917
--- testing 192 : set([106, 34])p: 0.00201706818748
--- testing 193 : set([38, 54])p: 0.163602168338
--- testing 194 : set([14, 15])p: 0.910917396253
--- testing 195 : set([34, 38, 79])p: 4.76280036189e-05
--- testing 196 : set([2, 34, 50])p: 8.7539320474e-08
--- testing 197 : set([10, 53])p: 8.56699703849e-07
--- testing 198 : set([34, 14, 86])p: 0.0563079438594
--- testing 199 : set([99, 14])p: 0.1391571645
--- testing 200 : set([56])p: 0.724793568188
--- testing 201 : set([2, 50, 53])p: 3.10422340466e-17
--- testing 202 : set([10, 2])p: 0.254283279024
--- testing 203 : set([97, 26, 14])p: 0.0444875087538
--- testing 204 : set([97, 10])p: 0.254283279024
--- testing 205 : set([26, 6])p: 0.881522336157
--- testing 206 : set([34, 31])p: 0.0444875087538
--- testing 207 : set([96, 38])p: 0.460591211144
--- testing 208 : set([60, 38])p: 0.693991650112
--- testing 209 : set([36, 38])p: 0.976907358406
--- testing 210 : set([38, 15])p: 0.976907358406
--- testing 211 : set([22])p: 0.881522336157
--- testing 212 : set([64, 34, 14])p: 0.221492479853
--- testing 213 : set([64, 26, 14])p: 0.034388732172
--- testing 214 : set([10, 50, 14])p: 0.00253437183632
--- testing 215 : set([26, 14, 86])p: 0.0102309621422
--- testing 216 : set([4, 79])p: 0.0102309621422
--- testing 217 : set([50, 31])p: 0.000523290023944
--- testing 218 : set([36, 14])p: 0.421294462169
--- testing 219 : set([7])p: 0.86366227082
--- testing 220 : set([104])p: 0.86366227082
--- testing 221 : set([26, 14, 34, 38])p: 0.0774950826559
--- testing 222 : set([53, 14, 79])p: 5.35252778909e-12
--- testing 223 : set([2, 50, 38])p: 0.000306624669324
--- testing 224 : set([64, 14, 79])p: 0.00715232601985
--- testing 225 : set([97, 26, 34])p: 0.0259335126616
--- testing 226 : set([14, 54])p: 0.0774950826559
--- testing 227 : set([73])p: 0.190111668106
--- testing 228 : set([102])p: 0.624745590046
--- testing 229 : set([26, 53, 38])p: 2.61609130726e-06
--- testing 230 : set([26, 38, 79])p: 0.000170262917667
--- testing 231 : set([26, 50, 79])p: 2.31139683806e-07
--- testing 232 : set([2, 26, 38])p: 0.00482687717812
--- testing 233 : set([2, 50, 79])p: 2.31139683806e-07
--- testing 234 : set([64, 50, 53])p: 8.12690840558e-10
--- testing 235 : set([81, 50, 14])p: 2.31139683806e-07
--- testing 236 : set([10, 14, 26, 38])p: 0.341076718842
--- testing 237 : set([64, 10, 38])p: 0.00482687717812
--- testing 238 : set([34, 38, 86])p: 0.0190141281094
--- testing 239 : set([64, 14, 86])p: 0.341076718842
--- testing 240 : set([4, 53])p: 2.35100705937e-05
--- testing 241 : set([97, 6])p: 0.586312191466
--- testing 242 : set([106, 50])p: 0.000170262917667
--- testing 243 : set([34, 53, 38])p: 1.07415276964e-05
--- testing 244 : set([50, 14, 53, 38])p: 3.85370206279e-12
--- testing 245 : set([64, 26, 34])p: 0.0134968638583
--- testing 246 : set([64, 2, 38])p: 0.545439612695
--- testing 247 : set([81, 26, 38])p: 0.300943164559
--- testing 248 : set([10, 34, 14])p: 0.132902601522
--- testing 249 : set([64, 10, 14])p: 0.0471463637732
--- testing 250 : set([50, 38, 86])p: 0.000586538622819
--- testing 251 : set([97, 14, 86])p: 0.300943164559
--- testing 252 : set([4, 86])p: 0.300943164559
--- testing 253 : set([50, 23])p: 0.00312729368917
--- testing 254 : set([8, 97])p: 0.0471463637732
--- testing 255 : set([106, 26])p: 0.300943164559
--- testing 256 : set([96, 50])p: 0.0134968638583
--- testing 257 : set([50, 60])p: 8.87335581817e-05
--- testing 258 : set([34, 99])p: 0.545439612695
--- testing 259 : set([101])p: 0.545439612695
--- testing 260 : set([34, 53, 79])p: 3.55200389954e-07
--- testing 261 : set([2, 14, 79])p: 0.107680178654
--- testing 262 : set([81, 50, 79])p: 4.28558931904e-05
--- testing 263 : set([81, 2, 14])p: 0.765061759174
--- testing 264 : set([10, 2, 14])p: 0.502293180671
--- testing 265 : set([97, 34, 38])p: 0.00032299476507
--- testing 266 : set([97, 2, 14])p: 0.502293180671
--- testing 267 : set([2, 14, 86])p: 0.107680178654
--- testing 268 : set([2, 4])p: 0.765061759174
--- testing 269 : set([106, 53])p: 4.28558931904e-05
--- testing 270 : set([86, 31])p: 0.765061759174
--- testing 271 : set([50, 87])p: 0.00193164424618
--- testing 272 : set([34, 20])p: 0.26140420855
--- testing 273 : set([14, 38, 39])p: 0.502293180671
--- testing 274 : set([57, 38])p: 0.26140420855
--- testing 275 : set([41, 14])p: 0.26140420855
--- testing 276 : set([25])p: 0.943332593507
--- testing 277 : set([61])p: 0.107680178654
--- testing 278 : set([92])p: 0.107680178654
--- testing 279 : set([26, 14, 50, 38])p: 1.88553910243e-05
--- testing 280 : set([2, 34, 26])p: 0.222973201076
--- testing 281 : set([2, 53, 14])p: 4.63544950833e-09
--- testing 282 : set([64, 2, 50])p: 0.00112731950562
--- testing 283 : set([81, 34, 14])p: 0.457126498398
--- testing 284 : set([97, 14, 79])p: 0.00603530483442
--- testing 285 : set([26, 38, 86])p: 0.0850520196016
--- testing 286 : set([14, 86, 79])p: 0.0850520196016
--- testing 287 : set([81, 14, 86])p: 0.0255039338713
--- testing 288 : set([10, 38, 86])p: 0.0850520196016
--- testing 289 : set([10, 4])p: 0.0850520196016
--- testing 290 : set([53, 23])p: 0.0255039338713
--- testing 291 : set([96, 26, 14])p: 0.732215686861
--- testing 292 : set([96, 26, 34])p: 0.457126498398
--- testing 293 : set([14, 55])p: 0.0255039338713
--- testing 294 : set([38, 55])p: 0.932190666361
--- testing 295 : set([16])p: 0.732215686861
--- testing 296 : set([48])p: 0.00112731950562
--- testing 297 : set([67])p: 0.222973201076
--- testing 298 : set([26, 53, 79])p: 7.37607421282e-06
--- testing 299 : set([2, 14, 26, 38])p: 0.0177164822565
--- testing 300 : set([64, 2, 34])p: 0.695537128399
--- testing 301 : set([64, 2, 26])p: 0.918859001061
--- testing 302 : set([81, 26, 14])p: 0.410295838934
--- testing 303 : set([64, 81, 14])p: 0.410295838934
--- testing 304 : set([10, 50, 38])p: 0.000614304649098
--- testing 305 : set([64, 97, 14])p: 0.918859001061
--- testing 306 : set([97, 10, 38])p: 0.410295838934
--- testing 307 : set([64, 38, 86])p: 0.410295838934
--- testing 308 : set([8, 50])p: 0.000614304649098
--- testing 309 : set([53, 31])p: 0.00374491168098
--- testing 310 : set([14, 38, 87])p: 0.00374491168098
--- testing 311 : set([34, 60])p: 0.695537128399
--- testing 312 : set([26, 60])p: 0.918859001061
--- testing 313 : set([2, 60])p: 0.410295838934
--- testing 314 : set([93, 14])p: 0.695537128399
--- testing 315 : set([91, 14])p: 0.410295838934
--- testing 316 : set([41, 38])p: 0.410295838934
--- testing 317 : set([21])p: 0.695537128399
--- testing 318 : set([63])p: 0.0652026576915
--- testing 319 : set([74])p: 0.18619421935
--- testing 320 : set([26, 34, 53])p: 3.2413152876e-05
--- testing 321 : set([53, 38, 79])p: 2.4739028374e-06
--- testing 322 : set([64, 26, 38])p: 0.151625201733
--- testing 323 : set([64, 50, 79])p: 3.2413152876e-05
--- testing 324 : set([81, 50, 53])p: 1.29276073816e-07
--- testing 325 : set([10, 14, 86])p: 0.151625201733
--- testing 326 : set([8, 79])p: 0.0117286662956
--- testing 327 : set([8, 2])p: 0.362274063309
--- testing 328 : set([97, 31])p: 0.654788372761
--- testing 329 : set([34, 87])p: 0.151625201733
--- testing 330 : set([26, 87])p: 0.362274063309
--- testing 331 : set([96, 97])p: 0.362274063309
--- testing 332 : set([93, 38])p: 0.902907438728
--- testing 333 : set([46])p: 0.654788372761
--- testing 334 : set([50, 34, 53, 14])p: 2.33924493691e-08
--- testing 335 : set([2, 34, 79])p: 0.00117157557811
--- testing 336 : set([2, 26, 79])p: 0.31366278756
--- testing 337 : set([64, 50, 34])p: 0.0341992158502
--- testing 338 : set([81, 14, 79])p: 0.00732140869688
--- testing 339 : set([10, 14, 79])p: 0.00732140869688
--- testing 340 : set([10, 2, 38])p: 0.119815388683
--- testing 341 : set([97, 50, 79])p: 1.16859797723e-05
--- testing 342 : set([50, 86, 79])p: 0.000138234111944
--- testing 343 : set([97, 38, 86])p: 0.31366278756
--- testing 344 : set([97, 26, 86])p: 0.31366278756
--- testing 345 : set([64, 97, 86])p: 0.88382135673
--- testing 346 : set([26, 4, 38])p: 0.0341992158502
--- testing 347 : set([81, 4])p: 0.119815388683
--- testing 348 : set([26, 23])p: 0.119815388683
--- testing 349 : set([8, 14, 38])p: 0.31366278756
--- testing 350 : set([64, 31])p: 0.119815388683
--- testing 351 : set([64, 87])p: 0.609786171307
--- testing 352 : set([96, 53])p: 0.00732140869688
--- testing 353 : set([96, 2])p: 0.119815388683
--- testing 354 : set([72, 14, 38])p: 0.88382135673
--- testing 355 : set([34, 36])p: 0.119815388683
--- testing 356 : set([50, 93])p: 6.70343788489e-07
--- testing 357 : set([32, 34])p: 0.0341992158502
--- testing 358 : set([26, 99])p: 0.31366278756
--- testing 359 : set([50, 55])p: 1.16859797723e-05
--- testing 360 : set([5])p: 0.609786171307
--- testing 361 : set([26, 34, 50, 38])p: 0.000568793056179
--- testing 362 : set([2, 14, 34, 38])p: 0.00424649213749
--- testing 363 : set([2, 14, 50, 38])p: 0.00424649213749
--- testing 364 : set([2, 34, 50, 14])p: 0.000568793056179
--- testing 365 : set([2, 50, 26])p: 5.38686904963e-05
--- testing 366 : set([2, 53, 38])p: 5.38686904963e-05
--- testing 367 : set([2, 34, 53])p: 3.42425278445e-06
--- testing 368 : set([64, 50, 38])p: 0.0912766644057
--- testing 369 : set([64, 53, 14])p: 0.000568793056179
--- testing 370 : set([81, 53, 14])p: 0.000568793056179
--- testing 371 : set([81, 34, 79])p: 0.00424649213749
--- testing 372 : set([64, 10, 14, 38])p: 0.00424649213749
--- testing 373 : set([97, 26, 38])p: 0.0912766644057
--- testing 374 : set([64, 97, 38])p: 0.860985091278
--- testing 375 : set([64, 97, 34])p: 0.560432274016
--- testing 376 : set([34, 14, 38, 86])p: 0.265200937841
--- testing 377 : set([38, 53, 86])p: 0.000568793056179
--- testing 378 : set([50, 53, 86])p: 2.29327202362e-09
--- testing 379 : set([81, 38, 86])p: 0.560432274016
--- testing 380 : set([81, 50, 86])p: 5.38686904963e-05
--- testing 381 : set([14, 38, 6])p: 0.0912766644057
--- testing 382 : set([26, 14, 6])p: 0.560432274016
--- testing 383 : set([14, 38, 23])p: 0.265200937841
--- testing 384 : set([8, 53])p: 0.0230001295363
--- testing 385 : set([106, 79])p: 0.265200937841
--- testing 386 : set([79, 87])p: 0.0230001295363
--- testing 387 : set([96, 14, 38])p: 0.560432274016
--- testing 388 : set([96, 34, 38])p: 0.265200937841
--- testing 389 : set([96, 26, 38])p: 0.265200937841
--- testing 390 : set([96, 86])p: 0.0912766644057
--- testing 391 : set([60, 14, 38])p: 0.860985091278
--- testing 392 : set([64, 60])p: 0.560432274016
--- testing 393 : set([91, 38])p: 0.860985091278
--- testing 394 : set([32, 38])p: 0.860985091278
--- testing 395 : set([14, 38, 15])p: 0.860985091278
--- testing 396 : set([12])p: 0.860985091278
--- testing 397 : set([33])p: 0.560432274016
--- testing 398 : set([89])p: 1.0
--- testing 399 : set([50, 14, 34, 38])p: 1.71818267059e-05
--- testing 400 : set([26, 34, 50, 14])p: 0.00224047445678
--- testing 401 : set([34, 14, 53, 38])p: 0.00224047445678
--- testing 402 : set([81, 53, 38])p: 0.00224047445678
--- testing 403 : set([81, 26, 79])p: 0.506753849257
--- testing 404 : set([81, 2, 34])p: 0.217767045086
--- testing 405 : set([64, 81, 38])p: 0.506753849257
--- testing 406 : set([10, 14, 34, 38])p: 0.217767045086
--- testing 407 : set([10, 14, 50, 38])p: 0.0664488335441
--- testing 408 : set([10, 38, 79])p: 0.00224047445678
--- testing 409 : set([81, 10, 14])p: 0.506753849257
--- testing 410 : set([81, 10, 38])p: 0.217767045086
--- testing 411 : set([97, 38, 79])p: 0.217767045086
--- testing 412 : set([97, 34, 79])p: 0.0664488335441
--- testing 413 : set([97, 2, 38])p: 0.0144757489005
--- testing 414 : set([97, 2, 34])p: 0.0664488335441
--- testing 415 : set([64, 97, 2])p: 0.833662107891
--- testing 416 : set([50, 34, 86])p: 1.71818267059e-05
--- testing 417 : set([10, 14, 38, 86])p: 0.217767045086
--- testing 418 : set([50, 6])p: 0.0664488335441
--- testing 419 : set([79, 23])p: 0.0144757489005
--- testing 420 : set([8, 34, 14])p: 0.833662107891
--- testing 421 : set([8, 26, 14])p: 0.506753849257
--- testing 422 : set([64, 106])p: 0.506753849257
--- testing 423 : set([81, 106])p: 0.833662107891
--- testing 424 : set([26, 14, 31])p: 0.0144757489005
--- testing 425 : set([96, 79])p: 0.217767045086
--- testing 426 : set([96, 31])p: 0.217767045086
--- testing 427 : set([60, 53])p: 0.00224047445678
--- testing 428 : set([20, 38])p: 0.833662107891
--- testing 429 : set([26, 54])p: 0.506753849257
--- testing 430 : set([50, 36])p: 0.000241113914381
--- testing 431 : set([57, 14])p: 0.0664488335441
--- testing 432 : set([41, 34])p: 0.506753849257
--- testing 433 : set([42])p: 0.217767045086
--- testing 434 : set([43])p: 1.0
--- testing 435 : set([71])p: 0.833662107891
--- testing 436 : set([26, 50, 53, 14])p: 8.56074377912e-08
--- testing 437 : set([26, 50, 53, 38])p: 8.43614530084e-05
--- testing 438 : set([50, 14, 38, 79])p: 0.00104085813134
--- testing 439 : set([26, 34, 14, 79])p: 0.00835811167864
--- testing 440 : set([50, 53, 14, 79])p: 8.56074377912e-08
--- testing 441 : set([2, 50, 53, 14])p: 8.56074377912e-08
--- testing 442 : set([2, 38, 79])p: 0.00835811167864
--- testing 443 : set([64, 34, 38])p: 0.448956488423
--- testing 444 : set([64, 53, 38])p: 0.0456595996867
--- testing 445 : set([64, 38, 79])p: 0.00104085813134
--- testing 446 : set([64, 2, 14, 38])p: 0.448956488423
--- testing 447 : set([81, 34, 38])p: 0.800971282028
--- testing 448 : set([81, 50, 38])p: 0.00835811167864
--- testing 449 : set([81, 38, 79])p: 0.800971282028
--- testing 450 : set([10, 34, 79])p: 8.43614530084e-05
--- testing 451 : set([10, 14, 2, 38])p: 0.448956488423
--- testing 452 : set([97, 50, 38])p: 0.0456595996867
--- testing 453 : set([97, 50, 34])p: 0.0456595996867
--- testing 454 : set([97, 50, 53])p: 8.56074377912e-08
--- testing 455 : set([64, 97, 26])p: 1.0
--- testing 456 : set([97, 10, 14])p: 0.800971282028
--- testing 457 : set([50, 14, 38, 86])p: 0.0456595996867
--- testing 458 : set([26, 34, 86])p: 0.448956488423
--- testing 459 : set([14, 53, 86])p: 8.43614530084e-05
--- testing 460 : set([34, 86, 79])p: 0.00104085813134
--- testing 461 : set([2, 38, 86])p: 0.0456595996867
--- testing 462 : set([64, 14, 38, 86])p: 0.448956488423
--- testing 463 : set([64, 26, 86])p: 0.172371581623
--- testing 464 : set([81, 86, 79])p: 0.00835811167864
--- testing 465 : set([81, 2, 86])p: 0.448956488423
--- testing 466 : set([97, 34, 86])p: 0.172371581623
--- testing 467 : set([34, 4, 38])p: 0.172371581623
--- testing 468 : set([2, 23])p: 0.00835811167864
--- testing 469 : set([8, 10])p: 0.172371581623
--- testing 470 : set([8, 97, 14])p: 0.448956488423
--- testing 471 : set([97, 106])p: 0.172371581623
--- testing 472 : set([14, 38, 31])p: 1.0
--- testing 473 : set([2, 31])p: 0.800971282028
--- testing 474 : set([96, 34, 14])p: 0.448956488423
--- testing 475 : set([20, 14])p: 1.0
--- testing 476 : set([50, 20])p: 8.43614530084e-05
--- testing 477 : set([20, 79])p: 0.172371581623
--- testing 478 : set([14, 38, 54])p: 0.448956488423
--- testing 479 : set([64, 54])p: 0.448956488423
--- testing 480 : set([34, 93])p: 0.448956488423
--- testing 481 : set([26, 93])p: 0.172371581623
--- testing 482 : set([93, 53])p: 0.00835811167864
--- testing 483 : set([26, 91])p: 0.800971282028
--- testing 484 : set([32, 14])p: 0.448956488423
--- testing 485 : set([10, 39])p: 0.800971282028
--- testing 486 : set([99, 38])p: 0.172371581623
--- testing 487 : set([41, 26])p: 0.172371581623
--- testing 488 : set([65, 14])p: 0.172371581623
--- testing 489 : set([1])p: 0.172371581623
--- testing 490 : set([13])p: 0.448956488423
--- testing 491 : set([44])p: 1.0
--- testing 492 : set([49])p: 0.172371581623
--- testing 493 : set([52])p: 0.800971282028
--- testing 494 : set([68])p: 0.0456595996867
--- testing 495 : set([80])p: 0.800971282028
--- testing 496 : set([94])p: 0.800971282028
--- testing 497 : set([26, 14, 53, 38])p: 0.00429297081903
--- testing 498 : set([34, 14, 38, 79])p: 0.130134254311
--- testing 499 : set([26, 50, 53, 79])p: 2.18739100943e-05
--- testing 500 : set([64, 26, 50])p: 0.00429297081903
--- testing 501 : set([64, 2, 50, 14])p: 0.130134254311
--- testing 502 : set([64, 2, 79])p: 0.387493175801
--- testing 503 : set([81, 26, 34])p: 0.130134254311
--- testing 504 : set([81, 53, 79])p: 0.00429297081903
--- testing 505 : set([81, 2, 38])p: 1.0
--- testing 506 : set([81, 2, 26])p: 0.761858527183
--- testing 507 : set([97, 2, 50])p: 0.00429297081903
--- testing 508 : set([64, 97, 50])p: 0.130134254311
--- testing 509 : set([97, 14, 81])p: 0.130134254311
--- testing 510 : set([38, 86, 79])p: 0.029081160572
--- testing 511 : set([26, 86, 79])p: 0.387493175801
--- testing 512 : set([2, 50, 86])p: 0.00429297081903
--- testing 513 : set([64, 50, 86])p: 0.000403193679119
--- testing 514 : set([97, 50, 86])p: 0.00429297081903
--- testing 515 : set([10, 4, 38])p: 0.387493175801
--- testing 516 : set([34, 38, 6])p: 0.387493175801
--- testing 517 : set([6, 79])p: 0.00429297081903
--- testing 518 : set([81, 6])p: 0.130134254311
--- testing 519 : set([86, 6])p: 0.761858527183
--- testing 520 : set([64, 23])p: 0.761858527183
--- testing 521 : set([8, 26, 34])p: 0.761858527183
--- testing 522 : set([8, 2, 14])p: 0.387493175801
--- testing 523 : set([8, 64])p: 0.761858527183
--- testing 524 : set([8, 23])p: 0.029081160572
--- testing 525 : set([106, 86])p: 0.387493175801
--- testing 526 : set([26, 34, 31])p: 0.029081160572
--- testing 527 : set([4, 31])p: 0.387493175801
--- testing 528 : set([53, 87])p: 0.000403193679119
--- testing 529 : set([97, 87])p: 0.029081160572
--- testing 530 : set([96, 81])p: 0.130134254311
--- testing 531 : set([50, 60, 14])p: 0.130134254311
--- testing 532 : set([60, 79])p: 0.761858527183
--- testing 533 : set([72, 64])p: 0.387493175801
--- testing 534 : set([97, 54])p: 0.761858527183
--- testing 535 : set([93, 79])p: 0.00429297081903
--- testing 536 : set([50, 91])p: 0.029081160572
--- testing 537 : set([34, 39])p: 0.130134254311
--- testing 538 : set([26, 39])p: 0.130134254311
--- testing 539 : set([50, 99])p: 0.00429297081903
--- testing 540 : set([2, 99])p: 0.387493175801
--- testing 541 : set([57, 50])p: 0.00429297081903
--- testing 542 : set([57, 26])p: 0.029081160572
--- testing 543 : set([14, 70])p: 1.0
--- testing 544 : set([38, 70])p: 1.0
--- testing 545 : set([9])p: 0.387493175801
--- testing 546 : set([19])p: 0.00429297081903
--- testing 547 : set([66])p: 1.0
--- testing 548 : set([83])p: 0.761858527183
--- testing 549 : set([95])p: 0.387493175801
--- testing 550 : set([26, 50, 14, 79])p: 0.00011720385235
--- testing 551 : set([2, 34, 26, 14])p: 0.092239344159
--- testing 552 : set([2, 50, 26, 14])p: 0.00186186010658
--- testing 553 : set([2, 50, 14, 79])p: 0.0166870656955
--- testing 554 : set([2, 34, 50, 79])p: 0.00186186010658
--- testing 555 : set([2, 26, 14, 79])p: 0.323153445428
--- testing 556 : set([2, 53, 79])p: 0.00011720385235
--- testing 557 : set([64, 50, 14, 79])p: 0.00186186010658
--- testing 558 : set([64, 26, 79])p: 0.092239344159
--- testing 559 : set([64, 2, 53])p: 0.092239344159
--- testing 560 : set([64, 81, 14, 38])p: 0.71506285826
--- testing 561 : set([64, 81, 2])p: 0.323153445428
--- testing 562 : set([10, 34, 50])p: 0.00186186010658
--- testing 563 : set([10, 34, 26])p: 0.0166870656955
--- testing 564 : set([10, 53, 14])p: 0.092239344159
--- testing 565 : set([10, 53, 38])p: 0.0166870656955
--- testing 566 : set([81, 10, 14, 38])p: 0.323153445428
--- testing 567 : set([97, 34, 14, 38])p: 0.092239344159
--- testing 568 : set([97, 26, 34, 14])p: 0.092239344159
--- testing 569 : set([97, 53, 14])p: 0.00011720385235
--- testing 570 : set([64, 97, 79])p: 0.092239344159
--- testing 571 : set([50, 14, 34, 86])p: 0.00011720385235
--- testing 572 : set([26, 14, 38, 86])p: 0.092239344159
--- testing 573 : set([34, 53, 86])p: 0.00011720385235
--- testing 574 : set([64, 2, 86])p: 0.323153445428
--- testing 575 : set([26, 4, 14])p: 0.71506285826
--- testing 576 : set([2, 4, 14])p: 1.0
--- testing 577 : set([10, 4, 14])p: 0.092239344159
--- testing 578 : set([34, 14, 23])p: 0.092239344159
--- testing 579 : set([6, 23])p: 0.71506285826
--- testing 580 : set([8, 50, 14])p: 0.0166870656955
--- testing 581 : set([106, 50, 53])p: 0.00186186010658
--- testing 582 : set([106, 10])p: 0.00186186010658
--- testing 583 : set([79, 31])p: 0.0166870656955
--- testing 584 : set([81, 31])p: 0.71506285826
--- testing 585 : set([10, 31])p: 0.092239344159
--- testing 586 : set([2, 87])p: 0.323153445428
--- testing 587 : set([81, 87])p: 1.0
--- testing 588 : set([96, 26, 34, 38])p: 0.323153445428
--- testing 589 : set([96, 97, 26])p: 0.323153445428
--- testing 590 : set([96, 4])p: 0.71506285826
--- testing 591 : set([26, 60, 14])p: 0.71506285826
--- testing 592 : set([81, 20])p: 1.0
--- testing 593 : set([34, 54])p: 0.323153445428
--- testing 594 : set([10, 54])p: 0.092239344159
--- testing 595 : set([34, 36, 38])p: 0.71506285826
--- testing 596 : set([26, 36])p: 0.092239344159
--- testing 597 : set([36, 86])p: 0.323153445428
--- testing 598 : set([91, 79])p: 0.092239344159
--- testing 599 : set([2, 91])p: 1.0
--- testing 600 : set([2, 39])p: 0.71506285826
--- testing 601 : set([97, 39])p: 0.0166870656955
--- testing 602 : set([34, 99, 14])p: 0.323153445428
--- testing 603 : set([99, 53])p: 0.0166870656955
--- testing 604 : set([99, 86])p: 0.323153445428
--- testing 605 : set([34, 55])p: 0.323153445428
--- testing 606 : set([26, 55])p: 0.323153445428
--- testing 607 : set([2, 55])p: 0.092239344159
--- testing 608 : set([57, 34])p: 0.323153445428
--- testing 609 : set([34, 62])p: 1.0
--- testing 610 : set([104, 38])p: 0.71506285826
--- testing 611 : set([38, 102])p: 0.71506285826
--- testing 612 : set([18])p: 0.71506285826
--- testing 613 : set([28])p: 0.323153445428
--- testing 614 : set([45])p: 0.0166870656955
--- testing 615 : set([90])p: 0.71506285826
--- testing 616 : set([98])p: 0.092239344159
--- testing 617 : set([100])p: 1.0
--- testing 618 : set([50, 34, 38, 79])p: 1.94791395286e-05
--- testing 619 : set([26, 14, 38, 79])p: 0.000615677067846
--- testing 620 : set([26, 50, 38, 79])p: 0.000615677067846
--- testing 621 : set([50, 53, 38, 79])p: 1.94791395286e-05
--- testing 622 : set([50, 34, 53, 79])p: 1.94791395286e-05
--- testing 623 : set([2, 34, 26, 38])p: 0.0598597962461
--- testing 624 : set([2, 14, 53, 38])p: 0.000615677067846
--- testing 625 : set([2, 26, 53])p: 0.00821551964469
--- testing 626 : set([64, 50, 14, 38])p: 0.257177987923
--- testing 627 : set([64, 50, 34, 14])p: 0.257177987923
--- testing 628 : set([64, 26, 14, 38])p: 0.00821551964469
--- testing 629 : set([64, 50, 53, 14])p: 0.000615677067846
--- testing 630 : set([64, 14, 38, 79])p: 0.00821551964469
--- testing 631 : set([64, 2, 34, 14])p: 0.659075799284
--- testing 632 : set([64, 2, 26, 14])p: 0.659075799284
--- testing 633 : set([81, 50, 34])p: 0.00821551964469
--- testing 634 : set([81, 26, 50])p: 0.659075799284
--- testing 635 : set([81, 2, 50])p: 0.0598597962461
--- testing 636 : set([10, 50, 53])p: 0.000615677067846
--- testing 637 : set([10, 14, 38, 79])p: 0.257177987923
--- testing 638 : set([10, 50, 79])p: 0.00821551964469
--- testing 639 : set([64, 10, 2])p: 0.659075799284
--- testing 640 : set([97, 50, 14, 38])p: 0.0598597962461
--- testing 641 : set([97, 53, 38])p: 0.00821551964469
--- testing 642 : set([97, 53, 79])p: 1.94791395286e-05
--- testing 643 : set([64, 97, 14, 38])p: 1.0
--- testing 644 : set([50, 38, 34, 86])p: 0.000615677067846
--- testing 645 : set([26, 50, 86])p: 0.00821551964469
--- testing 646 : set([2, 34, 86])p: 0.000615677067846
--- testing 647 : set([2, 14, 50, 86])p: 0.0598597962461
--- testing 648 : set([64, 34, 86])p: 0.0598597962461
--- testing 649 : set([81, 14, 38, 86])p: 0.659075799284
--- testing 650 : set([81, 34, 86])p: 0.000615677067846
--- testing 651 : set([81, 26, 86])p: 0.257177987923
--- testing 652 : set([81, 2, 14, 86])p: 0.659075799284
--- testing 653 : set([10, 26, 86])p: 0.257177987923
--- testing 654 : set([97, 14, 38, 86])p: 1.0
--- testing 655 : set([97, 50, 14, 86])p: 0.00821551964469
--- testing 656 : set([97, 2, 86])p: 0.257177987923
--- testing 657 : set([34, 4, 14])p: 0.659075799284
--- testing 658 : set([50, 4, 34])p: 0.00821551964469
--- testing 659 : set([50, 4, 53])p: 1.94791395286e-05
--- testing 660 : set([34, 4, 79])p: 0.0598597962461
--- testing 661 : set([26, 4, 79])p: 0.0598597962461
--- testing 662 : set([64, 4, 14])p: 0.659075799284
--- testing 663 : set([64, 4, 38])p: 0.257177987923
--- testing 664 : set([97, 4, 14])p: 1.0
--- testing 665 : set([97, 34, 4])p: 0.257177987923
--- testing 666 : set([4, 38, 86])p: 0.0598597962461
--- testing 667 : set([34, 14, 6])p: 0.0598597962461
--- testing 668 : set([34, 38, 23])p: 0.659075799284
--- testing 669 : set([97, 23])p: 0.257177987923
--- testing 670 : set([8, 34, 38])p: 0.257177987923
--- testing 671 : set([8, 14, 79])p: 0.257177987923
--- testing 672 : set([8, 4])p: 0.659075799284
--- testing 673 : set([106, 2])p: 0.0598597962461
--- testing 674 : set([50, 14, 31])p: 0.257177987923
--- testing 675 : set([26, 38, 31])p: 0.659075799284
--- testing 676 : set([10, 14, 31])p: 0.0598597962461
--- testing 677 : set([10, 87])p: 0.257177987923
--- testing 678 : set([96, 50, 14])p: 0.257177987923
--- testing 679 : set([96, 50, 38])p: 0.0598597962461
--- testing 680 : set([96, 50, 34])p: 0.00821551964469
--- testing 681 : set([96, 26, 50])p: 0.0598597962461
--- testing 682 : set([96, 87])p: 0.257177987923
--- testing 683 : set([2, 60, 14])p: 0.659075799284
--- testing 684 : set([26, 38, 54])p: 0.257177987923
--- testing 685 : set([53, 54])p: 0.0598597962461
--- testing 686 : set([36, 14, 38])p: 1.0
--- testing 687 : set([14, 93, 38])p: 0.659075799284
--- testing 688 : set([34, 14, 39])p: 0.0598597962461
--- testing 689 : set([34, 38, 39])p: 0.257177987923
--- testing 690 : set([53, 39])p: 0.0598597962461
--- testing 691 : set([2, 38, 39])p: 0.659075799284
--- testing 692 : set([64, 39])p: 0.659075799284
--- testing 693 : set([10, 14, 39])p: 0.659075799284
--- testing 694 : set([64, 99])p: 0.257177987923
--- testing 695 : set([53, 55])p: 0.000615677067846
--- testing 696 : set([79, 55])p: 0.659075799284
--- testing 697 : set([64, 55])p: 0.257177987923
--- testing 698 : set([41, 14, 38])p: 0.257177987923
--- testing 699 : set([41, 34, 14])p: 1.0
--- testing 700 : set([41, 39])p: 0.257177987923
--- testing 701 : set([38, 62])p: 1.0
--- testing 702 : set([26, 62])p: 1.0
--- testing 703 : set([26, 75])p: 0.257177987923
--- testing 704 : set([65, 38])p: 0.659075799284
--- testing 705 : set([64, 70])p: 1.0
--- testing 706 : set([34, 85])p: 0.0598597962461
--- testing 707 : set([26, 85])p: 0.257177987923
--- testing 708 : set([101, 14])p: 0.659075799284
--- testing 709 : set([12, 14])p: 0.659075799284
--- testing 710 : set([3])p: 1.0
--- testing 711 : set([17])p: 0.257177987923
--- testing 712 : set([24])p: 0.659075799284
--- testing 713 : set([27])p: 1.0
--- testing 714 : set([82])p: 0.257177987923
--- testing 715 : set([84])p: 0.659075799284
