trsact: data/conditions/data_V83.csv.4lcm53 ,#transactions 16228 ,#items 107 ,size 19446 extracted database: #transactions 16228 ,#items 101 ,size 19439
 output to: data/conditions/data_V83.csv.4lcm53.results.lcm/data_V83.csv.4lcm53.lowsup3.closed
separated at 0
iters=2010
1948
1
100
494
735
484
120
13
1
finish calculation of K: 1947
3
--- testing 1 : set([14])p: 0.485591656864
--- testing 2 : set([106])p: 0.000187895006766
--- testing 3 : set([106, 14])p: 0.0165782855516
--- testing 4 : set([38])p: 0.235695276036
--- testing 5 : set([14, 38])p: 0.845360864889
--- testing 6 : set([106, 38])p: 0.408932493798
--- testing 7 : set([34])p: 0.00267719711525
--- testing 8 : set([34, 14])p: 0.253048353166
--- testing 9 : set([34, 106])p: 0.000714066652741
--- testing 10 : set([34, 38])p: 0.387713479725
--- testing 11 : set([50])p: 0.0235934375358
--- testing 12 : set([50, 14])p: 0.113679358932
--- testing 13 : set([50, 106])p: 0.0996990241112
--- testing 14 : set([50, 106, 14])p: 0.0474481739044
--- testing 15 : set([50, 38])p: 0.0864878522319
--- testing 16 : set([50, 34])p: 0.0801686793952
--- testing 17 : set([26])p: 0.00282424165924
--- testing 18 : set([26, 14])p: 0.19305999463
--- testing 19 : set([26, 106])p: 0.093042598684
--- testing 20 : set([26, 38])p: 0.553301161853
--- testing 21 : set([26, 34])p: 0.0648764325451
--- testing 22 : set([53])p: 0.00317493623346
--- testing 23 : set([53, 14])p: 0.397721927317
--- testing 24 : set([106, 53])p: 0.0198172586544
--- testing 25 : set([50, 53])p: 0.00840388438838
--- testing 26 : set([50, 106, 53])p: 0.0518679412569
--- testing 27 : set([79])p: 0.0744302574955
--- testing 28 : set([14, 79])p: 0.0563061516633
--- testing 29 : set([106, 79])p: 0.444564866634
--- testing 30 : set([50, 79])p: 0.80783100844
--- testing 31 : set([2])p: 0.616160438323
--- testing 32 : set([2, 14])p: 0.273944227343
--- testing 33 : set([2, 106])p: 0.198840370527
--- testing 34 : set([64])p: 0.0495620232192
--- testing 35 : set([64, 14])p: 0.23820036983
--- testing 36 : set([64, 38])p: 0.729422271968
--- testing 37 : set([81])p: 0.0386053699869
--- testing 38 : set([10])p: 0.211928305911
--- testing 39 : set([10, 14])p: 0.269139540608
--- testing 40 : set([10, 38])p: 0.873142905141
--- testing 41 : set([97])p: 0.0467188343081
--- testing 42 : set([97, 14])p: 0.0105904991889
--- testing 43 : set([86])p: 0.0624677541158
--- testing 44 : set([4])p: 0.390873709613
--- testing 45 : set([6])p: 0.106836076541
--- testing 46 : set([23])p: 0.76988631203
--- testing 47 : set([8])p: 0.422451029503
--- testing 48 : set([31])p: 0.130299616253
--- testing 49 : set([87])p: 0.711843206232
--- testing 50 : set([14, 86])p: 0.346918155977
--- testing 51 : set([96])p: 0.00775167419286
--- testing 52 : set([106, 14, 38])p: 0.330743837503
--- testing 53 : set([34, 79])p: 1.0
--- testing 54 : set([2, 38])p: 1.0
--- testing 55 : set([53, 38])p: 0.314463010668
--- testing 56 : set([81, 14])p: 1.0
--- testing 57 : set([50, 106, 79])p: 0.661258259028
--- testing 58 : set([10, 14, 38])p: 0.648870867464
--- testing 59 : set([38, 79])p: 0.275101694254
--- testing 60 : set([81, 106])p: 0.645704372281
--- testing 61 : set([26, 50])p: 0.258650999896
--- testing 62 : set([38, 86])p: 0.255361775811
--- testing 63 : set([81, 38])p: 0.252073483826
--- testing 64 : set([106, 86])p: 0.252073483826
--- testing 65 : set([64, 106])p: 0.248786402178
--- testing 66 : set([50, 106, 34])p: 0.242217007104
--- testing 67 : set([34, 53])p: 0.225835124175
--- testing 68 : set([2, 34])p: 0.591007235413
--- testing 69 : set([50, 106, 38])p: 1.0
--- testing 70 : set([34, 14, 38])p: 0.212792934014
--- testing 71 : set([106, 53, 14])p: 0.57985490149
--- testing 72 : set([2, 50])p: 0.212792934014
--- testing 73 : set([97, 106])p: 0.0524906840231
--- testing 74 : set([60])p: 0.051153694455
--- testing 75 : set([10, 106])p: 0.00142603722045
--- testing 76 : set([26, 14, 38])p: 0.556636325733
--- testing 77 : set([97, 38])p: 1.0
--- testing 78 : set([53, 79])p: 0.532144013726
--- testing 79 : set([26, 79])p: 0.000902713207918
--- testing 80 : set([64, 2])p: 0.16792212196
--- testing 81 : set([20])p: 0.519398675723
--- testing 82 : set([97, 34])p: 0.155425604854
--- testing 83 : set([72])p: 1.0
--- testing 84 : set([34, 106, 14])p: 0.149248249079
--- testing 85 : set([50, 14, 38])p: 0.492864545288
--- testing 86 : set([81, 79])p: 0.146178904938
--- testing 87 : set([106, 53, 38])p: 1.0
--- testing 88 : set([54])p: 1.0
--- testing 89 : set([26, 53])p: 1.0
--- testing 90 : set([106, 53, 79])p: 0.469645206865
--- testing 91 : set([50, 86])p: 1.0
--- testing 92 : set([34, 106, 38])p: 0.460064583177
--- testing 93 : set([64, 14, 38])p: 1.0
--- testing 94 : set([26, 106, 14])p: 0.119222792922
--- testing 95 : set([36])p: 1.0
--- testing 96 : set([4, 14])p: 1.0
--- testing 97 : set([93])p: 0.44537048154
--- testing 98 : set([4, 38])p: 0.113418515044
--- testing 99 : set([91])p: 1.0
--- testing 100 : set([64, 50])p: 0.110544983805
--- testing 101 : set([26, 86])p: 0.110544983805
--- testing 102 : set([32])p: 1.0
--- testing 103 : set([26, 106, 50])p: 1.0
--- testing 104 : set([2, 26])p: 0.107691281851
--- testing 105 : set([64, 34])p: 1.0
--- testing 106 : set([2, 14, 38])p: 1.0
--- testing 107 : set([2, 106, 50])p: 0.102045689453
--- testing 108 : set([81, 34])p: 0.419992749427
--- testing 109 : set([39])p: 0.102045689453
--- testing 110 : set([99])p: 1.0
--- testing 111 : set([64, 26])p: 0.0992549825403
--- testing 112 : set([55])p: 0.0161996720369
--- testing 113 : set([34, 106, 53])p: 0.0964864721902
--- testing 114 : set([81, 50])p: 1.0
--- testing 115 : set([34, 106, 79])p: 1.0
--- testing 116 : set([106, 14, 79])p: 0.0910185060631
--- testing 117 : set([106, 4])p: 1.0
--- testing 118 : set([97, 26])p: 0.393462257801
--- testing 119 : set([57])p: 0.393462257801
--- testing 120 : set([14, 38, 86])p: 0.388013294367
--- testing 121 : set([34, 86])p: 0.388013294367
--- testing 122 : set([97, 86])p: 1.0
--- testing 123 : set([15])p: 1.0
--- testing 124 : set([26, 34, 14])p: 0.0803765606025
--- testing 125 : set([50, 53, 14])p: 0.376969110023
--- testing 126 : set([2, 79])p: 0.0803765606025
--- testing 127 : set([10, 34])p: 0.376969110023
--- testing 128 : set([64, 97])p: 0.376969110023
--- testing 129 : set([81, 26])p: 1.0
--- testing 130 : set([26, 106, 34])p: 0.360030674258
--- testing 131 : set([97, 50])p: 0.354283522221
--- testing 132 : set([26, 106, 38])p: 0.348485120325
--- testing 133 : set([26, 34, 38])p: 0.348485120325
--- testing 134 : set([10, 26])p: 0.348485120325
--- testing 135 : set([97, 2])p: 0.0676800540215
--- testing 136 : set([2, 53])p: 0.0652284665799
--- testing 137 : set([81, 86])p: 0.0652284665799
--- testing 138 : set([14, 6])p: 0.342635014777
--- testing 139 : set([50, 106, 53, 14])p: 0.336732747794
--- testing 140 : set([50, 53, 79])p: 0.336732747794
--- testing 141 : set([2, 106, 14])p: 0.336732747794
--- testing 142 : set([50, 106, 53, 79])p: 0.330777857569
--- testing 143 : set([8, 14])p: 0.330777857569
--- testing 144 : set([14, 38, 79])p: 1.0
--- testing 145 : set([10, 106, 38])p: 0.324769878236
--- testing 146 : set([41])p: 0.00061275467484
--- testing 147 : set([62])p: 1.0
--- testing 148 : set([50, 34, 14])p: 0.318708339832
--- testing 149 : set([26, 106, 53])p: 1.0
--- testing 150 : set([64, 79])p: 0.0534492827877
--- testing 151 : set([81, 53])p: 0.312592768266
--- testing 152 : set([86, 79])p: 0.0534492827877
--- testing 153 : set([81, 2])p: 1.0
--- testing 154 : set([64, 86])p: 1.0
--- testing 155 : set([14, 31])p: 1.0
--- testing 156 : set([14, 53, 38])p: 0.300197608407
--- testing 157 : set([2, 50, 14])p: 0.300197608407
--- testing 158 : set([50, 14, 106, 38])p: 1.0
--- testing 159 : set([26, 50, 14])p: 0.293917050951
--- testing 160 : set([10, 106, 14])p: 0.0049504783146
--- testing 161 : set([10, 50])p: 0.0467924191509
--- testing 162 : set([106, 38, 79])p: 0.28758052193
--- testing 163 : set([64, 53])p: 0.0446466785952
--- testing 164 : set([81, 14, 38])p: 1.0
--- testing 165 : set([97, 14, 38])p: 1.0
--- testing 166 : set([34, 4])p: 1.0
--- testing 167 : set([14, 23])p: 0.28758052193
--- testing 168 : set([38, 23])p: 1.0
--- testing 169 : set([50, 53, 38])p: 0.281187526053
--- testing 170 : set([97, 79])p: 0.281187526053
--- testing 171 : set([2, 86])p: 1.0
--- testing 172 : set([38, 6])p: 1.0
--- testing 173 : set([96, 14])p: 0.0425389180527
--- testing 174 : set([96, 34])p: 0.000312791403206
--- testing 175 : set([96, 26])p: 0.0425389180527
--- testing 176 : set([50, 14, 79])p: 0.274737563675
--- testing 177 : set([64, 2, 14])p: 0.0404699787839
--- testing 178 : set([50, 34, 53])p: 0.268230130761
--- testing 179 : set([50, 34, 79])p: 1.0
--- testing 180 : set([2, 106, 34])p: 0.268230130761
--- testing 181 : set([64, 106, 14])p: 0.268230130761
--- testing 182 : set([50, 106, 86])p: 1.0
--- testing 183 : set([106, 6])p: 1.0
--- testing 184 : set([75])p: 0.268230130761
--- testing 185 : set([64, 50, 106])p: 0.26166471885
--- testing 186 : set([106, 14, 86])p: 0.26166471885
--- testing 187 : set([26, 4])p: 1.0
--- testing 188 : set([34, 14, 106, 38])p: 0.255040815013
--- testing 189 : set([14, 87])p: 1.0
--- testing 190 : set([65])p: 1.0
--- testing 191 : set([26, 34, 50])p: 0.248357901816
--- testing 192 : set([106, 50, 34, 53])p: 0.248357901816
--- testing 193 : set([26, 106, 79])p: 0.0325996766601
--- testing 194 : set([2, 34, 14])p: 1.0
--- testing 195 : set([53, 86])p: 1.0
--- testing 196 : set([106, 23])p: 0.248357901816
--- testing 197 : set([60, 14])p: 0.0325996766601
--- testing 198 : set([50, 106, 53, 38])p: 1.0
--- testing 199 : set([2, 26, 14])p: 0.24161545728
--- testing 200 : set([2, 106, 53])p: 0.0307378816789
--- testing 201 : set([50, 4])p: 1.0
--- testing 202 : set([26, 50, 38])p: 0.234812954841
--- testing 203 : set([81, 50, 106])p: 1.0
--- testing 204 : set([64, 10])p: 1.0
--- testing 205 : set([97, 106, 14])p: 0.0023308586523
--- testing 206 : set([50, 14, 86])p: 1.0
--- testing 207 : set([8, 106])p: 0.234812954841
--- testing 208 : set([106, 31])p: 0.234812954841
--- testing 209 : set([38, 87])p: 1.0
--- testing 210 : set([50, 34, 38])p: 0.227949863312
--- testing 211 : set([81, 106, 14])p: 1.0
--- testing 212 : set([64, 81])p: 1.0
--- testing 213 : set([97, 53])p: 0.227949863312
--- testing 214 : set([8, 26])p: 1.0
--- testing 215 : set([96, 106])p: 1.0
--- testing 216 : set([72, 38])p: 1.0
--- testing 217 : set([38, 39])p: 0.227949863312
--- testing 218 : set([34, 53, 14])p: 1.0
--- testing 219 : set([2, 106, 38])p: 1.0
--- testing 220 : set([81, 106, 79])p: 1.0
--- testing 221 : set([10, 26, 14])p: 0.22102564684
--- testing 222 : set([106, 87])p: 0.22102564684
--- testing 223 : set([14, 39])p: 1.0
--- testing 224 : set([10, 79])p: 0.214039764866
--- testing 225 : set([97, 81])p: 1.0
--- testing 226 : set([72, 14])p: 1.0
--- testing 227 : set([26, 53, 14])p: 1.0
--- testing 228 : set([34, 14, 79])p: 1.0
--- testing 229 : set([81, 106, 53])p: 1.0
--- testing 230 : set([10, 34, 38])p: 1.0
--- testing 231 : set([81, 10])p: 0.206991672086
--- testing 232 : set([97, 4])p: 0.206991672086
--- testing 233 : set([38, 31])p: 0.0221094764502
--- testing 234 : set([26, 31])p: 0.0221094764502
--- testing 235 : set([70])p: 1.0
--- testing 236 : set([85])p: 1.0
--- testing 237 : set([50, 106, 34, 14])p: 1.0
--- testing 238 : set([26, 50, 53])p: 1.0
--- testing 239 : set([50, 38, 79])p: 1.0
--- testing 240 : set([26, 14, 79])p: 0.0205265809396
--- testing 241 : set([10, 26, 38])p: 1.0
--- testing 242 : set([97, 34, 14])p: 0.0205265809396
--- testing 243 : set([64, 4])p: 1.0
--- testing 244 : set([8, 34])p: 1.0
--- testing 245 : set([106, 14, 53, 38])p: 1.0
--- testing 246 : set([50, 106, 34, 79])p: 1.0
--- testing 247 : set([26, 34, 79])p: 1.0
--- testing 248 : set([2, 34, 38])p: 1.0
--- testing 249 : set([64, 50, 14])p: 1.0
--- testing 250 : set([81, 106, 38])p: 1.0
--- testing 251 : set([10, 14, 106, 38])p: 0.192706648909
--- testing 252 : set([97, 50, 106])p: 0.192706648909
--- testing 253 : set([10, 86])p: 0.0189935662008
--- testing 254 : set([4, 14, 38])p: 1.0
--- testing 255 : set([34, 23])p: 1.0
--- testing 256 : set([8, 38])p: 0.192706648909
--- testing 257 : set([26, 106, 50, 14])p: 1.0
--- testing 258 : set([50, 106, 14, 79])p: 0.185468603796
--- testing 259 : set([64, 106, 53])p: 0.185468603796
--- testing 260 : set([10, 106, 34])p: 1.0
--- testing 261 : set([97, 50, 14])p: 0.185468603796
--- testing 262 : set([106, 38, 86])p: 1.0
--- testing 263 : set([34, 6])p: 0.185468603796
--- testing 264 : set([106, 60])p: 1.0
--- testing 265 : set([38, 54])p: 1.0
--- testing 266 : set([14, 15])p: 1.0
--- testing 267 : set([26, 14, 106, 38])p: 1.0
--- testing 268 : set([34, 38, 79])p: 1.0
--- testing 269 : set([2, 34, 50])p: 1.0
--- testing 270 : set([2, 106, 79])p: 0.178166118361
--- testing 271 : set([64, 106, 38])p: 1.0
--- testing 272 : set([10, 106, 50])p: 0.178166118361
--- testing 273 : set([10, 53])p: 1.0
--- testing 274 : set([34, 14, 86])p: 1.0
--- testing 275 : set([99, 14])p: 1.0
--- testing 276 : set([56])p: 1.0
--- testing 277 : set([26, 106, 34, 14])p: 0.17079862294
--- testing 278 : set([106, 26, 50, 53])p: 1.0
--- testing 279 : set([106, 2, 50, 53])p: 0.0147039414013
--- testing 280 : set([10, 2])p: 1.0
--- testing 281 : set([97, 34, 106])p: 0.17079862294
--- testing 282 : set([97, 26, 14])p: 0.17079862294
--- testing 283 : set([97, 10])p: 1.0
--- testing 284 : set([26, 6])p: 1.0
--- testing 285 : set([34, 31])p: 0.17079862294
--- testing 286 : set([96, 38])p: 0.0147039414013
--- testing 287 : set([60, 38])p: 0.17079862294
--- testing 288 : set([36, 38])p: 1.0
--- testing 289 : set([38, 15])p: 1.0
--- testing 290 : set([22])p: 1.0
--- testing 291 : set([50, 106, 34, 38])p: 1.0
--- testing 292 : set([2, 106, 50, 14])p: 0.163365542866
--- testing 293 : set([64, 34, 14])p: 1.0
--- testing 294 : set([64, 26, 14])p: 0.163365542866
--- testing 295 : set([10, 50, 14])p: 0.163365542866
--- testing 296 : set([97, 106, 38])p: 1.0
--- testing 297 : set([97, 106, 53])p: 0.163365542866
--- testing 298 : set([26, 14, 86])p: 0.163365542866
--- testing 299 : set([106, 53, 86])p: 1.0
--- testing 300 : set([4, 79])p: 0.163365542866
--- testing 301 : set([50, 31])p: 1.0
--- testing 302 : set([36, 14])p: 1.0
--- testing 303 : set([7])p: 1.0
--- testing 304 : set([104])p: 1.0
--- testing 305 : set([26, 14, 34, 38])p: 0.155866298433
--- testing 306 : set([53, 14, 79])p: 0.155866298433
--- testing 307 : set([2, 50, 38])p: 1.0
--- testing 308 : set([64, 14, 79])p: 0.155866298433
--- testing 309 : set([97, 26, 34])p: 0.155866298433
--- testing 310 : set([34, 106, 86])p: 0.155866298433
--- testing 311 : set([26, 106, 86])p: 0.155866298433
--- testing 312 : set([14, 54])p: 1.0
--- testing 313 : set([73])p: 1.0
--- testing 314 : set([102])p: 0.155866298433
--- testing 315 : set([26, 106, 50, 38])p: 1.0
--- testing 316 : set([106, 26, 34, 50])p: 1.0
--- testing 317 : set([34, 106, 53, 14])p: 1.0
--- testing 318 : set([26, 53, 38])p: 1.0
--- testing 319 : set([26, 38, 79])p: 0.148300304842
--- testing 320 : set([26, 50, 79])p: 1.0
--- testing 321 : set([2, 26, 38])p: 1.0
--- testing 322 : set([2, 50, 79])p: 0.148300304842
--- testing 323 : set([64, 50, 53])p: 0.0109003166769
--- testing 324 : set([64, 2, 106])p: 1.0
--- testing 325 : set([81, 50, 14])p: 1.0
--- testing 326 : set([10, 14, 26, 38])p: 1.0
--- testing 327 : set([64, 10, 38])p: 1.0
--- testing 328 : set([34, 38, 86])p: 1.0
--- testing 329 : set([64, 14, 86])p: 1.0
--- testing 330 : set([4, 53])p: 1.0
--- testing 331 : set([97, 6])p: 0.0109003166769
--- testing 332 : set([34, 53, 38])p: 1.0
--- testing 333 : set([50, 14, 53, 38])p: 1.0
--- testing 334 : set([26, 106, 53, 14])p: 1.0
--- testing 335 : set([50, 106, 38, 79])p: 1.0
--- testing 336 : set([106, 53, 14, 79])p: 0.140666972166
--- testing 337 : set([64, 34, 106])p: 1.0
--- testing 338 : set([64, 26, 34])p: 1.0
--- testing 339 : set([64, 106, 79])p: 1.0
--- testing 340 : set([64, 2, 38])p: 1.0
--- testing 341 : set([81, 26, 38])p: 1.0
--- testing 342 : set([10, 34, 14])p: 1.0
--- testing 343 : set([64, 10, 14])p: 1.0
--- testing 344 : set([50, 38, 86])p: 1.0
--- testing 345 : set([106, 86, 79])p: 0.140666972166
--- testing 346 : set([97, 14, 86])p: 1.0
--- testing 347 : set([50, 4, 106])p: 1.0
--- testing 348 : set([4, 86])p: 1.0
--- testing 349 : set([50, 23])p: 0.140666972166
--- testing 350 : set([8, 97])p: 0.140666972166
--- testing 351 : set([96, 50])p: 0.140666972166
--- testing 352 : set([50, 60])p: 0.140666972166
--- testing 353 : set([106, 20])p: 1.0
--- testing 354 : set([106, 54])p: 1.0
--- testing 355 : set([34, 99])p: 1.0
--- testing 356 : set([106, 55])p: 0.00974543543877
--- testing 357 : set([101])p: 1.0
--- testing 358 : set([14, 50, 106, 53, 38])p: 1.0
--- testing 359 : set([34, 53, 79])p: 1.0
--- testing 360 : set([2, 106, 26])p: 1.0
--- testing 361 : set([2, 14, 79])p: 0.00864888315859
--- testing 362 : set([81, 50, 79])p: 1.0
--- testing 363 : set([81, 2, 14])p: 1.0
--- testing 364 : set([10, 2, 14])p: 1.0
--- testing 365 : set([97, 34, 38])p: 1.0
--- testing 366 : set([97, 106, 79])p: 0.1329657053
--- testing 367 : set([97, 2, 14])p: 0.00864888315859
--- testing 368 : set([50, 14, 106, 86])p: 1.0
--- testing 369 : set([2, 14, 86])p: 1.0
--- testing 370 : set([81, 106, 86])p: 1.0
--- testing 371 : set([2, 4])p: 1.0
--- testing 372 : set([86, 31])p: 1.0
--- testing 373 : set([50, 87])p: 1.0
--- testing 374 : set([34, 20])p: 1.0
--- testing 375 : set([14, 38, 39])p: 1.0
--- testing 376 : set([57, 38])p: 1.0
--- testing 377 : set([41, 14])p: 0.00864888315859
--- testing 378 : set([25])p: 1.0
--- testing 379 : set([61])p: 0.1329657053
--- testing 380 : set([92])p: 1.0
--- testing 381 : set([26, 14, 50, 38])p: 0.125195903916
--- testing 382 : set([106, 2, 34, 50])p: 1.0
--- testing 383 : set([2, 34, 26])p: 1.0
--- testing 384 : set([2, 53, 14])p: 0.125195903916
--- testing 385 : set([64, 26, 106])p: 1.0
--- testing 386 : set([64, 50, 106, 53])p: 0.125195903916
--- testing 387 : set([64, 2, 50])p: 1.0
--- testing 388 : set([81, 34, 14])p: 1.0
--- testing 389 : set([81, 34, 106])p: 1.0
--- testing 390 : set([97, 14, 79])p: 0.125195903916
--- testing 391 : set([26, 38, 86])p: 1.0
--- testing 392 : set([14, 86, 79])p: 0.125195903916
--- testing 393 : set([81, 14, 86])p: 1.0
--- testing 394 : set([10, 38, 86])p: 1.0
--- testing 395 : set([10, 4])p: 1.0
--- testing 396 : set([53, 23])p: 0.125195903916
--- testing 397 : set([96, 26, 14])p: 0.00761178148041
--- testing 398 : set([96, 26, 34])p: 0.125195903916
--- testing 399 : set([14, 55])p: 0.125195903916
--- testing 400 : set([38, 55])p: 0.125195903916
--- testing 401 : set([57, 106])p: 1.0
--- testing 402 : set([16])p: 1.0
--- testing 403 : set([48])p: 1.0
--- testing 404 : set([67])p: 1.0
--- testing 405 : set([26, 106, 34, 38])p: 1.0
--- testing 406 : set([106, 14, 38, 79])p: 1.0
--- testing 407 : set([26, 53, 79])p: 1.0
--- testing 408 : set([2, 14, 106, 38])p: 1.0
--- testing 409 : set([2, 106, 34, 14])p: 1.0
--- testing 410 : set([2, 14, 26, 38])p: 1.0
--- testing 411 : set([64, 106, 14, 38])p: 1.0
--- testing 412 : set([64, 2, 34])p: 1.0
--- testing 413 : set([64, 2, 26])p: 0.11735696242
--- testing 414 : set([81, 26, 14])p: 1.0
--- testing 415 : set([64, 81, 14])p: 1.0
--- testing 416 : set([10, 106, 34, 38])p: 1.0
--- testing 417 : set([10, 50, 38])p: 1.0
--- testing 418 : set([10, 106, 26])p: 0.11735696242
--- testing 419 : set([10, 106, 53])p: 1.0
--- testing 420 : set([10, 106, 79])p: 0.11735696242
--- testing 421 : set([97, 26, 106])p: 0.11735696242
--- testing 422 : set([64, 97, 14])p: 0.11735696242
--- testing 423 : set([97, 10, 38])p: 1.0
--- testing 424 : set([64, 38, 86])p: 1.0
--- testing 425 : set([106, 4, 38])p: 1.0
--- testing 426 : set([8, 50])p: 0.11735696242
--- testing 427 : set([53, 31])p: 1.0
--- testing 428 : set([14, 38, 87])p: 1.0
--- testing 429 : set([34, 60])p: 0.11735696242
--- testing 430 : set([26, 60])p: 0.000231844130442
--- testing 431 : set([2, 60])p: 0.11735696242
--- testing 432 : set([93, 14])p: 1.0
--- testing 433 : set([91, 14])p: 1.0
--- testing 434 : set([106, 91])p: 1.0
--- testing 435 : set([106, 99])p: 1.0
--- testing 436 : set([41, 38])p: 0.00663526720785
--- testing 437 : set([21])p: 1.0
--- testing 438 : set([63])p: 1.0
--- testing 439 : set([74])p: 1.0
--- testing 440 : set([26, 34, 53])p: 1.0
--- testing 441 : set([26, 106, 14, 79])p: 0.109448269905
--- testing 442 : set([26, 106, 50, 79])p: 1.0
--- testing 443 : set([53, 38, 79])p: 1.0
--- testing 444 : set([2, 106, 53, 14])p: 0.109448269905
--- testing 445 : set([2, 106, 50, 79])p: 0.109448269905
--- testing 446 : set([64, 26, 38])p: 1.0
--- testing 447 : set([64, 50, 79])p: 1.0
--- testing 448 : set([81, 50, 106, 14])p: 1.0
--- testing 449 : set([81, 50, 53])p: 1.0
--- testing 450 : set([10, 14, 86])p: 0.109448269905
--- testing 451 : set([106, 4, 14])p: 1.0
--- testing 452 : set([8, 79])p: 0.109448269905
--- testing 453 : set([8, 2])p: 0.109448269905
--- testing 454 : set([97, 31])p: 1.0
--- testing 455 : set([34, 87])p: 1.0
--- testing 456 : set([26, 87])p: 1.0
--- testing 457 : set([96, 97])p: 1.0
--- testing 458 : set([106, 36])p: 1.0
--- testing 459 : set([106, 93])p: 1.0
--- testing 460 : set([93, 38])p: 0.109448269905
--- testing 461 : set([46])p: 1.0
--- testing 462 : set([50, 34, 53, 14])p: 1.0
--- testing 463 : set([26, 106, 53, 38])p: 1.0
--- testing 464 : set([34, 106, 38, 79])p: 1.0
--- testing 465 : set([34, 106, 53, 79])p: 1.0
--- testing 466 : set([2, 34, 79])p: 1.0
--- testing 467 : set([2, 26, 79])p: 0.101469210103
--- testing 468 : set([64, 50, 34])p: 1.0
--- testing 469 : set([81, 14, 79])p: 1.0
--- testing 470 : set([10, 14, 79])p: 0.101469210103
--- testing 471 : set([10, 2, 38])p: 1.0
--- testing 472 : set([97, 50, 79])p: 0.101469210103
--- testing 473 : set([50, 86, 79])p: 1.0
--- testing 474 : set([97, 106, 86])p: 1.0
--- testing 475 : set([97, 38, 86])p: 1.0
--- testing 476 : set([97, 26, 86])p: 1.0
--- testing 477 : set([64, 97, 86])p: 1.0
--- testing 478 : set([26, 4, 38])p: 1.0
--- testing 479 : set([81, 4])p: 0.101469210103
--- testing 480 : set([106, 14, 23])p: 0.101469210103
--- testing 481 : set([26, 23])p: 1.0
--- testing 482 : set([8, 14, 38])p: 1.0
--- testing 483 : set([64, 31])p: 1.0
--- testing 484 : set([64, 87])p: 1.0
--- testing 485 : set([96, 53])p: 1.0
--- testing 486 : set([96, 2])p: 0.101469210103
--- testing 487 : set([72, 14, 38])p: 1.0
--- testing 488 : set([34, 36])p: 1.0
--- testing 489 : set([50, 93])p: 1.0
--- testing 490 : set([32, 34])p: 1.0
--- testing 491 : set([26, 99])p: 1.0
--- testing 492 : set([50, 55])p: 0.00486862496432
--- testing 493 : set([5])p: 0.101469210103
--- testing 494 : set([26, 34, 50, 38])p: 0.0934191613419
--- testing 495 : set([34, 106, 53, 38])p: 1.0
--- testing 496 : set([106, 50, 34, 53, 14])p: 1.0
--- testing 497 : set([26, 106, 34, 79])p: 1.0
--- testing 498 : set([2, 14, 34, 38])p: 1.0
--- testing 499 : set([2, 14, 50, 38])p: 1.0
--- testing 500 : set([2, 34, 50, 14])p: 1.0
--- testing 501 : set([2, 50, 26])p: 1.0
--- testing 502 : set([2, 53, 38])p: 1.0
--- testing 503 : set([2, 34, 53])p: 1.0
--- testing 504 : set([64, 50, 38])p: 0.0934191613419
--- testing 505 : set([64, 53, 14])p: 1.0
--- testing 506 : set([81, 53, 14])p: 1.0
--- testing 507 : set([81, 50, 106, 53])p: 1.0
--- testing 508 : set([81, 34, 79])p: 1.0
--- testing 509 : set([64, 10, 14, 38])p: 1.0
--- testing 510 : set([97, 26, 38])p: 1.0
--- testing 511 : set([97, 2, 106])p: 0.0934191613419
--- testing 512 : set([64, 97, 38])p: 1.0
--- testing 513 : set([64, 97, 34])p: 1.0
--- testing 514 : set([106, 14, 38, 86])p: 1.0
--- testing 515 : set([34, 14, 38, 86])p: 1.0
--- testing 516 : set([38, 53, 86])p: 1.0
--- testing 517 : set([50, 106, 53, 86])p: 1.0
--- testing 518 : set([81, 38, 86])p: 0.0934191613419
--- testing 519 : set([81, 50, 86])p: 1.0
--- testing 520 : set([34, 4, 106])p: 1.0
--- testing 521 : set([106, 4, 53])p: 1.0
--- testing 522 : set([14, 38, 6])p: 1.0
--- testing 523 : set([26, 14, 6])p: 1.0
--- testing 524 : set([14, 38, 23])p: 1.0
--- testing 525 : set([8, 53])p: 0.0934191613419
--- testing 526 : set([79, 87])p: 1.0
--- testing 527 : set([96, 14, 38])p: 0.0934191613419
--- testing 528 : set([96, 34, 38])p: 0.00408084801384
--- testing 529 : set([96, 26, 38])p: 0.0934191613419
--- testing 530 : set([96, 86])p: 1.0
--- testing 531 : set([60, 14, 38])p: 0.0934191613419
--- testing 532 : set([64, 60])p: 0.0934191613419
--- testing 533 : set([72, 106])p: 1.0
--- testing 534 : set([91, 38])p: 1.0
--- testing 535 : set([32, 38])p: 1.0
--- testing 536 : set([106, 39])p: 0.0934191613419
--- testing 537 : set([14, 38, 15])p: 1.0
--- testing 538 : set([12])p: 1.0
--- testing 539 : set([33])p: 1.0
--- testing 540 : set([89])p: 1.0
--- testing 541 : set([50, 14, 34, 38])p: 0.0852974964939
--- testing 542 : set([14, 26, 106, 50, 38])p: 1.0
--- testing 543 : set([26, 34, 50, 14])p: 0.0852974964939
--- testing 544 : set([34, 14, 53, 38])p: 1.0
--- testing 545 : set([26, 106, 38, 79])p: 0.0852974964939
--- testing 546 : set([106, 53, 38, 79])p: 1.0
--- testing 547 : set([26, 106, 53, 79])p: 1.0
--- testing 548 : set([2, 106, 34, 38])p: 1.0
--- testing 549 : set([2, 106, 50, 38])p: 1.0
--- testing 550 : set([81, 53, 38])p: 1.0
--- testing 551 : set([81, 50, 106, 79])p: 1.0
--- testing 552 : set([81, 26, 79])p: 1.0
--- testing 553 : set([81, 2, 34])p: 1.0
--- testing 554 : set([64, 81, 38])p: 1.0
--- testing 555 : set([10, 14, 34, 38])p: 1.0
--- testing 556 : set([10, 14, 50, 38])p: 1.0
--- testing 557 : set([10, 38, 79])p: 1.0
--- testing 558 : set([64, 10, 106])p: 1.0
--- testing 559 : set([81, 10, 14])p: 1.0
--- testing 560 : set([81, 10, 38])p: 1.0
--- testing 561 : set([97, 106, 14, 38])p: 1.0
--- testing 562 : set([97, 50, 106, 14])p: 0.0852974964939
--- testing 563 : set([97, 38, 79])p: 1.0
--- testing 564 : set([97, 34, 79])p: 1.0
--- testing 565 : set([97, 2, 38])p: 1.0
--- testing 566 : set([97, 2, 34])p: 1.0
--- testing 567 : set([64, 97, 2])p: 0.0852974964939
--- testing 568 : set([50, 34, 86])p: 1.0
--- testing 569 : set([2, 106, 86])p: 1.0
--- testing 570 : set([64, 106, 86])p: 1.0
--- testing 571 : set([10, 14, 38, 86])p: 1.0
--- testing 572 : set([50, 6])p: 0.0852974964939
--- testing 573 : set([79, 23])p: 0.0852974964939
--- testing 574 : set([8, 34, 14])p: 1.0
--- testing 575 : set([8, 26, 14])p: 1.0
--- testing 576 : set([106, 14, 31])p: 1.0
--- testing 577 : set([50, 106, 31])p: 1.0
--- testing 578 : set([26, 14, 31])p: 1.0
--- testing 579 : set([26, 106, 31])p: 0.0852974964939
--- testing 580 : set([96, 34, 106])p: 1.0
--- testing 581 : set([96, 79])p: 0.0852974964939
--- testing 582 : set([96, 31])p: 0.0852974964939
--- testing 583 : set([50, 60, 106])p: 1.0
--- testing 584 : set([60, 53])p: 1.0
--- testing 585 : set([20, 38])p: 0.0852974964939
--- testing 586 : set([26, 54])p: 1.0
--- testing 587 : set([50, 36])p: 1.0
--- testing 588 : set([50, 106, 93])p: 1.0
--- testing 589 : set([32, 106])p: 1.0
--- testing 590 : set([57, 14])p: 1.0
--- testing 591 : set([41, 34])p: 0.00335836087651
--- testing 592 : set([42])p: 1.0
--- testing 593 : set([43])p: 0.0852974964939
--- testing 594 : set([71])p: 1.0
--- testing 595 : set([106, 26, 34, 53])p: 1.0
--- testing 596 : set([106, 26, 50, 53, 14])p: 1.0
--- testing 597 : set([26, 50, 53, 38])p: 1.0
--- testing 598 : set([34, 106, 14, 79])p: 1.0
--- testing 599 : set([50, 14, 38, 79])p: 1.0
--- testing 600 : set([26, 34, 14, 79])p: 1.0
--- testing 601 : set([50, 106, 53, 14, 79])p: 0.0771035829321
--- testing 602 : set([2, 106, 26, 14])p: 1.0
--- testing 603 : set([106, 2, 34, 53])p: 1.0
--- testing 604 : set([106, 2, 50, 53, 14])p: 0.0771035829321
--- testing 605 : set([2, 38, 79])p: 1.0
--- testing 606 : set([64, 34, 38])p: 1.0
--- testing 607 : set([64, 50, 106, 14])p: 1.0
--- testing 608 : set([64, 53, 38])p: 0.0771035829321
--- testing 609 : set([64, 38, 79])p: 1.0
--- testing 610 : set([64, 50, 106, 79])p: 1.0
--- testing 611 : set([64, 2, 14, 38])p: 1.0
--- testing 612 : set([81, 34, 38])p: 1.0
--- testing 613 : set([81, 50, 38])p: 1.0
--- testing 614 : set([81, 26, 106])p: 1.0
--- testing 615 : set([81, 38, 79])p: 0.0771035829321
--- testing 616 : set([10, 106, 50, 14])p: 0.0771035829321
--- testing 617 : set([10, 34, 79])p: 1.0
--- testing 618 : set([10, 14, 2, 38])p: 1.0
--- testing 619 : set([97, 34, 106, 38])p: 1.0
--- testing 620 : set([97, 50, 38])p: 1.0
--- testing 621 : set([97, 50, 34])p: 1.0
--- testing 622 : set([97, 50, 106, 53])p: 0.0771035829321
--- testing 623 : set([97, 50, 106, 79])p: 0.0771035829321
--- testing 624 : set([64, 97, 26])p: 1.0
--- testing 625 : set([97, 10, 14])p: 1.0
--- testing 626 : set([50, 14, 38, 86])p: 1.0
--- testing 627 : set([50, 106, 38, 86])p: 1.0
--- testing 628 : set([26, 34, 86])p: 1.0
--- testing 629 : set([14, 53, 86])p: 1.0
--- testing 630 : set([34, 86, 79])p: 1.0
--- testing 631 : set([2, 38, 86])p: 1.0
--- testing 632 : set([64, 14, 38, 86])p: 1.0
--- testing 633 : set([64, 26, 86])p: 1.0
--- testing 634 : set([81, 86, 79])p: 1.0
--- testing 635 : set([81, 2, 86])p: 1.0
--- testing 636 : set([97, 34, 86])p: 1.0
--- testing 637 : set([34, 4, 38])p: 1.0
--- testing 638 : set([26, 4, 106])p: 1.0
--- testing 639 : set([2, 23])p: 0.0771035829321
--- testing 640 : set([8, 106, 14])p: 0.0771035829321
--- testing 641 : set([8, 10])p: 1.0
--- testing 642 : set([8, 97, 14])p: 0.0771035829321
--- testing 643 : set([14, 38, 31])p: 1.0
--- testing 644 : set([2, 31])p: 0.0771035829321
--- testing 645 : set([106, 14, 87])p: 1.0
--- testing 646 : set([96, 106, 14])p: 1.0
--- testing 647 : set([96, 34, 14])p: 0.0771035829321
--- testing 648 : set([20, 14])p: 0.0771035829321
--- testing 649 : set([50, 20])p: 1.0
--- testing 650 : set([20, 79])p: 1.0
--- testing 651 : set([14, 38, 54])p: 1.0
--- testing 652 : set([64, 54])p: 1.0
--- testing 653 : set([34, 93])p: 1.0
--- testing 654 : set([26, 93])p: 1.0
--- testing 655 : set([93, 53])p: 1.0
--- testing 656 : set([26, 91])p: 1.0
--- testing 657 : set([32, 14])p: 1.0
--- testing 658 : set([10, 39])p: 1.0
--- testing 659 : set([99, 38])p: 1.0
--- testing 660 : set([50, 106, 55])p: 0.00270237886892
--- testing 661 : set([41, 106])p: 0.0771035829321
--- testing 662 : set([41, 26])p: 0.00270237886892
--- testing 663 : set([65, 14])p: 1.0
--- testing 664 : set([1])p: 1.0
--- testing 665 : set([13])p: 1.0
--- testing 666 : set([44])p: 1.0
--- testing 667 : set([49])p: 1.0
--- testing 668 : set([52])p: 1.0
--- testing 669 : set([68])p: 1.0
--- testing 670 : set([80])p: 1.0
--- testing 671 : set([94])p: 1.0
--- testing 672 : set([14, 50, 106, 34, 38])p: 1.0
--- testing 673 : set([26, 14, 53, 38])p: 1.0
--- testing 674 : set([34, 14, 38, 79])p: 1.0
--- testing 675 : set([26, 50, 53, 79])p: 1.0
--- testing 676 : set([2, 106, 26, 38])p: 1.0
--- testing 677 : set([106, 2, 50, 26])p: 1.0
--- testing 678 : set([2, 106, 53, 38])p: 1.0
--- testing 679 : set([64, 26, 50])p: 1.0
--- testing 680 : set([64, 106, 14, 79])p: 1.0
--- testing 681 : set([64, 2, 50, 14])p: 1.0
--- testing 682 : set([64, 2, 106, 50])p: 1.0
--- testing 683 : set([64, 2, 79])p: 0.0688367824807
--- testing 684 : set([81, 106, 14, 38])p: 1.0
--- testing 685 : set([81, 26, 34])p: 1.0
--- testing 686 : set([81, 53, 79])p: 1.0
--- testing 687 : set([81, 2, 38])p: 1.0
--- testing 688 : set([81, 2, 26])p: 1.0
--- testing 689 : set([10, 106, 50, 38])p: 1.0
--- testing 690 : set([10, 106, 26, 14])p: 0.0688367824807
--- testing 691 : set([64, 10, 106, 38])p: 1.0
--- testing 692 : set([97, 2, 50])p: 0.0688367824807
--- testing 693 : set([64, 97, 50])p: 1.0
--- testing 694 : set([97, 14, 81])p: 1.0
--- testing 695 : set([50, 106, 34, 86])p: 1.0
--- testing 696 : set([26, 14, 106, 86])p: 0.0688367824807
--- testing 697 : set([38, 86, 79])p: 1.0
--- testing 698 : set([50, 106, 86, 79])p: 1.0
--- testing 699 : set([26, 86, 79])p: 0.0688367824807
--- testing 700 : set([2, 50, 86])p: 1.0
--- testing 701 : set([64, 50, 86])p: 1.0
--- testing 702 : set([81, 50, 106, 86])p: 1.0
--- testing 703 : set([10, 106, 86])p: 0.0688367824807
--- testing 704 : set([97, 50, 86])p: 1.0
--- testing 705 : set([106, 4, 79])p: 1.0
--- testing 706 : set([10, 4, 38])p: 1.0
--- testing 707 : set([106, 14, 6])p: 1.0
--- testing 708 : set([34, 38, 6])p: 1.0
--- testing 709 : set([6, 79])p: 1.0
--- testing 710 : set([81, 6])p: 1.0
--- testing 711 : set([86, 6])p: 1.0
--- testing 712 : set([50, 106, 23])p: 0.0688367824807
--- testing 713 : set([64, 23])p: 1.0
--- testing 714 : set([8, 50, 106])p: 0.0688367824807
--- testing 715 : set([8, 26, 34])p: 1.0
--- testing 716 : set([8, 2, 14])p: 0.0688367824807
--- testing 717 : set([8, 64])p: 1.0
--- testing 718 : set([8, 23])p: 0.0688367824807
--- testing 719 : set([26, 34, 31])p: 1.0
--- testing 720 : set([4, 31])p: 1.0
--- testing 721 : set([106, 38, 87])p: 1.0
--- testing 722 : set([50, 106, 87])p: 1.0
--- testing 723 : set([53, 87])p: 1.0
--- testing 724 : set([97, 87])p: 1.0
--- testing 725 : set([96, 81])p: 1.0
--- testing 726 : set([50, 60, 14])p: 0.0688367824807
--- testing 727 : set([60, 79])p: 0.0688367824807
--- testing 728 : set([72, 64])p: 1.0
--- testing 729 : set([97, 54])p: 1.0
--- testing 730 : set([93, 79])p: 1.0
--- testing 731 : set([50, 91])p: 1.0
--- testing 732 : set([34, 39])p: 1.0
--- testing 733 : set([26, 39])p: 1.0
--- testing 734 : set([50, 99])p: 1.0
--- testing 735 : set([2, 99])p: 1.0
--- testing 736 : set([57, 50])p: 0.0688367824807
--- testing 737 : set([57, 26])p: 1.0
--- testing 738 : set([106, 15])p: 1.0
--- testing 739 : set([65, 106])p: 1.0
--- testing 740 : set([14, 70])p: 1.0
--- testing 741 : set([38, 70])p: 1.0
--- testing 742 : set([106, 85])p: 1.0
--- testing 743 : set([48, 106])p: 1.0
--- testing 744 : set([9])p: 1.0
--- testing 745 : set([19])p: 1.0
--- testing 746 : set([66])p: 1.0
--- testing 747 : set([83])p: 1.0
--- testing 748 : set([95])p: 1.0
--- testing 749 : set([106, 26, 34, 50, 38])p: 1.0
--- testing 750 : set([106, 26, 50, 53, 38])p: 1.0
--- testing 751 : set([26, 50, 14, 79])p: 1.0
--- testing 752 : set([106, 26, 50, 53, 79])p: 1.0
--- testing 753 : set([106, 2, 34, 50, 14])p: 1.0
--- testing 754 : set([2, 34, 26, 14])p: 1.0
--- testing 755 : set([2, 50, 26, 14])p: 1.0
--- testing 756 : set([2, 106, 34, 79])p: 1.0
--- testing 757 : set([2, 50, 14, 79])p: 0.0604964513665
--- testing 758 : set([2, 34, 50, 79])p: 1.0
--- testing 759 : set([2, 26, 14, 79])p: 0.0604964513665
--- testing 760 : set([2, 53, 79])p: 0.0604964513665
--- testing 761 : set([64, 26, 106, 14])p: 1.0
--- testing 762 : set([64, 26, 106, 34])p: 1.0
--- testing 763 : set([64, 106, 53, 14])p: 1.0
--- testing 764 : set([64, 50, 14, 79])p: 1.0
--- testing 765 : set([64, 26, 79])p: 0.0604964513665
--- testing 766 : set([64, 2, 53])p: 1.0
--- testing 767 : set([81, 106, 53, 14])p: 1.0
--- testing 768 : set([81, 2, 106])p: 1.0
--- testing 769 : set([64, 81, 14, 38])p: 1.0
--- testing 770 : set([64, 81, 2])p: 1.0
--- testing 771 : set([10, 34, 50])p: 0.0604964513665
--- testing 772 : set([10, 34, 26])p: 1.0
--- testing 773 : set([10, 53, 14])p: 1.0
--- testing 774 : set([10, 53, 38])p: 1.0
--- testing 775 : set([10, 106, 34, 79])p: 1.0
--- testing 776 : set([81, 10, 14, 38])p: 1.0
--- testing 777 : set([97, 34, 14, 38])p: 1.0
--- testing 778 : set([97, 26, 106, 14])p: 0.0604964513665
--- testing 779 : set([97, 26, 34, 14])p: 0.0604964513665
--- testing 780 : set([97, 26, 106, 34])p: 0.0604964513665
--- testing 781 : set([97, 53, 14])p: 0.0604964513665
--- testing 782 : set([97, 106, 14, 79])p: 0.0604964513665
--- testing 783 : set([64, 97, 79])p: 1.0
--- testing 784 : set([34, 14, 106, 86])p: 1.0
--- testing 785 : set([34, 106, 38, 86])p: 1.0
--- testing 786 : set([50, 14, 34, 86])p: 1.0
--- testing 787 : set([26, 14, 38, 86])p: 1.0
--- testing 788 : set([106, 14, 53, 86])p: 1.0
--- testing 789 : set([106, 38, 53, 86])p: 1.0
--- testing 790 : set([34, 53, 86])p: 1.0
--- testing 791 : set([64, 2, 86])p: 1.0
--- testing 792 : set([26, 4, 14])p: 1.0
--- testing 793 : set([2, 4, 14])p: 1.0
--- testing 794 : set([10, 4, 14])p: 1.0
--- testing 795 : set([34, 106, 6])p: 1.0
--- testing 796 : set([106, 38, 23])p: 1.0
--- testing 797 : set([34, 14, 23])p: 1.0
--- testing 798 : set([6, 23])p: 1.0
--- testing 799 : set([8, 50, 14])p: 0.0604964513665
--- testing 800 : set([34, 106, 31])p: 1.0
--- testing 801 : set([106, 53, 31])p: 1.0
--- testing 802 : set([79, 31])p: 0.0604964513665
--- testing 803 : set([81, 31])p: 1.0
--- testing 804 : set([10, 31])p: 1.0
--- testing 805 : set([106, 14, 38, 87])p: 1.0
--- testing 806 : set([2, 87])p: 1.0
--- testing 807 : set([81, 87])p: 1.0
--- testing 808 : set([96, 50, 106])p: 1.0
--- testing 809 : set([96, 26, 34, 38])p: 0.0604964513665
--- testing 810 : set([96, 97, 26])p: 1.0
--- testing 811 : set([96, 4])p: 1.0
--- testing 812 : set([106, 60, 14])p: 1.0
--- testing 813 : set([26, 60, 14])p: 0.0015948729971
--- testing 814 : set([50, 20, 106])p: 1.0
--- testing 815 : set([81, 20])p: 1.0
--- testing 816 : set([34, 54])p: 1.0
--- testing 817 : set([10, 54])p: 1.0
--- testing 818 : set([34, 36, 38])p: 1.0
--- testing 819 : set([50, 36, 106])p: 1.0
--- testing 820 : set([26, 36])p: 1.0
--- testing 821 : set([36, 86])p: 1.0
--- testing 822 : set([91, 79])p: 1.0
--- testing 823 : set([2, 91])p: 1.0
--- testing 824 : set([2, 39])p: 1.0
--- testing 825 : set([97, 39])p: 1.0
--- testing 826 : set([34, 99, 14])p: 1.0
--- testing 827 : set([99, 53])p: 1.0
--- testing 828 : set([99, 86])p: 1.0
--- testing 829 : set([34, 55])p: 1.0
--- testing 830 : set([26, 55])p: 1.0
--- testing 831 : set([2, 55])p: 0.0604964513665
--- testing 832 : set([57, 34])p: 0.0604964513665
--- testing 833 : set([106, 62])p: 1.0
--- testing 834 : set([34, 62])p: 1.0
--- testing 835 : set([104, 38])p: 1.0
--- testing 836 : set([38, 102])p: 0.0604964513665
--- testing 837 : set([18])p: 1.0
--- testing 838 : set([28])p: 1.0
--- testing 839 : set([45])p: 1.0
--- testing 840 : set([90])p: 1.0
--- testing 841 : set([98])p: 1.0
--- testing 842 : set([100])p: 1.0
--- testing 843 : set([14, 26, 106, 34, 38])p: 1.0
--- testing 844 : set([106, 26, 34, 50, 14])p: 1.0
--- testing 845 : set([14, 34, 106, 53, 38])p: 1.0
--- testing 846 : set([50, 14, 106, 38, 79])p: 1.0
--- testing 847 : set([50, 106, 34, 38, 79])p: 1.0
--- testing 848 : set([26, 14, 38, 79])p: 1.0
--- testing 849 : set([26, 106, 50, 14, 79])p: 1.0
--- testing 850 : set([26, 50, 38, 79])p: 1.0
--- testing 851 : set([50, 106, 53, 38, 79])p: 1.0
--- testing 852 : set([106, 50, 34, 53, 79])p: 1.0
--- testing 853 : set([14, 2, 106, 34, 38])p: 1.0
--- testing 854 : set([14, 2, 106, 50, 38])p: 1.0
--- testing 855 : set([14, 2, 106, 26, 38])p: 1.0
--- testing 856 : set([2, 34, 26, 38])p: 1.0
--- testing 857 : set([2, 14, 53, 38])p: 1.0
--- testing 858 : set([2, 26, 53])p: 1.0
--- testing 859 : set([2, 106, 53, 79])p: 0.0520819401708
--- testing 860 : set([64, 50, 14, 38])p: 1.0
--- testing 861 : set([64, 50, 34, 14])p: 1.0
--- testing 862 : set([64, 26, 14, 38])p: 1.0
--- testing 863 : set([64, 50, 53, 14])p: 1.0
--- testing 864 : set([64, 14, 38, 79])p: 1.0
--- testing 865 : set([64, 106, 38, 79])p: 1.0
--- testing 866 : set([64, 2, 106, 14])p: 1.0
--- testing 867 : set([64, 2, 34, 14])p: 1.0
--- testing 868 : set([64, 2, 26, 14])p: 0.0520819401708
--- testing 869 : set([81, 50, 34])p: 1.0
--- testing 870 : set([81, 26, 50])p: 1.0
--- testing 871 : set([81, 106, 53, 38])p: 1.0
--- testing 872 : set([81, 106, 14, 79])p: 1.0
--- testing 873 : set([81, 34, 106, 79])p: 1.0
--- testing 874 : set([81, 2, 50])p: 1.0
--- testing 875 : set([64, 81, 106])p: 1.0
--- testing 876 : set([10, 106, 26, 38])p: 1.0
--- testing 877 : set([10, 50, 53])p: 1.0
--- testing 878 : set([10, 106, 14, 79])p: 0.0520819401708
--- testing 879 : set([10, 14, 38, 79])p: 1.0
--- testing 880 : set([10, 106, 38, 79])p: 1.0
--- testing 881 : set([10, 50, 79])p: 1.0
--- testing 882 : set([64, 10, 14, 106, 38])p: 1.0
--- testing 883 : set([64, 10, 2])p: 1.0
--- testing 884 : set([97, 34, 106, 14])p: 0.0520819401708
--- testing 885 : set([97, 50, 14, 38])p: 1.0
--- testing 886 : set([97, 106, 53, 14])p: 0.0520819401708
--- testing 887 : set([97, 53, 38])p: 1.0
--- testing 888 : set([97, 106, 53, 79])p: 0.0520819401708
--- testing 889 : set([64, 97, 14, 38])p: 1.0
--- testing 890 : set([14, 50, 106, 34, 86])p: 1.0
--- testing 891 : set([50, 38, 34, 86])p: 1.0
--- testing 892 : set([26, 50, 86])p: 1.0
--- testing 893 : set([34, 106, 53, 86])p: 1.0
--- testing 894 : set([34, 106, 86, 79])p: 1.0
--- testing 895 : set([2, 34, 86])p: 1.0
--- testing 896 : set([2, 14, 50, 86])p: 1.0
--- testing 897 : set([64, 34, 86])p: 1.0
--- testing 898 : set([64, 50, 106, 86])p: 1.0
--- testing 899 : set([81, 106, 14, 86])p: 1.0
--- testing 900 : set([81, 14, 38, 86])p: 1.0
--- testing 901 : set([81, 34, 86])p: 1.0
--- testing 902 : set([81, 26, 86])p: 1.0
--- testing 903 : set([81, 2, 14, 86])p: 1.0
--- testing 904 : set([10, 26, 86])p: 0.0520819401708
--- testing 905 : set([97, 14, 38, 86])p: 1.0
--- testing 906 : set([97, 50, 14, 86])p: 1.0
--- testing 907 : set([97, 2, 86])p: 1.0
--- testing 908 : set([106, 4, 14, 38])p: 1.0
--- testing 909 : set([34, 4, 14])p: 1.0
--- testing 910 : set([50, 4, 34])p: 1.0
--- testing 911 : set([50, 106, 4, 53])p: 1.0
--- testing 912 : set([34, 4, 79])p: 1.0
--- testing 913 : set([26, 4, 79])p: 1.0
--- testing 914 : set([64, 4, 14])p: 1.0
--- testing 915 : set([64, 4, 38])p: 1.0
--- testing 916 : set([97, 4, 14])p: 1.0
--- testing 917 : set([97, 34, 4])p: 1.0
--- testing 918 : set([4, 38, 86])p: 1.0
--- testing 919 : set([34, 14, 6])p: 0.0520819401708
--- testing 920 : set([34, 38, 23])p: 1.0
--- testing 921 : set([106, 53, 23])p: 0.0520819401708
--- testing 922 : set([97, 23])p: 0.0520819401708
--- testing 923 : set([8, 34, 106])p: 1.0
--- testing 924 : set([8, 34, 38])p: 1.0
--- testing 925 : set([8, 14, 79])p: 0.0520819401708
--- testing 926 : set([8, 106, 79])p: 0.0520819401708
--- testing 927 : set([8, 97, 106])p: 0.0520819401708
--- testing 928 : set([8, 4])p: 1.0
--- testing 929 : set([50, 14, 31])p: 1.0
--- testing 930 : set([26, 38, 31])p: 0.0520819401708
--- testing 931 : set([10, 14, 31])p: 1.0
--- testing 932 : set([106, 53, 87])p: 1.0
--- testing 933 : set([10, 87])p: 1.0
--- testing 934 : set([96, 50, 14])p: 0.0520819401708
--- testing 935 : set([96, 50, 38])p: 0.0520819401708
--- testing 936 : set([96, 50, 34])p: 0.0520819401708
--- testing 937 : set([96, 26, 50])p: 0.0520819401708
--- testing 938 : set([96, 106, 53])p: 1.0
--- testing 939 : set([96, 87])p: 1.0
--- testing 940 : set([106, 60, 53])p: 1.0
--- testing 941 : set([2, 60, 14])p: 0.0520819401708
--- testing 942 : set([106, 14, 54])p: 1.0
--- testing 943 : set([106, 38, 54])p: 1.0
--- testing 944 : set([26, 38, 54])p: 1.0
--- testing 945 : set([53, 54])p: 1.0
--- testing 946 : set([36, 14, 38])p: 1.0
--- testing 947 : set([14, 93, 38])p: 1.0
--- testing 948 : set([106, 38, 39])p: 1.0
--- testing 949 : set([34, 14, 39])p: 1.0
--- testing 950 : set([34, 38, 39])p: 1.0
--- testing 951 : set([53, 39])p: 1.0
--- testing 952 : set([2, 38, 39])p: 1.0
--- testing 953 : set([64, 39])p: 1.0
--- testing 954 : set([10, 14, 39])p: 1.0
--- testing 955 : set([106, 99, 14])p: 1.0
--- testing 956 : set([64, 99])p: 1.0
--- testing 957 : set([106, 14, 55])p: 0.0520819401708
--- testing 958 : set([53, 55])p: 0.0520819401708
--- testing 959 : set([79, 55])p: 0.0520819401708
--- testing 960 : set([64, 55])p: 1.0
--- testing 961 : set([41, 14, 38])p: 0.0520819401708
--- testing 962 : set([41, 34, 14])p: 0.0520819401708
--- testing 963 : set([41, 39])p: 1.0
--- testing 964 : set([38, 62])p: 1.0
--- testing 965 : set([26, 62])p: 1.0
--- testing 966 : set([26, 75])p: 1.0
--- testing 967 : set([65, 38])p: 1.0
--- testing 968 : set([64, 70])p: 1.0
--- testing 969 : set([34, 85])p: 1.0
--- testing 970 : set([26, 85])p: 1.0
--- testing 971 : set([101, 14])p: 1.0
--- testing 972 : set([12, 14])p: 1.0
--- testing 973 : set([3])p: 1.0
--- testing 974 : set([17])p: 1.0
--- testing 975 : set([24])p: 1.0
--- testing 976 : set([27])p: 1.0
--- testing 977 : set([82])p: 1.0
--- testing 978 : set([84])p: 0.0520819401708
--- testing 979 : set([106, 50, 34, 53, 38])p: 1.0
--- testing 980 : set([14, 26, 106, 53, 38])p: 1.0
--- testing 981 : set([26, 34, 53, 14])p: 1.0
--- testing 982 : set([34, 106, 26, 50, 53])p: 1.0
--- testing 983 : set([50, 34, 14, 79])p: 1.0
--- testing 984 : set([26, 14, 106, 38, 79])p: 1.0
--- testing 985 : set([26, 106, 34, 14, 79])p: 1.0
--- testing 986 : set([26, 106, 50, 38, 79])p: 1.0
--- testing 987 : set([14, 53, 38, 79])p: 1.0
--- testing 988 : set([26, 53, 14, 79])p: 1.0
--- testing 989 : set([106, 2, 50, 26, 14])p: 1.0
--- testing 990 : set([14, 2, 106, 53, 38])p: 1.0
--- testing 991 : set([106, 2, 34, 53, 14])p: 1.0
--- testing 992 : set([34, 106, 2, 50, 53])p: 1.0
--- testing 993 : set([2, 106, 14, 79])p: 0.0435925937802
--- testing 994 : set([2, 106, 38, 79])p: 1.0
--- testing 995 : set([106, 2, 34, 50, 79])p: 1.0
--- testing 996 : set([64, 34, 106, 14])p: 1.0
--- testing 997 : set([64, 50, 106, 34])p: 1.0
--- testing 998 : set([64, 26, 106, 50])p: 1.0
--- testing 999 : set([64, 50, 106, 53, 14])p: 1.0
--- testing 1000 : set([64, 50, 106, 14, 79])p: 1.0
--- testing 1001 : set([64, 26, 14, 79])p: 0.0435925937802
--- testing 1002 : set([64, 2, 14, 79])p: 0.0435925937802
--- testing 1003 : set([81, 50, 106, 38])p: 1.0
--- testing 1004 : set([81, 26, 14, 38])p: 1.0
--- testing 1005 : set([81, 34, 53])p: 1.0
--- testing 1006 : set([81, 50, 106, 53, 14])p: 1.0
--- testing 1007 : set([81, 26, 53])p: 1.0
--- testing 1008 : set([81, 106, 53, 79])p: 1.0
--- testing 1009 : set([81, 2, 14, 38])p: 1.0
--- testing 1010 : set([81, 2, 26, 14])p: 1.0
--- testing 1011 : set([64, 81, 2, 14])p: 1.0
--- testing 1012 : set([10, 106, 34, 14])p: 1.0
--- testing 1013 : set([106, 10, 34, 50])p: 1.0
--- testing 1014 : set([106, 10, 50, 53])p: 1.0
--- testing 1015 : set([10, 34, 38, 79])p: 1.0
--- testing 1016 : set([10, 106, 2])p: 1.0
--- testing 1017 : set([64, 10, 34])p: 1.0
--- testing 1018 : set([64, 10, 2, 14])p: 1.0
--- testing 1019 : set([81, 10, 106])p: 1.0
--- testing 1020 : set([81, 10, 34])p: 1.0
--- testing 1021 : set([97, 26, 14, 38])p: 1.0
--- testing 1022 : set([97, 34, 14, 79])p: 1.0
--- testing 1023 : set([97, 50, 14, 79])p: 0.0435925937802
--- testing 1024 : set([97, 26, 79])p: 1.0
--- testing 1025 : set([97, 2, 106, 38])p: 1.0
--- testing 1026 : set([97, 2, 106, 50])p: 0.0435925937802
--- testing 1027 : set([97, 2, 26])p: 1.0
--- testing 1028 : set([97, 2, 79])p: 0.0435925937802
--- testing 1029 : set([64, 97, 106])p: 1.0
--- testing 1030 : set([64, 97, 26, 34])p: 1.0
--- testing 1031 : set([97, 38, 81])p: 1.0
--- testing 1032 : set([97, 10, 106])p: 1.0
--- testing 1033 : set([97, 10, 14, 38])p: 1.0
--- testing 1034 : set([97, 10, 34])p: 1.0
--- testing 1035 : set([106, 50, 38, 34, 86])p: 1.0
--- testing 1036 : set([26, 106, 38, 86])p: 1.0
--- testing 1037 : set([34, 38, 53, 86])p: 1.0
--- testing 1038 : set([106, 50, 14, 53, 86])p: 1.0
--- testing 1039 : set([106, 14, 86, 79])p: 0.0435925937802
--- testing 1040 : set([50, 14, 86, 79])p: 1.0
--- testing 1041 : set([2, 14, 106, 86])p: 1.0
--- testing 1042 : set([2, 14, 38, 86])p: 1.0
--- testing 1043 : set([2, 106, 34, 86])p: 1.0
--- testing 1044 : set([2, 106, 50, 86])p: 1.0
--- testing 1045 : set([2, 26, 86])p: 1.0
--- testing 1046 : set([2, 86, 79])p: 1.0
--- testing 1047 : set([81, 34, 106, 86])p: 1.0
--- testing 1048 : set([81, 50, 14, 86])p: 1.0
--- testing 1049 : set([81, 53, 86])p: 1.0
--- testing 1050 : set([81, 106, 86, 79])p: 1.0
--- testing 1051 : set([64, 81, 86])p: 1.0
--- testing 1052 : set([10, 106, 38, 86])p: 1.0
--- testing 1053 : set([10, 14, 26, 86])p: 0.0435925937802
--- testing 1054 : set([10, 106, 86, 79])p: 0.0435925937802
--- testing 1055 : set([97, 50, 106, 86])p: 1.0
--- testing 1056 : set([97, 86, 79])p: 1.0
--- testing 1057 : set([64, 97, 14, 86])p: 1.0
--- testing 1058 : set([50, 4, 14])p: 1.0
--- testing 1059 : set([50, 4, 38])p: 1.0
--- testing 1060 : set([26, 4, 106, 38])p: 1.0
--- testing 1061 : set([4, 53, 14])p: 1.0
--- testing 1062 : set([4, 38, 79])p: 0.0435925937802
--- testing 1063 : set([2, 4, 38])p: 1.0
--- testing 1064 : set([64, 34, 4])p: 1.0
--- testing 1065 : set([64, 26, 4])p: 1.0
--- testing 1066 : set([10, 4, 106])p: 1.0
--- testing 1067 : set([10, 4, 14, 38])p: 1.0
--- testing 1068 : set([97, 4, 38])p: 1.0
--- testing 1069 : set([97, 2, 4])p: 1.0
--- testing 1070 : set([34, 4, 86])p: 1.0
--- testing 1071 : set([106, 38, 6])p: 1.0
--- testing 1072 : set([50, 14, 6])p: 1.0
--- testing 1073 : set([26, 38, 6])p: 1.0
--- testing 1074 : set([53, 6])p: 0.0435925937802
--- testing 1075 : set([106, 6, 79])p: 1.0
--- testing 1076 : set([2, 6])p: 1.0
--- testing 1077 : set([64, 6])p: 1.0
--- testing 1078 : set([4, 6])p: 1.0
--- testing 1079 : set([34, 106, 23])p: 1.0
--- testing 1080 : set([50, 14, 23])p: 0.0435925937802
--- testing 1081 : set([50, 38, 23])p: 1.0
--- testing 1082 : set([53, 14, 23])p: 0.0435925937802
--- testing 1083 : set([50, 53, 23])p: 0.0435925937802
--- testing 1084 : set([106, 79, 23])p: 0.0435925937802
--- testing 1085 : set([2, 106, 23])p: 0.0435925937802
--- testing 1086 : set([86, 23])p: 1.0
--- testing 1087 : set([38, 6, 23])p: 1.0
--- testing 1088 : set([8, 106, 38])p: 1.0
--- testing 1089 : set([8, 106, 53])p: 0.0435925937802
--- testing 1090 : set([8, 64, 14])p: 1.0
--- testing 1091 : set([8, 81])p: 1.0
--- testing 1092 : set([8, 97, 34])p: 1.0
--- testing 1093 : set([8, 86])p: 1.0
--- testing 1094 : set([34, 14, 31])p: 1.0
--- testing 1095 : set([26, 106, 14, 31])p: 1.0
--- testing 1096 : set([97, 14, 31])p: 1.0
--- testing 1097 : set([14, 86, 31])p: 1.0
--- testing 1098 : set([97, 86, 31])p: 1.0
--- testing 1099 : set([106, 79, 87])p: 1.0
--- testing 1100 : set([50, 79, 87])p: 1.0
--- testing 1101 : set([64, 14, 87])p: 1.0
--- testing 1102 : set([64, 38, 87])p: 1.0
--- testing 1103 : set([4, 87])p: 1.0
--- testing 1104 : set([6, 87])p: 1.0
--- testing 1105 : set([96, 26, 106])p: 1.0
--- testing 1106 : set([96, 26, 14, 38])p: 0.0435925937802
--- testing 1107 : set([96, 26, 34, 14])p: 0.0435925937802
--- testing 1108 : set([96, 2, 26])p: 0.0435925937802
--- testing 1109 : set([96, 10])p: 1.0
--- testing 1110 : set([96, 97, 38])p: 1.0
--- testing 1111 : set([96, 8])p: 1.0
--- testing 1112 : set([34, 60, 38])p: 0.0435925937802
--- testing 1113 : set([26, 60, 38])p: 0.0435925937802
--- testing 1114 : set([10, 60, 14])p: 1.0
--- testing 1115 : set([20, 53])p: 1.0
--- testing 1116 : set([34, 20, 79])p: 1.0
--- testing 1117 : set([2, 20])p: 1.0
--- testing 1118 : set([10, 20])p: 1.0
--- testing 1119 : set([20, 6])p: 1.0
--- testing 1120 : set([72, 2, 38])p: 1.0
--- testing 1121 : set([72, 64, 14])p: 1.0
--- testing 1122 : set([64, 38, 54])p: 1.0
--- testing 1123 : set([81, 54])p: 1.0
--- testing 1124 : set([4, 54])p: 1.0
--- testing 1125 : set([106, 50, 36, 53])p: 1.0
--- testing 1126 : set([2, 36])p: 1.0
--- testing 1127 : set([81, 36])p: 1.0
--- testing 1128 : set([10, 36, 14])p: 1.0
--- testing 1129 : set([97, 36])p: 1.0
--- testing 1130 : set([26, 14, 93, 38])p: 1.0
--- testing 1131 : set([26, 34, 93])p: 1.0
--- testing 1132 : set([50, 106, 93, 53])p: 1.0
--- testing 1133 : set([106, 93, 79])p: 1.0
--- testing 1134 : set([2, 93])p: 1.0
--- testing 1135 : set([64, 91])p: 1.0
--- testing 1136 : set([32, 34, 106])p: 1.0
--- testing 1137 : set([32, 50])p: 1.0
--- testing 1138 : set([34, 14, 38, 39])p: 1.0
--- testing 1139 : set([64, 38, 39])p: 1.0
--- testing 1140 : set([81, 39])p: 1.0
--- testing 1141 : set([50, 99, 106])p: 1.0
--- testing 1142 : set([2, 99, 14])p: 1.0
--- testing 1143 : set([99, 14, 86])p: 1.0
--- testing 1144 : set([14, 38, 55])p: 1.0
--- testing 1145 : set([50, 106, 53, 55])p: 0.0435925937802
--- testing 1146 : set([57, 50, 106])p: 1.0
--- testing 1147 : set([57, 2])p: 1.0
--- testing 1148 : set([34, 15])p: 1.0
--- testing 1149 : set([64, 15])p: 1.0
--- testing 1150 : set([41, 50])p: 0.0435925937802
--- testing 1151 : set([41, 10])p: 0.0435925937802
--- testing 1152 : set([41, 97])p: 1.0
--- testing 1153 : set([14, 62])p: 1.0
--- testing 1154 : set([75, 14])p: 1.0
--- testing 1155 : set([65, 34])p: 1.0
--- testing 1156 : set([85, 38])p: 1.0
--- testing 1157 : set([56, 14])p: 1.0
--- testing 1158 : set([56, 2])p: 1.0
--- testing 1159 : set([14, 7])p: 1.0
--- testing 1160 : set([38, 7])p: 1.0
--- testing 1161 : set([104, 14])p: 1.0
--- testing 1162 : set([104, 26])p: 1.0
--- testing 1163 : set([73, 106])p: 1.0
--- testing 1164 : set([25, 14])p: 1.0
--- testing 1165 : set([106, 61])p: 1.0
--- testing 1166 : set([92, 14])p: 1.0
--- testing 1167 : set([106, 92])p: 1.0
--- testing 1168 : set([48, 38])p: 1.0
--- testing 1169 : set([106, 63])p: 1.0
--- testing 1170 : set([34, 68])p: 1.0
--- testing 1171 : set([106, 19])p: 1.0
--- testing 1172 : set([66, 38])p: 1.0
--- testing 1173 : set([11])p: 1.0
--- testing 1174 : set([47])p: 1.0
--- testing 1175 : set([69])p: 1.0
--- testing 1176 : set([14, 26, 34, 50, 38])p: 0.0350277513364
--- testing 1177 : set([38, 106, 14, 50, 53, 26])p: 1.0
--- testing 1178 : set([38, 106, 14, 79, 50, 26])p: 1.0
--- testing 1179 : set([26, 34, 50, 79])p: 1.0
--- testing 1180 : set([106, 14, 53, 38, 79])p: 1.0
--- testing 1181 : set([34, 53, 38, 79])p: 1.0
--- testing 1182 : set([26, 106, 53, 14, 79])p: 1.0
--- testing 1183 : set([106, 2, 34, 50, 38])p: 1.0
--- testing 1184 : set([106, 2, 34, 26])p: 1.0
--- testing 1185 : set([14, 2, 50, 26, 38])p: 1.0
--- testing 1186 : set([34, 2, 50, 26])p: 1.0
--- testing 1187 : set([2, 38, 106, 14, 50, 53])p: 1.0
--- testing 1188 : set([2, 26, 53, 14])p: 1.0
--- testing 1189 : set([50, 106, 2, 26, 53])p: 1.0
--- testing 1190 : set([2, 34, 38, 79])p: 1.0
--- testing 1191 : set([2, 106, 50, 14, 79])p: 0.0350277513364
--- testing 1192 : set([2, 106, 50, 38, 79])p: 1.0
--- testing 1193 : set([2, 34, 26, 79])p: 1.0
--- testing 1194 : set([2, 50, 26, 79])p: 1.0
--- testing 1195 : set([106, 2, 50, 53, 79])p: 0.0350277513364
--- testing 1196 : set([64, 50, 106, 38])p: 1.0
--- testing 1197 : set([64, 26, 14, 106, 38])p: 1.0
--- testing 1198 : set([64, 26, 34, 14])p: 1.0
--- testing 1199 : set([64, 26, 34, 50])p: 1.0
--- testing 1200 : set([64, 106, 53, 38])p: 1.0
--- testing 1201 : set([64, 106, 14, 38, 79])p: 1.0
--- testing 1202 : set([64, 34, 79])p: 1.0
--- testing 1203 : set([64, 50, 38, 79])p: 1.0
--- testing 1204 : set([64, 106, 50, 53, 79])p: 1.0
--- testing 1205 : set([64, 2, 34, 50])p: 1.0
--- testing 1206 : set([64, 2, 34, 26])p: 1.0
--- testing 1207 : set([64, 2, 53, 14])p: 1.0
--- testing 1208 : set([81, 34, 14, 38])p: 1.0
--- testing 1209 : set([81, 50, 106, 34])p: 1.0
--- testing 1210 : set([81, 26, 106, 38])p: 1.0
--- testing 1211 : set([81, 26, 53, 38])p: 1.0
--- testing 1212 : set([81, 50, 106, 14, 79])p: 1.0
--- testing 1213 : set([81, 2, 50, 14])p: 1.0
--- testing 1214 : set([81, 2, 79])p: 1.0
--- testing 1215 : set([64, 81, 53])p: 1.0
--- testing 1216 : set([14, 10, 106, 50, 38])p: 1.0
--- testing 1217 : set([106, 10, 34, 50, 38])p: 1.0
--- testing 1218 : set([14, 10, 106, 26, 38])p: 1.0
--- testing 1219 : set([10, 34, 26, 14])p: 1.0
--- testing 1220 : set([106, 10, 34, 26])p: 1.0
--- testing 1221 : set([10, 34, 26, 38])p: 1.0
--- testing 1222 : set([10, 50, 26])p: 1.0
--- testing 1223 : set([10, 106, 53, 38])p: 1.0
--- testing 1224 : set([10, 106, 34, 38, 79])p: 1.0
--- testing 1225 : set([10, 106, 50, 79])p: 1.0
--- testing 1226 : set([10, 106, 2, 38])p: 1.0
--- testing 1227 : set([10, 34, 2])p: 1.0
--- testing 1228 : set([10, 50, 2])p: 1.0
--- testing 1229 : set([38, 10, 26, 2, 14])p: 1.0
--- testing 1230 : set([97, 50, 106, 38])p: 1.0
--- testing 1231 : set([97, 50, 106, 34])p: 1.0
--- testing 1232 : set([97, 26, 106, 38])p: 1.0
--- testing 1233 : set([97, 26, 34, 38])p: 1.0
--- testing 1234 : set([97, 26, 50])p: 1.0
--- testing 1235 : set([97, 106, 53, 38])p: 1.0
--- testing 1236 : set([97, 34, 106, 53])p: 1.0
--- testing 1237 : set([97, 14, 38, 79])p: 1.0
--- testing 1238 : set([97, 34, 106, 79])p: 1.0
--- testing 1239 : set([97, 50, 106, 14, 79])p: 0.0350277513364
--- testing 1240 : set([97, 2, 14, 38])p: 1.0
--- testing 1241 : set([97, 2, 106, 34])p: 1.0
--- testing 1242 : set([97, 2, 34, 38])p: 1.0
--- testing 1243 : set([97, 2, 53])p: 0.0350277513364
--- testing 1244 : set([97, 2, 106, 50, 79])p: 0.0350277513364
--- testing 1245 : set([97, 106, 81])p: 1.0
--- testing 1246 : set([97, 10, 106, 34])p: 1.0
--- testing 1247 : set([97, 10, 79])p: 1.0
--- testing 1248 : set([14, 50, 106, 38, 86])p: 1.0
--- testing 1249 : set([26, 106, 50, 86])p: 1.0
--- testing 1250 : set([14, 38, 53, 86])p: 1.0
--- testing 1251 : set([34, 14, 53, 86])p: 1.0
--- testing 1252 : set([106, 34, 38, 53, 86])p: 1.0
--- testing 1253 : set([106, 50, 38, 53, 86])p: 1.0
--- testing 1254 : set([106, 50, 34, 53, 86])p: 1.0
--- testing 1255 : set([106, 38, 86, 79])p: 1.0
--- testing 1256 : set([26, 14, 86, 79])p: 0.0350277513364
--- testing 1257 : set([2, 106, 38, 86])p: 1.0
--- testing 1258 : set([64, 106, 14, 86])p: 1.0
--- testing 1259 : set([64, 86, 79])p: 1.0
--- testing 1260 : set([81, 50, 14, 106, 86])p: 1.0
--- testing 1261 : set([64, 81, 14, 86])p: 1.0
--- testing 1262 : set([10, 14, 106, 86])p: 0.0350277513364
--- testing 1263 : set([10, 34, 86])p: 1.0
--- testing 1264 : set([64, 10, 86])p: 1.0
--- testing 1265 : set([97, 34, 14, 86])p: 1.0
--- testing 1266 : set([97, 34, 38, 86])p: 1.0
--- testing 1267 : set([97, 50, 14, 106, 86])p: 1.0
--- testing 1268 : set([97, 50, 34, 86])p: 1.0
--- testing 1269 : set([97, 34, 86, 79])p: 1.0
--- testing 1270 : set([97, 2, 38, 86])p: 1.0
--- testing 1271 : set([64, 97, 38, 86])p: 1.0
--- testing 1272 : set([97, 86, 81])p: 1.0
--- testing 1273 : set([50, 106, 4, 34])p: 1.0
--- testing 1274 : set([26, 4, 14, 38])p: 1.0
--- testing 1275 : set([26, 4, 50])p: 1.0
--- testing 1276 : set([106, 4, 53, 14])p: 1.0
--- testing 1277 : set([26, 4, 53])p: 1.0
--- testing 1278 : set([64, 106, 4])p: 1.0
--- testing 1279 : set([64, 50, 4])p: 1.0
--- testing 1280 : set([81, 106, 4])p: 1.0
--- testing 1281 : set([81, 4, 38])p: 0.0350277513364
--- testing 1282 : set([10, 4, 26])p: 1.0
--- testing 1283 : set([106, 4, 86])p: 1.0
--- testing 1284 : set([50, 4, 86])p: 1.0
--- testing 1285 : set([26, 4, 86])p: 1.0
--- testing 1286 : set([106, 14, 38, 6])p: 1.0
--- testing 1287 : set([34, 14, 38, 6])p: 1.0
--- testing 1288 : set([50, 106, 6])p: 1.0
--- testing 1289 : set([26, 34, 6])p: 1.0
--- testing 1290 : set([10, 6])p: 1.0
--- testing 1291 : set([26, 106, 23])p: 1.0
--- testing 1292 : set([34, 53, 23])p: 1.0
--- testing 1293 : set([50, 106, 53, 23])p: 0.0350277513364
--- testing 1294 : set([2, 53, 23])p: 0.0350277513364
--- testing 1295 : set([64, 14, 23])p: 1.0
--- testing 1296 : set([81, 23])p: 1.0
--- testing 1297 : set([4, 23])p: 1.0
--- testing 1298 : set([34, 6, 23])p: 1.0
--- testing 1299 : set([8, 34, 14, 38])p: 1.0
--- testing 1300 : set([8, 50, 106, 14])p: 0.0350277513364
--- testing 1301 : set([8, 26, 106])p: 1.0
--- testing 1302 : set([8, 26, 38])p: 1.0
--- testing 1303 : set([8, 53, 79])p: 0.0350277513364
--- testing 1304 : set([8, 2, 79])p: 0.0350277513364
--- testing 1305 : set([8, 97, 38])p: 1.0
--- testing 1306 : set([8, 97, 26])p: 1.0
--- testing 1307 : set([8, 97, 79])p: 0.0350277513364
--- testing 1308 : set([8, 97, 64])p: 1.0
--- testing 1309 : set([8, 106, 23])p: 0.0350277513364
--- testing 1310 : set([26, 34, 14, 31])p: 1.0
--- testing 1311 : set([26, 106, 34, 31])p: 1.0
--- testing 1312 : set([26, 50, 31])p: 1.0
--- testing 1313 : set([26, 53, 31])p: 1.0
--- testing 1314 : set([106, 79, 31])p: 0.0350277513364
--- testing 1315 : set([2, 26, 31])p: 0.0350277513364
--- testing 1316 : set([64, 14, 31])p: 1.0
--- testing 1317 : set([64, 106, 31])p: 1.0
--- testing 1318 : set([38, 86, 31])p: 1.0
--- testing 1319 : set([34, 106, 87])p: 1.0
--- testing 1320 : set([50, 38, 87])p: 1.0
--- testing 1321 : set([50, 79, 106, 87])p: 1.0
--- testing 1322 : set([97, 106, 87])p: 1.0
--- testing 1323 : set([86, 87])p: 1.0
--- testing 1324 : set([23, 87])p: 1.0
--- testing 1325 : set([8, 87])p: 1.0
--- testing 1326 : set([96, 106, 38])p: 1.0
--- testing 1327 : set([96, 34, 14, 38])p: 0.0350277513364
--- testing 1328 : set([96, 50, 14, 38])p: 0.0350277513364
--- testing 1329 : set([96, 50, 106, 34])p: 1.0
--- testing 1330 : set([96, 50, 34, 38])p: 0.0350277513364
--- testing 1331 : set([96, 26, 50, 38])p: 0.0350277513364
--- testing 1332 : set([96, 26, 34, 50])p: 0.0350277513364
--- testing 1333 : set([96, 53, 14])p: 1.0
--- testing 1334 : set([96, 34, 53])p: 1.0
--- testing 1335 : set([96, 2, 106])p: 1.0
--- testing 1336 : set([96, 2, 34])p: 1.0
--- testing 1337 : set([96, 97, 26, 14])p: 1.0
--- testing 1338 : set([96, 97, 26, 38])p: 1.0
--- testing 1339 : set([96, 106, 86])p: 1.0
--- testing 1340 : set([96, 34, 86])p: 1.0
--- testing 1341 : set([96, 26, 86])p: 1.0
--- testing 1342 : set([96, 8, 26])p: 1.0
--- testing 1343 : set([96, 26, 31])p: 1.0
--- testing 1344 : set([50, 60, 38])p: 0.0350277513364
--- testing 1345 : set([50, 106, 60, 53])p: 1.0
--- testing 1346 : set([60, 14, 79])p: 0.0350277513364
--- testing 1347 : set([64, 60, 14])p: 0.0350277513364
--- testing 1348 : set([60, 86])p: 1.0
--- testing 1349 : set([34, 20, 106])p: 1.0
--- testing 1350 : set([26, 20])p: 1.0
--- testing 1351 : set([106, 20, 53])p: 1.0
--- testing 1352 : set([97, 20])p: 1.0
--- testing 1353 : set([72, 106, 14])p: 1.0
--- testing 1354 : set([72, 106, 38])p: 1.0
--- testing 1355 : set([72, 34])p: 1.0
--- testing 1356 : set([72, 26])p: 1.0
--- testing 1357 : set([72, 64, 38])p: 1.0
--- testing 1358 : set([72, 10])p: 1.0
--- testing 1359 : set([72, 4])p: 1.0
--- testing 1360 : set([50, 54])p: 1.0
--- testing 1361 : set([54, 79])p: 1.0
--- testing 1362 : set([64, 14, 54])p: 1.0
--- testing 1363 : set([97, 38, 54])p: 1.0
--- testing 1364 : set([86, 54])p: 1.0
--- testing 1365 : set([106, 36, 14])p: 1.0
--- testing 1366 : set([34, 36, 106])p: 1.0
--- testing 1367 : set([26, 93, 53])p: 1.0
--- testing 1368 : set([50, 106, 93, 79])p: 1.0
--- testing 1369 : set([64, 93])p: 1.0
--- testing 1370 : set([93, 87])p: 1.0
--- testing 1371 : set([91, 14, 38])p: 1.0
--- testing 1372 : set([34, 91])p: 1.0
--- testing 1373 : set([50, 91, 106])p: 1.0
--- testing 1374 : set([26, 91, 14])p: 1.0
--- testing 1375 : set([91, 86])p: 1.0
--- testing 1376 : set([32, 26])p: 1.0
--- testing 1377 : set([32, 53])p: 1.0
--- testing 1378 : set([106, 14, 39])p: 1.0
--- testing 1379 : set([50, 39])p: 1.0
--- testing 1380 : set([26, 34, 39])p: 1.0
--- testing 1381 : set([53, 38, 39])p: 1.0
--- testing 1382 : set([2, 14, 39])p: 1.0
--- testing 1383 : set([81, 38, 39])p: 1.0
--- testing 1384 : set([10, 38, 39])p: 1.0
--- testing 1385 : set([97, 14, 39])p: 1.0
--- testing 1386 : set([97, 106, 39])p: 1.0
--- testing 1387 : set([97, 38, 39])p: 1.0
--- testing 1388 : set([50, 99, 14])p: 1.0
--- testing 1389 : set([26, 99, 14])p: 1.0
--- testing 1390 : set([106, 99, 53])p: 1.0
--- testing 1391 : set([50, 99, 53])p: 1.0
--- testing 1392 : set([99, 79])p: 1.0
--- testing 1393 : set([2, 99, 34])p: 1.0
--- testing 1394 : set([64, 99, 14])p: 1.0
--- testing 1395 : set([99, 23])p: 1.0
--- testing 1396 : set([99, 31])p: 1.0
--- testing 1397 : set([64, 14, 55])p: 1.0
--- testing 1398 : set([81, 55])p: 0.0350277513364
--- testing 1399 : set([4, 55])p: 0.0350277513364
--- testing 1400 : set([57, 106, 14])p: 1.0
--- testing 1401 : set([57, 14, 38])p: 1.0
--- testing 1402 : set([57, 106, 38])p: 1.0
--- testing 1403 : set([57, 26, 14])p: 1.0
--- testing 1404 : set([57, 26, 106])p: 1.0
--- testing 1405 : set([57, 53])p: 1.0
--- testing 1406 : set([57, 106, 79])p: 1.0
--- testing 1407 : set([50, 15])p: 1.0
--- testing 1408 : set([81, 15])p: 1.0
--- testing 1409 : set([41, 106, 14])p: 0.0350277513364
--- testing 1410 : set([41, 50, 34])p: 0.0350277513364
--- testing 1411 : set([41, 26, 14])p: 0.00046373073881
--- testing 1412 : set([41, 26, 34])p: 0.0350277513364
--- testing 1413 : set([96, 41, 34])p: 0.00046373073881
--- testing 1414 : set([41, 38, 39])p: 1.0
--- testing 1415 : set([64, 62])p: 1.0
--- testing 1416 : set([34, 75])p: 1.0
--- testing 1417 : set([97, 75])p: 0.0350277513364
--- testing 1418 : set([65, 97])p: 1.0
--- testing 1419 : set([2, 70])p: 1.0
--- testing 1420 : set([85, 79])p: 1.0
--- testing 1421 : set([56, 34])p: 1.0
--- testing 1422 : set([14, 22])p: 1.0
--- testing 1423 : set([73, 34])p: 1.0
--- testing 1424 : set([73, 50])p: 1.0
--- testing 1425 : set([10, 102])p: 1.0
--- testing 1426 : set([10, 101])p: 1.0
--- testing 1427 : set([64, 61])p: 0.0350277513364
--- testing 1428 : set([92, 38])p: 1.0
--- testing 1429 : set([16, 38])p: 1.0
--- testing 1430 : set([106, 67])p: 1.0
--- testing 1431 : set([21, 14])p: 1.0
--- testing 1432 : set([26, 21])p: 1.0
--- testing 1433 : set([34, 63])p: 1.0
--- testing 1434 : set([74, 106])p: 1.0
--- testing 1435 : set([12, 38])p: 1.0
--- testing 1436 : set([14, 71])p: 1.0
--- testing 1437 : set([34, 68, 106])p: 1.0
--- testing 1438 : set([83, 14])p: 1.0
--- testing 1439 : set([106, 45])p: 1.0
--- testing 1440 : set([26, 100])p: 1.0
--- testing 1441 : set([37])p: 1.0
--- testing 1442 : set([40])p: 1.0
--- testing 1443 : set([51])p: 1.0
--- testing 1444 : set([59])p: 1.0
--- testing 1445 : set([88])p: 1.0
--- testing 1446 : set([34, 38, 106, 14, 50, 26])p: 1.0
--- testing 1447 : set([34, 38, 106, 14, 50, 53])p: 1.0
--- testing 1448 : set([106, 26, 34, 53, 14])p: 1.0
--- testing 1449 : set([26, 34, 53, 38])p: 1.0
--- testing 1450 : set([34, 14, 106, 38, 79])p: 1.0
--- testing 1451 : set([50, 106, 34, 14, 79])p: 1.0
--- testing 1452 : set([26, 34, 38, 79])p: 1.0
--- testing 1453 : set([26, 34, 50, 14, 79])p: 1.0
--- testing 1454 : set([34, 106, 53, 38, 79])p: 1.0
--- testing 1455 : set([38, 106, 14, 79, 50, 53])p: 1.0
--- testing 1456 : set([26, 34, 53, 79])p: 1.0
--- testing 1457 : set([106, 14, 79, 50, 53, 26])p: 1.0
--- testing 1458 : set([106, 2, 34, 26, 14])p: 1.0
--- testing 1459 : set([14, 2, 34, 26, 38])p: 1.0
--- testing 1460 : set([106, 2, 34, 26, 38])p: 1.0
--- testing 1461 : set([34, 2, 50, 26, 14])p: 1.0
--- testing 1462 : set([106, 2, 34, 53, 38])p: 1.0
--- testing 1463 : set([34, 106, 2, 14, 50, 53])p: 1.0
--- testing 1464 : set([2, 38, 106, 14, 50, 53, 26])p: 1.0
--- testing 1465 : set([2, 14, 38, 79])p: 1.0
--- testing 1466 : set([2, 106, 34, 38, 79])p: 1.0
--- testing 1467 : set([2, 34, 26, 14, 79])p: 1.0
--- testing 1468 : set([2, 50, 26, 14, 79])p: 1.0
--- testing 1469 : set([106, 2, 50, 26, 79])p: 1.0
--- testing 1470 : set([106, 2, 34, 53, 79])p: 1.0
--- testing 1471 : set([64, 50, 34, 38])p: 1.0
--- testing 1472 : set([64, 26, 106, 34, 14])p: 1.0
--- testing 1473 : set([64, 26, 50, 38])p: 1.0
--- testing 1474 : set([64, 34, 53])p: 1.0
--- testing 1475 : set([64, 50, 14, 38, 79])p: 1.0
--- testing 1476 : set([64, 50, 106, 38, 79])p: 1.0
--- testing 1477 : set([64, 38, 106, 14, 79, 26])p: 1.0
--- testing 1478 : set([64, 26, 50, 14, 79])p: 1.0
--- testing 1479 : set([64, 2, 106, 38])p: 1.0
--- testing 1480 : set([64, 2, 34, 38])p: 1.0
--- testing 1481 : set([64, 2, 50, 38])p: 1.0
--- testing 1482 : set([64, 2, 26, 38])p: 1.0
--- testing 1483 : set([64, 2, 50, 26])p: 1.0
--- testing 1484 : set([64, 2, 106, 14, 50, 53])p: 1.0
--- testing 1485 : set([64, 2, 26, 53])p: 1.0
--- testing 1486 : set([64, 2, 38, 79])p: 1.0
--- testing 1487 : set([64, 2, 50, 79])p: 1.0
--- testing 1488 : set([64, 2, 26, 14, 79])p: 0.026386746187
--- testing 1489 : set([81, 34, 106, 14])p: 1.0
--- testing 1490 : set([81, 50, 14, 38])p: 1.0
--- testing 1491 : set([81, 50, 34, 14])p: 1.0
--- testing 1492 : set([81, 26, 106, 14])p: 1.0
--- testing 1493 : set([81, 26, 34, 14])p: 1.0
--- testing 1494 : set([81, 26, 106, 34])p: 1.0
--- testing 1495 : set([81, 34, 53, 14])p: 1.0
--- testing 1496 : set([81, 34, 106, 53])p: 1.0
--- testing 1497 : set([81, 26, 14, 79])p: 1.0
--- testing 1498 : set([81, 26, 34, 79])p: 1.0
--- testing 1499 : set([81, 50, 106, 53, 79])p: 1.0
--- testing 1500 : set([81, 2, 106, 34])p: 1.0
--- testing 1501 : set([81, 2, 106, 50])p: 1.0
--- testing 1502 : set([81, 2, 26, 79])p: 1.0
--- testing 1503 : set([64, 81, 106, 14])p: 1.0
--- testing 1504 : set([64, 81, 34])p: 1.0
--- testing 1505 : set([64, 81, 50])p: 1.0
--- testing 1506 : set([64, 81, 53, 14])p: 1.0
--- testing 1507 : set([64, 81, 106, 53])p: 1.0
--- testing 1508 : set([64, 81, 79])p: 1.0
--- testing 1509 : set([64, 81, 2, 14, 38])p: 1.0
--- testing 1510 : set([14, 10, 106, 34, 38])p: 1.0
--- testing 1511 : set([14, 10, 34, 26, 38])p: 1.0
--- testing 1512 : set([10, 50, 26, 14])p: 1.0
--- testing 1513 : set([106, 10, 50, 26])p: 1.0
--- testing 1514 : set([10, 50, 26, 38])p: 1.0
--- testing 1515 : set([10, 106, 53, 14])p: 1.0
--- testing 1516 : set([10, 34, 53])p: 1.0
--- testing 1517 : set([10, 26, 79])p: 0.026386746187
--- testing 1518 : set([10, 106, 53, 79])p: 1.0
--- testing 1519 : set([10, 106, 2, 14])p: 1.0
--- testing 1520 : set([106, 10, 34, 2, 38])p: 1.0
--- testing 1521 : set([10, 50, 2, 14])p: 1.0
--- testing 1522 : set([106, 10, 50, 2])p: 1.0
--- testing 1523 : set([10, 50, 2, 38])p: 1.0
--- testing 1524 : set([10, 2, 38, 53])p: 1.0
--- testing 1525 : set([64, 10, 106, 34])p: 1.0
--- testing 1526 : set([64, 10, 26])p: 1.0
--- testing 1527 : set([64, 10, 79])p: 1.0
--- testing 1528 : set([64, 10, 2, 38])p: 1.0
--- testing 1529 : set([81, 10, 106, 38])p: 1.0
--- testing 1530 : set([81, 10, 34, 14])p: 1.0
--- testing 1531 : set([81, 10, 53])p: 1.0
--- testing 1532 : set([81, 10, 79])p: 1.0
--- testing 1533 : set([64, 81, 10, 14])p: 1.0
--- testing 1534 : set([97, 34, 14, 106, 38])p: 1.0
--- testing 1535 : set([97, 50, 14, 106, 38])p: 1.0
--- testing 1536 : set([97, 26, 106, 34, 14])p: 0.026386746187
--- testing 1537 : set([97, 26, 106, 34, 38])p: 1.0
--- testing 1538 : set([97, 26, 106, 50, 14])p: 1.0
--- testing 1539 : set([97, 50, 106, 53, 14])p: 0.026386746187
--- testing 1540 : set([97, 26, 106, 53])p: 1.0
--- testing 1541 : set([97, 106, 38, 79])p: 1.0
--- testing 1542 : set([97, 34, 38, 79])p: 1.0
--- testing 1543 : set([97, 26, 34, 79])p: 1.0
--- testing 1544 : set([97, 106, 53, 14, 79])p: 0.026386746187
--- testing 1545 : set([97, 50, 106, 53, 79])p: 0.026386746187
--- testing 1546 : set([97, 2, 106, 14])p: 0.026386746187
--- testing 1547 : set([97, 2, 34, 14])p: 1.0
--- testing 1548 : set([97, 2, 106, 34, 38])p: 1.0
--- testing 1549 : set([97, 2, 50, 14])p: 0.026386746187
--- testing 1550 : set([97, 2, 34, 50])p: 1.0
--- testing 1551 : set([97, 2, 34, 26])p: 1.0
--- testing 1552 : set([97, 2, 106, 53])p: 0.026386746187
--- testing 1553 : set([64, 97, 50, 14])p: 1.0
--- testing 1554 : set([64, 97, 50, 106])p: 1.0
--- testing 1555 : set([64, 97, 50, 38])p: 1.0
--- testing 1556 : set([64, 97, 53])p: 1.0
--- testing 1557 : set([64, 97, 106, 79])p: 1.0
--- testing 1558 : set([64, 97, 2, 34])p: 1.0
--- testing 1559 : set([97, 106, 14, 81])p: 1.0
--- testing 1560 : set([97, 79, 81])p: 1.0
--- testing 1561 : set([97, 2, 81])p: 1.0
--- testing 1562 : set([97, 10, 106, 34, 38])p: 1.0
--- testing 1563 : set([97, 10, 106, 79])p: 1.0
--- testing 1564 : set([97, 10, 38, 79])p: 1.0
--- testing 1565 : set([64, 97, 10])p: 1.0
--- testing 1566 : set([34, 38, 106, 14, 50, 86])p: 1.0
--- testing 1567 : set([14, 26, 106, 38, 86])p: 1.0
--- testing 1568 : set([26, 38, 34, 86])p: 1.0
--- testing 1569 : set([14, 106, 38, 53, 86])p: 1.0
--- testing 1570 : set([14, 34, 38, 53, 86])p: 1.0
--- testing 1571 : set([34, 106, 14, 50, 53, 86])p: 1.0
--- testing 1572 : set([34, 38, 106, 50, 53, 86])p: 1.0
--- testing 1573 : set([34, 106, 38, 86, 79])p: 1.0
--- testing 1574 : set([50, 38, 86, 79])p: 1.0
--- testing 1575 : set([50, 106, 34, 86, 79])p: 1.0
--- testing 1576 : set([2, 14, 34, 86])p: 1.0
--- testing 1577 : set([106, 2, 38, 34, 86])p: 1.0
--- testing 1578 : set([14, 2, 106, 50, 86])p: 1.0
--- testing 1579 : set([2, 38, 50, 86])p: 1.0
--- testing 1580 : set([106, 2, 34, 50, 86])p: 1.0
--- testing 1581 : set([2, 106, 86, 79])p: 1.0
--- testing 1582 : set([64, 106, 38, 86])p: 1.0
--- testing 1583 : set([64, 34, 106, 86])p: 1.0
--- testing 1584 : set([64, 50, 14, 86])p: 1.0
--- testing 1585 : set([64, 50, 34, 86])p: 1.0
--- testing 1586 : set([64, 26, 106, 86])p: 1.0
--- testing 1587 : set([64, 26, 34, 86])p: 1.0
--- testing 1588 : set([64, 50, 106, 86, 79])p: 1.0
--- testing 1589 : set([64, 2, 14, 86])p: 1.0
--- testing 1590 : set([81, 34, 14, 86])p: 1.0
--- testing 1591 : set([81, 26, 14, 86])p: 1.0
--- testing 1592 : set([81, 14, 53, 86])p: 1.0
--- testing 1593 : set([81, 106, 53, 86])p: 1.0
--- testing 1594 : set([81, 34, 53, 86])p: 1.0
--- testing 1595 : set([81, 14, 86, 79])p: 1.0
--- testing 1596 : set([81, 50, 106, 86, 79])p: 1.0
--- testing 1597 : set([81, 26, 86, 79])p: 1.0
--- testing 1598 : set([81, 2, 50, 86])p: 1.0
--- testing 1599 : set([64, 81, 14, 38, 86])p: 1.0
--- testing 1600 : set([64, 81, 2, 86])p: 1.0
--- testing 1601 : set([14, 10, 106, 38, 86])p: 1.0
--- testing 1602 : set([10, 38, 34, 86])p: 1.0
--- testing 1603 : set([10, 106, 50, 86])p: 1.0
--- testing 1604 : set([14, 10, 38, 26, 86])p: 1.0
--- testing 1605 : set([10, 106, 34, 86, 79])p: 1.0
--- testing 1606 : set([64, 10, 106, 86])p: 1.0
--- testing 1607 : set([64, 10, 38, 86])p: 1.0
--- testing 1608 : set([81, 10, 86])p: 0.026386746187
--- testing 1609 : set([97, 106, 38, 86])p: 1.0
--- testing 1610 : set([97, 34, 106, 86])p: 1.0
--- testing 1611 : set([97, 26, 106, 86])p: 1.0
--- testing 1612 : set([97, 26, 38, 86])p: 1.0
--- testing 1613 : set([97, 26, 34, 86])p: 1.0
--- testing 1614 : set([64, 97, 34, 38, 86])p: 1.0
--- testing 1615 : set([64, 97, 50, 86])p: 1.0
--- testing 1616 : set([34, 4, 14, 38])p: 1.0
--- testing 1617 : set([34, 4, 106, 38])p: 1.0
--- testing 1618 : set([50, 4, 106, 14])p: 1.0
--- testing 1619 : set([50, 4, 106, 38])p: 1.0
--- testing 1620 : set([26, 4, 34])p: 1.0
--- testing 1621 : set([106, 4, 38, 79])p: 1.0
--- testing 1622 : set([34, 4, 106, 79])p: 1.0
--- testing 1623 : set([50, 4, 79])p: 1.0
--- testing 1624 : set([26, 4, 106, 79])p: 1.0
--- testing 1625 : set([26, 4, 38, 79])p: 1.0
--- testing 1626 : set([2, 4, 14, 38])p: 1.0
--- testing 1627 : set([2, 4, 26])p: 1.0
--- testing 1628 : set([64, 4, 14, 38])p: 1.0
--- testing 1629 : set([64, 50, 4, 106])p: 1.0
--- testing 1630 : set([64, 26, 4, 38])p: 1.0
--- testing 1631 : set([64, 2, 4])p: 1.0
--- testing 1632 : set([81, 4, 14])p: 1.0
--- testing 1633 : set([81, 4, 79])p: 0.026386746187
--- testing 1634 : set([10, 4, 106, 14])p: 1.0
--- testing 1635 : set([10, 14, 4, 26, 38])p: 1.0
--- testing 1636 : set([97, 50, 4])p: 1.0
--- testing 1637 : set([97, 4, 79])p: 1.0
--- testing 1638 : set([64, 97, 4])p: 1.0
--- testing 1639 : set([4, 14, 86])p: 1.0
--- testing 1640 : set([106, 4, 38, 86])p: 1.0
--- testing 1641 : set([50, 4, 38, 86])p: 1.0
--- testing 1642 : set([64, 4, 38, 86])p: 1.0
--- testing 1643 : set([97, 4, 86])p: 1.0
--- testing 1644 : set([34, 14, 106, 6])p: 1.0
--- testing 1645 : set([50, 14, 106, 6])p: 1.0
--- testing 1646 : set([26, 14, 38, 6])p: 1.0
--- testing 1647 : set([34, 106, 6, 79])p: 1.0
--- testing 1648 : set([64, 14, 6])p: 1.0
--- testing 1649 : set([64, 38, 6])p: 1.0
--- testing 1650 : set([81, 14, 6])p: 1.0
--- testing 1651 : set([81, 106, 6])p: 1.0
--- testing 1652 : set([97, 14, 6])p: 0.026386746187
--- testing 1653 : set([97, 106, 6])p: 1.0
--- testing 1654 : set([97, 86, 6])p: 1.0
--- testing 1655 : set([106, 14, 38, 23])p: 1.0
--- testing 1656 : set([34, 106, 14, 23])p: 1.0
--- testing 1657 : set([50, 14, 38, 23])p: 1.0
--- testing 1658 : set([106, 53, 14, 23])p: 0.026386746187
--- testing 1659 : set([26, 79, 23])p: 1.0
--- testing 1660 : set([79, 53, 23])p: 0.026386746187
--- testing 1661 : set([2, 14, 23])p: 0.026386746187
--- testing 1662 : set([2, 106, 53, 23])p: 0.026386746187
--- testing 1663 : set([64, 38, 23])p: 1.0
--- testing 1664 : set([81, 14, 38, 23])p: 1.0
--- testing 1665 : set([10, 23])p: 1.0
--- testing 1666 : set([97, 14, 23])p: 0.026386746187
--- testing 1667 : set([14, 86, 23])p: 1.0
--- testing 1668 : set([106, 86, 23])p: 1.0
--- testing 1669 : set([34, 38, 6, 23])p: 1.0
--- testing 1670 : set([8, 106, 14, 38])p: 1.0
--- testing 1671 : set([8, 50, 38])p: 1.0
--- testing 1672 : set([8, 26, 14, 38])p: 1.0
--- testing 1673 : set([8, 26, 50])p: 1.0
--- testing 1674 : set([8, 106, 53, 14])p: 0.026386746187
--- testing 1675 : set([8, 50, 53])p: 0.026386746187
--- testing 1676 : set([8, 26, 53])p: 1.0
--- testing 1677 : set([8, 106, 53, 79])p: 0.026386746187
--- testing 1678 : set([8, 2, 106, 50])p: 0.026386746187
--- testing 1679 : set([8, 2, 53])p: 0.026386746187
--- testing 1680 : set([8, 2, 14, 79])p: 0.026386746187
--- testing 1681 : set([8, 64, 79])p: 1.0
--- testing 1682 : set([8, 10, 106])p: 1.0
--- testing 1683 : set([8, 97, 14, 38])p: 1.0
--- testing 1684 : set([8, 97, 50, 14])p: 0.026386746187
--- testing 1685 : set([8, 97, 26, 14])p: 1.0
--- testing 1686 : set([8, 4, 14])p: 1.0
--- testing 1687 : set([34, 38, 31])p: 0.026386746187
--- testing 1688 : set([26, 14, 38, 31])p: 1.0
--- testing 1689 : set([26, 106, 34, 14, 31])p: 1.0
--- testing 1690 : set([26, 106, 50, 31])p: 1.0
--- testing 1691 : set([50, 106, 53, 31])p: 1.0
--- testing 1692 : set([26, 106, 53, 31])p: 1.0
--- testing 1693 : set([34, 79, 31])p: 1.0
--- testing 1694 : set([2, 38, 31])p: 1.0
--- testing 1695 : set([2, 50, 31])p: 1.0
--- testing 1696 : set([64, 38, 31])p: 1.0
--- testing 1697 : set([64, 26, 31])p: 1.0
--- testing 1698 : set([81, 14, 31])p: 1.0
--- testing 1699 : set([10, 106, 14, 31])p: 1.0
--- testing 1700 : set([10, 26, 14, 31])p: 1.0
--- testing 1701 : set([97, 34, 31])p: 1.0
--- testing 1702 : set([50, 86, 31])p: 1.0
--- testing 1703 : set([97, 38, 86, 31])p: 1.0
--- testing 1704 : set([23, 31])p: 1.0
--- testing 1705 : set([34, 14, 87])p: 1.0
--- testing 1706 : set([34, 38, 87])p: 1.0
--- testing 1707 : set([50, 14, 38, 87])p: 1.0
--- testing 1708 : set([50, 34, 87])p: 1.0
--- testing 1709 : set([26, 106, 87])p: 1.0
--- testing 1710 : set([26, 38, 87])p: 1.0
--- testing 1711 : set([26, 34, 87])p: 1.0
--- testing 1712 : set([53, 14, 87])p: 1.0
--- testing 1713 : set([50, 106, 53, 87])p: 1.0
--- testing 1714 : set([79, 14, 87])p: 1.0
--- testing 1715 : set([34, 79, 87])p: 1.0
--- testing 1716 : set([2, 26, 87])p: 1.0
--- testing 1717 : set([64, 14, 38, 87])p: 1.0
--- testing 1718 : set([38, 6, 87])p: 1.0
--- testing 1719 : set([31, 87])p: 1.0
--- testing 1720 : set([96, 34, 106, 38])p: 1.0
--- testing 1721 : set([96, 50, 106, 38])p: 1.0
--- testing 1722 : set([96, 26, 106, 38])p: 1.0
--- testing 1723 : set([96, 26, 106, 34])p: 1.0
--- testing 1724 : set([96, 26, 50, 14])p: 0.026386746187
--- testing 1725 : set([96, 26, 106, 50])p: 1.0
--- testing 1726 : set([96, 26, 34, 50, 38])p: 0.026386746187
--- testing 1727 : set([96, 106, 53, 14])p: 1.0
--- testing 1728 : set([96, 50, 106, 53])p: 1.0
--- testing 1729 : set([96, 26, 53])p: 1.0
--- testing 1730 : set([96, 14, 79])p: 0.026386746187
--- testing 1731 : set([96, 106, 79])p: 1.0
--- testing 1732 : set([96, 34, 79])p: 1.0
--- testing 1733 : set([96, 2, 34, 26])p: 1.0
--- testing 1734 : set([96, 81, 34, 106])p: 1.0
--- testing 1735 : set([96, 97, 106])p: 1.0
--- testing 1736 : set([96, 97, 34])p: 1.0
--- testing 1737 : set([96, 14, 86])p: 1.0
--- testing 1738 : set([96, 38, 86])p: 1.0
--- testing 1739 : set([96, 34, 106, 86])p: 1.0
--- testing 1740 : set([96, 97, 26, 86])p: 1.0
--- testing 1741 : set([96, 6])p: 1.0
--- testing 1742 : set([96, 8, 26, 14])p: 1.0
--- testing 1743 : set([96, 106, 31])p: 1.0
--- testing 1744 : set([96, 50, 31])p: 1.0
--- testing 1745 : set([96, 2, 31])p: 1.0
--- testing 1746 : set([96, 14, 87])p: 1.0
--- testing 1747 : set([106, 60, 38])p: 1.0
--- testing 1748 : set([34, 60, 14])p: 0.026386746187
--- testing 1749 : set([50, 60, 106, 14])p: 1.0
--- testing 1750 : set([50, 60, 14, 38])p: 0.026386746187
--- testing 1751 : set([50, 60, 34])p: 0.026386746187
--- testing 1752 : set([26, 60, 14, 38])p: 0.026386746187
--- testing 1753 : set([26, 60, 34, 38])p: 0.026386746187
--- testing 1754 : set([60, 38, 79])p: 1.0
--- testing 1755 : set([2, 60, 106])p: 1.0
--- testing 1756 : set([2, 60, 38])p: 1.0
--- testing 1757 : set([2, 60, 50])p: 1.0
--- testing 1758 : set([2, 60, 26])p: 0.026386746187
--- testing 1759 : set([2, 60, 79])p: 0.026386746187
--- testing 1760 : set([64, 2, 60])p: 0.026386746187
--- testing 1761 : set([81, 60])p: 1.0
--- testing 1762 : set([60, 14, 86])p: 1.0
--- testing 1763 : set([96, 26, 60])p: 0.000233225129489
--- testing 1764 : set([20, 14, 38])p: 0.026386746187
--- testing 1765 : set([34, 20, 38])p: 1.0
--- testing 1766 : set([50, 20, 34])p: 1.0
--- testing 1767 : set([106, 20, 79])p: 1.0
--- testing 1768 : set([50, 20, 79])p: 1.0
--- testing 1769 : set([26, 20, 79])p: 1.0
--- testing 1770 : set([64, 20])p: 1.0
--- testing 1771 : set([20, 86])p: 0.026386746187
--- testing 1772 : set([34, 20, 6])p: 1.0
--- testing 1773 : set([8, 20])p: 1.0
--- testing 1774 : set([96, 20])p: 1.0
--- testing 1775 : set([72, 34, 14])p: 1.0
--- testing 1776 : set([72, 2, 38, 14])p: 1.0
--- testing 1777 : set([72, 64, 14, 38])p: 1.0
--- testing 1778 : set([72, 64, 2, 38])p: 1.0
--- testing 1779 : set([72, 81, 38])p: 1.0
--- testing 1780 : set([72, 86])p: 1.0
--- testing 1781 : set([34, 38, 54])p: 1.0
--- testing 1782 : set([50, 106, 54])p: 1.0
--- testing 1783 : set([26, 14, 54])p: 1.0
--- testing 1784 : set([106, 38, 53, 54])p: 1.0
--- testing 1785 : set([64, 14, 38, 54])p: 1.0
--- testing 1786 : set([10, 106, 38, 54])p: 1.0
--- testing 1787 : set([8, 54])p: 1.0
--- testing 1788 : set([50, 36, 14])p: 1.0
--- testing 1789 : set([26, 36, 106])p: 1.0
--- testing 1790 : set([36, 79])p: 1.0
--- testing 1791 : set([2, 36, 14])p: 1.0
--- testing 1792 : set([64, 36])p: 1.0
--- testing 1793 : set([36, 14, 86])p: 1.0
--- testing 1794 : set([26, 106, 93])p: 1.0
--- testing 1795 : set([26, 50, 93])p: 1.0
--- testing 1796 : set([34, 93, 53])p: 1.0
--- testing 1797 : set([26, 14, 93, 38, 53])p: 1.0
--- testing 1798 : set([2, 93, 38])p: 1.0
--- testing 1799 : set([60, 93, 53])p: 1.0
--- testing 1800 : set([106, 91, 14])p: 1.0
--- testing 1801 : set([106, 91, 53])p: 1.0
--- testing 1802 : set([106, 91, 79])p: 1.0
--- testing 1803 : set([64, 2, 91])p: 1.0
--- testing 1804 : set([81, 91])p: 1.0
--- testing 1805 : set([32, 14, 38])p: 1.0
--- testing 1806 : set([32, 34, 38])p: 1.0
--- testing 1807 : set([32, 50, 14])p: 1.0
--- testing 1808 : set([32, 97])p: 1.0
--- testing 1809 : set([32, 23])p: 1.0
--- testing 1810 : set([106, 14, 38, 39])p: 1.0
--- testing 1811 : set([34, 106, 14, 39])p: 1.0
--- testing 1812 : set([50, 14, 38, 39])p: 1.0
--- testing 1813 : set([26, 106, 39])p: 1.0
--- testing 1814 : set([106, 53, 38, 39])p: 1.0
--- testing 1815 : set([79, 39])p: 1.0
--- testing 1816 : set([2, 14, 38, 39])p: 1.0
--- testing 1817 : set([64, 14, 38, 39])p: 1.0
--- testing 1818 : set([81, 14, 38, 39])p: 1.0
--- testing 1819 : set([10, 14, 38, 39])p: 1.0
--- testing 1820 : set([97, 53, 38, 39])p: 1.0
--- testing 1821 : set([86, 39])p: 1.0
--- testing 1822 : set([72, 39])p: 1.0
--- testing 1823 : set([99, 14, 38])p: 1.0
--- testing 1824 : set([106, 99, 38])p: 1.0
--- testing 1825 : set([34, 99, 106])p: 1.0
--- testing 1826 : set([50, 99, 106, 14])p: 1.0
--- testing 1827 : set([26, 99, 106])p: 1.0
--- testing 1828 : set([26, 99, 34])p: 1.0
--- testing 1829 : set([106, 50, 99, 53])p: 1.0
--- testing 1830 : set([99, 14, 79])p: 1.0
--- testing 1831 : set([106, 99, 79])p: 1.0
--- testing 1832 : set([50, 99, 79])p: 1.0
--- testing 1833 : set([2, 99, 34, 14])p: 1.0
--- testing 1834 : set([64, 34, 99])p: 1.0
--- testing 1835 : set([64, 26, 99])p: 1.0
--- testing 1836 : set([64, 2, 99, 14])p: 1.0
--- testing 1837 : set([97, 99])p: 1.0
--- testing 1838 : set([34, 99, 86])p: 1.0
--- testing 1839 : set([99, 6])p: 1.0
--- testing 1840 : set([96, 99])p: 1.0
--- testing 1841 : set([50, 14, 55])p: 0.026386746187
--- testing 1842 : set([50, 34, 55])p: 1.0
--- testing 1843 : set([26, 14, 55])p: 1.0
--- testing 1844 : set([79, 38, 55])p: 0.026386746187
--- testing 1845 : set([50, 79, 55])p: 1.0
--- testing 1846 : set([2, 106, 55])p: 0.026386746187
--- testing 1847 : set([64, 14, 38, 55])p: 1.0
--- testing 1848 : set([10, 55])p: 1.0
--- testing 1849 : set([57, 2, 50])p: 1.0
--- testing 1850 : set([64, 57])p: 1.0
--- testing 1851 : set([57, 38, 23])p: 1.0
--- testing 1852 : set([34, 14, 15])p: 1.0
--- testing 1853 : set([34, 38, 15])p: 1.0
--- testing 1854 : set([26, 15])p: 1.0
--- testing 1855 : set([2, 15])p: 1.0
--- testing 1856 : set([64, 14, 15])p: 1.0
--- testing 1857 : set([41, 106, 38])p: 1.0
--- testing 1858 : set([41, 26, 106])p: 0.026386746187
--- testing 1859 : set([41, 26, 38])p: 0.026386746187
--- testing 1860 : set([41, 26, 34, 50])p: 0.026386746187
--- testing 1861 : set([41, 53])p: 1.0
--- testing 1862 : set([41, 79])p: 0.026386746187
--- testing 1863 : set([41, 2, 38])p: 1.0
--- testing 1864 : set([64, 41])p: 1.0
--- testing 1865 : set([41, 81])p: 1.0
--- testing 1866 : set([41, 38, 97])p: 1.0
--- testing 1867 : set([96, 41, 34, 14])p: 0.026386746187
--- testing 1868 : set([41, 10, 39])p: 1.0
--- testing 1869 : set([26, 34, 62])p: 1.0
--- testing 1870 : set([2, 62])p: 1.0
--- testing 1871 : set([106, 75])p: 1.0
--- testing 1872 : set([50, 75])p: 1.0
--- testing 1873 : set([2, 75])p: 1.0
--- testing 1874 : set([75, 86])p: 1.0
--- testing 1875 : set([65, 34, 106, 14])p: 1.0
--- testing 1876 : set([65, 50])p: 1.0
--- testing 1877 : set([64, 65])p: 1.0
--- testing 1878 : set([65, 81])p: 1.0
--- testing 1879 : set([65, 10])p: 1.0
--- testing 1880 : set([14, 38, 70])p: 1.0
--- testing 1881 : set([50, 38, 70])p: 1.0
--- testing 1882 : set([64, 14, 70])p: 1.0
--- testing 1883 : set([85, 14])p: 1.0
--- testing 1884 : set([106, 85, 38])p: 1.0
--- testing 1885 : set([34, 106, 85])p: 1.0
--- testing 1886 : set([34, 85, 38])p: 1.0
--- testing 1887 : set([26, 85, 38])p: 1.0
--- testing 1888 : set([2, 85])p: 1.0
--- testing 1889 : set([56, 38])p: 1.0
--- testing 1890 : set([56, 50, 106])p: 1.0
--- testing 1891 : set([38, 22])p: 1.0
--- testing 1892 : set([26, 22])p: 1.0
--- testing 1893 : set([10, 22])p: 1.0
--- testing 1894 : set([104, 86])p: 1.0
--- testing 1895 : set([73, 2])p: 1.0
--- testing 1896 : set([73, 81])p: 1.0
--- testing 1897 : set([14, 102])p: 1.0
--- testing 1898 : set([106, 102])p: 1.0
--- testing 1899 : set([34, 102])p: 1.0
--- testing 1900 : set([26, 38, 102])p: 1.0
--- testing 1901 : set([106, 101])p: 1.0
--- testing 1902 : set([101, 38])p: 1.0
--- testing 1903 : set([10, 101, 14])p: 1.0
--- testing 1904 : set([25, 38])p: 1.0
--- testing 1905 : set([25, 34])p: 1.0
--- testing 1906 : set([61, 38])p: 1.0
--- testing 1907 : set([50, 106, 61])p: 1.0
--- testing 1908 : set([2, 61])p: 1.0
--- testing 1909 : set([106, 92, 14])p: 1.0
--- testing 1910 : set([48, 14])p: 1.0
--- testing 1911 : set([10, 38, 21, 14])p: 1.0
--- testing 1912 : set([50, 106, 63])p: 1.0
--- testing 1913 : set([26, 63])p: 1.0
--- testing 1914 : set([74, 14])p: 1.0
--- testing 1915 : set([74, 34])p: 1.0
--- testing 1916 : set([50, 34, 5])p: 1.0
--- testing 1917 : set([12, 14, 38])p: 1.0
--- testing 1918 : set([33, 34])p: 1.0
--- testing 1919 : set([89, 34])p: 1.0
--- testing 1920 : set([89, 26])p: 1.0
--- testing 1921 : set([89, 53])p: 1.0
--- testing 1922 : set([42, 106])p: 1.0
--- testing 1923 : set([43, 14])p: 1.0
--- testing 1924 : set([43, 38])p: 0.026386746187
--- testing 1925 : set([1, 106])p: 1.0
--- testing 1926 : set([14, 13, 38])p: 1.0
--- testing 1927 : set([49, 14])p: 1.0
--- testing 1928 : set([49, 106])p: 1.0
--- testing 1929 : set([68, 38])p: 1.0
--- testing 1930 : set([50, 68, 34])p: 1.0
--- testing 1931 : set([80, 14])p: 1.0
--- testing 1932 : set([9, 14])p: 1.0
--- testing 1933 : set([9, 50])p: 1.0
--- testing 1934 : set([50, 19, 106])p: 1.0
--- testing 1935 : set([26, 19])p: 1.0
--- testing 1936 : set([18, 38])p: 1.0
--- testing 1937 : set([98, 106])p: 1.0
--- testing 1938 : set([98, 26])p: 1.0
--- testing 1939 : set([100, 14])p: 1.0
--- testing 1940 : set([26, 100, 38])p: 1.0
--- testing 1941 : set([34, 3])p: 1.0
--- testing 1942 : set([17, 14])p: 1.0
--- testing 1943 : set([27, 14])p: 1.0
--- testing 1944 : set([26, 30])p: 1.0
--- testing 1945 : set([58])p: 1.0
--- testing 1946 : set([77])p: 1.0
--- testing 1947 : set([78])p: 1.0
