trsact: data/conditions/data_272.csv.4lcm53 ,#transactions 16228 ,#items 107 ,size 16835 extracted database: #transactions 16228 ,#items 89 ,size 16781
 output to: data/conditions/data_272.csv.4lcm53.results.lcm/data_272.csv.4lcm53.lowsup6.closed
separated at 0
iters=705
705
1
89
279
260
70
6
finish calculation of K: 704
6
--- testing 1 : set([105])p: 0.000261300722026
--- testing 2 : set([37])p: 9.1717414573e-101
--- testing 3 : set([33])p: 9.78755111454e-05
--- testing 4 : set([49])p: 7.13872882862e-10
--- testing 5 : set([25])p: 2.31614232329e-18
--- testing 6 : set([52])p: 0.148209627238
--- testing 7 : set([78])p: 0.000769395060123
--- testing 8 : set([2])p: 1.69652943123e-15
--- testing 9 : set([49, 105])p: 0.000692549193385
--- testing 10 : set([63])p: 8.87924281674e-18
--- testing 11 : set([80])p: 0.00252025803839
--- testing 12 : set([10])p: 8.92814238407e-31
--- testing 13 : set([105, 52])p: 0.219963410899
--- testing 14 : set([96])p: 5.58751178839e-11
--- testing 15 : set([85])p: 3.32151716701e-11
--- testing 16 : set([105, 37])p: 1.77514714035e-19
--- testing 17 : set([4])p: 0.240361599239
--- testing 18 : set([33, 105])p: 0.00158172741658
--- testing 19 : set([105, 78])p: 0.0620663081751
--- testing 20 : set([49, 52])p: 0.0797029959879
--- testing 21 : set([33, 37])p: 2.01530861264e-16
--- testing 22 : set([10, 37])p: 1.63775442838e-32
--- testing 23 : set([49, 52, 105])p: 0.109195024754
--- testing 24 : set([25, 37])p: 8.878319567e-20
--- testing 25 : set([6])p: 0.01413098403
--- testing 26 : set([25, 105])p: 1.62004623109e-09
--- testing 27 : set([49, 37])p: 1.75904264689e-14
--- testing 28 : set([49, 78])p: 0.198152845466
--- testing 29 : set([49, 33])p: 0.014273724584
--- testing 30 : set([105, 2])p: 0.000924981786569
--- testing 31 : set([25, 33])p: 3.56120004827e-06
--- testing 32 : set([22])p: 0.0249799554224
--- testing 33 : set([8])p: 0.000379722835818
--- testing 34 : set([37, 63])p: 1.72685273486e-17
--- testing 35 : set([106])p: 0.485591656864
--- testing 36 : set([30])p: 0.000239159989336
--- testing 37 : set([86])p: 0.0251892376129
--- testing 38 : set([95])p: 0.00237558378913
--- testing 39 : set([33, 78])p: 0.196230986776
--- testing 40 : set([2, 37])p: 1.22476515568e-15
--- testing 41 : set([52, 37])p: 5.02372899908e-05
--- testing 42 : set([49, 78, 105])p: 0.309924900731
--- testing 43 : set([37, 78])p: 5.34596437065e-08
--- testing 44 : set([80, 105])p: 0.0177357598075
--- testing 45 : set([25, 49])p: 2.83358488248e-06
--- testing 46 : set([85, 37])p: 1.45729565945e-15
--- testing 47 : set([80, 37])p: 4.67798252065e-06
--- testing 48 : set([105, 85])p: 0.000185403398462
--- testing 49 : set([105, 63])p: 6.34804511487e-05
--- testing 50 : set([49, 105, 33])p: 0.0499694608089
--- testing 51 : set([33, 52])p: 0.00459146483441
--- testing 52 : set([33, 2])p: 0.000167438073025
--- testing 53 : set([49, 37, 105])p: 6.69575362683e-08
--- testing 54 : set([49, 2])p: 1.39007628771e-08
--- testing 55 : set([96, 105])p: 0.000341237095336
--- testing 56 : set([59])p: 4.40217981978e-05
--- testing 57 : set([105, 10])p: 1.19892533421e-08
--- testing 58 : set([96, 37])p: 4.7074591405e-09
--- testing 59 : set([52, 78])p: 0.121079285768
--- testing 60 : set([25, 78])p: 0.00258578646233
--- testing 61 : set([2, 63])p: 1.49116001173e-08
--- testing 62 : set([19])p: 0.951843389122
--- testing 63 : set([96, 33])p: 0.000993997410954
--- testing 64 : set([71])p: 0.000156716067694
--- testing 65 : set([80, 78])p: 0.655852751119
--- testing 66 : set([105, 52, 37])p: 0.00104417263146
--- testing 67 : set([53])p: 0.0376909193079
--- testing 68 : set([25, 52])p: 5.53956969052e-05
--- testing 69 : set([105, 52, 78])p: 0.0835357491875
--- testing 70 : set([49, 85])p: 3.20960884239e-07
--- testing 71 : set([33, 37, 105])p: 2.90157059389e-09
--- testing 72 : set([35])p: 0.00638542236237
--- testing 73 : set([92])p: 0.220698267594
--- testing 74 : set([4, 37])p: 9.09286246731e-05
--- testing 75 : set([90])p: 0.203634531954
--- testing 76 : set([49, 63])p: 6.82366927177e-05
--- testing 77 : set([25, 85])p: 0.00360051602626
--- testing 78 : set([31])p: 0.780818776456
--- testing 79 : set([25, 105, 49])p: 0.000154245614257
--- testing 80 : set([25, 2])p: 3.64300010208e-09
--- testing 81 : set([33, 63])p: 0.00293536754702
--- testing 82 : set([49, 2, 105])p: 0.00190944647957
--- testing 83 : set([80, 33])p: 0.0827640302341
--- testing 84 : set([38])p: 1.36818384183e-07
--- testing 85 : set([98])p: 0.000260659214347
--- testing 86 : set([25, 63])p: 0.00152262584967
--- testing 87 : set([54])p: 0.073447198522
--- testing 88 : set([33, 52, 105])p: 0.00736085594066
--- testing 89 : set([80, 49])p: 0.00736085594066
--- testing 90 : set([33, 78, 105])p: 0.670217438766
--- testing 91 : set([105, 4])p: 0.15862213221
--- testing 92 : set([96, 25])p: 0.000190859686456
--- testing 93 : set([56])p: 0.485226909356
--- testing 94 : set([33, 85])p: 4.32495706634e-05
--- testing 95 : set([96, 85])p: 0.00643050191148
--- testing 96 : set([14])p: 8.50500612e-06
--- testing 97 : set([2, 78])p: 0.012394696988
--- testing 98 : set([33, 10])p: 0.0052146690509
--- testing 99 : set([96, 63])p: 0.0551663933596
--- testing 100 : set([80, 25])p: 0.0411178431992
--- testing 101 : set([25, 105, 33])p: 2.69123724982e-05
--- testing 102 : set([96, 49])p: 1.09236573422e-06
--- testing 103 : set([25, 37, 105])p: 3.07125767903e-06
--- testing 104 : set([25, 37, 33])p: 0.000167042282804
--- testing 105 : set([25, 10])p: 1.18142643121e-10
--- testing 106 : set([96, 2])p: 0.00435271136619
--- testing 107 : set([2, 52])p: 0.00886113730157
--- testing 108 : set([80, 85])p: 0.00886113730157
--- testing 109 : set([49, 52, 78])p: 0.377780006481
--- testing 110 : set([49, 52, 78, 105])p: 0.351886273786
--- testing 111 : set([105, 10, 37])p: 1.57581008022e-08
--- testing 112 : set([40])p: 0.00157899139396
--- testing 113 : set([61])p: 0.888901736415
--- testing 114 : set([25, 52, 105])p: 0.000265655025451
--- testing 115 : set([78, 63])p: 1.81655529283e-05
--- testing 116 : set([80, 52])p: 0.0875557292327
--- testing 117 : set([85, 78])p: 0.00268632700628
--- testing 118 : set([80, 2])p: 0.000649078031262
--- testing 119 : set([85, 63])p: 4.93390678625e-05
--- testing 120 : set([105, 106])p: 0.145438223585
--- testing 121 : set([49, 10])p: 9.35137888364e-07
--- testing 122 : set([105, 37, 78])p: 0.00264472835597
--- testing 123 : set([52, 63])p: 0.046554011399
--- testing 124 : set([33, 4])p: 0.644135244596
--- testing 125 : set([37, 22])p: 0.046554011399
--- testing 126 : set([49, 52, 37])p: 3.90175800582e-05
--- testing 127 : set([96, 78])p: 0.000592041423452
--- testing 128 : set([2, 85])p: 0.00016001513109
--- testing 129 : set([37, 6])p: 0.0388339555839
--- testing 130 : set([33, 95])p: 0.164001387674
--- testing 131 : set([25, 95])p: 0.000592041423452
--- testing 132 : set([49, 52, 33])p: 0.0100113300645
--- testing 133 : set([49, 78, 33])p: 0.732021560226
--- testing 134 : set([33, 2, 105])p: 0.00104917840717
--- testing 135 : set([49, 85, 105])p: 7.09557710825e-05
--- testing 136 : set([105, 6])p: 0.233433850408
--- testing 137 : set([74])p: 0.732021560226
--- testing 138 : set([49, 105, 63])p: 0.109635893503
--- testing 139 : set([25, 4])p: 0.35304095816
--- testing 140 : set([64])p: 0.0941163655544
--- testing 141 : set([25, 33, 49])p: 0.0344964463066
--- testing 142 : set([49, 52, 105, 33])p: 0.0131501001789
--- testing 143 : set([25, 78, 105])p: 0.00132862354725
--- testing 144 : set([52, 85])p: 0.0799585733155
--- testing 145 : set([105, 22])p: 0.00443827738375
--- testing 146 : set([49, 52, 37, 105])p: 1.04083362858e-05
--- testing 147 : set([105, 2, 52])p: 0.000932376126707
--- testing 148 : set([49, 4])p: 0.624195312318
--- testing 149 : set([25, 37, 49])p: 3.2170408772e-05
--- testing 150 : set([80, 49, 105])p: 0.000640021995399
--- testing 151 : set([10, 63])p: 9.7857628938e-07
--- testing 152 : set([8, 105])p: 0.0557491329144
--- testing 153 : set([105, 30])p: 0.0221256157066
--- testing 154 : set([37, 86])p: 0.000152736140986
--- testing 155 : set([49, 37, 33])p: 0.0173213991916
--- testing 156 : set([80, 63])p: 9.64721326193e-05
--- testing 157 : set([96, 52])p: 0.211029478682
--- testing 158 : set([8, 25])p: 0.0173213991916
--- testing 159 : set([105, 95])p: 0.0456620777521
--- testing 160 : set([37, 71])p: 0.00167587009287
--- testing 161 : set([37, 38])p: 3.31148073252e-06
--- testing 162 : set([105, 2, 37])p: 5.91075328057e-05
--- testing 163 : set([80, 105, 78])p: 0.33608741369
--- testing 164 : set([105, 86])p: 0.0368666947506
--- testing 165 : set([10, 78])p: 0.000782722165034
--- testing 166 : set([96, 80])p: 0.0739162565127
--- testing 167 : set([80, 105, 52])p: 0.138635643014
--- testing 168 : set([33, 10, 37])p: 0.00745680326458
--- testing 169 : set([80, 10])p: 0.00745680326458
--- testing 170 : set([96, 4])p: 0.272140271983
--- testing 171 : set([37, 30])p: 0.0228923107664
--- testing 172 : set([25, 30])p: 0.00745680326458
--- testing 173 : set([69])p: 0.0606972232062
--- testing 174 : set([84])p: 0.842394909048
--- testing 175 : set([25, 52, 49])p: 0.0175492504773
--- testing 176 : set([49, 37, 78])p: 0.0175492504773
--- testing 177 : set([25, 10, 37])p: 1.86279306019e-09
--- testing 178 : set([4, 63])p: 0.241331511451
--- testing 179 : set([8, 33])p: 0.00539736505056
--- testing 180 : set([106, 37])p: 0.422856728501
--- testing 181 : set([49, 105, 78, 33])p: 0.799514208187
--- testing 182 : set([25, 78, 33])p: 0.0131745717237
--- testing 183 : set([33, 2, 37])p: 0.000944696737592
--- testing 184 : set([80, 105, 37])p: 0.0389799210224
--- testing 185 : set([96, 49, 105])p: 0.00381048664928
--- testing 186 : set([10, 85])p: 3.65957701124e-05
--- testing 187 : set([33, 22])p: 0.0984477839411
--- testing 188 : set([8, 37])p: 0.000200861087814
--- testing 189 : set([105, 52, 63])p: 0.0811029905899
--- testing 190 : set([33, 10, 105])p: 0.350113517792
--- testing 191 : set([105, 85, 37])p: 0.000603772064777
--- testing 192 : set([33, 6])p: 0.183348307526
--- testing 193 : set([33, 106])p: 0.564755648321
--- testing 194 : set([105, 59])p: 0.0811029905899
--- testing 195 : set([53, 37])p: 0.00966303982077
--- testing 196 : set([33, 37, 78])p: 0.0231728864091
--- testing 197 : set([49, 2, 33])p: 0.000371794673735
--- testing 198 : set([105, 2, 78])p: 0.313860211212
--- testing 199 : set([105, 37, 63])p: 1.30662735411e-06
--- testing 200 : set([49, 10, 105])p: 0.00690566196372
--- testing 201 : set([10, 52])p: 0.0656649919521
--- testing 202 : set([55])p: 0.313860211212
--- testing 203 : set([25, 52, 105, 49])p: 0.0047929883256
--- testing 204 : set([49, 2, 52, 105])p: 0.0047929883256
--- testing 205 : set([10, 2])p: 3.93516706921e-09
--- testing 206 : set([96, 33, 105])p: 0.131854536824
--- testing 207 : set([96, 10])p: 0.0047929883256
--- testing 208 : set([25, 6])p: 0.000219469923966
--- testing 209 : set([33, 30])p: 0.278136439608
--- testing 210 : set([37, 95])p: 0.000219469923966
--- testing 211 : set([59, 37])p: 0.000219469923966
--- testing 212 : set([35, 37])p: 0.131854536824
--- testing 213 : set([37, 14])p: 0.000219469923966
--- testing 214 : set([21])p: 0.488596332882
--- testing 215 : set([49, 105, 37, 33])p: 0.0125091344502
--- testing 216 : set([96, 105, 37])p: 0.000690560207852
--- testing 217 : set([96, 105, 52])p: 0.109080319604
--- testing 218 : set([105, 52, 85])p: 0.0405156950565
--- testing 219 : set([4, 78])p: 0.876937163859
--- testing 220 : set([49, 30])p: 0.109080319604
--- testing 221 : set([7])p: 0.243307415135
--- testing 222 : set([103])p: 0.243307415135
--- testing 223 : set([49, 2, 37])p: 6.56047181862e-05
--- testing 224 : set([96, 25, 33])p: 0.0307133988443
--- testing 225 : set([33, 85, 105])p: 0.0307133988443
--- testing 226 : set([25, 85, 105])p: 0.00879281927636
--- testing 227 : set([72])p: 0.857704051995
--- testing 228 : set([101])p: 0.649191448564
--- testing 229 : set([25, 105, 37, 49])p: 0.000227313185724
--- testing 230 : set([25, 105, 33, 49])p: 0.0702590795884
--- testing 231 : set([25, 52, 37])p: 0.00596672386615
--- testing 232 : set([25, 37, 78])p: 0.0702590795884
--- testing 233 : set([25, 78, 49])p: 0.0226373958456
--- testing 234 : set([25, 2, 37])p: 2.47666180869e-08
--- testing 235 : set([49, 2, 78])p: 0.0226373958456
--- testing 236 : set([49, 52, 63])p: 0.0702590795884
--- testing 237 : set([105, 2, 63])p: 0.0702590795884
--- testing 238 : set([10, 37, 63])p: 3.26385285544e-05
--- testing 239 : set([33, 85, 37])p: 3.26385285544e-05
--- testing 240 : set([52, 4])p: 0.17784545467
--- testing 241 : set([96, 6])p: 0.611024662532
--- testing 242 : set([49, 106])p: 0.17784545467
--- testing 243 : set([33, 52, 37])p: 0.000119160598408
--- testing 244 : set([49, 37, 78, 105])p: 0.0543851850074
--- testing 245 : set([33, 105, 63])p: 0.147960350481
--- testing 246 : set([25, 33, 63])p: 0.324066284328
--- testing 247 : set([105, 78, 63])p: 0.003887275367
--- testing 248 : set([2, 37, 63])p: 0.000757638964391
--- testing 249 : set([80, 25, 37])p: 0.147960350481
--- testing 250 : set([49, 85, 37])p: 0.000757638964391
--- testing 251 : set([105, 85, 78])p: 0.147960350481
--- testing 252 : set([49, 4, 105])p: 0.570161162815
--- testing 253 : set([4, 85])p: 0.570161162815
--- testing 254 : set([49, 22])p: 0.147960350481
--- testing 255 : set([8, 96])p: 0.000757638964391
--- testing 256 : set([25, 106])p: 0.324066284328
--- testing 257 : set([49, 95])p: 0.0543851850074
--- testing 258 : set([49, 59])p: 0.003887275367
--- testing 259 : set([105, 19])p: 1.0
--- testing 260 : set([105, 53])p: 0.0543851850074
--- testing 261 : set([33, 98])p: 0.0161543567425
--- testing 262 : set([105, 54])p: 0.0543851850074
--- testing 263 : set([100])p: 0.0543851850074
--- testing 264 : set([33, 52, 78])p: 0.782476560107
--- testing 265 : set([25, 2, 105])p: 0.000419621005929
--- testing 266 : set([80, 49, 78])p: 0.282629594011
--- testing 267 : set([96, 33, 37])p: 0.0111032055879
--- testing 268 : set([96, 105, 78])p: 0.0111032055879
--- testing 269 : set([80, 105, 85])p: 0.0408919515021
--- testing 270 : set([2, 4])p: 0.0111032055879
--- testing 271 : set([106, 52])p: 0.782476560107
--- testing 272 : set([85, 30])p: 0.120438242989
--- testing 273 : set([49, 86])p: 0.526732654846
--- testing 274 : set([33, 19])p: 1.0
--- testing 275 : set([56, 37])p: 0.282629594011
--- testing 276 : set([24])p: 0.120438242989
--- testing 277 : set([60])p: 0.782476560107
--- testing 278 : set([91])p: 0.120438242989
--- testing 279 : set([49, 2, 105, 33])p: 0.00730189920981
--- testing 280 : set([25, 2, 33])p: 0.00730189920981
--- testing 281 : set([25, 105, 63])p: 0.00730189920981
--- testing 282 : set([49, 52, 105, 63])p: 0.0955800268991
--- testing 283 : set([49, 2, 63])p: 0.00141706315056
--- testing 284 : set([80, 33, 105])p: 0.48096333094
--- testing 285 : set([25, 85, 37])p: 0.00730189920981
--- testing 286 : set([10, 85, 37])p: 2.56208614983e-05
--- testing 287 : set([10, 4])p: 0.00730189920981
--- testing 288 : set([52, 22])p: 0.0955800268991
--- testing 289 : set([25, 33, 95])p: 0.0955800268991
--- testing 290 : set([37, 54])p: 0.0955800268991
--- testing 291 : set([56, 105])p: 0.242081756255
--- testing 292 : set([15])p: 0.938706463016
--- testing 293 : set([47])p: 0.48096333094
--- testing 294 : set([66])p: 0.750508571949
--- testing 295 : set([25, 105, 37, 33])p: 0.0207534627545
--- testing 296 : set([25, 52, 78])p: 0.0736270751941
--- testing 297 : set([33, 2, 63])p: 0.0207534627545
--- testing 298 : set([25, 2, 63])p: 0.0207534627545
--- testing 299 : set([33, 10, 37, 105])p: 0.433187016003
--- testing 300 : set([49, 10, 37])p: 1.00822133301e-05
--- testing 301 : set([25, 10, 105])p: 0.000776574829715
--- testing 302 : set([105, 10, 52])p: 0.433187016003
--- testing 303 : set([105, 10, 78])p: 0.0207534627545
--- testing 304 : set([96, 25, 105])p: 0.00455564238216
--- testing 305 : set([96, 10, 37])p: 0.0736270751941
--- testing 306 : set([37, 85, 63])p: 0.000101831536491
--- testing 307 : set([105, 4, 37])p: 0.0207534627545
--- testing 308 : set([8, 49])p: 0.00455564238216
--- testing 309 : set([52, 30])p: 0.714569206481
--- testing 310 : set([33, 59])p: 0.433187016003
--- testing 311 : set([25, 59])p: 0.00455564238216
--- testing 312 : set([2, 59])p: 0.0207534627545
--- testing 313 : set([105, 90])p: 0.433187016003
--- testing 314 : set([105, 98])p: 0.0207534627545
--- testing 315 : set([40, 37])p: 0.0207534627545
--- testing 316 : set([20])p: 0.203014628427
--- testing 317 : set([62])p: 0.714569206481
--- testing 318 : set([73])p: 0.433187016003
--- testing 319 : set([25, 52, 33])p: 0.05474364218
--- testing 320 : set([25, 105, 78, 49])p: 0.0138115397378
--- testing 321 : set([52, 37, 78])p: 0.05474364218
--- testing 322 : set([49, 2, 78, 105])p: 0.166046756075
--- testing 323 : set([25, 37, 63])p: 0.0138115397378
--- testing 324 : set([49, 78, 63])p: 0.00266610860594
--- testing 325 : set([80, 49, 52])p: 0.05474364218
--- testing 326 : set([8, 78])p: 0.0138115397378
--- testing 327 : set([8, 2])p: 0.000391007233587
--- testing 328 : set([96, 30])p: 0.05474364218
--- testing 329 : set([33, 86])p: 0.383864361522
--- testing 330 : set([25, 86])p: 1.0
--- testing 331 : set([96, 95])p: 0.166046756075
--- testing 332 : set([105, 35])p: 0.166046756075
--- testing 333 : set([105, 92])p: 0.674371750699
--- testing 334 : set([92, 37])p: 0.0138115397378
--- testing 335 : set([45])p: 0.674371750699
--- testing 336 : set([25, 52, 37, 105])p: 0.0390005258561
--- testing 337 : set([33, 37, 78, 105])p: 0.333598760265
--- testing 338 : set([33, 52, 78, 105])p: 0.892840577752
--- testing 339 : set([33, 2, 78])p: 0.333598760265
--- testing 340 : set([25, 2, 78])p: 0.00144105402083
--- testing 341 : set([49, 33, 63])p: 0.00866749460001
--- testing 342 : set([10, 2, 37])p: 1.55395838203e-05
--- testing 343 : set([96, 49, 78])p: 0.0390005258561
--- testing 344 : set([49, 85, 78])p: 0.0390005258561
--- testing 345 : set([96, 105, 85])p: 0.131799644107
--- testing 346 : set([96, 85, 37])p: 0.00866749460001
--- testing 347 : set([96, 25, 85])p: 0.62967830621
--- testing 348 : set([96, 85, 63])p: 0.0390005258561
--- testing 349 : set([25, 4, 37])p: 0.131799644107
--- testing 350 : set([80, 4])p: 0.333598760265
--- testing 351 : set([25, 22])p: 0.62967830621
--- testing 352 : set([30, 63])p: 0.131799644107
--- testing 353 : set([86, 63])p: 0.0390005258561
--- testing 354 : set([52, 95])p: 0.131799644107
--- testing 355 : set([2, 95])p: 0.62967830621
--- testing 356 : set([33, 35])p: 0.62967830621
--- testing 357 : set([49, 92])p: 0.62967830621
--- testing 358 : set([33, 31])p: 0.62967830621
--- testing 359 : set([25, 98])p: 0.131799644107
--- testing 360 : set([49, 54])p: 0.333598760265
--- testing 361 : set([5])p: 0.892840577752
--- testing 362 : set([25, 37, 33, 49])p: 0.10086660469
--- testing 363 : set([33, 52, 37, 105])p: 0.00505427431042
--- testing 364 : set([25, 105, 78, 33])p: 0.0263617628327
--- testing 365 : set([25, 2, 49])p: 0.000703547147044
--- testing 366 : set([2, 52, 37])p: 0.00505427431042
--- testing 367 : set([33, 2, 52])p: 0.0263617628327
--- testing 368 : set([49, 37, 63])p: 0.00505427431042
--- testing 369 : set([80, 49, 52, 105])p: 0.0263617628327
--- testing 370 : set([80, 33, 78])p: 0.580331715219
--- testing 371 : set([96, 25, 37])p: 0.0263617628327
--- testing 372 : set([96, 105, 2])p: 0.283148981226
--- testing 373 : set([96, 37, 63])p: 0.00505427431042
--- testing 374 : set([96, 33, 63])p: 0.870910388457
--- testing 375 : set([52, 85, 37])p: 0.10086660469
--- testing 376 : set([49, 52, 85, 105])p: 0.0263617628327
--- testing 377 : set([80, 85, 37])p: 0.00505427431042
--- testing 378 : set([80, 49, 85])p: 0.0263617628327
--- testing 379 : set([33, 4, 105])p: 0.870910388457
--- testing 380 : set([52, 4, 105])p: 0.10086660469
--- testing 381 : set([8, 52])p: 0.283148981226
--- testing 382 : set([106, 78])p: 0.10086660469
--- testing 383 : set([78, 86])p: 0.283148981226
--- testing 384 : set([33, 37, 95])p: 0.10086660469
--- testing 385 : set([25, 37, 95])p: 0.0263617628327
--- testing 386 : set([85, 95])p: 0.283148981226
--- testing 387 : set([59, 63])p: 0.10086660469
--- testing 388 : set([105, 71])p: 0.10086660469
--- testing 389 : set([90, 37])p: 0.10086660469
--- testing 390 : set([37, 31])p: 0.283148981226
--- testing 391 : set([105, 38])p: 0.10086660469
--- testing 392 : set([12])p: 0.00505427431042
--- testing 393 : set([32])p: 0.580331715219
--- testing 394 : set([88])p: 0.870910388457
--- testing 395 : set([25, 37, 78, 105])p: 0.0166765407771
--- testing 396 : set([105, 52, 37, 78])p: 0.0737739349238
--- testing 397 : set([25, 52, 78, 105])p: 0.0737739349238
--- testing 398 : set([33, 2, 37, 105])p: 0.00268115040312
--- testing 399 : set([49, 2, 37, 105])p: 0.00268115040312
--- testing 400 : set([80, 52, 37])p: 0.526298490857
--- testing 401 : set([80, 49, 78, 105])p: 0.0737739349238
--- testing 402 : set([80, 25, 78])p: 0.233435605807
--- testing 403 : set([80, 33, 2])p: 0.526298490857
--- testing 404 : set([80, 37, 63])p: 0.0002999216848
--- testing 405 : set([10, 37, 78])p: 0.00268115040312
--- testing 406 : set([105, 10, 63])p: 0.00268115040312
--- testing 407 : set([80, 10, 37])p: 0.0002999216848
--- testing 408 : set([96, 37, 78])p: 0.0737739349238
--- testing 409 : set([96, 33, 78])p: 0.0166765407771
--- testing 410 : set([96, 2, 37])p: 0.0737739349238
--- testing 411 : set([96, 33, 2])p: 0.233435605807
--- testing 412 : set([96, 2, 63])p: 0.526298490857
--- testing 413 : set([49, 85, 33])p: 0.0002999216848
--- testing 414 : set([105, 2, 85])p: 0.0166765407771
--- testing 415 : set([105, 85, 63])p: 0.0737739349238
--- testing 416 : set([49, 6])p: 0.0166765407771
--- testing 417 : set([78, 22])p: 0.844494145436
--- testing 418 : set([33, 106, 105])p: 0.526298490857
--- testing 419 : set([49, 106, 105])p: 0.0737739349238
--- testing 420 : set([105, 106, 52])p: 0.844494145436
--- testing 421 : set([106, 63])p: 0.233435605807
--- testing 422 : set([80, 106])p: 1.0
--- testing 423 : set([49, 30, 105])p: 0.526298490857
--- testing 424 : set([25, 30, 105])p: 0.0166765407771
--- testing 425 : set([33, 105, 95])p: 0.526298490857
--- testing 426 : set([78, 95])p: 0.233435605807
--- testing 427 : set([30, 95])p: 0.526298490857
--- testing 428 : set([49, 59, 105])p: 0.233435605807
--- testing 429 : set([59, 52])p: 0.844494145436
--- testing 430 : set([19, 37])p: 0.233435605807
--- testing 431 : set([25, 53])p: 0.233435605807
--- testing 432 : set([49, 35])p: 0.233435605807
--- testing 433 : set([49, 92, 105])p: 0.844494145436
--- testing 434 : set([105, 31])p: 0.526298490857
--- testing 435 : set([40, 33])p: 0.00268115040312
--- testing 436 : set([41])p: 0.526298490857
--- testing 437 : set([42])p: 0.233435605807
--- testing 438 : set([70])p: 0.0737739349238
--- testing 439 : set([25, 52, 105, 33])p: 0.185537104542
--- testing 440 : set([25, 52, 37, 49])p: 0.0509349772651
--- testing 441 : set([33, 2, 52, 105])p: 0.00967884559012
--- testing 442 : set([2, 37, 78])p: 0.185537104542
--- testing 443 : set([33, 37, 63])p: 0.467725913847
--- testing 444 : set([52, 37, 63])p: 0.467725913847
--- testing 445 : set([37, 78, 63])p: 0.00125241317213
--- testing 446 : set([49, 105, 78, 63])p: 0.00967884559012
--- testing 447 : set([80, 33, 37])p: 0.0509349772651
--- testing 448 : set([80, 49, 37])p: 0.185537104542
--- testing 449 : set([80, 25, 105])p: 0.185537104542
--- testing 450 : set([80, 37, 78])p: 0.467725913847
--- testing 451 : set([33, 10, 78])p: 0.467725913847
--- testing 452 : set([96, 33, 37, 105])p: 0.185537104542
--- testing 453 : set([96, 49, 37])p: 0.00125241317213
--- testing 454 : set([96, 49, 33])p: 0.467725913847
--- testing 455 : set([96, 49, 52, 105])p: 0.185537104542
--- testing 456 : set([96, 49, 78, 105])p: 0.0509349772651
--- testing 457 : set([96, 25, 63])p: 1.0
--- testing 458 : set([49, 105, 85, 37])p: 0.0509349772651
--- testing 459 : set([25, 85, 33])p: 0.812674579978
--- testing 460 : set([33, 85, 78])p: 0.467725913847
--- testing 461 : set([2, 85, 37])p: 0.00967884559012
--- testing 462 : set([25, 85, 63])p: 0.812674579978
--- testing 463 : set([80, 85, 78])p: 0.185537104542
--- testing 464 : set([80, 2, 85])p: 0.00125241317213
--- testing 465 : set([96, 33, 85])p: 0.0509349772651
--- testing 466 : set([33, 4, 37])p: 0.185537104542
--- testing 467 : set([25, 4, 105])p: 0.812674579978
--- testing 468 : set([2, 22])p: 0.185537104542
--- testing 469 : set([8, 10])p: 0.467725913847
--- testing 470 : set([96, 106])p: 0.00967884559012
--- testing 471 : set([2, 30])p: 0.467725913847
--- testing 472 : set([49, 19])p: 0.812674579978
--- testing 473 : set([19, 78])p: 0.467725913847
--- testing 474 : set([53, 63])p: 0.0509349772651
--- testing 475 : set([33, 92])p: 0.467725913847
--- testing 476 : set([25, 92])p: 0.00967884559012
--- testing 477 : set([52, 92])p: 0.185537104542
--- testing 478 : set([25, 90])p: 0.0509349772651
--- testing 479 : set([10, 38])p: 0.00125241317213
--- testing 480 : set([98, 37])p: 0.185537104542
--- testing 481 : set([49, 54, 105])p: 0.467725913847
--- testing 482 : set([40, 105])p: 0.0509349772651
--- testing 483 : set([40, 25])p: 0.0509349772651
--- testing 484 : set([1])p: 0.812674579978
--- testing 485 : set([13])p: 0.185537104542
--- testing 486 : set([43])p: 0.812674579978
--- testing 487 : set([48])p: 0.185537104542
--- testing 488 : set([51])p: 1.0
--- testing 489 : set([67])p: 0.467725913847
--- testing 490 : set([79])p: 0.185537104542
--- testing 491 : set([93])p: 1.0
--- testing 492 : set([25, 52, 78, 49])p: 0.140669728783
--- testing 493 : set([25, 2, 37, 105])p: 0.000487827206626
--- testing 494 : set([25, 2, 105, 49])p: 0.00499749424679
--- testing 495 : set([105, 2, 52, 37])p: 0.00499749424679
--- testing 496 : set([25, 49, 63])p: 0.140669728783
--- testing 497 : set([49, 2, 105, 63])p: 0.140669728783
--- testing 498 : set([2, 78, 63])p: 0.00499749424679
--- testing 499 : set([80, 25, 33])p: 0.140669728783
--- testing 500 : set([80, 52, 78])p: 0.405017289557
--- testing 501 : set([80, 2, 37])p: 0.00499749424679
--- testing 502 : set([80, 25, 2])p: 0.00499749424679
--- testing 503 : set([49, 10, 37, 105])p: 0.0325989187429
--- testing 504 : set([105, 10, 37, 63])p: 0.000487827206626
--- testing 505 : set([96, 49, 2])p: 0.140669728783
--- testing 506 : set([96, 49, 63])p: 0.140669728783
--- testing 507 : set([49, 105, 85, 33])p: 0.000487827206626
--- testing 508 : set([85, 78, 37])p: 0.405017289557
--- testing 509 : set([49, 85, 78, 105])p: 0.405017289557
--- testing 510 : set([25, 85, 78])p: 0.0325989187429
--- testing 511 : set([49, 2, 85])p: 0.000487827206626
--- testing 512 : set([49, 85, 63])p: 0.140669728783
--- testing 513 : set([80, 49, 85, 105])p: 0.0325989187429
--- testing 514 : set([105, 10, 85])p: 0.0325989187429
--- testing 515 : set([96, 49, 85])p: 0.000487827206626
--- testing 516 : set([105, 4, 78])p: 1.0
--- testing 517 : set([10, 4, 37])p: 0.00499749424679
--- testing 518 : set([33, 37, 6])p: 0.0325989187429
--- testing 519 : set([78, 6])p: 0.774346950408
--- testing 520 : set([80, 6])p: 0.140669728783
--- testing 521 : set([85, 6])p: 0.405017289557
--- testing 522 : set([49, 22, 105])p: 0.405017289557
--- testing 523 : set([22, 63])p: 0.0325989187429
--- testing 524 : set([8, 49, 105])p: 0.0325989187429
--- testing 525 : set([8, 25, 33])p: 0.405017289557
--- testing 526 : set([8, 63])p: 0.00499749424679
--- testing 527 : set([8, 22])p: 0.405017289557
--- testing 528 : set([106, 85])p: 0.405017289557
--- testing 529 : set([25, 30, 33])p: 0.0325989187429
--- testing 530 : set([4, 30])p: 0.405017289557
--- testing 531 : set([105, 37, 86])p: 2.75204602655e-05
--- testing 532 : set([49, 86, 105])p: 0.774346950408
--- testing 533 : set([52, 86])p: 0.140669728783
--- testing 534 : set([96, 86])p: 0.405017289557
--- testing 535 : set([80, 95])p: 0.405017289557
--- testing 536 : set([59, 78])p: 0.0325989187429
--- testing 537 : set([63, 71])p: 0.00499749424679
--- testing 538 : set([96, 53])p: 1.0
--- testing 539 : set([92, 78])p: 0.774346950408
--- testing 540 : set([49, 90])p: 0.405017289557
--- testing 541 : set([33, 38])p: 0.000487827206626
--- testing 542 : set([25, 38])p: 0.405017289557
--- testing 543 : set([49, 98])p: 0.0325989187429
--- testing 544 : set([98, 2])p: 0.00499749424679
--- testing 545 : set([56, 49])p: 0.774346950408
--- testing 546 : set([56, 25])p: 0.0325989187429
--- testing 547 : set([105, 14])p: 0.405017289557
--- testing 548 : set([64, 105])p: 0.140669728783
--- testing 549 : set([69, 37])p: 0.140669728783
--- testing 550 : set([105, 84])p: 0.774346950408
--- testing 551 : set([105, 47])p: 0.774346950408
--- testing 552 : set([9])p: 0.140669728783
--- testing 553 : set([18])p: 0.774346950408
--- testing 554 : set([65])p: 0.774346950408
--- testing 555 : set([82])p: 0.0325989187429
--- testing 556 : set([94])p: 0.774346950408
--- testing 557 : set([25, 37, 105, 33, 49])p: 0.100143175018
--- testing 558 : set([25, 105, 52, 37, 49])p: 0.0187982064948
--- testing 559 : set([25, 52, 105, 78, 49])p: 0.100143175018
--- testing 560 : set([33, 2, 78, 105])p: 0.728180742801
--- testing 561 : set([49, 2, 78, 33])p: 0.338930399363
--- testing 562 : set([2, 52, 78])p: 0.338930399363
--- testing 563 : set([25, 105, 33, 63])p: 0.100143175018
--- testing 564 : set([25, 78, 63])p: 0.00217895234669
--- testing 565 : set([2, 52, 63])p: 0.0187982064948
--- testing 566 : set([80, 105, 2])p: 0.338930399363
--- testing 567 : set([80, 2, 63])p: 0.00217895234669
--- testing 568 : set([49, 10, 33])p: 0.338930399363
--- testing 569 : set([25, 10, 33])p: 0.0187982064948
--- testing 570 : set([10, 52, 37])p: 0.338930399363
--- testing 571 : set([33, 10, 78, 105])p: 0.728180742801
--- testing 572 : set([96, 25, 105, 33])p: 0.100143175018
--- testing 573 : set([96, 78, 63])p: 0.338930399363
--- testing 574 : set([33, 105, 85, 37])p: 0.100143175018
--- testing 575 : set([105, 52, 85, 37])p: 0.100143175018
--- testing 576 : set([33, 52, 85])p: 0.0187982064948
--- testing 577 : set([2, 85, 63])p: 0.100143175018
--- testing 578 : set([33, 6, 105])p: 0.100143175018
--- testing 579 : set([105, 37, 22])p: 0.100143175018
--- testing 580 : set([6, 22])p: 0.728180742801
--- testing 581 : set([49, 106, 52])p: 0.728180742801
--- testing 582 : set([106, 10])p: 0.100143175018
--- testing 583 : set([33, 30, 105])p: 0.100143175018
--- testing 584 : set([105, 52, 30])p: 0.728180742801
--- testing 585 : set([78, 30])p: 0.728180742801
--- testing 586 : set([80, 30])p: 0.100143175018
--- testing 587 : set([10, 30])p: 0.000142597146856
--- testing 588 : set([2, 86])p: 0.728180742801
--- testing 589 : set([80, 86])p: 0.728180742801
--- testing 590 : set([49, 105, 95])p: 0.338930399363
--- testing 591 : set([25, 37, 33, 95])p: 0.338930399363
--- testing 592 : set([96, 25, 95])p: 0.0187982064948
--- testing 593 : set([4, 95])p: 0.338930399363
--- testing 594 : set([49, 19, 105])p: 1.0
--- testing 595 : set([80, 19])p: 0.338930399363
--- testing 596 : set([33, 53])p: 0.338930399363
--- testing 597 : set([10, 53])p: 0.338930399363
--- testing 598 : set([33, 35, 37])p: 0.338930399363
--- testing 599 : set([49, 35, 105])p: 0.338930399363
--- testing 600 : set([25, 35])p: 0.338930399363
--- testing 601 : set([35, 85])p: 0.100143175018
--- testing 602 : set([90, 78])p: 1.0
--- testing 603 : set([90, 2])p: 0.728180742801
--- testing 604 : set([2, 38])p: 0.0187982064948
--- testing 605 : set([96, 38])p: 0.0187982064948
--- testing 606 : set([98, 52])p: 0.728180742801
--- testing 607 : set([98, 85])p: 0.00217895234669
--- testing 608 : set([33, 54])p: 0.728180742801
--- testing 609 : set([25, 54])p: 0.100143175018
--- testing 610 : set([2, 54])p: 1.0
--- testing 611 : set([56, 33])p: 0.728180742801
--- testing 612 : set([105, 61])p: 1.0
--- testing 613 : set([33, 61])p: 0.728180742801
--- testing 614 : set([37, 103])p: 0.728180742801
--- testing 615 : set([101, 37])p: 0.728180742801
--- testing 616 : set([17])p: 0.728180742801
--- testing 617 : set([27])p: 1.0
--- testing 618 : set([44])p: 0.728180742801
--- testing 619 : set([89])p: 0.338930399363
--- testing 620 : set([97])p: 0.728180742801
--- testing 621 : set([99])p: 0.100143175018
--- testing 622 : set([49, 105, 37, 78, 33])p: 0.672573550882
--- testing 623 : set([25, 37, 78, 49])p: 0.00930148983876
--- testing 624 : set([49, 52, 37, 78, 105])p: 0.0652810456509
--- testing 625 : set([49, 52, 105, 78, 33])p: 1.0
--- testing 626 : set([25, 2, 37, 33])p: 0.0652810456509
--- testing 627 : set([25, 2, 52])p: 0.00930148983876
--- testing 628 : set([105, 2, 52, 78])p: 0.270705478122
--- testing 629 : set([105, 37, 78, 63])p: 0.00930148983876
--- testing 630 : set([80, 49, 33])p: 0.0652810456509
--- testing 631 : set([80, 25, 49])p: 0.672573550882
--- testing 632 : set([80, 105, 52, 37])p: 0.672573550882
--- testing 633 : set([80, 33, 78, 105])p: 0.672573550882
--- testing 634 : set([80, 49, 2])p: 0.00930148983876
--- testing 635 : set([80, 105, 63])p: 0.0652810456509
--- testing 636 : set([25, 10, 37, 105])p: 0.00930148983876
--- testing 637 : set([49, 10, 52])p: 0.270705478122
--- testing 638 : set([105, 10, 37, 78])p: 0.270705478122
--- testing 639 : set([49, 10, 78])p: 1.0
--- testing 640 : set([10, 2, 63])p: 0.000724412918236
--- testing 641 : set([96, 52, 37])p: 0.270705478122
--- testing 642 : set([96, 105, 52, 78])p: 0.0652810456509
--- testing 643 : set([49, 37, 85, 33])p: 0.0652810456509
--- testing 644 : set([25, 85, 49])p: 0.270705478122
--- testing 645 : set([33, 52, 85, 105])p: 0.0652810456509
--- testing 646 : set([33, 85, 78, 105])p: 0.672573550882
--- testing 647 : set([33, 2, 85])p: 0.0652810456509
--- testing 648 : set([33, 85, 63])p: 0.270705478122
--- testing 649 : set([49, 105, 85, 63])p: 0.270705478122
--- testing 650 : set([80, 33, 85])p: 0.0652810456509
--- testing 651 : set([80, 25, 85])p: 0.0652810456509
--- testing 652 : set([25, 10, 85])p: 0.000724412918236
--- testing 653 : set([96, 2, 85])p: 0.672573550882
--- testing 654 : set([49, 4, 33])p: 1.0
--- testing 655 : set([52, 4, 105, 49])p: 0.270705478122
--- testing 656 : set([33, 4, 78])p: 1.0
--- testing 657 : set([25, 4, 78])p: 0.672573550882
--- testing 658 : set([4, 37, 63])p: 0.0652810456509
--- testing 659 : set([96, 33, 4])p: 0.672573550882
--- testing 660 : set([4, 85, 37])p: 0.672573550882
--- testing 661 : set([33, 37, 22])p: 0.672573550882
--- testing 662 : set([105, 52, 22])p: 0.0652810456509
--- testing 663 : set([96, 22])p: 0.0652810456509
--- testing 664 : set([8, 33, 105])p: 0.672573550882
--- testing 665 : set([8, 33, 37])p: 0.00930148983876
--- testing 666 : set([8, 105, 78])p: 0.270705478122
--- testing 667 : set([8, 96, 105])p: 0.270705478122
--- testing 668 : set([8, 4])p: 0.0652810456509
--- testing 669 : set([106, 2])p: 0.0652810456509
--- testing 670 : set([25, 37, 30])p: 0.0652810456509
--- testing 671 : set([105, 52, 86])p: 0.270705478122
--- testing 672 : set([10, 86])p: 0.270705478122
--- testing 673 : set([49, 37, 95])p: 0.00930148983876
--- testing 674 : set([49, 33, 95])p: 0.270705478122
--- testing 675 : set([25, 49, 95])p: 0.0652810456509
--- testing 676 : set([105, 52, 95])p: 0.0652810456509
--- testing 677 : set([86, 95])p: 0.0652810456509
--- testing 678 : set([105, 59, 52])p: 1.0
--- testing 679 : set([105, 53, 37])p: 0.270705478122
--- testing 680 : set([25, 53, 37])p: 0.672573550882
--- testing 681 : set([52, 53])p: 0.672573550882
--- testing 682 : set([105, 37, 38])p: 0.0652810456509
--- testing 683 : set([33, 37, 38])p: 0.000724412918236
--- testing 684 : set([52, 38])p: 0.672573550882
--- testing 685 : set([2, 37, 38])p: 0.0652810456509
--- testing 686 : set([38, 63])p: 0.0652810456509
--- testing 687 : set([98, 63])p: 0.00930148983876
--- testing 688 : set([52, 54])p: 0.672573550882
--- testing 689 : set([78, 54])p: 0.672573550882
--- testing 690 : set([54, 63])p: 0.00930148983876
--- testing 691 : set([40, 38])p: 0.672573550882
--- testing 692 : set([61, 37])p: 1.0
--- testing 693 : set([25, 61])p: 1.0
--- testing 694 : set([25, 74])p: 0.270705478122
--- testing 695 : set([64, 37])p: 0.270705478122
--- testing 696 : set([69, 63])p: 0.0652810456509
--- testing 697 : set([33, 84])p: 1.0
--- testing 698 : set([25, 84])p: 0.270705478122
--- testing 699 : set([3])p: 0.672573550882
--- testing 700 : set([16])p: 0.0652810456509
--- testing 701 : set([23])p: 0.672573550882
--- testing 702 : set([26])p: 0.0652810456509
--- testing 703 : set([81])p: 1.0
--- testing 704 : set([83])p: 1.0
