trsact: data/conditions/data_250.csv.4lcm53 ,#transactions 16228 ,#items 107 ,size 19044 extracted database: #transactions 16228 ,#items 97 ,size 19025
 output to: data/conditions/data_250.csv.4lcm53.results.lcm/data_250.csv.4lcm53.lowsup4.closed
separated at 0
iters=1372
1357
1
97
401
526
269
60
3
finish calculation of K: 1356
4
--- testing 1 : set([13])p: 8.92814238407e-31
--- testing 2 : set([105])p: 0.363953553845
--- testing 3 : set([37])p: 2.77721834281e-55
--- testing 4 : set([37, 13])p: 1.57974146662e-43
--- testing 5 : set([33])p: 0.189369736512
--- testing 6 : set([49])p: 0.666366470278
--- testing 7 : set([49, 105])p: 0.683832871076
--- testing 8 : set([25])p: 0.00125939211362
--- testing 9 : set([52])p: 0.911092125362
--- testing 10 : set([78])p: 0.407722745146
--- testing 11 : set([2])p: 0.775017748405
--- testing 12 : set([63])p: 0.029704620776
--- testing 13 : set([80])p: 0.102123507381
--- testing 14 : set([105, 52])p: 0.857269127645
--- testing 15 : set([96])p: 0.250164914526
--- testing 16 : set([105, 13])p: 2.05600590825e-06
--- testing 17 : set([85])p: 0.0330056777984
--- testing 18 : set([105, 37])p: 1.99002303521e-13
--- testing 19 : set([4])p: 0.22383059053
--- testing 20 : set([33, 105])p: 0.000791245926851
--- testing 21 : set([33, 13])p: 0.0180950355359
--- testing 22 : set([49, 13])p: 0.00183677823046
--- testing 23 : set([105, 78])p: 0.0837845998435
--- testing 24 : set([49, 52])p: 0.872182612182
--- testing 25 : set([25, 13])p: 4.25618374833e-08
--- testing 26 : set([33, 37])p: 4.1058051178e-07
--- testing 27 : set([49, 52, 105])p: 0.883587908886
--- testing 28 : set([25, 37])p: 3.55139942818e-08
--- testing 29 : set([2, 13])p: 0.00158096912611
--- testing 30 : set([6])p: 0.914000641554
--- testing 31 : set([25, 105])p: 0.00579326428588
--- testing 32 : set([13, 63])p: 0.000240118311724
--- testing 33 : set([49, 37])p: 0.00460680482096
--- testing 34 : set([49, 78])p: 0.58866891653
--- testing 35 : set([49, 33])p: 0.41945220135
--- testing 36 : set([105, 2])p: 0.696022154563
--- testing 37 : set([25, 33])p: 0.347723733487
--- testing 38 : set([22])p: 0.917418511079
--- testing 39 : set([13, 78])p: 0.00871690052191
--- testing 40 : set([8])p: 0.0968039706829
--- testing 41 : set([52, 13])p: 0.262022045285
--- testing 42 : set([49, 13, 105])p: 0.0737488681027
--- testing 43 : set([96, 13])p: 0.0647087765835
--- testing 44 : set([37, 63])p: 2.0218510136e-06
--- testing 45 : set([106])p: 0.211928305911
--- testing 46 : set([30])p: 0.19764479496
--- testing 47 : set([86])p: 0.326261082054
--- testing 48 : set([85, 13])p: 0.000779759315395
--- testing 49 : set([95])p: 0.497368027715
--- testing 50 : set([105, 37, 13])p: 1.45788917686e-11
--- testing 51 : set([33, 78])p: 0.0302261833282
--- testing 52 : set([2, 37])p: 0.00136851866171
--- testing 53 : set([52, 37])p: 0.140693087005
--- testing 54 : set([80, 13])p: 0.0106672352881
--- testing 55 : set([49, 78, 105])p: 0.584576845275
--- testing 56 : set([37, 78])p: 0.00575850726748
--- testing 57 : set([80, 105])p: 0.351756688996
--- testing 58 : set([25, 49])p: 0.516172052674
--- testing 59 : set([85, 37])p: 4.08436164972e-06
--- testing 60 : set([80, 37])p: 0.00370372768584
--- testing 61 : set([105, 85])p: 0.0307091866148
--- testing 62 : set([105, 63])p: 0.00346529672032
--- testing 63 : set([49, 105, 33])p: 0.285411201347
--- testing 64 : set([33, 52])p: 0.665365957234
--- testing 65 : set([33, 2])p: 0.435467788574
--- testing 66 : set([49, 37, 105])p: 0.0174382826624
--- testing 67 : set([33, 37, 13])p: 0.00156119442438
--- testing 68 : set([105, 52, 13])p: 0.638384406725
--- testing 69 : set([49, 2])p: 0.412755082312
--- testing 70 : set([96, 105])p: 0.215803890081
--- testing 71 : set([59])p: 0.209753668307
--- testing 72 : set([25, 37, 13])p: 1.11612332455e-09
--- testing 73 : set([96, 37])p: 1.14016219822e-06
--- testing 74 : set([52, 78])p: 0.548661677709
--- testing 75 : set([25, 78])p: 0.540617434014
--- testing 76 : set([2, 63])p: 0.0607045222253
--- testing 77 : set([19])p: 0.142204726264
--- testing 78 : set([96, 33])p: 0.127034565502
--- testing 79 : set([71])p: 0.275146902916
--- testing 80 : set([33, 13, 105])p: 0.117358619452
--- testing 81 : set([49, 37, 13])p: 0.000222063974911
--- testing 82 : set([80, 78])p: 0.473469417577
--- testing 83 : set([105, 52, 37])p: 0.245392416038
--- testing 84 : set([53])p: 0.0120986950519
--- testing 85 : set([25, 52])p: 0.694978558678
--- testing 86 : set([105, 52, 78])p: 0.429312350673
--- testing 87 : set([49, 85])p: 0.420317130797
--- testing 88 : set([33, 37, 105])p: 5.68374580574e-08
--- testing 89 : set([13, 37, 63])p: 1.75858930208e-05
--- testing 90 : set([25, 13, 105])p: 0.00177662520963
--- testing 91 : set([35])p: 0.074696302401
--- testing 92 : set([4, 13])p: 0.00657950787645
--- testing 93 : set([92])p: 1.0
--- testing 94 : set([4, 37])p: 0.00145769606819
--- testing 95 : set([90])p: 0.892371831142
--- testing 96 : set([49, 63])p: 0.63939729236
--- testing 97 : set([25, 85])p: 0.0203695893935
--- testing 98 : set([31])p: 0.888609186745
--- testing 99 : set([25, 105, 49])p: 0.356255027704
--- testing 100 : set([25, 2])p: 0.161833553613
--- testing 101 : set([33, 63])p: 0.060472553391
--- testing 102 : set([2, 37, 13])p: 0.000188545254163
--- testing 103 : set([49, 2, 105])p: 0.337725946414
--- testing 104 : set([80, 33])p: 0.0539923787852
--- testing 105 : set([38])p: 0.000188545254163
--- testing 106 : set([98])p: 0.876515055868
--- testing 107 : set([25, 63])p: 0.328447355571
--- testing 108 : set([54])p: 0.328447355571
--- testing 109 : set([33, 52, 105])p: 0.595020360829
--- testing 110 : set([80, 49])p: 0.595020360829
--- testing 111 : set([33, 78, 105])p: 0.00319572619861
--- testing 112 : set([105, 13, 78])p: 0.0119856202297
--- testing 113 : set([105, 4])p: 0.0423015685539
--- testing 114 : set([96, 25])p: 0.853376710629
--- testing 115 : set([56])p: 0.853376710629
--- testing 116 : set([13, 85, 37])p: 1.28034481037e-05
--- testing 117 : set([33, 85])p: 0.113321672966
--- testing 118 : set([96, 85])p: 0.842952159515
--- testing 119 : set([14])p: 0.546682498701
--- testing 120 : set([25, 13, 33])p: 0.102359522832
--- testing 121 : set([49, 52, 13])p: 0.536543225754
--- testing 122 : set([2, 78])p: 0.536543225754
--- testing 123 : set([96, 63])p: 0.263747420124
--- testing 124 : set([80, 25])p: 0.51580147563
--- testing 125 : set([25, 105, 33])p: 0.0868941335809
--- testing 126 : set([96, 49])p: 0.813538968863
--- testing 127 : set([25, 37, 105])p: 0.00521847914337
--- testing 128 : set([25, 37, 33])p: 0.0772675868021
--- testing 129 : set([96, 2])p: 0.483558159689
--- testing 130 : set([2, 52])p: 0.2097702189
--- testing 131 : set([80, 85])p: 0.2097702189
--- testing 132 : set([13, 6])p: 0.47251839169
--- testing 133 : set([49, 52, 13, 105])p: 0.793314267382
--- testing 134 : set([49, 52, 78])p: 0.793314267382
--- testing 135 : set([105, 2, 13])p: 0.201018929392
--- testing 136 : set([49, 52, 78, 105])p: 0.786097383708
--- testing 137 : set([8, 13])p: 0.450019414511
--- testing 138 : set([37, 78, 13])p: 0.00336055112618
--- testing 139 : set([40])p: 0.0155959567513
--- testing 140 : set([61])p: 1.0
--- testing 141 : set([49, 13, 33])p: 0.426987131556
--- testing 142 : set([25, 52, 105])p: 0.415282394758
--- testing 143 : set([78, 63])p: 0.166990371286
--- testing 144 : set([80, 52])p: 0.166990371286
--- testing 145 : set([85, 78])p: 0.0129009115512
--- testing 146 : set([80, 2])p: 0.754625674019
--- testing 147 : set([85, 63])p: 0.0481519003075
--- testing 148 : set([105, 106])p: 0.0116796884188
--- testing 149 : set([13, 30])p: 0.00233015835088
--- testing 150 : set([52, 37, 13])p: 0.391522769412
--- testing 151 : set([49, 2, 13])p: 0.150673169678
--- testing 152 : set([49, 13, 37, 105])p: 0.0411882223422
--- testing 153 : set([25, 13, 49])p: 0.142717204632
--- testing 154 : set([105, 37, 78])p: 0.00155766572307
--- testing 155 : set([52, 63])p: 0.728024957653
--- testing 156 : set([80, 37, 13])p: 0.00023922697123
--- testing 157 : set([96, 37, 13])p: 0.00849215285677
--- testing 158 : set([33, 4])p: 0.728024957653
--- testing 159 : set([13, 22])p: 0.367338592769
--- testing 160 : set([37, 22])p: 0.367338592769
--- testing 161 : set([49, 52, 37])p: 0.718533211209
--- testing 162 : set([96, 78])p: 0.0348365374837
--- testing 163 : set([2, 85])p: 0.355105365935
--- testing 164 : set([37, 6])p: 0.355105365935
--- testing 165 : set([13, 95])p: 0.355105365935
--- testing 166 : set([33, 95])p: 1.0
--- testing 167 : set([25, 95])p: 0.355105365935
--- testing 168 : set([49, 13, 78])p: 1.0
--- testing 169 : set([2, 13, 63])p: 0.00673779748028
--- testing 170 : set([49, 52, 33])p: 1.0
--- testing 171 : set([49, 78, 33])p: 0.330398369736
--- testing 172 : set([33, 2, 105])p: 0.112436139208
--- testing 173 : set([105, 13, 63])p: 0.000997316944677
--- testing 174 : set([49, 85, 105])p: 0.112436139208
--- testing 175 : set([105, 6])p: 0.698546340113
--- testing 176 : set([74])p: 1.0
--- testing 177 : set([49, 105, 63])p: 0.317943385135
--- testing 178 : set([105, 85, 13])p: 0.0264515668379
--- testing 179 : set([25, 4])p: 0.0264515668379
--- testing 180 : set([33, 13, 37, 105])p: 0.0983360642821
--- testing 181 : set([13, 86])p: 0.3054345171
--- testing 182 : set([64])p: 0.0983360642821
--- testing 183 : set([25, 33, 49])p: 0.292883095717
--- testing 184 : set([49, 52, 105, 33])p: 1.0
--- testing 185 : set([25, 78, 105])p: 0.292883095717
--- testing 186 : set([33, 2, 13])p: 0.292883095717
--- testing 187 : set([52, 85])p: 0.292883095717
--- testing 188 : set([105, 22])p: 1.0
--- testing 189 : set([59, 13])p: 0.00401765865985
--- testing 190 : set([49, 52, 37, 105])p: 0.654222971993
--- testing 191 : set([25, 2, 13])p: 0.0194128259107
--- testing 192 : set([105, 2, 52])p: 0.280301302172
--- testing 193 : set([49, 4])p: 0.654222971993
--- testing 194 : set([25, 37, 49])p: 0.0786667970297
--- testing 195 : set([80, 49, 105])p: 0.267702214083
--- testing 196 : set([96, 105, 13])p: 0.642160982644
--- testing 197 : set([49, 85, 13])p: 0.642160982644
--- testing 198 : set([8, 105])p: 0.0786667970297
--- testing 199 : set([105, 30])p: 0.0786667970297
--- testing 200 : set([37, 86])p: 0.267702214083
--- testing 201 : set([49, 37, 33])p: 0.0154438186985
--- testing 202 : set([80, 105, 13])p: 0.255099852946
--- testing 203 : set([80, 63])p: 0.072535875125
--- testing 204 : set([96, 52])p: 0.255099852946
--- testing 205 : set([8, 25])p: 1.0
--- testing 206 : set([105, 95])p: 0.629679023692
--- testing 207 : set([37, 71])p: 0.629679023692
--- testing 208 : set([37, 38])p: 0.0154438186985
--- testing 209 : set([33, 52, 13])p: 0.616762500563
--- testing 210 : set([105, 2, 37])p: 0.0136686390331
--- testing 211 : set([80, 105, 78])p: 0.242509233786
--- testing 212 : set([105, 86])p: 0.242509233786
--- testing 213 : set([13, 38])p: 0.000282600315854
--- testing 214 : set([96, 80])p: 0.603396312464
--- testing 215 : set([13, 71])p: 0.603396312464
--- testing 216 : set([25, 52, 13])p: 0.589564834858
--- testing 217 : set([33, 13, 78])p: 0.217428563264
--- testing 218 : set([80, 105, 52])p: 0.589564834858
--- testing 219 : set([96, 4])p: 0.217428563264
--- testing 220 : set([37, 30])p: 0.589564834858
--- testing 221 : set([25, 30])p: 0.0555191016316
--- testing 222 : set([69])p: 0.217428563264
--- testing 223 : set([84])p: 1.0
--- testing 224 : set([49, 105, 13, 33])p: 0.575251901335
--- testing 225 : set([25, 52, 49])p: 0.575251901335
--- testing 226 : set([49, 37, 78])p: 0.204973989292
--- testing 227 : set([25, 13, 78])p: 0.204973989292
--- testing 228 : set([96, 33, 13])p: 1.0
--- testing 229 : set([4, 63])p: 0.204973989292
--- testing 230 : set([8, 33])p: 0.204973989292
--- testing 231 : set([106, 13])p: 0.0503269783231
--- testing 232 : set([106, 37])p: 0.575251901335
--- testing 233 : set([105, 52, 37, 13])p: 0.560440784854
--- testing 234 : set([49, 105, 78, 33])p: 0.192602228415
--- testing 235 : set([25, 78, 33])p: 0.560440784854
--- testing 236 : set([33, 2, 37])p: 0.0453845941565
--- testing 237 : set([49, 13, 63])p: 1.0
--- testing 238 : set([80, 105, 37])p: 0.0453845941565
--- testing 239 : set([96, 49, 105])p: 0.560440784854
--- testing 240 : set([4, 37, 13])p: 0.00105799755225
--- testing 241 : set([33, 22])p: 0.560440784854
--- testing 242 : set([8, 37])p: 0.560440784854
--- testing 243 : set([25, 105, 13, 49])p: 0.180334092226
--- testing 244 : set([49, 13, 78, 105])p: 1.0
--- testing 245 : set([105, 52, 63])p: 1.0
--- testing 246 : set([96, 49, 13])p: 1.0
--- testing 247 : set([105, 85, 37])p: 0.000861165565262
--- testing 248 : set([33, 6])p: 0.545114178335
--- testing 249 : set([33, 106])p: 0.545114178335
--- testing 250 : set([105, 59])p: 0.180334092226
--- testing 251 : set([53, 37])p: 0.0406969926655
--- testing 252 : set([13, 14])p: 0.545114178335
--- testing 253 : set([25, 13, 37, 105])p: 0.00572267564339
--- testing 254 : set([33, 37, 78])p: 0.000692949371292
--- testing 255 : set([49, 2, 33])p: 0.529254174591
--- testing 256 : set([105, 2, 78])p: 0.168191735743
--- testing 257 : set([105, 37, 63])p: 3.28907739273e-07
--- testing 258 : set([33, 85, 13])p: 0.529254174591
--- testing 259 : set([98, 13])p: 1.0
--- testing 260 : set([55])p: 0.529254174591
--- testing 261 : set([25, 105, 13, 33])p: 0.156198725409
--- testing 262 : set([25, 52, 105, 49])p: 0.512842245553
--- testing 263 : set([49, 2, 52, 105])p: 0.512842245553
--- testing 264 : set([96, 33, 105])p: 0.00480817995756
--- testing 265 : set([96, 25, 13])p: 0.512842245553
--- testing 266 : set([25, 6])p: 0.512842245553
--- testing 267 : set([33, 30])p: 0.512842245553
--- testing 268 : set([37, 95])p: 0.512842245553
--- testing 269 : set([59, 37])p: 0.512842245553
--- testing 270 : set([35, 37])p: 0.156198725409
--- testing 271 : set([37, 14])p: 0.512842245553
--- testing 272 : set([21])p: 0.0321032657409
--- testing 273 : set([49, 105, 37, 33])p: 0.0039972056337
--- testing 274 : set([49, 2, 13, 105])p: 0.144380110203
--- testing 275 : set([33, 13, 63])p: 0.144380110203
--- testing 276 : set([25, 13, 63])p: 0.144380110203
--- testing 277 : set([96, 105, 37])p: 0.0282039677718
--- testing 278 : set([96, 105, 52])p: 0.495859220784
--- testing 279 : set([25, 85, 13])p: 0.000431320575341
--- testing 280 : set([105, 52, 85])p: 0.495859220784
--- testing 281 : set([4, 78])p: 0.495859220784
--- testing 282 : set([49, 30])p: 0.144380110203
--- testing 283 : set([35, 13])p: 0.000431320575341
--- testing 284 : set([7])p: 0.495859220784
--- testing 285 : set([103])p: 1.0
--- testing 286 : set([25, 13, 37, 33])p: 0.0245729534511
--- testing 287 : set([52, 13, 78])p: 0.478285265255
--- testing 288 : set([49, 2, 37])p: 0.0245729534511
--- testing 289 : set([13, 78, 63])p: 0.478285265255
--- testing 290 : set([96, 25, 33])p: 1.0
--- testing 291 : set([33, 85, 105])p: 0.0245729534511
--- testing 292 : set([25, 85, 105])p: 0.13276249596
--- testing 293 : set([53, 13])p: 0.13276249596
--- testing 294 : set([72])p: 1.0
--- testing 295 : set([101])p: 0.00328402862203
--- testing 296 : set([25, 105, 37, 49])p: 0.121374123064
--- testing 297 : set([25, 105, 33, 49])p: 0.121374123064
--- testing 298 : set([33, 52, 13, 105])p: 1.0
--- testing 299 : set([25, 52, 37])p: 0.121374123064
--- testing 300 : set([25, 37, 78])p: 1.0
--- testing 301 : set([25, 78, 49])p: 1.0
--- testing 302 : set([25, 2, 37])p: 0.00266268177863
--- testing 303 : set([49, 2, 78])p: 0.460099856345
--- testing 304 : set([49, 52, 63])p: 1.0
--- testing 305 : set([105, 2, 63])p: 0.460099856345
--- testing 306 : set([80, 49, 13])p: 0.460099856345
--- testing 307 : set([33, 85, 37])p: 0.0212115442676
--- testing 308 : set([13, 85, 63])p: 0.121374123064
--- testing 309 : set([52, 4])p: 0.121374123064
--- testing 310 : set([96, 6])p: 1.0
--- testing 311 : set([49, 106])p: 0.121374123064
--- testing 312 : set([33, 52, 37])p: 0.110244947642
--- testing 313 : set([49, 52, 37, 13])p: 0.441281760051
--- testing 314 : set([25, 52, 13, 105])p: 0.441281760051
--- testing 315 : set([49, 37, 78, 105])p: 0.110244947642
--- testing 316 : set([105, 52, 13, 78])p: 0.441281760051
--- testing 317 : set([33, 105, 63])p: 0.0181200671861
--- testing 318 : set([25, 33, 63])p: 1.0
--- testing 319 : set([105, 78, 63])p: 0.110244947642
--- testing 320 : set([2, 37, 63])p: 0.0181200671861
--- testing 321 : set([80, 25, 37])p: 0.110244947642
--- testing 322 : set([49, 85, 37])p: 0.110244947642
--- testing 323 : set([105, 85, 78])p: 0.000187172407801
--- testing 324 : set([96, 85, 13])p: 1.0
--- testing 325 : set([49, 4, 105])p: 0.441281760051
--- testing 326 : set([4, 85])p: 0.110244947642
--- testing 327 : set([49, 22])p: 1.0
--- testing 328 : set([8, 96])p: 0.441281760051
--- testing 329 : set([25, 106])p: 0.441281760051
--- testing 330 : set([49, 95])p: 1.0
--- testing 331 : set([49, 59])p: 0.110244947642
--- testing 332 : set([105, 19])p: 0.441281760051
--- testing 333 : set([105, 53])p: 0.0181200671861
--- testing 334 : set([33, 98])p: 1.0
--- testing 335 : set([105, 54])p: 0.441281760051
--- testing 336 : set([100])p: 0.00212698096958
--- testing 337 : set([49, 13, 52, 37, 105])p: 0.42180900638
--- testing 338 : set([33, 52, 78])p: 0.42180900638
--- testing 339 : set([25, 2, 105])p: 0.099406726412
--- testing 340 : set([2, 13, 78])p: 1.0
--- testing 341 : set([80, 49, 78])p: 0.42180900638
--- testing 342 : set([80, 2, 13])p: 0.42180900638
--- testing 343 : set([96, 33, 37])p: 0.0152977578538
--- testing 344 : set([96, 105, 78])p: 0.0152977578538
--- testing 345 : set([96, 2, 13])p: 1.0
--- testing 346 : set([49, 13, 85, 105])p: 0.42180900638
--- testing 347 : set([2, 85, 13])p: 1.0
--- testing 348 : set([80, 105, 85])p: 0.42180900638
--- testing 349 : set([2, 4])p: 0.099406726412
--- testing 350 : set([106, 52])p: 1.0
--- testing 351 : set([85, 30])p: 1.0
--- testing 352 : set([49, 86])p: 1.0
--- testing 353 : set([33, 19])p: 0.42180900638
--- testing 354 : set([37, 38, 13])p: 0.0152977578538
--- testing 355 : set([56, 37])p: 1.0
--- testing 356 : set([40, 13])p: 0.099406726412
--- testing 357 : set([24])p: 1.0
--- testing 358 : set([60])p: 1.0
--- testing 359 : set([91])p: 1.0
--- testing 360 : set([25, 13, 37, 49])p: 0.0888931053422
--- testing 361 : set([49, 2, 105, 33])p: 0.401658863882
--- testing 362 : set([25, 2, 33])p: 0.401658863882
--- testing 363 : set([2, 52, 13])p: 0.401658863882
--- testing 364 : set([25, 105, 63])p: 0.401658863882
--- testing 365 : set([49, 52, 105, 63])p: 1.0
--- testing 366 : set([49, 2, 63])p: 0.401658863882
--- testing 367 : set([80, 33, 13])p: 0.0127426573985
--- testing 368 : set([80, 33, 105])p: 0.401658863882
--- testing 369 : set([96, 13, 78])p: 0.0888931053422
--- testing 370 : set([25, 85, 37])p: 0.0127426573985
--- testing 371 : set([85, 78, 13])p: 0.401658863882
--- testing 372 : set([80, 85, 13])p: 0.401658863882
--- testing 373 : set([52, 22])p: 1.0
--- testing 374 : set([25, 13, 95])p: 0.0888931053422
--- testing 375 : set([25, 33, 95])p: 1.0
--- testing 376 : set([13, 54])p: 0.401658863882
--- testing 377 : set([37, 54])p: 0.401658863882
--- testing 378 : set([56, 105])p: 1.0
--- testing 379 : set([15])p: 1.0
--- testing 380 : set([47])p: 0.401658863882
--- testing 381 : set([66])p: 1.0
--- testing 382 : set([25, 105, 37, 33])p: 0.078739712283
--- testing 383 : set([105, 37, 78, 13])p: 0.078739712283
--- testing 384 : set([25, 52, 78])p: 1.0
--- testing 385 : set([105, 2, 37, 13])p: 0.078739712283
--- testing 386 : set([33, 2, 13, 105])p: 0.380807813313
--- testing 387 : set([25, 2, 37, 13])p: 0.000969328728779
--- testing 388 : set([105, 13, 37, 63])p: 3.36650035621e-06
--- testing 389 : set([33, 2, 63])p: 0.078739712283
--- testing 390 : set([25, 2, 63])p: 0.380807813313
--- testing 391 : set([80, 25, 13])p: 0.078739712283
--- testing 392 : set([80, 13, 63])p: 0.0104515024618
--- testing 393 : set([96, 25, 105])p: 1.0
--- testing 394 : set([96, 13, 63])p: 0.380807813313
--- testing 395 : set([37, 85, 63])p: 0.0104515024618
--- testing 396 : set([105, 4, 37])p: 0.078739712283
--- testing 397 : set([8, 49])p: 1.0
--- testing 398 : set([52, 30])p: 0.380807813313
--- testing 399 : set([37, 86, 13])p: 0.078739712283
--- testing 400 : set([33, 59])p: 1.0
--- testing 401 : set([25, 59])p: 0.380807813313
--- testing 402 : set([2, 59])p: 1.0
--- testing 403 : set([92, 13])p: 1.0
--- testing 404 : set([90, 13])p: 1.0
--- testing 405 : set([105, 90])p: 1.0
--- testing 406 : set([105, 98])p: 0.380807813313
--- testing 407 : set([40, 37])p: 0.078739712283
--- testing 408 : set([20])p: 0.0104515024618
--- testing 409 : set([62])p: 1.0
--- testing 410 : set([73])p: 1.0
--- testing 411 : set([25, 52, 33])p: 1.0
--- testing 412 : set([25, 13, 78, 105])p: 0.0689842537372
--- testing 413 : set([25, 105, 78, 49])p: 1.0
--- testing 414 : set([52, 37, 78])p: 0.359231520382
--- testing 415 : set([105, 2, 52, 13])p: 0.359231520382
--- testing 416 : set([49, 2, 78, 105])p: 0.359231520382
--- testing 417 : set([25, 37, 63])p: 0.0689842537372
--- testing 418 : set([49, 78, 63])p: 0.0689842537372
--- testing 419 : set([80, 49, 13, 105])p: 0.359231520382
--- testing 420 : set([80, 49, 52])p: 0.359231520382
--- testing 421 : set([105, 4, 13])p: 0.00841960809048
--- testing 422 : set([8, 78])p: 1.0
--- testing 423 : set([8, 2])p: 1.0
--- testing 424 : set([96, 30])p: 1.0
--- testing 425 : set([33, 86])p: 1.0
--- testing 426 : set([25, 86])p: 1.0
--- testing 427 : set([96, 95])p: 0.359231520382
--- testing 428 : set([105, 35])p: 0.359231520382
--- testing 429 : set([105, 92])p: 1.0
--- testing 430 : set([92, 37])p: 1.0
--- testing 431 : set([45])p: 0.0689842537372
--- testing 432 : set([49, 52, 13, 33])p: 1.0
--- testing 433 : set([25, 52, 37, 105])p: 0.0596666159454
--- testing 434 : set([33, 37, 78, 105])p: 0.000505760459894
--- testing 435 : set([33, 52, 78, 105])p: 0.336904807563
--- testing 436 : set([33, 2, 78])p: 0.0596666159454
--- testing 437 : set([25, 2, 78])p: 1.0
--- testing 438 : set([49, 33, 63])p: 0.336904807563
--- testing 439 : set([80, 13, 78])p: 1.0
--- testing 440 : set([96, 49, 78])p: 0.336904807563
--- testing 441 : set([49, 85, 78])p: 0.0596666159454
--- testing 442 : set([96, 105, 85])p: 0.336904807563
--- testing 443 : set([96, 85, 37])p: 0.336904807563
--- testing 444 : set([96, 25, 85])p: 1.0
--- testing 445 : set([96, 85, 63])p: 0.336904807563
--- testing 446 : set([25, 4, 37])p: 0.00664074309092
--- testing 447 : set([80, 4])p: 1.0
--- testing 448 : set([105, 13, 22])p: 1.0
--- testing 449 : set([25, 22])p: 0.336904807563
--- testing 450 : set([8, 37, 13])p: 1.0
--- testing 451 : set([30, 63])p: 1.0
--- testing 452 : set([86, 63])p: 0.0596666159454
--- testing 453 : set([52, 95])p: 1.0
--- testing 454 : set([2, 95])p: 1.0
--- testing 455 : set([13, 37, 71])p: 1.0
--- testing 456 : set([33, 35])p: 0.336904807563
--- testing 457 : set([49, 92])p: 1.0
--- testing 458 : set([33, 31])p: 1.0
--- testing 459 : set([25, 98])p: 1.0
--- testing 460 : set([49, 54])p: 1.0
--- testing 461 : set([5])p: 1.0
--- testing 462 : set([25, 37, 33, 49])p: 0.313801624928
--- testing 463 : set([33, 52, 37, 105])p: 0.313801624928
--- testing 464 : set([49, 13, 52, 105, 33])p: 1.0
--- testing 465 : set([25, 105, 78, 33])p: 1.0
--- testing 466 : set([33, 2, 37, 13])p: 0.313801624928
--- testing 467 : set([49, 2, 37, 13])p: 0.0508289704696
--- testing 468 : set([49, 2, 13, 33])p: 1.0
--- testing 469 : set([25, 2, 49])p: 0.313801624928
--- testing 470 : set([2, 52, 37])p: 0.00510699743316
--- testing 471 : set([33, 2, 52])p: 0.313801624928
--- testing 472 : set([49, 37, 63])p: 0.313801624928
--- testing 473 : set([52, 13, 63])p: 0.313801624928
--- testing 474 : set([80, 52, 13])p: 0.0508289704696
--- testing 475 : set([80, 49, 52, 105])p: 0.313801624928
--- testing 476 : set([80, 33, 78])p: 0.313801624928
--- testing 477 : set([96, 25, 37])p: 0.313801624928
--- testing 478 : set([96, 105, 2])p: 0.313801624928
--- testing 479 : set([96, 37, 63])p: 0.0508289704696
--- testing 480 : set([96, 33, 63])p: 0.0508289704696
--- testing 481 : set([105, 13, 85, 37])p: 0.00510699743316
--- testing 482 : set([33, 13, 85, 37])p: 0.313801624928
--- testing 483 : set([52, 85, 37])p: 0.0508289704696
--- testing 484 : set([49, 52, 85, 105])p: 1.0
--- testing 485 : set([80, 85, 37])p: 0.313801624928
--- testing 486 : set([80, 49, 85])p: 1.0
--- testing 487 : set([33, 4, 105])p: 0.313801624928
--- testing 488 : set([52, 4, 105])p: 0.0508289704696
--- testing 489 : set([37, 6, 13])p: 0.313801624928
--- testing 490 : set([25, 13, 6])p: 0.313801624928
--- testing 491 : set([37, 22, 13])p: 0.313801624928
--- testing 492 : set([8, 52])p: 0.313801624928
--- testing 493 : set([106, 78])p: 0.313801624928
--- testing 494 : set([78, 86])p: 1.0
--- testing 495 : set([13, 37, 95])p: 1.0
--- testing 496 : set([33, 37, 95])p: 1.0
--- testing 497 : set([25, 37, 95])p: 1.0
--- testing 498 : set([85, 95])p: 1.0
--- testing 499 : set([59, 37, 13])p: 0.313801624928
--- testing 500 : set([59, 63])p: 1.0
--- testing 501 : set([105, 71])p: 1.0
--- testing 502 : set([90, 37])p: 1.0
--- testing 503 : set([37, 31])p: 1.0
--- testing 504 : set([105, 38])p: 0.313801624928
--- testing 505 : set([37, 14, 13])p: 0.313801624928
--- testing 506 : set([11])p: 0.0508289704696
--- testing 507 : set([32])p: 0.313801624928
--- testing 508 : set([88])p: 1.0
--- testing 509 : set([49, 13, 37, 33])p: 1.0
--- testing 510 : set([25, 13, 105, 37, 49])p: 0.289895019978
--- testing 511 : set([25, 13, 33, 49])p: 0.289895019978
--- testing 512 : set([33, 52, 37, 13])p: 0.289895019978
--- testing 513 : set([25, 37, 78, 105])p: 1.0
--- testing 514 : set([105, 52, 37, 78])p: 0.289895019978
--- testing 515 : set([25, 52, 78, 105])p: 1.0
--- testing 516 : set([33, 2, 37, 105])p: 0.00380864126727
--- testing 517 : set([49, 2, 37, 105])p: 0.042515884463
--- testing 518 : set([80, 52, 37])p: 0.289895019978
--- testing 519 : set([80, 49, 78, 105])p: 0.289895019978
--- testing 520 : set([80, 25, 78])p: 1.0
--- testing 521 : set([80, 33, 2])p: 1.0
--- testing 522 : set([80, 37, 63])p: 0.289895019978
--- testing 523 : set([96, 105, 37, 13])p: 1.0
--- testing 524 : set([96, 49, 13, 105])p: 1.0
--- testing 525 : set([96, 37, 78])p: 0.00380864126727
--- testing 526 : set([96, 33, 78])p: 0.042515884463
--- testing 527 : set([96, 2, 37])p: 0.042515884463
--- testing 528 : set([96, 33, 2])p: 0.289895019978
--- testing 529 : set([96, 2, 63])p: 0.289895019978
--- testing 530 : set([49, 85, 33])p: 0.289895019978
--- testing 531 : set([105, 2, 85])p: 0.042515884463
--- testing 532 : set([105, 85, 63])p: 0.00380864126727
--- testing 533 : set([49, 6])p: 1.0
--- testing 534 : set([78, 22])p: 1.0
--- testing 535 : set([8, 33, 13])p: 1.0
--- testing 536 : set([8, 25, 13])p: 1.0
--- testing 537 : set([105, 106, 13])p: 0.00380864126727
--- testing 538 : set([33, 106, 105])p: 1.0
--- testing 539 : set([49, 106, 105])p: 0.289895019978
--- testing 540 : set([105, 106, 52])p: 1.0
--- testing 541 : set([106, 63])p: 1.0
--- testing 542 : set([80, 106])p: 0.289895019978
--- testing 543 : set([105, 13, 30])p: 0.00380864126727
--- testing 544 : set([49, 30, 105])p: 0.289895019978
--- testing 545 : set([25, 13, 30])p: 0.00380864126727
--- testing 546 : set([25, 30, 105])p: 0.042515884463
--- testing 547 : set([33, 105, 95])p: 1.0
--- testing 548 : set([78, 95])p: 1.0
--- testing 549 : set([30, 95])p: 0.289895019978
--- testing 550 : set([49, 59, 105])p: 0.042515884463
--- testing 551 : set([59, 52])p: 1.0
--- testing 552 : set([19, 37])p: 0.289895019978
--- testing 553 : set([25, 53])p: 0.289895019978
--- testing 554 : set([49, 35])p: 1.0
--- testing 555 : set([49, 92, 105])p: 1.0
--- testing 556 : set([105, 31])p: 1.0
--- testing 557 : set([56, 13])p: 1.0
--- testing 558 : set([40, 33])p: 1.0
--- testing 559 : set([41])p: 1.0
--- testing 560 : set([42])p: 0.289895019978
--- testing 561 : set([70])p: 1.0
--- testing 562 : set([25, 52, 105, 33])p: 1.0
--- testing 563 : set([25, 13, 52, 105, 49])p: 0.265157106426
--- testing 564 : set([25, 52, 37, 49])p: 0.265157106426
--- testing 565 : set([33, 13, 78, 105])p: 0.265157106426
--- testing 566 : set([49, 37, 78, 13])p: 1.0
--- testing 567 : set([25, 13, 78, 33])p: 1.0
--- testing 568 : set([49, 52, 13, 78, 105])p: 1.0
--- testing 569 : set([25, 2, 13, 105])p: 0.0347744358238
--- testing 570 : set([33, 2, 52, 105])p: 0.265157106426
--- testing 571 : set([49, 2, 52, 13, 105])p: 0.265157106426
--- testing 572 : set([2, 37, 78])p: 0.0347744358238
--- testing 573 : set([33, 37, 63])p: 0.0347744358238
--- testing 574 : set([49, 105, 13, 63])p: 1.0
--- testing 575 : set([52, 37, 63])p: 1.0
--- testing 576 : set([37, 78, 63])p: 0.0347744358238
--- testing 577 : set([49, 105, 78, 63])p: 0.0347744358238
--- testing 578 : set([2, 13, 37, 63])p: 0.0347744358238
--- testing 579 : set([80, 33, 37])p: 0.0347744358238
--- testing 580 : set([80, 49, 37])p: 0.265157106426
--- testing 581 : set([80, 25, 105])p: 1.0
--- testing 582 : set([80, 37, 78])p: 1.0
--- testing 583 : set([96, 33, 37, 105])p: 0.00273397509574
--- testing 584 : set([96, 49, 37])p: 0.265157106426
--- testing 585 : set([96, 49, 33])p: 0.265157106426
--- testing 586 : set([96, 49, 52, 105])p: 1.0
--- testing 587 : set([96, 49, 78, 105])p: 0.265157106426
--- testing 588 : set([96, 25, 63])p: 1.0
--- testing 589 : set([49, 13, 85, 37])p: 0.265157106426
--- testing 590 : set([49, 105, 85, 37])p: 0.0347744358238
--- testing 591 : set([25, 85, 33])p: 1.0
--- testing 592 : set([52, 85, 13])p: 0.265157106426
--- testing 593 : set([33, 85, 78])p: 0.00273397509574
--- testing 594 : set([2, 85, 37])p: 0.0347744358238
--- testing 595 : set([37, 13, 85, 63])p: 0.0347744358238
--- testing 596 : set([25, 85, 63])p: 0.265157106426
--- testing 597 : set([80, 85, 78])p: 0.265157106426
--- testing 598 : set([80, 2, 85])p: 1.0
--- testing 599 : set([96, 33, 85])p: 0.265157106426
--- testing 600 : set([33, 4, 37])p: 0.265157106426
--- testing 601 : set([25, 4, 105])p: 0.265157106426
--- testing 602 : set([2, 22])p: 1.0
--- testing 603 : set([8, 105, 13])p: 0.265157106426
--- testing 604 : set([8, 96, 13])p: 1.0
--- testing 605 : set([96, 106])p: 1.0
--- testing 606 : set([37, 30, 13])p: 0.265157106426
--- testing 607 : set([2, 30])p: 1.0
--- testing 608 : set([105, 13, 86])p: 0.0347744358238
--- testing 609 : set([105, 13, 95])p: 0.265157106426
--- testing 610 : set([33, 13, 95])p: 1.0
--- testing 611 : set([19, 13])p: 0.265157106426
--- testing 612 : set([49, 19])p: 1.0
--- testing 613 : set([19, 78])p: 1.0
--- testing 614 : set([13, 53, 37])p: 0.265157106426
--- testing 615 : set([53, 63])p: 1.0
--- testing 616 : set([33, 92])p: 1.0
--- testing 617 : set([25, 92])p: 1.0
--- testing 618 : set([52, 92])p: 1.0
--- testing 619 : set([25, 90])p: 1.0
--- testing 620 : set([13, 31])p: 1.0
--- testing 621 : set([98, 37])p: 1.0
--- testing 622 : set([49, 54, 105])p: 1.0
--- testing 623 : set([40, 105])p: 0.0347744358238
--- testing 624 : set([40, 25])p: 0.265157106426
--- testing 625 : set([64, 13])p: 0.265157106426
--- testing 626 : set([1])p: 1.0
--- testing 627 : set([12])p: 0.0347744358238
--- testing 628 : set([43])p: 0.265157106426
--- testing 629 : set([48])p: 0.265157106426
--- testing 630 : set([51])p: 1.0
--- testing 631 : set([67])p: 0.265157106426
--- testing 632 : set([79])p: 1.0
--- testing 633 : set([93])p: 1.0
--- testing 634 : set([49, 13, 105, 37, 33])p: 1.0
--- testing 635 : set([25, 52, 37, 13])p: 0.239559031915
--- testing 636 : set([33, 37, 78, 13])p: 0.239559031915
--- testing 637 : set([25, 52, 78, 49])p: 1.0
--- testing 638 : set([25, 2, 37, 105])p: 0.0276543334398
--- testing 639 : set([25, 2, 105, 49])p: 0.239559031915
--- testing 640 : set([105, 2, 52, 37])p: 0.0276543334398
--- testing 641 : set([25, 49, 63])p: 1.0
--- testing 642 : set([105, 13, 78, 63])p: 1.0
--- testing 643 : set([49, 2, 13, 63])p: 1.0
--- testing 644 : set([49, 2, 105, 63])p: 0.239559031915
--- testing 645 : set([2, 78, 63])p: 0.239559031915
--- testing 646 : set([80, 105, 37, 13])p: 0.0276543334398
--- testing 647 : set([80, 25, 33])p: 1.0
--- testing 648 : set([80, 52, 78])p: 0.239559031915
--- testing 649 : set([80, 2, 37])p: 0.239559031915
--- testing 650 : set([80, 25, 2])p: 0.239559031915
--- testing 651 : set([96, 49, 2])p: 0.239559031915
--- testing 652 : set([96, 49, 63])p: 0.239559031915
--- testing 653 : set([96, 80, 13])p: 1.0
--- testing 654 : set([49, 105, 85, 33])p: 0.239559031915
--- testing 655 : set([25, 13, 85, 105])p: 0.0276543334398
--- testing 656 : set([85, 78, 37])p: 0.0276543334398
--- testing 657 : set([49, 85, 78, 105])p: 0.0276543334398
--- testing 658 : set([25, 85, 78])p: 0.239559031915
--- testing 659 : set([49, 2, 85])p: 0.239559031915
--- testing 660 : set([49, 85, 63])p: 0.0276543334398
--- testing 661 : set([80, 49, 85, 105])p: 1.0
--- testing 662 : set([96, 49, 85])p: 0.239559031915
--- testing 663 : set([105, 4, 78])p: 0.239559031915
--- testing 664 : set([105, 13, 6])p: 0.239559031915
--- testing 665 : set([33, 37, 6])p: 0.239559031915
--- testing 666 : set([78, 6])p: 1.0
--- testing 667 : set([80, 6])p: 1.0
--- testing 668 : set([85, 6])p: 1.0
--- testing 669 : set([49, 22, 105])p: 1.0
--- testing 670 : set([22, 63])p: 1.0
--- testing 671 : set([8, 49, 105])p: 1.0
--- testing 672 : set([8, 25, 33])p: 1.0
--- testing 673 : set([8, 2, 13])p: 1.0
--- testing 674 : set([8, 63])p: 1.0
--- testing 675 : set([8, 22])p: 1.0
--- testing 676 : set([106, 85])p: 0.0276543334398
--- testing 677 : set([25, 30, 33])p: 0.239559031915
--- testing 678 : set([4, 30])p: 0.239559031915
--- testing 679 : set([105, 37, 86])p: 0.0276543334398
--- testing 680 : set([49, 86, 105])p: 1.0
--- testing 681 : set([52, 86])p: 1.0
--- testing 682 : set([96, 86])p: 1.0
--- testing 683 : set([80, 95])p: 1.0
--- testing 684 : set([49, 59, 13])p: 0.0276543334398
--- testing 685 : set([59, 78])p: 1.0
--- testing 686 : set([63, 71])p: 1.0
--- testing 687 : set([96, 53])p: 0.239559031915
--- testing 688 : set([92, 78])p: 1.0
--- testing 689 : set([49, 90])p: 1.0
--- testing 690 : set([33, 38])p: 1.0
--- testing 691 : set([25, 38])p: 1.0
--- testing 692 : set([49, 98])p: 0.239559031915
--- testing 693 : set([98, 2])p: 1.0
--- testing 694 : set([56, 49])p: 0.239559031915
--- testing 695 : set([56, 25])p: 1.0
--- testing 696 : set([105, 14])p: 1.0
--- testing 697 : set([64, 105])p: 1.0
--- testing 698 : set([69, 13])p: 0.239559031915
--- testing 699 : set([69, 37])p: 1.0
--- testing 700 : set([105, 84])p: 1.0
--- testing 701 : set([105, 47])p: 1.0
--- testing 702 : set([9])p: 1.0
--- testing 703 : set([18])p: 1.0
--- testing 704 : set([65])p: 1.0
--- testing 705 : set([82])p: 1.0
--- testing 706 : set([94])p: 1.0
--- testing 707 : set([25, 37, 105, 33, 49])p: 0.213070944605
--- testing 708 : set([25, 105, 52, 37, 49])p: 0.213070944605
--- testing 709 : set([25, 13, 78, 49])p: 1.0
--- testing 710 : set([25, 52, 105, 78, 49])p: 1.0
--- testing 711 : set([49, 2, 105, 13, 33])p: 1.0
--- testing 712 : set([25, 2, 13, 33])p: 0.213070944605
--- testing 713 : set([25, 2, 13, 49])p: 0.213070944605
--- testing 714 : set([33, 2, 78, 105])p: 0.0212080427352
--- testing 715 : set([49, 2, 13, 78])p: 1.0
--- testing 716 : set([49, 2, 78, 33])p: 0.213070944605
--- testing 717 : set([25, 2, 13, 78])p: 1.0
--- testing 718 : set([2, 52, 78])p: 0.213070944605
--- testing 719 : set([25, 105, 13, 63])p: 0.213070944605
--- testing 720 : set([25, 105, 33, 63])p: 1.0
--- testing 721 : set([105, 52, 13, 63])p: 1.0
--- testing 722 : set([49, 13, 78, 63])p: 1.0
--- testing 723 : set([25, 78, 63])p: 1.0
--- testing 724 : set([2, 52, 63])p: 1.0
--- testing 725 : set([80, 105, 52, 13])p: 1.0
--- testing 726 : set([80, 105, 2])p: 1.0
--- testing 727 : set([80, 13, 37, 63])p: 0.213070944605
--- testing 728 : set([80, 2, 63])p: 0.213070944605
--- testing 729 : set([96, 33, 37, 13])p: 1.0
--- testing 730 : set([96, 25, 13, 105])p: 1.0
--- testing 731 : set([96, 25, 13, 33])p: 1.0
--- testing 732 : set([96, 25, 105, 33])p: 1.0
--- testing 733 : set([96, 52, 13])p: 0.213070944605
--- testing 734 : set([96, 105, 13, 78])p: 0.213070944605
--- testing 735 : set([96, 78, 63])p: 0.0212080427352
--- testing 736 : set([33, 13, 85, 105])p: 1.0
--- testing 737 : set([33, 105, 85, 37])p: 0.0212080427352
--- testing 738 : set([49, 13, 85, 33])p: 1.0
--- testing 739 : set([25, 13, 85, 37])p: 0.00119810176707
--- testing 740 : set([105, 52, 85, 13])p: 1.0
--- testing 741 : set([105, 52, 85, 37])p: 0.213070944605
--- testing 742 : set([33, 52, 85])p: 0.0212080427352
--- testing 743 : set([2, 85, 63])p: 0.213070944605
--- testing 744 : set([25, 4, 13])p: 0.00119810176707
--- testing 745 : set([2, 4, 13])p: 0.213070944605
--- testing 746 : set([33, 6, 105])p: 1.0
--- testing 747 : set([105, 37, 22])p: 1.0
--- testing 748 : set([33, 13, 22])p: 1.0
--- testing 749 : set([6, 22])p: 0.213070944605
--- testing 750 : set([8, 49, 13])p: 1.0
--- testing 751 : set([49, 106, 52])p: 1.0
--- testing 752 : set([33, 30, 105])p: 0.213070944605
--- testing 753 : set([105, 52, 30])p: 1.0
--- testing 754 : set([78, 30])p: 1.0
--- testing 755 : set([80, 30])p: 1.0
--- testing 756 : set([105, 37, 86, 13])p: 0.0212080427352
--- testing 757 : set([2, 86])p: 1.0
--- testing 758 : set([80, 86])p: 1.0
--- testing 759 : set([49, 105, 95])p: 1.0
--- testing 760 : set([25, 37, 33, 95])p: 1.0
--- testing 761 : set([96, 25, 95])p: 1.0
--- testing 762 : set([4, 95])p: 1.0
--- testing 763 : set([105, 59, 13])p: 0.0212080427352
--- testing 764 : set([25, 59, 13])p: 0.213070944605
--- testing 765 : set([49, 19, 105])p: 1.0
--- testing 766 : set([80, 19])p: 1.0
--- testing 767 : set([33, 53])p: 0.213070944605
--- testing 768 : set([33, 35, 37])p: 0.213070944605
--- testing 769 : set([49, 35, 105])p: 1.0
--- testing 770 : set([25, 35])p: 0.0212080427352
--- testing 771 : set([35, 85])p: 1.0
--- testing 772 : set([90, 78])p: 0.213070944605
--- testing 773 : set([90, 2])p: 1.0
--- testing 774 : set([2, 38])p: 0.0212080427352
--- testing 775 : set([96, 38])p: 0.213070944605
--- testing 776 : set([33, 98, 13])p: 1.0
--- testing 777 : set([98, 52])p: 0.213070944605
--- testing 778 : set([98, 85])p: 1.0
--- testing 779 : set([33, 54])p: 1.0
--- testing 780 : set([25, 54])p: 0.213070944605
--- testing 781 : set([2, 54])p: 1.0
--- testing 782 : set([56, 33])p: 0.213070944605
--- testing 783 : set([105, 61])p: 1.0
--- testing 784 : set([33, 61])p: 1.0
--- testing 785 : set([37, 103])p: 1.0
--- testing 786 : set([101, 37])p: 0.0212080427352
--- testing 787 : set([17])p: 1.0
--- testing 788 : set([27])p: 0.213070944605
--- testing 789 : set([44])p: 1.0
--- testing 790 : set([89])p: 1.0
--- testing 791 : set([97])p: 1.0
--- testing 792 : set([99])p: 1.0
--- testing 793 : set([25, 13, 105, 37, 33])p: 0.185661958624
--- testing 794 : set([25, 13, 105, 33, 49])p: 0.185661958624
--- testing 795 : set([33, 13, 52, 37, 105])p: 1.0
--- testing 796 : set([49, 13, 37, 78, 105])p: 1.0
--- testing 797 : set([49, 105, 37, 78, 33])p: 0.0154909167443
--- testing 798 : set([25, 37, 78, 13])p: 1.0
--- testing 799 : set([25, 105, 13, 78, 49])p: 1.0
--- testing 800 : set([25, 37, 78, 49])p: 1.0
--- testing 801 : set([49, 52, 37, 78, 105])p: 1.0
--- testing 802 : set([49, 52, 105, 78, 33])p: 1.0
--- testing 803 : set([33, 2, 13, 37, 105])p: 0.185661958624
--- testing 804 : set([49, 2, 13, 37, 105])p: 0.185661958624
--- testing 805 : set([25, 2, 13, 37, 105])p: 0.0154909167443
--- testing 806 : set([25, 2, 37, 33])p: 0.185661958624
--- testing 807 : set([2, 52, 37, 13])p: 0.185661958624
--- testing 808 : set([25, 2, 52])p: 0.185661958624
--- testing 809 : set([105, 2, 52, 78])p: 0.185661958624
--- testing 810 : set([49, 13, 37, 63])p: 1.0
--- testing 811 : set([49, 13, 33, 63])p: 1.0
--- testing 812 : set([25, 13, 37, 63])p: 0.0154909167443
--- testing 813 : set([49, 52, 13, 63])p: 1.0
--- testing 814 : set([13, 37, 78, 63])p: 0.185661958624
--- testing 815 : set([105, 37, 78, 63])p: 0.185661958624
--- testing 816 : set([105, 2, 13, 63])p: 1.0
--- testing 817 : set([33, 2, 13, 63])p: 0.185661958624
--- testing 818 : set([25, 2, 13, 63])p: 0.185661958624
--- testing 819 : set([80, 49, 33])p: 1.0
--- testing 820 : set([80, 25, 49])p: 1.0
--- testing 821 : set([80, 105, 52, 37])p: 1.0
--- testing 822 : set([80, 105, 13, 78])p: 1.0
--- testing 823 : set([80, 33, 78, 105])p: 0.185661958624
--- testing 824 : set([80, 49, 2])p: 1.0
--- testing 825 : set([80, 105, 63])p: 1.0
--- testing 826 : set([96, 33, 13, 105])p: 1.0
--- testing 827 : set([96, 49, 37, 13])p: 1.0
--- testing 828 : set([96, 105, 52, 13])p: 0.185661958624
--- testing 829 : set([96, 52, 37])p: 0.185661958624
--- testing 830 : set([96, 105, 52, 78])p: 0.185661958624
--- testing 831 : set([96, 13, 37, 63])p: 0.185661958624
--- testing 832 : set([49, 13, 105, 85, 33])p: 1.0
--- testing 833 : set([49, 37, 85, 33])p: 0.185661958624
--- testing 834 : set([25, 85, 49])p: 1.0
--- testing 835 : set([33, 52, 85, 105])p: 0.185661958624
--- testing 836 : set([33, 85, 78, 105])p: 0.000702165337187
--- testing 837 : set([33, 2, 85])p: 0.0154909167443
--- testing 838 : set([49, 2, 85, 13])p: 1.0
--- testing 839 : set([33, 85, 63])p: 0.185661958624
--- testing 840 : set([49, 105, 85, 63])p: 0.0154909167443
--- testing 841 : set([80, 105, 85, 13])p: 1.0
--- testing 842 : set([80, 13, 85, 37])p: 0.185661958624
--- testing 843 : set([80, 33, 85])p: 0.0154909167443
--- testing 844 : set([80, 25, 85])p: 1.0
--- testing 845 : set([80, 2, 85, 13])p: 1.0
--- testing 846 : set([96, 13, 85, 37])p: 1.0
--- testing 847 : set([96, 49, 85, 13])p: 1.0
--- testing 848 : set([96, 2, 85])p: 0.185661958624
--- testing 849 : set([105, 4, 37, 13])p: 0.185661958624
--- testing 850 : set([33, 4, 13])p: 1.0
--- testing 851 : set([49, 4, 33])p: 0.185661958624
--- testing 852 : set([52, 4, 105, 49])p: 1.0
--- testing 853 : set([33, 4, 78])p: 0.185661958624
--- testing 854 : set([25, 4, 78])p: 1.0
--- testing 855 : set([4, 13, 63])p: 0.185661958624
--- testing 856 : set([4, 37, 63])p: 0.0154909167443
--- testing 857 : set([96, 4, 13])p: 0.185661958624
--- testing 858 : set([96, 33, 4])p: 0.185661958624
--- testing 859 : set([4, 85, 37])p: 0.0154909167443
--- testing 860 : set([33, 13, 6])p: 1.0
--- testing 861 : set([33, 37, 22])p: 0.185661958624
--- testing 862 : set([105, 52, 22])p: 1.0
--- testing 863 : set([96, 22])p: 1.0
--- testing 864 : set([8, 33, 105])p: 0.185661958624
--- testing 865 : set([8, 33, 37])p: 0.185661958624
--- testing 866 : set([8, 13, 78])p: 1.0
--- testing 867 : set([8, 105, 78])p: 1.0
--- testing 868 : set([8, 96, 105])p: 0.185661958624
--- testing 869 : set([8, 4])p: 0.185661958624
--- testing 870 : set([106, 2])p: 1.0
--- testing 871 : set([49, 13, 30])p: 0.0154909167443
--- testing 872 : set([25, 37, 30])p: 0.185661958624
--- testing 873 : set([105, 52, 86])p: 1.0
--- testing 874 : set([49, 13, 95])p: 1.0
--- testing 875 : set([49, 37, 95])p: 1.0
--- testing 876 : set([49, 33, 95])p: 1.0
--- testing 877 : set([25, 49, 95])p: 1.0
--- testing 878 : set([105, 52, 95])p: 1.0
--- testing 879 : set([86, 95])p: 1.0
--- testing 880 : set([105, 59, 52])p: 1.0
--- testing 881 : set([2, 59, 13])p: 1.0
--- testing 882 : set([105, 53, 13])p: 0.185661958624
--- testing 883 : set([105, 53, 37])p: 0.000702165337187
--- testing 884 : set([25, 53, 37])p: 0.185661958624
--- testing 885 : set([52, 53])p: 0.0154909167443
--- testing 886 : set([35, 37, 13])p: 0.0154909167443
--- testing 887 : set([92, 37, 13])p: 1.0
--- testing 888 : set([105, 37, 38])p: 0.185661958624
--- testing 889 : set([33, 13, 38])p: 1.0
--- testing 890 : set([33, 37, 38])p: 1.0
--- testing 891 : set([52, 38])p: 0.185661958624
--- testing 892 : set([2, 37, 38])p: 0.0154909167443
--- testing 893 : set([38, 63])p: 0.185661958624
--- testing 894 : set([105, 98, 13])p: 1.0
--- testing 895 : set([98, 63])p: 1.0
--- testing 896 : set([105, 13, 54])p: 0.185661958624
--- testing 897 : set([52, 54])p: 1.0
--- testing 898 : set([78, 54])p: 1.0
--- testing 899 : set([54, 63])p: 0.185661958624
--- testing 900 : set([40, 37, 13])p: 0.185661958624
--- testing 901 : set([40, 33, 13])p: 1.0
--- testing 902 : set([40, 38])p: 0.000702165337187
--- testing 903 : set([61, 37])p: 1.0
--- testing 904 : set([25, 61])p: 1.0
--- testing 905 : set([25, 74])p: 1.0
--- testing 906 : set([64, 37])p: 0.185661958624
--- testing 907 : set([69, 63])p: 1.0
--- testing 908 : set([33, 84])p: 1.0
--- testing 909 : set([25, 84])p: 1.0
--- testing 910 : set([100, 13])p: 0.000702165337187
--- testing 911 : set([11, 13])p: 0.185661958624
--- testing 912 : set([3])p: 1.0
--- testing 913 : set([16])p: 0.185661958624
--- testing 914 : set([23])p: 0.185661958624
--- testing 915 : set([26])p: 1.0
--- testing 916 : set([81])p: 1.0
--- testing 917 : set([83])p: 1.0
--- testing 918 : set([49, 105, 52, 37, 33])p: 1.0
--- testing 919 : set([25, 13, 52, 37, 105])p: 0.157300118311
--- testing 920 : set([25, 52, 13, 33])p: 1.0
--- testing 921 : set([25, 105, 52, 33, 49])p: 1.0
--- testing 922 : set([49, 13, 78, 33])p: 1.0
--- testing 923 : set([25, 13, 37, 78, 105])p: 1.0
--- testing 924 : set([25, 105, 13, 78, 33])p: 1.0
--- testing 925 : set([25, 105, 37, 78, 49])p: 1.0
--- testing 926 : set([52, 37, 78, 13])p: 1.0
--- testing 927 : set([25, 52, 13, 78])p: 1.0
--- testing 928 : set([25, 2, 105, 13, 49])p: 0.157300118311
--- testing 929 : set([105, 2, 52, 37, 13])p: 0.157300118311
--- testing 930 : set([33, 2, 52, 13, 105])p: 1.0
--- testing 931 : set([49, 2, 52, 105, 33])p: 1.0
--- testing 932 : set([105, 2, 13, 78])p: 1.0
--- testing 933 : set([105, 2, 37, 78])p: 0.0105613329419
--- testing 934 : set([49, 2, 105, 78, 33])p: 0.157300118311
--- testing 935 : set([33, 105, 13, 63])p: 1.0
--- testing 936 : set([49, 105, 33, 63])p: 0.157300118311
--- testing 937 : set([25, 105, 49, 63])p: 1.0
--- testing 938 : set([49, 13, 52, 105, 63])p: 1.0
--- testing 939 : set([49, 105, 13, 78, 63])p: 1.0
--- testing 940 : set([25, 13, 78, 63])p: 1.0
--- testing 941 : set([2, 13, 78, 63])p: 1.0
--- testing 942 : set([80, 49, 37, 105])p: 0.157300118311
--- testing 943 : set([80, 25, 37, 13])p: 0.0105613329419
--- testing 944 : set([80, 33, 52])p: 0.157300118311
--- testing 945 : set([80, 49, 52, 13, 105])p: 1.0
--- testing 946 : set([80, 25, 52])p: 1.0
--- testing 947 : set([80, 105, 52, 78])p: 0.157300118311
--- testing 948 : set([80, 2, 37, 13])p: 0.157300118311
--- testing 949 : set([80, 25, 2, 13])p: 0.157300118311
--- testing 950 : set([80, 2, 13, 63])p: 0.157300118311
--- testing 951 : set([96, 25, 37, 13])p: 0.157300118311
--- testing 952 : set([96, 33, 13, 78])p: 1.0
--- testing 953 : set([96, 49, 13, 78])p: 1.0
--- testing 954 : set([96, 25, 78])p: 1.0
--- testing 955 : set([96, 105, 2, 37])p: 0.157300118311
--- testing 956 : set([96, 49, 2, 105])p: 0.157300118311
--- testing 957 : set([96, 25, 2])p: 1.0
--- testing 958 : set([96, 2, 78])p: 0.157300118311
--- testing 959 : set([96, 105, 63])p: 0.0105613329419
--- testing 960 : set([96, 25, 33, 63])p: 1.0
--- testing 961 : set([96, 80, 37])p: 0.157300118311
--- testing 962 : set([49, 37, 105, 85, 33])p: 0.157300118311
--- testing 963 : set([25, 105, 85, 37])p: 0.157300118311
--- testing 964 : set([33, 52, 85, 37])p: 0.0105613329419
--- testing 965 : set([49, 105, 52, 85, 13])p: 1.0
--- testing 966 : set([105, 85, 78, 13])p: 0.157300118311
--- testing 967 : set([49, 85, 78, 13])p: 1.0
--- testing 968 : set([105, 2, 85, 13])p: 1.0
--- testing 969 : set([2, 13, 85, 37])p: 1.0
--- testing 970 : set([33, 2, 85, 105])p: 0.0105613329419
--- testing 971 : set([49, 2, 85, 105])p: 0.157300118311
--- testing 972 : set([25, 2, 85])p: 1.0
--- testing 973 : set([2, 85, 78])p: 0.0105613329419
--- testing 974 : set([80, 33, 85, 105])p: 0.157300118311
--- testing 975 : set([80, 49, 85, 13])p: 1.0
--- testing 976 : set([80, 52, 85])p: 0.157300118311
--- testing 977 : set([80, 105, 85, 78])p: 0.157300118311
--- testing 978 : set([80, 85, 63])p: 1.0
--- testing 979 : set([96, 49, 85, 105])p: 0.157300118311
--- testing 980 : set([96, 85, 78])p: 0.157300118311
--- testing 981 : set([96, 13, 85, 63])p: 1.0
--- testing 982 : set([49, 4, 13])p: 1.0
--- testing 983 : set([49, 4, 37])p: 0.157300118311
--- testing 984 : set([25, 4, 37, 105])p: 0.157300118311
--- testing 985 : set([52, 4, 13])p: 0.157300118311
--- testing 986 : set([4, 37, 78])p: 0.157300118311
--- testing 987 : set([2, 4, 37])p: 0.0105613329419
--- testing 988 : set([33, 4, 63])p: 0.157300118311
--- testing 989 : set([25, 4, 63])p: 0.157300118311
--- testing 990 : set([96, 4, 37])p: 0.0105613329419
--- testing 991 : set([96, 2, 4])p: 0.157300118311
--- testing 992 : set([33, 4, 85])p: 0.157300118311
--- testing 993 : set([105, 37, 6])p: 0.157300118311
--- testing 994 : set([49, 13, 6])p: 1.0
--- testing 995 : set([25, 37, 6])p: 1.0
--- testing 996 : set([52, 6])p: 1.0
--- testing 997 : set([105, 78, 6])p: 1.0
--- testing 998 : set([2, 6])p: 1.0
--- testing 999 : set([6, 63])p: 0.157300118311
--- testing 1000 : set([4, 6])p: 1.0
--- testing 1001 : set([33, 22, 105])p: 1.0
--- testing 1002 : set([49, 13, 22])p: 1.0
--- testing 1003 : set([49, 37, 22])p: 1.0
--- testing 1004 : set([52, 13, 22])p: 1.0
--- testing 1005 : set([49, 52, 22])p: 1.0
--- testing 1006 : set([105, 78, 22])p: 1.0
--- testing 1007 : set([105, 2, 22])p: 1.0
--- testing 1008 : set([85, 22])p: 1.0
--- testing 1009 : set([6, 22, 37])p: 0.157300118311
--- testing 1010 : set([8, 105, 37])p: 0.157300118311
--- testing 1011 : set([8, 105, 52])p: 0.157300118311
--- testing 1012 : set([8, 13, 63])p: 1.0
--- testing 1013 : set([8, 80])p: 1.0
--- testing 1014 : set([8, 96, 33])p: 0.157300118311
--- testing 1015 : set([8, 85])p: 0.157300118311
--- testing 1016 : set([106, 37, 13])p: 0.157300118311
--- testing 1017 : set([49, 106, 13])p: 0.157300118311
--- testing 1018 : set([49, 106, 52, 105])p: 1.0
--- testing 1019 : set([25, 106, 78])p: 0.157300118311
--- testing 1020 : set([96, 106, 13])p: 1.0
--- testing 1021 : set([33, 13, 30])p: 0.157300118311
--- testing 1022 : set([25, 13, 30, 105])p: 0.0105613329419
--- testing 1023 : set([96, 13, 30])p: 1.0
--- testing 1024 : set([85, 30, 13])p: 1.0
--- testing 1025 : set([96, 85, 30])p: 1.0
--- testing 1026 : set([105, 78, 86])p: 1.0
--- testing 1027 : set([49, 78, 86])p: 1.0
--- testing 1028 : set([13, 86, 63])p: 0.157300118311
--- testing 1029 : set([37, 86, 63])p: 0.157300118311
--- testing 1030 : set([4, 86])p: 1.0
--- testing 1031 : set([6, 86])p: 0.157300118311
--- testing 1032 : set([25, 105, 95])p: 0.157300118311
--- testing 1033 : set([25, 13, 37, 95])p: 1.0
--- testing 1034 : set([25, 13, 33, 95])p: 1.0
--- testing 1035 : set([25, 2, 95])p: 1.0
--- testing 1036 : set([96, 37, 95])p: 0.157300118311
--- testing 1037 : set([8, 95])p: 1.0
--- testing 1038 : set([106, 95])p: 1.0
--- testing 1039 : set([33, 59, 37])p: 1.0
--- testing 1040 : set([25, 59, 37])p: 0.157300118311
--- testing 1041 : set([19, 52])p: 0.157300118311
--- testing 1042 : set([33, 19, 78])p: 1.0
--- testing 1043 : set([2, 19])p: 1.0
--- testing 1044 : set([19, 6])p: 1.0
--- testing 1045 : set([2, 37, 71])p: 1.0
--- testing 1046 : set([63, 13, 71])p: 1.0
--- testing 1047 : set([37, 53, 63])p: 1.0
--- testing 1048 : set([80, 53])p: 1.0
--- testing 1049 : set([4, 53])p: 1.0
--- testing 1050 : set([105, 35, 52, 49])p: 1.0
--- testing 1051 : set([2, 35])p: 1.0
--- testing 1052 : set([80, 35])p: 1.0
--- testing 1053 : set([96, 35])p: 1.0
--- testing 1054 : set([25, 92, 37, 13])p: 1.0
--- testing 1055 : set([25, 92, 33])p: 1.0
--- testing 1056 : set([52, 92, 105, 49])p: 1.0
--- testing 1057 : set([105, 92, 78])p: 1.0
--- testing 1058 : set([2, 92])p: 1.0
--- testing 1059 : set([90, 63])p: 1.0
--- testing 1060 : set([33, 105, 31])p: 1.0
--- testing 1061 : set([49, 31])p: 1.0
--- testing 1062 : set([33, 37, 38, 13])p: 1.0
--- testing 1063 : set([37, 38, 63])p: 0.157300118311
--- testing 1064 : set([80, 38])p: 0.157300118311
--- testing 1065 : set([49, 98, 105])p: 0.157300118311
--- testing 1066 : set([98, 2, 13])p: 1.0
--- testing 1067 : set([98, 85, 13])p: 1.0
--- testing 1068 : set([37, 54, 13])p: 0.157300118311
--- testing 1069 : set([49, 52, 54, 105])p: 1.0
--- testing 1070 : set([56, 49, 105])p: 1.0
--- testing 1071 : set([56, 2])p: 1.0
--- testing 1072 : set([33, 14])p: 1.0
--- testing 1073 : set([14, 63])p: 1.0
--- testing 1074 : set([40, 49])p: 1.0
--- testing 1075 : set([40, 96])p: 0.157300118311
--- testing 1076 : set([61, 13])p: 1.0
--- testing 1077 : set([74, 13])p: 1.0
--- testing 1078 : set([64, 33])p: 0.157300118311
--- testing 1079 : set([84, 37])p: 1.0
--- testing 1080 : set([13, 55])p: 1.0
--- testing 1081 : set([2, 55])p: 1.0
--- testing 1082 : set([13, 7])p: 1.0
--- testing 1083 : set([37, 7])p: 1.0
--- testing 1084 : set([13, 103])p: 1.0
--- testing 1085 : set([25, 103])p: 1.0
--- testing 1086 : set([72, 105])p: 1.0
--- testing 1087 : set([24, 13])p: 1.0
--- testing 1088 : set([105, 60])p: 1.0
--- testing 1089 : set([91, 13])p: 1.0
--- testing 1090 : set([105, 91])p: 1.0
--- testing 1091 : set([37, 47])p: 1.0
--- testing 1092 : set([105, 62])p: 1.0
--- testing 1093 : set([33, 67])p: 0.157300118311
--- testing 1094 : set([105, 18])p: 1.0
--- testing 1095 : set([65, 37])p: 1.0
--- testing 1096 : set([10])p: 1.0
--- testing 1097 : set([46])p: 1.0
--- testing 1098 : set([68])p: 1.0
--- testing 1099 : set([25, 37, 13, 33, 49])p: 1.0
--- testing 1100 : set([37, 105, 13, 49, 52, 25])p: 0.127952361237
--- testing 1101 : set([37, 105, 13, 78, 49, 25])p: 1.0
--- testing 1102 : set([25, 33, 78, 49])p: 1.0
--- testing 1103 : set([105, 52, 37, 78, 13])p: 1.0
--- testing 1104 : set([33, 52, 37, 78])p: 0.127952361237
--- testing 1105 : set([25, 52, 13, 78, 105])p: 1.0
--- testing 1106 : set([49, 2, 105, 37, 33])p: 0.127952361237
--- testing 1107 : set([25, 2, 105, 33])p: 0.127952361237
--- testing 1108 : set([25, 2, 13, 37, 49])p: 0.127952361237
--- testing 1109 : set([25, 2, 33, 49])p: 1.0
--- testing 1110 : set([2, 37, 105, 13, 49, 52])p: 0.127952361237
--- testing 1111 : set([25, 2, 52, 13])p: 0.127952361237
--- testing 1112 : set([25, 2, 52, 105, 49])p: 0.127952361237
--- testing 1113 : set([33, 2, 37, 78])p: 0.0064808360722
--- testing 1114 : set([49, 2, 13, 78, 105])p: 1.0
--- testing 1115 : set([49, 2, 37, 78, 105])p: 0.127952361237
--- testing 1116 : set([25, 2, 78, 33])p: 1.0
--- testing 1117 : set([25, 2, 78, 49])p: 1.0
--- testing 1118 : set([49, 2, 52, 78, 105])p: 1.0
--- testing 1119 : set([49, 105, 37, 63])p: 0.127952361237
--- testing 1120 : set([25, 13, 105, 37, 63])p: 0.127952361237
--- testing 1121 : set([25, 13, 33, 63])p: 1.0
--- testing 1122 : set([25, 33, 49, 63])p: 1.0
--- testing 1123 : set([105, 52, 37, 63])p: 1.0
--- testing 1124 : set([105, 13, 37, 78, 63])p: 1.0
--- testing 1125 : set([33, 78, 63])p: 0.127952361237
--- testing 1126 : set([49, 37, 78, 63])p: 0.127952361237
--- testing 1127 : set([105, 52, 49, 78, 63])p: 1.0
--- testing 1128 : set([49, 2, 33, 63])p: 0.127952361237
--- testing 1129 : set([25, 2, 33, 63])p: 1.0
--- testing 1130 : set([2, 52, 13, 63])p: 1.0
--- testing 1131 : set([80, 33, 37, 13])p: 0.0064808360722
--- testing 1132 : set([80, 49, 105, 33])p: 1.0
--- testing 1133 : set([80, 25, 37, 105])p: 1.0
--- testing 1134 : set([80, 25, 52, 37])p: 1.0
--- testing 1135 : set([80, 49, 13, 78, 105])p: 1.0
--- testing 1136 : set([80, 49, 2, 13])p: 1.0
--- testing 1137 : set([80, 2, 78])p: 1.0
--- testing 1138 : set([80, 52, 63])p: 0.127952361237
--- testing 1139 : set([96, 49, 37, 105])p: 0.127952361237
--- testing 1140 : set([96, 49, 105, 33])p: 0.127952361237
--- testing 1141 : set([96, 25, 37, 105])p: 1.0
--- testing 1142 : set([96, 25, 37, 33])p: 1.0
--- testing 1143 : set([96, 25, 49])p: 1.0
--- testing 1144 : set([96, 105, 52, 37])p: 1.0
--- testing 1145 : set([96, 33, 52, 105])p: 1.0
--- testing 1146 : set([96, 37, 78, 13])p: 0.127952361237
--- testing 1147 : set([96, 33, 78, 105])p: 0.0064808360722
--- testing 1148 : set([96, 49, 13, 78, 105])p: 1.0
--- testing 1149 : set([96, 2, 37, 13])p: 1.0
--- testing 1150 : set([96, 33, 2, 105])p: 0.127952361237
--- testing 1151 : set([96, 33, 2, 37])p: 0.127952361237
--- testing 1152 : set([96, 2, 52])p: 0.127952361237
--- testing 1153 : set([96, 49, 2, 78, 105])p: 0.127952361237
--- testing 1154 : set([96, 80, 105])p: 1.0
--- testing 1155 : set([49, 13, 105, 85, 37])p: 0.127952361237
--- testing 1156 : set([25, 105, 85, 49])p: 1.0
--- testing 1157 : set([13, 52, 85, 37])p: 0.127952361237
--- testing 1158 : set([33, 52, 85, 13])p: 0.127952361237
--- testing 1159 : set([33, 105, 52, 85, 37])p: 0.127952361237
--- testing 1160 : set([49, 105, 52, 85, 37])p: 1.0
--- testing 1161 : set([49, 105, 52, 85, 33])p: 1.0
--- testing 1162 : set([105, 85, 78, 37])p: 0.0064808360722
--- testing 1163 : set([25, 85, 78, 13])p: 0.127952361237
--- testing 1164 : set([105, 2, 85, 37])p: 0.0064808360722
--- testing 1165 : set([105, 13, 85, 63])p: 0.127952361237
--- testing 1166 : set([85, 78, 63])p: 0.0064808360722
--- testing 1167 : set([80, 49, 13, 85, 105])p: 1.0
--- testing 1168 : set([80, 13, 85, 63])p: 1.0
--- testing 1169 : set([96, 33, 85, 13])p: 1.0
--- testing 1170 : set([96, 33, 85, 37])p: 0.127952361237
--- testing 1171 : set([96, 49, 13, 85, 105])p: 1.0
--- testing 1172 : set([96, 49, 85, 33])p: 0.127952361237
--- testing 1173 : set([96, 33, 85, 78])p: 0.127952361237
--- testing 1174 : set([96, 2, 85, 37])p: 0.127952361237
--- testing 1175 : set([96, 37, 85, 63])p: 0.127952361237
--- testing 1176 : set([96, 80, 85])p: 1.0
--- testing 1177 : set([49, 4, 105, 33])p: 0.127952361237
--- testing 1178 : set([25, 4, 37, 13])p: 0.000147738379453
--- testing 1179 : set([25, 4, 49])p: 1.0
--- testing 1180 : set([52, 4, 13, 105])p: 0.127952361237
--- testing 1181 : set([52, 4, 25])p: 1.0
--- testing 1182 : set([105, 4, 63])p: 0.0064808360722
--- testing 1183 : set([49, 4, 63])p: 0.127952361237
--- testing 1184 : set([80, 105, 4])p: 1.0
--- testing 1185 : set([80, 4, 37])p: 1.0
--- testing 1186 : set([105, 4, 85])p: 0.0064808360722
--- testing 1187 : set([49, 4, 85])p: 0.127952361237
--- testing 1188 : set([25, 4, 85])p: 0.127952361237
--- testing 1189 : set([105, 37, 6, 13])p: 0.127952361237
--- testing 1190 : set([33, 37, 6, 13])p: 1.0
--- testing 1191 : set([49, 6, 105])p: 1.0
--- testing 1192 : set([25, 6, 33])p: 1.0
--- testing 1193 : set([25, 22, 105])p: 1.0
--- testing 1194 : set([33, 52, 22])p: 1.0
--- testing 1195 : set([49, 52, 22, 105])p: 1.0
--- testing 1196 : set([2, 52, 22])p: 1.0
--- testing 1197 : set([13, 22, 63])p: 1.0
--- testing 1198 : set([80, 22])p: 0.127952361237
--- testing 1199 : set([4, 22])p: 1.0
--- testing 1200 : set([33, 6, 22])p: 0.127952361237
--- testing 1201 : set([8, 33, 37, 13])p: 1.0
--- testing 1202 : set([8, 49, 13, 105])p: 1.0
--- testing 1203 : set([8, 25, 105])p: 1.0
--- testing 1204 : set([8, 25, 37])p: 1.0
--- testing 1205 : set([8, 52, 78])p: 1.0
--- testing 1206 : set([8, 2, 78])p: 1.0
--- testing 1207 : set([8, 96, 37])p: 0.127952361237
--- testing 1208 : set([8, 96, 25])p: 1.0
--- testing 1209 : set([8, 96, 78])p: 1.0
--- testing 1210 : set([8, 96, 63])p: 1.0
--- testing 1211 : set([8, 105, 22])p: 1.0
--- testing 1212 : set([105, 106, 37])p: 0.127952361237
--- testing 1213 : set([33, 106, 13])p: 1.0
--- testing 1214 : set([49, 106, 13, 105])p: 0.127952361237
--- testing 1215 : set([49, 106, 37])p: 1.0
--- testing 1216 : set([49, 106, 33])p: 0.127952361237
--- testing 1217 : set([25, 106, 13])p: 0.127952361237
--- testing 1218 : set([25, 106, 105])p: 0.127952361237
--- testing 1219 : set([25, 106, 33])p: 1.0
--- testing 1220 : set([106, 13, 78])p: 0.127952361237
--- testing 1221 : set([106, 4])p: 1.0
--- testing 1222 : set([106, 6])p: 1.0
--- testing 1223 : set([25, 13, 30, 33])p: 0.127952361237
--- testing 1224 : set([25, 105, 30, 33])p: 0.127952361237
--- testing 1225 : set([25, 30, 49])p: 0.0064808360722
--- testing 1226 : set([25, 52, 30])p: 1.0
--- testing 1227 : set([105, 78, 30])p: 1.0
--- testing 1228 : set([25, 2, 30])p: 1.0
--- testing 1229 : set([13, 30, 63])p: 1.0
--- testing 1230 : set([105, 30, 63])p: 1.0
--- testing 1231 : set([85, 30, 37])p: 1.0
--- testing 1232 : set([33, 86, 105])p: 1.0
--- testing 1233 : set([49, 37, 86])p: 1.0
--- testing 1234 : set([49, 78, 86, 105])p: 1.0
--- testing 1235 : set([96, 105, 86])p: 1.0
--- testing 1236 : set([85, 86])p: 1.0
--- testing 1237 : set([22, 86])p: 1.0
--- testing 1238 : set([8, 86])p: 1.0
--- testing 1239 : set([105, 37, 95])p: 1.0
--- testing 1240 : set([33, 13, 37, 95])p: 1.0
--- testing 1241 : set([49, 13, 37, 95])p: 1.0
--- testing 1242 : set([49, 105, 33, 95])p: 1.0
--- testing 1243 : set([49, 37, 33, 95])p: 1.0
--- testing 1244 : set([25, 37, 49, 95])p: 1.0
--- testing 1245 : set([25, 33, 49, 95])p: 1.0
--- testing 1246 : set([52, 13, 95])p: 1.0
--- testing 1247 : set([33, 52, 95])p: 1.0
--- testing 1248 : set([105, 2, 95])p: 1.0
--- testing 1249 : set([33, 2, 95])p: 1.0
--- testing 1250 : set([96, 25, 13, 95])p: 1.0
--- testing 1251 : set([96, 25, 37, 95])p: 1.0
--- testing 1252 : set([105, 85, 95])p: 1.0
--- testing 1253 : set([33, 85, 95])p: 1.0
--- testing 1254 : set([25, 85, 95])p: 1.0
--- testing 1255 : set([8, 25, 95])p: 1.0
--- testing 1256 : set([33, 106, 95])p: 1.0
--- testing 1257 : set([25, 30, 95])p: 0.127952361237
--- testing 1258 : set([49, 59, 37])p: 1.0
--- testing 1259 : set([49, 59, 52, 105])p: 1.0
--- testing 1260 : set([59, 13, 78])p: 1.0
--- testing 1261 : set([59, 13, 63])p: 1.0
--- testing 1262 : set([59, 85])p: 1.0
--- testing 1263 : set([33, 19, 105])p: 0.127952361237
--- testing 1264 : set([25, 19])p: 1.0
--- testing 1265 : set([105, 19, 52])p: 0.127952361237
--- testing 1266 : set([96, 19])p: 0.127952361237
--- testing 1267 : set([105, 13, 71])p: 1.0
--- testing 1268 : set([105, 37, 71])p: 1.0
--- testing 1269 : set([33, 71])p: 1.0
--- testing 1270 : set([25, 71])p: 0.127952361237
--- testing 1271 : set([63, 37, 71])p: 1.0
--- testing 1272 : set([4, 71])p: 1.0
--- testing 1273 : set([49, 53])p: 1.0
--- testing 1274 : set([53, 78])p: 0.127952361237
--- testing 1275 : set([13, 53, 63])p: 1.0
--- testing 1276 : set([96, 53, 37])p: 0.127952361237
--- testing 1277 : set([53, 85])p: 0.127952361237
--- testing 1278 : set([105, 35, 13])p: 0.127952361237
--- testing 1279 : set([33, 35, 105])p: 1.0
--- testing 1280 : set([52, 92, 25])p: 1.0
--- testing 1281 : set([49, 92, 78, 105])p: 1.0
--- testing 1282 : set([92, 63])p: 1.0
--- testing 1283 : set([92, 86])p: 1.0
--- testing 1284 : set([90, 37, 13])p: 1.0
--- testing 1285 : set([33, 90])p: 1.0
--- testing 1286 : set([49, 90, 105])p: 1.0
--- testing 1287 : set([25, 90, 13])p: 1.0
--- testing 1288 : set([90, 85])p: 1.0
--- testing 1289 : set([25, 31])p: 1.0
--- testing 1290 : set([52, 31])p: 1.0
--- testing 1291 : set([105, 13, 38])p: 0.127952361237
--- testing 1292 : set([49, 38])p: 0.127952361237
--- testing 1293 : set([25, 38, 33])p: 1.0
--- testing 1294 : set([52, 37, 38])p: 0.127952361237
--- testing 1295 : set([2, 13, 38])p: 0.127952361237
--- testing 1296 : set([80, 37, 38])p: 1.0
--- testing 1297 : set([96, 13, 38])p: 1.0
--- testing 1298 : set([96, 105, 38])p: 1.0
--- testing 1299 : set([96, 37, 38])p: 0.127952361237
--- testing 1300 : set([49, 98, 13])p: 1.0
--- testing 1301 : set([25, 98, 13])p: 1.0
--- testing 1302 : set([105, 98, 52])p: 0.127952361237
--- testing 1303 : set([49, 98, 52])p: 0.127952361237
--- testing 1304 : set([98, 78])p: 0.127952361237
--- testing 1305 : set([33, 98, 2])p: 1.0
--- testing 1306 : set([98, 13, 63])p: 1.0
--- testing 1307 : set([98, 22])p: 1.0
--- testing 1308 : set([98, 30])p: 1.0
--- testing 1309 : set([13, 54, 63])p: 0.127952361237
--- testing 1310 : set([80, 54])p: 1.0
--- testing 1311 : set([4, 54])p: 0.127952361237
--- testing 1312 : set([56, 105, 13])p: 1.0
--- testing 1313 : set([56, 37, 13])p: 1.0
--- testing 1314 : set([56, 105, 37])p: 1.0
--- testing 1315 : set([56, 25, 13])p: 1.0
--- testing 1316 : set([56, 25, 105])p: 1.0
--- testing 1317 : set([56, 52])p: 1.0
--- testing 1318 : set([56, 105, 78])p: 1.0
--- testing 1319 : set([49, 14])p: 1.0
--- testing 1320 : set([80, 14])p: 1.0
--- testing 1321 : set([40, 105, 13])p: 0.0064808360722
--- testing 1322 : set([40, 49, 33])p: 1.0
--- testing 1323 : set([40, 25, 13])p: 0.127952361237
--- testing 1324 : set([40, 25, 33])p: 1.0
--- testing 1325 : set([40, 106])p: 0.127952361237
--- testing 1326 : set([40, 33, 95])p: 1.0
--- testing 1327 : set([40, 37, 38])p: 0.0064808360722
--- testing 1328 : set([61, 63])p: 1.0
--- testing 1329 : set([33, 74])p: 1.0
--- testing 1330 : set([96, 74])p: 1.0
--- testing 1331 : set([64, 96])p: 1.0
--- testing 1332 : set([2, 69])p: 0.127952361237
--- testing 1333 : set([84, 78])p: 1.0
--- testing 1334 : set([33, 55])p: 1.0
--- testing 1335 : set([21, 13])p: 0.127952361237
--- testing 1336 : set([72, 33])p: 1.0
--- testing 1337 : set([72, 49])p: 1.0
--- testing 1338 : set([60, 63])p: 1.0
--- testing 1339 : set([91, 37])p: 1.0
--- testing 1340 : set([37, 15])p: 1.0
--- testing 1341 : set([105, 66])p: 1.0
--- testing 1342 : set([20, 13])p: 0.000147738379453
--- testing 1343 : set([25, 20])p: 0.127952361237
--- testing 1344 : set([33, 62])p: 1.0
--- testing 1345 : set([73, 105])p: 1.0
--- testing 1346 : set([11, 37])p: 0.0064808360722
--- testing 1347 : set([13, 70])p: 1.0
--- testing 1348 : set([33, 67, 105])p: 0.127952361237
--- testing 1349 : set([82, 13])p: 1.0
--- testing 1350 : set([105, 44])p: 1.0
--- testing 1351 : set([25, 99])p: 1.0
--- testing 1352 : set([36])p: 1.0
--- testing 1353 : set([39])p: 0.0064808360722
--- testing 1354 : set([50])p: 1.0
--- testing 1355 : set([58])p: 1.0
--- testing 1356 : set([87])p: 1.0
