trsact: data/conditions/data_493.csv.4lcm53 ,#transactions 16228 ,#items 107 ,size 18751 extracted database: #transactions 16228 ,#items 97 ,size 18732
 output to: data/conditions/data_493.csv.4lcm53.results.lcm/data_493.csv.4lcm53.lowsup4.closed
separated at 0
iters=1293
1285
1
97
398
508
241
39
1
finish calculation of K: 1284
4
--- testing 1 : set([14])p: 0.148209627238
--- testing 2 : set([105])p: 6.30961772834e-219
--- testing 3 : set([38])p: 0.406415004555
--- testing 4 : set([34])p: 0.000286238977523
--- testing 5 : set([50])p: 1.647832819e-95
--- testing 6 : set([26])p: 0.000294603311419
--- testing 7 : set([14, 38])p: 0.618389185167
--- testing 8 : set([78])p: 9.07761378366e-12
--- testing 9 : set([2])p: 0.05556507079
--- testing 10 : set([105, 50])p: 2.01322545233e-123
--- testing 11 : set([63])p: 0.156788104794
--- testing 12 : set([80])p: 0.0240120559953
--- testing 13 : set([10])p: 0.911092125362
--- testing 14 : set([96])p: 0.403006903517
--- testing 15 : set([105, 14])p: 1.34751322075e-29
--- testing 16 : set([85])p: 0.0794170176741
--- testing 17 : set([105, 38])p: 2.20093702821e-25
--- testing 18 : set([4])p: 0.578518212925
--- testing 19 : set([105, 34])p: 2.93851406118e-17
--- testing 20 : set([34, 14])p: 0.00101190274348
--- testing 21 : set([50, 14])p: 4.08774452866e-16
--- testing 22 : set([105, 78])p: 1.53264678541e-30
--- testing 23 : set([26, 14])p: 0.000797835333823
--- testing 24 : set([34, 38])p: 0.15909356786
--- testing 25 : set([10, 38])p: 0.95648476305
--- testing 26 : set([26, 38])p: 0.0226476051086
--- testing 27 : set([2, 14])p: 0.111131704
--- testing 28 : set([10, 14])p: 0.905567910839
--- testing 29 : set([6])p: 0.981674475326
--- testing 30 : set([105, 26])p: 1.12017790391e-15
--- testing 31 : set([14, 63])p: 0.394047065104
--- testing 32 : set([50, 38])p: 1.50267520403e-12
--- testing 33 : set([50, 78])p: 1.31012439051e-19
--- testing 34 : set([50, 34])p: 1.42478600066e-11
--- testing 35 : set([105, 2])p: 1.13189623372e-09
--- testing 36 : set([26, 34])p: 0.102505383602
--- testing 37 : set([23])p: 0.0229507367468
--- testing 38 : set([14, 78])p: 0.000715549140298
--- testing 39 : set([8])p: 0.217403130322
--- testing 40 : set([105, 50, 14])p: 3.07314029633e-23
--- testing 41 : set([96, 14])p: 0.656040288929
--- testing 42 : set([38, 63])p: 0.342647411766
--- testing 43 : set([106])p: 0.00317493623346
--- testing 44 : set([31])p: 0.0144452625883
--- testing 45 : set([86])p: 0.429837557376
--- testing 46 : set([85, 14])p: 0.284979231251
--- testing 47 : set([95])p: 0.053945115337
--- testing 48 : set([105, 14, 38])p: 7.39758768259e-08
--- testing 49 : set([34, 78])p: 0.00100768497461
--- testing 50 : set([2, 38])p: 0.0705588627987
--- testing 51 : set([80, 14])p: 0.0645848499257
--- testing 52 : set([105, 50, 78])p: 3.47826843177e-27
--- testing 53 : set([10, 14, 38])p: 0.985429033956
--- testing 54 : set([38, 78])p: 0.00690828728245
--- testing 55 : set([80, 105])p: 1.61626917693e-10
--- testing 56 : set([26, 50])p: 3.25617880121e-10
--- testing 57 : set([85, 38])p: 0.0268639947253
--- testing 58 : set([80, 38])p: 0.0554853430145
--- testing 59 : set([105, 85])p: 6.78479400114e-07
--- testing 60 : set([105, 63])p: 5.27458050213e-09
--- testing 61 : set([105, 50, 34])p: 1.29595644616e-16
--- testing 62 : set([2, 34])p: 0.0141354865147
--- testing 63 : set([105, 50, 38])p: 8.76899434563e-17
--- testing 64 : set([34, 14, 38])p: 0.0281704327017
--- testing 65 : set([2, 50])p: 1.78947567266e-08
--- testing 66 : set([96, 105])p: 6.41286620432e-08
--- testing 67 : set([59])p: 0.0232143918245
--- testing 68 : set([105, 10])p: 0.00028804445733
--- testing 69 : set([26, 14, 38])p: 0.0981950309827
--- testing 70 : set([96, 38])p: 0.294111304505
--- testing 71 : set([26, 78])p: 9.48019171254e-05
--- testing 72 : set([2, 63])p: 0.137169700563
--- testing 73 : set([20])p: 0.419138676158
--- testing 74 : set([96, 34])p: 0.588844191751
--- testing 75 : set([71])p: 0.920416985988
--- testing 76 : set([105, 34, 14])p: 5.3024974685e-08
--- testing 77 : set([50, 14, 38])p: 2.46246095924e-07
--- testing 78 : set([80, 78])p: 0.0420970914404
--- testing 79 : set([53])p: 0.183125332323
--- testing 80 : set([50, 85])p: 0.000872151705806
--- testing 81 : set([105, 34, 38])p: 0.000770397720291
--- testing 82 : set([14, 38, 63])p: 0.878354811129
--- testing 83 : set([105, 26, 14])p: 3.36800297476e-08
--- testing 84 : set([36])p: 0.264775360413
--- testing 85 : set([4, 14])p: 0.254855737747
--- testing 86 : set([92])p: 0.00663464330553
--- testing 87 : set([4, 38])p: 0.856373021824
--- testing 88 : set([90])p: 0.660196091253
--- testing 89 : set([50, 63])p: 2.20575134484e-09
--- testing 90 : set([26, 85])p: 0.850336808576
--- testing 91 : set([32])p: 0.423516424299
--- testing 92 : set([105, 26, 50])p: 2.63637616653e-12
--- testing 93 : set([2, 26])p: 0.106121565395
--- testing 94 : set([34, 63])p: 0.639204966145
--- testing 95 : set([2, 14, 38])p: 0.0943289781476
--- testing 96 : set([105, 2, 50])p: 1.28261953722e-12
--- testing 97 : set([80, 34])p: 0.206846204204
--- testing 98 : set([39])p: 0.0943289781476
--- testing 99 : set([98])p: 0.0372118470909
--- testing 100 : set([26, 63])p: 0.606046885669
--- testing 101 : set([54])p: 0.088710899683
--- testing 102 : set([80, 50])p: 7.60387028624e-06
--- testing 103 : set([105, 34, 78])p: 3.32870342799e-05
--- testing 104 : set([105, 14, 78])p: 2.2729642874e-09
--- testing 105 : set([105, 4])p: 0.000137059338572
--- testing 106 : set([96, 26])p: 0.558796593528
--- testing 107 : set([56])p: 0.3285657304
--- testing 108 : set([14, 85, 38])p: 0.316688443582
--- testing 109 : set([34, 85])p: 0.0225198589813
--- testing 110 : set([96, 85])p: 0.77611735987
--- testing 111 : set([15])p: 0.77611735987
--- testing 112 : set([26, 34, 14])p: 0.137636477194
--- testing 113 : set([2, 78])p: 0.0186818427579
--- testing 114 : set([10, 34])p: 0.521202874509
--- testing 115 : set([96, 63])p: 0.521202874509
--- testing 116 : set([80, 26])p: 0.122203776556
--- testing 117 : set([105, 26, 34])p: 0.000936135694049
--- testing 118 : set([96, 50])p: 0.000803900606069
--- testing 119 : set([105, 26, 38])p: 4.18841993065e-06
--- testing 120 : set([26, 34, 38])p: 0.454916284054
--- testing 121 : set([10, 26])p: 0.717491014117
--- testing 122 : set([96, 2])p: 0.235294015699
--- testing 123 : set([80, 85])p: 0.0939729787573
--- testing 124 : set([14, 6])p: 0.706550400365
--- testing 125 : set([105, 2, 14])p: 3.56891549182e-07
--- testing 126 : set([8, 14])p: 0.413353724913
--- testing 127 : set([14, 38, 78])p: 0.0752734412244
--- testing 128 : set([105, 10, 38])p: 0.191350130673
--- testing 129 : set([41])p: 0.399269503569
--- testing 130 : set([61])p: 0.671598103605
--- testing 131 : set([50, 34, 14])p: 1.17100002012e-06
--- testing 132 : set([78, 63])p: 0.170447517563
--- testing 133 : set([85, 78])p: 0.646469468169
--- testing 134 : set([80, 2])p: 0.633344255865
--- testing 135 : set([85, 63])p: 0.633344255865
--- testing 136 : set([105, 106])p: 3.35385031477e-05
--- testing 137 : set([14, 31])p: 0.633344255865
--- testing 138 : set([2, 50, 14])p: 0.000162317079189
--- testing 139 : set([105, 50, 14, 38])p: 2.7847171089e-11
--- testing 140 : set([26, 50, 14])p: 0.000131775979598
--- testing 141 : set([105, 10, 14])p: 0.327787374041
--- testing 142 : set([10, 50])p: 0.0142099037127
--- testing 143 : set([105, 38, 78])p: 1.62850326943e-05
--- testing 144 : set([80, 14, 38])p: 0.5916922276
--- testing 145 : set([96, 14, 38])p: 0.5916922276
--- testing 146 : set([34, 4])p: 0.867291761827
--- testing 147 : set([14, 23])p: 0.0446257001724
--- testing 148 : set([38, 23])p: 0.5916922276
--- testing 149 : set([96, 78])p: 0.0110456211969
--- testing 150 : set([2, 85])p: 0.577045271651
--- testing 151 : set([38, 6])p: 1.0
--- testing 152 : set([14, 95])p: 0.122222886539
--- testing 153 : set([34, 95])p: 0.122222886539
--- testing 154 : set([26, 95])p: 0.299027846357
--- testing 155 : set([50, 14, 78])p: 6.73043857841e-05
--- testing 156 : set([2, 14, 63])p: 0.113377846344
--- testing 157 : set([50, 34, 78])p: 0.00841486148453
--- testing 158 : set([105, 2, 34])p: 5.28835360254e-05
--- testing 159 : set([105, 14, 63])p: 0.00181631828434
--- testing 160 : set([105, 50, 85])p: 8.78815142717e-07
--- testing 161 : set([105, 6])p: 0.546610358625
--- testing 162 : set([74])p: 0.844324732931
--- testing 163 : set([105, 50, 63])p: 3.28751004784e-11
--- testing 164 : set([105, 85, 14])p: 0.00151983273544
--- testing 165 : set([26, 4])p: 0.0965880416958
--- testing 166 : set([105, 34, 14, 38])p: 0.00626653266525
--- testing 167 : set([14, 86])p: 0.242137496076
--- testing 168 : set([64])p: 0.826848290946
--- testing 169 : set([26, 34, 50])p: 0.0230253740351
--- testing 170 : set([105, 26, 78])p: 2.94853218909e-06
--- testing 171 : set([2, 34, 14])p: 0.0230253740351
--- testing 172 : set([105, 23])p: 0.00535669841825
--- testing 173 : set([59, 14])p: 0.817388482136
--- testing 174 : set([2, 26, 14])p: 0.0738162039051
--- testing 175 : set([50, 4])p: 0.00454740165505
--- testing 176 : set([26, 50, 38])p: 1.35290623427e-05
--- testing 177 : set([80, 105, 50])p: 1.45991029198e-07
--- testing 178 : set([10, 63])p: 0.796892229246
--- testing 179 : set([96, 105, 14])p: 0.00383183558204
--- testing 180 : set([50, 85, 14])p: 0.0177296044675
--- testing 181 : set([8, 105])p: 0.0177296044675
--- testing 182 : set([105, 31])p: 0.000688669498275
--- testing 183 : set([38, 86])p: 0.796892229246
--- testing 184 : set([50, 34, 38])p: 0.0154133096533
--- testing 185 : set([80, 105, 14])p: 0.000552355175861
--- testing 186 : set([80, 63])p: 0.0603494290497
--- testing 187 : set([8, 26])p: 0.187401055551
--- testing 188 : set([105, 95])p: 0.00320320236529
--- testing 189 : set([38, 71])p: 1.0
--- testing 190 : set([38, 39])p: 0.0603494290497
--- testing 191 : set([105, 2, 38])p: 6.08245688543e-05
--- testing 192 : set([80, 105, 78])p: 0.0133081187416
--- testing 193 : set([10, 26, 14])p: 0.774098531239
--- testing 194 : set([105, 86])p: 0.00265475122265
--- testing 195 : set([14, 39])p: 0.774098531239
--- testing 196 : set([10, 78])p: 0.161389236677
--- testing 197 : set([96, 80])p: 0.761760858261
--- testing 198 : set([14, 71])p: 0.761760858261
--- testing 199 : set([34, 14, 78])p: 0.392022597287
--- testing 200 : set([10, 34, 38])p: 0.392022597287
--- testing 201 : set([80, 10])p: 0.148825610069
--- testing 202 : set([96, 4])p: 1.0
--- testing 203 : set([38, 31])p: 0.392022597287
--- testing 204 : set([26, 31])p: 0.0428483208317
--- testing 205 : set([69])p: 1.0
--- testing 206 : set([84])p: 0.748750206701
--- testing 207 : set([105, 50, 34, 14])p: 1.5120441907e-08
--- testing 208 : set([50, 38, 78])p: 0.00142449228929
--- testing 209 : set([26, 14, 78])p: 0.00817311898836
--- testing 210 : set([10, 26, 38])p: 0.373315136732
--- testing 211 : set([96, 34, 14])p: 0.735029914031
--- testing 212 : set([4, 63])p: 0.373315136732
--- testing 213 : set([8, 34])p: 0.735029914031
--- testing 214 : set([106, 14])p: 0.373315136732
--- testing 215 : set([106, 38])p: 0.373315136732
--- testing 216 : set([105, 50, 34, 78])p: 0.0011315395415
--- testing 217 : set([26, 34, 78])p: 0.124735544295
--- testing 218 : set([2, 34, 38])p: 0.124735544295
--- testing 219 : set([50, 14, 63])p: 0.0011315395415
--- testing 220 : set([80, 105, 38])p: 0.0011315395415
--- testing 221 : set([105, 10, 14, 38])p: 0.720561322939
--- testing 222 : set([96, 105, 50])p: 1.63682856099e-06
--- testing 223 : set([10, 85])p: 0.354377722698
--- testing 224 : set([4, 14, 38])p: 0.720561322939
--- testing 225 : set([34, 23])p: 0.0330161474286
--- testing 226 : set([8, 38])p: 0.720561322939
--- testing 227 : set([105, 26, 50, 14])p: 1.0720793269e-06
--- testing 228 : set([105, 50, 14, 78])p: 1.0720793269e-06
--- testing 229 : set([105, 10, 34])p: 0.335240874498
--- testing 230 : set([96, 50, 14])p: 0.113270619686
--- testing 231 : set([105, 85, 38])p: 0.000113835684983
--- testing 232 : set([34, 6])p: 0.335240874498
--- testing 233 : set([106, 34])p: 0.335240874498
--- testing 234 : set([105, 59])p: 0.000887050134549
--- testing 235 : set([53, 38])p: 0.113270619686
--- testing 236 : set([14, 15])p: 0.705303672929
--- testing 237 : set([105, 26, 14, 38])p: 0.00460486449761
--- testing 238 : set([34, 38, 78])p: 0.0246484105947
--- testing 239 : set([2, 34, 50])p: 0.00460486449761
--- testing 240 : set([105, 2, 78])p: 0.000685342017271
--- testing 241 : set([105, 38, 63])p: 0.0246484105947
--- testing 242 : set([105, 10, 50])p: 0.00460486449761
--- testing 243 : set([34, 85, 14])p: 0.0246484105947
--- testing 244 : set([98, 14])p: 0.689213986041
--- testing 245 : set([55])p: 0.31593911321
--- testing 246 : set([105, 26, 34, 14])p: 0.0916534882498
--- testing 247 : set([10, 2])p: 0.0916534882498
--- testing 248 : set([96, 105, 34])p: 0.0210041294861
--- testing 249 : set([96, 26, 14])p: 0.296511306314
--- testing 250 : set([96, 10])p: 0.296511306314
--- testing 251 : set([26, 6])p: 0.296511306314
--- testing 252 : set([34, 31])p: 0.296511306314
--- testing 253 : set([38, 95])p: 1.0
--- testing 254 : set([59, 38])p: 0.672246946366
--- testing 255 : set([36, 38])p: 1.0
--- testing 256 : set([38, 15])p: 0.672246946366
--- testing 257 : set([22])p: 0.296511306314
--- testing 258 : set([105, 50, 34, 38])p: 0.00295381798471
--- testing 259 : set([105, 2, 50, 14])p: 2.53630268069e-07
--- testing 260 : set([34, 14, 63])p: 0.277001037927
--- testing 261 : set([26, 14, 63])p: 0.277001037927
--- testing 262 : set([10, 50, 14])p: 0.277001037927
--- testing 263 : set([96, 105, 38])p: 0.0177107836667
--- testing 264 : set([26, 85, 14])p: 1.0
--- testing 265 : set([4, 78])p: 1.0
--- testing 266 : set([50, 31])p: 0.0815607227122
--- testing 267 : set([36, 14])p: 0.654354773031
--- testing 268 : set([7])p: 1.0
--- testing 269 : set([103])p: 1.0
--- testing 270 : set([26, 14, 34, 38])p: 0.257457006405
--- testing 271 : set([2, 50, 38])p: 0.0147593905303
--- testing 272 : set([14, 78, 63])p: 0.257457006405
--- testing 273 : set([96, 26, 34])p: 0.635487086275
--- testing 274 : set([105, 34, 85])p: 0.000284716578618
--- testing 275 : set([105, 26, 85])p: 0.257457006405
--- testing 276 : set([53, 14])p: 0.635487086275
--- testing 277 : set([72])p: 0.257457006405
--- testing 278 : set([101])p: 1.0
--- testing 279 : set([105, 26, 50, 38])p: 1.85494511045e-05
--- testing 280 : set([105, 26, 34, 50])p: 0.00177896718348
--- testing 281 : set([26, 38, 78])p: 0.237933451189
--- testing 282 : set([26, 50, 78])p: 1.35936809367e-06
--- testing 283 : set([2, 26, 38])p: 0.0629478884882
--- testing 284 : set([2, 50, 78])p: 0.0121390194952
--- testing 285 : set([105, 2, 63])p: 0.0629478884882
--- testing 286 : set([80, 50, 14])p: 0.00177896718348
--- testing 287 : set([10, 14, 26, 38])p: 0.615590766282
--- testing 288 : set([10, 38, 63])p: 1.0
--- testing 289 : set([34, 85, 38])p: 0.00177896718348
--- testing 290 : set([85, 14, 63])p: 0.615590766282
--- testing 291 : set([96, 6])p: 1.0
--- testing 292 : set([106, 50])p: 1.85494511045e-05
--- testing 293 : set([105, 50, 38, 78])p: 0.000141961727734
--- testing 294 : set([105, 34, 63])p: 0.594609804333
--- testing 295 : set([26, 34, 63])p: 1.0
--- testing 296 : set([105, 78, 63])p: 0.00983678564817
--- testing 297 : set([2, 38, 63])p: 0.218490610889
--- testing 298 : set([80, 26, 38])p: 0.00983678564817
--- testing 299 : set([10, 34, 14])p: 0.594609804333
--- testing 300 : set([10, 14, 63])p: 0.594609804333
--- testing 301 : set([50, 85, 38])p: 0.00983678564817
--- testing 302 : set([105, 85, 78])p: 0.218490610889
--- testing 303 : set([96, 85, 14])p: 1.0
--- testing 304 : set([105, 50, 4])p: 0.000141961727734
--- testing 305 : set([4, 85])p: 0.594609804333
--- testing 306 : set([50, 23])p: 0.00134138403975
--- testing 307 : set([8, 96])p: 0.218490610889
--- testing 308 : set([106, 26])p: 1.0
--- testing 309 : set([50, 95])p: 0.054479743656
--- testing 310 : set([50, 59])p: 0.00983678564817
--- testing 311 : set([105, 20])p: 0.00983678564817
--- testing 312 : set([105, 53])p: 0.054479743656
--- testing 313 : set([98, 34])p: 0.594609804333
--- testing 314 : set([105, 54])p: 0.00134138403975
--- testing 315 : set([100])p: 1.0
--- testing 316 : set([105, 2, 26])p: 0.00783786762266
--- testing 317 : set([2, 14, 78])p: 0.199195214744
--- testing 318 : set([80, 50, 78])p: 0.0466015745958
--- testing 319 : set([80, 2, 14])p: 0.199195214744
--- testing 320 : set([10, 2, 14])p: 0.572485145895
--- testing 321 : set([96, 34, 38])p: 0.572485145895
--- testing 322 : set([96, 105, 78])p: 9.60450304712e-05
--- testing 323 : set([96, 2, 14])p: 0.199195214744
--- testing 324 : set([105, 50, 85, 14])p: 0.000988612771511
--- testing 325 : set([2, 85, 14])p: 0.572485145895
--- testing 326 : set([80, 105, 85])p: 0.0466015745958
--- testing 327 : set([2, 4])p: 0.199195214744
--- testing 328 : set([85, 31])p: 0.199195214744
--- testing 329 : set([50, 86])p: 0.0466015745958
--- testing 330 : set([34, 20])p: 0.199195214744
--- testing 331 : set([14, 38, 39])p: 0.572485145895
--- testing 332 : set([56, 38])p: 0.572485145895
--- testing 333 : set([41, 14])p: 1.0
--- testing 334 : set([25])p: 0.572485145895
--- testing 335 : set([60])p: 0.199195214744
--- testing 336 : set([91])p: 0.572485145895
--- testing 337 : set([26, 14, 50, 38])p: 0.00612555390987
--- testing 338 : set([105, 2, 34, 50])p: 0.000709685352436
--- testing 339 : set([2, 34, 26])p: 0.549154525198
--- testing 340 : set([105, 26, 63])p: 0.549154525198
--- testing 341 : set([2, 50, 63])p: 0.0393333795384
--- testing 342 : set([80, 34, 14])p: 0.0393333795384
--- testing 343 : set([80, 105, 34])p: 0.0393333795384
--- testing 344 : set([96, 14, 78])p: 0.0393333795384
--- testing 345 : set([26, 85, 38])p: 0.549154525198
--- testing 346 : set([14, 85, 78])p: 1.0
--- testing 347 : set([80, 85, 14])p: 0.0393333795384
--- testing 348 : set([10, 85, 38])p: 0.180121009726
--- testing 349 : set([10, 4])p: 0.180121009726
--- testing 350 : set([26, 14, 95])p: 0.549154525198
--- testing 351 : set([26, 34, 95])p: 0.549154525198
--- testing 352 : set([14, 54])p: 0.549154525198
--- testing 353 : set([38, 54])p: 1.0
--- testing 354 : set([56, 105])p: 0.180121009726
--- testing 355 : set([16])p: 0.549154525198
--- testing 356 : set([48])p: 0.549154525198
--- testing 357 : set([66])p: 0.549154525198
--- testing 358 : set([105, 26, 34, 38])p: 0.161349325701
--- testing 359 : set([105, 14, 38, 78])p: 0.00468132229456
--- testing 360 : set([105, 2, 14, 38])p: 0.000494046049056
--- testing 361 : set([105, 2, 34, 14])p: 0.000494046049056
--- testing 362 : set([2, 14, 26, 38])p: 0.0326918144127
--- testing 363 : set([105, 14, 38, 63])p: 0.161349325701
--- testing 364 : set([2, 34, 63])p: 0.161349325701
--- testing 365 : set([2, 26, 63])p: 0.0326918144127
--- testing 366 : set([80, 26, 14])p: 0.524552290833
--- testing 367 : set([80, 14, 63])p: 0.0326918144127
--- testing 368 : set([105, 10, 34, 38])p: 0.524552290833
--- testing 369 : set([10, 50, 38])p: 0.524552290833
--- testing 370 : set([105, 10, 26])p: 0.161349325701
--- testing 371 : set([105, 10, 78])p: 0.0326918144127
--- testing 372 : set([96, 105, 26])p: 0.0326918144127
--- testing 373 : set([96, 14, 63])p: 1.0
--- testing 374 : set([96, 10, 38])p: 0.524552290833
--- testing 375 : set([85, 38, 63])p: 0.524552290833
--- testing 376 : set([105, 4, 38])p: 0.161349325701
--- testing 377 : set([8, 50])p: 0.0326918144127
--- testing 378 : set([14, 38, 86])p: 0.524552290833
--- testing 379 : set([34, 59])p: 0.524552290833
--- testing 380 : set([26, 59])p: 0.524552290833
--- testing 381 : set([2, 59])p: 0.161349325701
--- testing 382 : set([92, 14])p: 0.0326918144127
--- testing 383 : set([90, 14])p: 1.0
--- testing 384 : set([105, 90])p: 0.0326918144127
--- testing 385 : set([105, 98])p: 0.00468132229456
--- testing 386 : set([41, 38])p: 0.161349325701
--- testing 387 : set([21])p: 0.524552290833
--- testing 388 : set([62])p: 0.161349325701
--- testing 389 : set([73])p: 0.524552290833
--- testing 390 : set([105, 26, 14, 78])p: 0.00348495765298
--- testing 391 : set([105, 26, 50, 78])p: 1.25666975495e-06
--- testing 392 : set([105, 2, 50, 78])p: 0.00348495765298
--- testing 393 : set([26, 38, 63])p: 0.498609221895
--- testing 394 : set([50, 78, 63])p: 0.00348495765298
--- testing 395 : set([80, 105, 50, 14])p: 0.000331665607621
--- testing 396 : set([10, 85, 14])p: 0.498609221895
--- testing 397 : set([105, 4, 14])p: 0.00348495765298
--- testing 398 : set([8, 78])p: 0.00348495765298
--- testing 399 : set([8, 2])p: 0.0266895661016
--- testing 400 : set([96, 31])p: 0.498609221895
--- testing 401 : set([34, 86])p: 0.498609221895
--- testing 402 : set([26, 86])p: 0.498609221895
--- testing 403 : set([96, 95])p: 1.0
--- testing 404 : set([105, 36])p: 0.000331665607621
--- testing 405 : set([105, 92])p: 0.000331665607621
--- testing 406 : set([92, 38])p: 0.0266895661016
--- testing 407 : set([46])p: 1.0
--- testing 408 : set([105, 34, 38, 78])p: 0.0213346564596
--- testing 409 : set([2, 34, 78])p: 0.0213346564596
--- testing 410 : set([2, 26, 78])p: 0.12508043275
--- testing 411 : set([50, 34, 63])p: 0.12508043275
--- testing 412 : set([80, 14, 78])p: 0.12508043275
--- testing 413 : set([10, 14, 78])p: 0.471252334152
--- testing 414 : set([10, 2, 38])p: 0.0213346564596
--- testing 415 : set([96, 50, 78])p: 0.0213346564596
--- testing 416 : set([50, 85, 78])p: 0.471252334152
--- testing 417 : set([96, 105, 85])p: 0.471252334152
--- testing 418 : set([96, 85, 38])p: 1.0
--- testing 419 : set([96, 26, 85])p: 1.0
--- testing 420 : set([96, 85, 63])p: 1.0
--- testing 421 : set([26, 4, 38])p: 0.471252334152
--- testing 422 : set([80, 4])p: 1.0
--- testing 423 : set([105, 14, 23])p: 0.0213346564596
--- testing 424 : set([26, 23])p: 0.471252334152
--- testing 425 : set([8, 14, 38])p: 1.0
--- testing 426 : set([63, 31])p: 0.471252334152
--- testing 427 : set([86, 63])p: 1.0
--- testing 428 : set([2, 95])p: 0.12508043275
--- testing 429 : set([14, 38, 71])p: 1.0
--- testing 430 : set([34, 36])p: 0.471252334152
--- testing 431 : set([50, 92])p: 0.000213152808509
--- testing 432 : set([32, 34])p: 0.12508043275
--- testing 433 : set([98, 26])p: 0.471252334152
--- testing 434 : set([50, 54])p: 0.000213152808509
--- testing 435 : set([5])p: 0.471252334152
--- testing 436 : set([26, 34, 50, 38])p: 0.107789470035
--- testing 437 : set([105, 26, 34, 78])p: 0.107789470035
--- testing 438 : set([2, 14, 34, 38])p: 0.107789470035
--- testing 439 : set([2, 14, 50, 38])p: 0.00174752690065
--- testing 440 : set([2, 34, 50, 14])p: 0.0166296708314
--- testing 441 : set([2, 50, 26])p: 0.00174752690065
--- testing 442 : set([50, 38, 63])p: 0.107789470035
--- testing 443 : set([80, 34, 78])p: 1.0
--- testing 444 : set([10, 14, 38, 63])p: 1.0
--- testing 445 : set([96, 26, 38])p: 1.0
--- testing 446 : set([96, 105, 2])p: 0.0166296708314
--- testing 447 : set([96, 38, 63])p: 0.442404675701
--- testing 448 : set([96, 34, 63])p: 1.0
--- testing 449 : set([105, 14, 85, 38])p: 0.0166296708314
--- testing 450 : set([34, 14, 85, 38])p: 0.0166296708314
--- testing 451 : set([80, 85, 38])p: 0.442404675701
--- testing 452 : set([80, 50, 85])p: 0.107789470035
--- testing 453 : set([105, 34, 4])p: 0.442404675701
--- testing 454 : set([14, 38, 6])p: 1.0
--- testing 455 : set([26, 14, 6])p: 0.107789470035
--- testing 456 : set([14, 38, 23])p: 0.442404675701
--- testing 457 : set([106, 78])p: 0.442404675701
--- testing 458 : set([78, 86])p: 0.107789470035
--- testing 459 : set([14, 38, 95])p: 1.0
--- testing 460 : set([34, 38, 95])p: 1.0
--- testing 461 : set([26, 38, 95])p: 1.0
--- testing 462 : set([85, 95])p: 0.442404675701
--- testing 463 : set([59, 14, 38])p: 0.442404675701
--- testing 464 : set([59, 63])p: 0.442404675701
--- testing 465 : set([105, 71])p: 0.442404675701
--- testing 466 : set([90, 38])p: 1.0
--- testing 467 : set([32, 38])p: 1.0
--- testing 468 : set([105, 39])p: 0.0166296708314
--- testing 469 : set([14, 38, 15])p: 0.442404675701
--- testing 470 : set([12])p: 1.0
--- testing 471 : set([33])p: 0.442404675701
--- testing 472 : set([88])p: 0.0166296708314
--- testing 473 : set([50, 14, 34, 38])p: 0.0125709043048
--- testing 474 : set([105, 26, 14, 50, 38])p: 0.00115928457131
--- testing 475 : set([26, 34, 50, 14])p: 0.0912149610885
--- testing 476 : set([105, 26, 38, 78])p: 0.0912149610885
--- testing 477 : set([105, 2, 34, 38])p: 0.0125709043048
--- testing 478 : set([105, 2, 50, 38])p: 0.00115928457131
--- testing 479 : set([80, 105, 50, 78])p: 0.0125709043048
--- testing 480 : set([80, 26, 78])p: 1.0
--- testing 481 : set([80, 2, 34])p: 0.41198511155
--- testing 482 : set([80, 38, 63])p: 0.41198511155
--- testing 483 : set([10, 14, 34, 38])p: 0.41198511155
--- testing 484 : set([10, 14, 50, 38])p: 0.41198511155
--- testing 485 : set([10, 38, 78])p: 0.41198511155
--- testing 486 : set([105, 10, 63])p: 1.0
--- testing 487 : set([80, 10, 14])p: 0.0912149610885
--- testing 488 : set([80, 10, 38])p: 0.41198511155
--- testing 489 : set([96, 105, 14, 38])p: 0.0912149610885
--- testing 490 : set([96, 105, 50, 14])p: 0.0125709043048
--- testing 491 : set([96, 38, 78])p: 1.0
--- testing 492 : set([96, 34, 78])p: 0.41198511155
--- testing 493 : set([96, 2, 38])p: 0.0912149610885
--- testing 494 : set([96, 2, 34])p: 0.0912149610885
--- testing 495 : set([96, 2, 63])p: 1.0
--- testing 496 : set([50, 34, 85])p: 0.00115928457131
--- testing 497 : set([105, 2, 85])p: 0.0912149610885
--- testing 498 : set([105, 85, 63])p: 0.41198511155
--- testing 499 : set([10, 14, 85, 38])p: 0.41198511155
--- testing 500 : set([50, 6])p: 0.41198511155
--- testing 501 : set([78, 23])p: 0.0125709043048
--- testing 502 : set([8, 34, 14])p: 1.0
--- testing 503 : set([8, 26, 14])p: 1.0
--- testing 504 : set([105, 106, 14])p: 0.41198511155
--- testing 505 : set([105, 106, 34])p: 0.0912149610885
--- testing 506 : set([105, 106, 50])p: 7.39826360455e-05
--- testing 507 : set([106, 63])p: 0.0912149610885
--- testing 508 : set([80, 106])p: 0.41198511155
--- testing 509 : set([105, 14, 31])p: 0.41198511155
--- testing 510 : set([105, 50, 31])p: 0.0125709043048
--- testing 511 : set([26, 14, 31])p: 0.41198511155
--- testing 512 : set([105, 26, 31])p: 0.0125709043048
--- testing 513 : set([105, 34, 95])p: 0.41198511155
--- testing 514 : set([78, 95])p: 0.41198511155
--- testing 515 : set([31, 95])p: 0.0912149610885
--- testing 516 : set([105, 50, 59])p: 0.00115928457131
--- testing 517 : set([20, 38])p: 1.0
--- testing 518 : set([26, 53])p: 0.0912149610885
--- testing 519 : set([50, 36])p: 7.39826360455e-05
--- testing 520 : set([105, 50, 92])p: 7.39826360455e-05
--- testing 521 : set([32, 105])p: 0.0912149610885
--- testing 522 : set([56, 14])p: 1.0
--- testing 523 : set([41, 34])p: 1.0
--- testing 524 : set([42])p: 1.0
--- testing 525 : set([43])p: 1.0
--- testing 526 : set([70])p: 0.41198511155
--- testing 527 : set([105, 34, 14, 78])p: 0.379908096504
--- testing 528 : set([50, 14, 38, 78])p: 0.00914741838478
--- testing 529 : set([26, 14, 34, 78])p: 1.0
--- testing 530 : set([105, 2, 26, 14])p: 0.00914741838478
--- testing 531 : set([2, 38, 78])p: 0.0754861497318
--- testing 532 : set([34, 38, 63])p: 1.0
--- testing 533 : set([105, 50, 14, 63])p: 3.86383647528e-05
--- testing 534 : set([38, 78, 63])p: 0.379908096504
--- testing 535 : set([105, 50, 78, 63])p: 0.000725163797204
--- testing 536 : set([2, 14, 38, 63])p: 0.379908096504
--- testing 537 : set([80, 34, 38])p: 0.379908096504
--- testing 538 : set([80, 50, 38])p: 0.0754861497318
--- testing 539 : set([80, 105, 26])p: 0.0754861497318
--- testing 540 : set([80, 38, 78])p: 1.0
--- testing 541 : set([105, 10, 50, 14])p: 0.379908096504
--- testing 542 : set([10, 34, 78])p: 0.379908096504
--- testing 543 : set([10, 14, 2, 38])p: 0.379908096504
--- testing 544 : set([96, 105, 34, 38])p: 0.379908096504
--- testing 545 : set([96, 50, 38])p: 0.379908096504
--- testing 546 : set([96, 50, 34])p: 0.379908096504
--- testing 547 : set([96, 105, 50, 78])p: 0.00914741838478
--- testing 548 : set([96, 26, 63])p: 1.0
--- testing 549 : set([96, 10, 14])p: 0.379908096504
--- testing 550 : set([50, 14, 85, 38])p: 0.0754861497318
--- testing 551 : set([105, 50, 85, 38])p: 0.000725163797204
--- testing 552 : set([26, 34, 85])p: 1.0
--- testing 553 : set([34, 85, 78])p: 0.0754861497318
--- testing 554 : set([2, 85, 38])p: 0.379908096504
--- testing 555 : set([14, 85, 38, 63])p: 1.0
--- testing 556 : set([26, 85, 63])p: 1.0
--- testing 557 : set([80, 85, 78])p: 1.0
--- testing 558 : set([80, 2, 85])p: 0.379908096504
--- testing 559 : set([96, 34, 85])p: 1.0
--- testing 560 : set([34, 4, 38])p: 1.0
--- testing 561 : set([105, 26, 4])p: 0.0754861497318
--- testing 562 : set([2, 23])p: 0.000725163797204
--- testing 563 : set([8, 105, 14])p: 0.00914741838478
--- testing 564 : set([8, 10])p: 0.379908096504
--- testing 565 : set([8, 96, 14])p: 0.379908096504
--- testing 566 : set([96, 106])p: 0.379908096504
--- testing 567 : set([14, 38, 31])p: 1.0
--- testing 568 : set([2, 31])p: 0.379908096504
--- testing 569 : set([105, 14, 86])p: 0.0754861497318
--- testing 570 : set([105, 14, 95])p: 0.00914741838478
--- testing 571 : set([34, 14, 95])p: 1.0
--- testing 572 : set([20, 14])p: 1.0
--- testing 573 : set([50, 20])p: 0.0754861497318
--- testing 574 : set([20, 78])p: 1.0
--- testing 575 : set([14, 53, 38])p: 0.379908096504
--- testing 576 : set([53, 63])p: 0.379908096504
--- testing 577 : set([34, 92])p: 0.00914741838478
--- testing 578 : set([26, 92])p: 0.000725163797204
--- testing 579 : set([90, 26])p: 1.0
--- testing 580 : set([32, 14])p: 1.0
--- testing 581 : set([10, 39])p: 0.379908096504
--- testing 582 : set([98, 38])p: 0.0754861497318
--- testing 583 : set([105, 50, 54])p: 3.86383647528e-05
--- testing 584 : set([41, 105])p: 0.0754861497318
--- testing 585 : set([41, 26])p: 1.0
--- testing 586 : set([64, 14])p: 1.0
--- testing 587 : set([1])p: 0.0754861497318
--- testing 588 : set([13])p: 1.0
--- testing 589 : set([44])p: 1.0
--- testing 590 : set([49])p: 0.0754861497318
--- testing 591 : set([52])p: 1.0
--- testing 592 : set([67])p: 1.0
--- testing 593 : set([79])p: 0.0754861497318
--- testing 594 : set([93])p: 1.0
--- testing 595 : set([105, 50, 14, 34, 38])p: 0.00634000018892
--- testing 596 : set([34, 14, 38, 78])p: 0.0607442094325
--- testing 597 : set([105, 2, 26, 38])p: 0.00634000018892
--- testing 598 : set([105, 2, 50, 26])p: 0.000420041382781
--- testing 599 : set([26, 50, 63])p: 0.346083435751
--- testing 600 : set([105, 14, 78, 63])p: 0.0607442094325
--- testing 601 : set([2, 50, 14, 63])p: 0.00634000018892
--- testing 602 : set([105, 2, 50, 63])p: 0.00634000018892
--- testing 603 : set([2, 78, 63])p: 0.346083435751
--- testing 604 : set([80, 105, 14, 38])p: 0.346083435751
--- testing 605 : set([80, 26, 34])p: 1.0
--- testing 606 : set([80, 2, 38])p: 1.0
--- testing 607 : set([80, 2, 26])p: 1.0
--- testing 608 : set([105, 10, 50, 38])p: 0.346083435751
--- testing 609 : set([105, 10, 26, 14])p: 0.346083435751
--- testing 610 : set([105, 10, 38, 63])p: 1.0
--- testing 611 : set([96, 2, 50])p: 0.0607442094325
--- testing 612 : set([96, 50, 63])p: 0.0607442094325
--- testing 613 : set([96, 80, 14])p: 1.0
--- testing 614 : set([105, 50, 34, 85])p: 0.000420041382781
--- testing 615 : set([105, 26, 85, 14])p: 1.0
--- testing 616 : set([38, 85, 78])p: 0.0607442094325
--- testing 617 : set([105, 50, 85, 78])p: 0.346083435751
--- testing 618 : set([26, 85, 78])p: 1.0
--- testing 619 : set([2, 50, 85])p: 0.346083435751
--- testing 620 : set([50, 85, 63])p: 0.346083435751
--- testing 621 : set([80, 105, 50, 85])p: 0.0607442094325
--- testing 622 : set([105, 10, 85])p: 0.346083435751
--- testing 623 : set([96, 50, 85])p: 1.0
--- testing 624 : set([105, 4, 78])p: 1.0
--- testing 625 : set([10, 4, 38])p: 1.0
--- testing 626 : set([105, 14, 6])p: 0.346083435751
--- testing 627 : set([34, 38, 6])p: 1.0
--- testing 628 : set([78, 6])p: 0.346083435751
--- testing 629 : set([80, 6])p: 1.0
--- testing 630 : set([85, 6])p: 1.0
--- testing 631 : set([105, 50, 23])p: 0.000420041382781
--- testing 632 : set([63, 23])p: 1.0
--- testing 633 : set([8, 105, 50])p: 0.0607442094325
--- testing 634 : set([8, 26, 34])p: 0.346083435751
--- testing 635 : set([8, 2, 14])p: 0.346083435751
--- testing 636 : set([8, 63])p: 1.0
--- testing 637 : set([8, 23])p: 0.346083435751
--- testing 638 : set([106, 85])p: 1.0
--- testing 639 : set([26, 34, 31])p: 0.0607442094325
--- testing 640 : set([4, 31])p: 1.0
--- testing 641 : set([105, 38, 86])p: 0.346083435751
--- testing 642 : set([105, 50, 86])p: 0.00634000018892
--- testing 643 : set([96, 86])p: 1.0
--- testing 644 : set([80, 95])p: 1.0
--- testing 645 : set([50, 59, 14])p: 1.0
--- testing 646 : set([59, 78])p: 0.346083435751
--- testing 647 : set([63, 71])p: 0.346083435751
--- testing 648 : set([96, 53])p: 0.346083435751
--- testing 649 : set([92, 78])p: 0.346083435751
--- testing 650 : set([90, 50])p: 0.0607442094325
--- testing 651 : set([34, 39])p: 0.0607442094325
--- testing 652 : set([26, 39])p: 0.346083435751
--- testing 653 : set([98, 50])p: 0.000420041382781
--- testing 654 : set([98, 2])p: 0.346083435751
--- testing 655 : set([56, 50])p: 0.346083435751
--- testing 656 : set([56, 26])p: 1.0
--- testing 657 : set([105, 15])p: 0.0607442094325
--- testing 658 : set([64, 105])p: 1.0
--- testing 659 : set([69, 14])p: 1.0
--- testing 660 : set([69, 38])p: 1.0
--- testing 661 : set([105, 84])p: 0.346083435751
--- testing 662 : set([48, 105])p: 0.346083435751
--- testing 663 : set([9])p: 1.0
--- testing 664 : set([19])p: 0.0607442094325
--- testing 665 : set([65])p: 1.0
--- testing 666 : set([82])p: 1.0
--- testing 667 : set([94])p: 0.346083435751
--- testing 668 : set([105, 26, 34, 50, 38])p: 0.0471431571216
--- testing 669 : set([26, 14, 50, 78])p: 0.00412001563662
--- testing 670 : set([105, 2, 34, 50, 14])p: 0.00412001563662
--- testing 671 : set([2, 34, 26, 14])p: 0.310416032461
--- testing 672 : set([2, 50, 26, 14])p: 0.00412001563662
--- testing 673 : set([105, 2, 34, 78])p: 0.00412001563662
--- testing 674 : set([2, 14, 50, 78])p: 0.0471431571216
--- testing 675 : set([2, 34, 50, 78])p: 0.310416032461
--- testing 676 : set([2, 14, 26, 78])p: 0.310416032461
--- testing 677 : set([105, 26, 14, 63])p: 0.310416032461
--- testing 678 : set([105, 26, 34, 63])p: 1.0
--- testing 679 : set([50, 14, 78, 63])p: 0.0471431571216
--- testing 680 : set([26, 78, 63])p: 0.310416032461
--- testing 681 : set([80, 105, 2])p: 0.0471431571216
--- testing 682 : set([80, 14, 38, 63])p: 1.0
--- testing 683 : set([80, 2, 63])p: 0.0471431571216
--- testing 684 : set([10, 34, 50])p: 1.0
--- testing 685 : set([10, 34, 26])p: 1.0
--- testing 686 : set([105, 10, 34, 78])p: 0.310416032461
--- testing 687 : set([80, 10, 14, 38])p: 0.310416032461
--- testing 688 : set([96, 34, 14, 38])p: 0.310416032461
--- testing 689 : set([96, 105, 26, 14])p: 0.0471431571216
--- testing 690 : set([96, 26, 34, 14])p: 1.0
--- testing 691 : set([96, 105, 26, 34])p: 0.310416032461
--- testing 692 : set([96, 105, 14, 78])p: 0.00412001563662
--- testing 693 : set([96, 78, 63])p: 0.310416032461
--- testing 694 : set([105, 34, 85, 14])p: 0.00412001563662
--- testing 695 : set([105, 34, 85, 38])p: 0.000218989808117
--- testing 696 : set([50, 34, 85, 14])p: 0.00412001563662
--- testing 697 : set([26, 14, 85, 38])p: 1.0
--- testing 698 : set([2, 85, 63])p: 0.310416032461
--- testing 699 : set([26, 4, 14])p: 0.310416032461
--- testing 700 : set([2, 4, 14])p: 0.310416032461
--- testing 701 : set([10, 4, 14])p: 0.310416032461
--- testing 702 : set([105, 34, 6])p: 0.0471431571216
--- testing 703 : set([105, 38, 23])p: 0.0471431571216
--- testing 704 : set([34, 14, 23])p: 0.0471431571216
--- testing 705 : set([6, 23])p: 0.310416032461
--- testing 706 : set([8, 50, 14])p: 0.310416032461
--- testing 707 : set([106, 10])p: 1.0
--- testing 708 : set([105, 34, 31])p: 0.310416032461
--- testing 709 : set([78, 31])p: 0.310416032461
--- testing 710 : set([80, 31])p: 1.0
--- testing 711 : set([10, 31])p: 0.310416032461
--- testing 712 : set([105, 14, 38, 86])p: 0.310416032461
--- testing 713 : set([2, 86])p: 0.310416032461
--- testing 714 : set([80, 86])p: 1.0
--- testing 715 : set([105, 50, 95])p: 0.00412001563662
--- testing 716 : set([26, 34, 38, 95])p: 1.0
--- testing 717 : set([96, 26, 95])p: 1.0
--- testing 718 : set([4, 95])p: 0.310416032461
--- testing 719 : set([105, 59, 14])p: 1.0
--- testing 720 : set([26, 59, 14])p: 0.310416032461
--- testing 721 : set([105, 50, 20])p: 0.0471431571216
--- testing 722 : set([80, 20])p: 1.0
--- testing 723 : set([34, 53])p: 1.0
--- testing 724 : set([10, 53])p: 0.0471431571216
--- testing 725 : set([34, 36, 38])p: 1.0
--- testing 726 : set([105, 50, 36])p: 7.02714123599e-06
--- testing 727 : set([26, 36])p: 1.0
--- testing 728 : set([36, 85])p: 1.0
--- testing 729 : set([90, 78])p: 0.0471431571216
--- testing 730 : set([90, 2])p: 1.0
--- testing 731 : set([2, 39])p: 0.0471431571216
--- testing 732 : set([96, 39])p: 0.00412001563662
--- testing 733 : set([98, 34, 14])p: 1.0
--- testing 734 : set([98, 85])p: 1.0
--- testing 735 : set([34, 54])p: 1.0
--- testing 736 : set([26, 54])p: 1.0
--- testing 737 : set([2, 54])p: 0.310416032461
--- testing 738 : set([56, 34])p: 0.310416032461
--- testing 739 : set([105, 61])p: 1.0
--- testing 740 : set([34, 61])p: 1.0
--- testing 741 : set([38, 103])p: 1.0
--- testing 742 : set([101, 38])p: 1.0
--- testing 743 : set([18])p: 0.310416032461
--- testing 744 : set([28])p: 1.0
--- testing 745 : set([45])p: 1.0
--- testing 746 : set([89])p: 1.0
--- testing 747 : set([97])p: 0.310416032461
--- testing 748 : set([99])p: 1.0
--- testing 749 : set([105, 26, 14, 34, 38])p: 0.272805621699
--- testing 750 : set([105, 26, 34, 50, 14])p: 0.034850830983
--- testing 751 : set([105, 50, 14, 38, 78])p: 0.0024481474244
--- testing 752 : set([105, 50, 38, 34, 78])p: 0.272805621699
--- testing 753 : set([26, 14, 38, 78])p: 0.034850830983
--- testing 754 : set([105, 26, 14, 50, 78])p: 0.0024481474244
--- testing 755 : set([26, 38, 50, 78])p: 0.034850830983
--- testing 756 : set([105, 2, 14, 34, 38])p: 0.034850830983
--- testing 757 : set([105, 2, 14, 50, 38])p: 9.78682841849e-05
--- testing 758 : set([105, 2, 14, 26, 38])p: 0.0024481474244
--- testing 759 : set([2, 34, 26, 38])p: 0.272805621699
--- testing 760 : set([50, 14, 38, 63])p: 0.272805621699
--- testing 761 : set([50, 34, 14, 63])p: 0.034850830983
--- testing 762 : set([26, 14, 38, 63])p: 0.272805621699
--- testing 763 : set([14, 38, 78, 63])p: 0.272805621699
--- testing 764 : set([105, 38, 78, 63])p: 0.272805621699
--- testing 765 : set([105, 2, 14, 63])p: 0.0024481474244
--- testing 766 : set([2, 34, 14, 63])p: 0.272805621699
--- testing 767 : set([2, 26, 14, 63])p: 0.034850830983
--- testing 768 : set([80, 50, 34])p: 0.034850830983
--- testing 769 : set([80, 26, 50])p: 0.272805621699
--- testing 770 : set([80, 105, 14, 78])p: 0.034850830983
--- testing 771 : set([80, 105, 34, 78])p: 1.0
--- testing 772 : set([80, 2, 50])p: 0.034850830983
--- testing 773 : set([80, 105, 63])p: 0.0024481474244
--- testing 774 : set([105, 10, 26, 38])p: 0.034850830983
--- testing 775 : set([105, 10, 14, 78])p: 0.272805621699
--- testing 776 : set([10, 14, 38, 78])p: 1.0
--- testing 777 : set([105, 10, 38, 78])p: 0.272805621699
--- testing 778 : set([10, 50, 78])p: 0.272805621699
--- testing 779 : set([105, 10, 14, 38, 63])p: 1.0
--- testing 780 : set([10, 2, 63])p: 1.0
--- testing 781 : set([96, 105, 34, 14])p: 0.272805621699
--- testing 782 : set([96, 50, 14, 38])p: 0.272805621699
--- testing 783 : set([96, 14, 38, 63])p: 1.0
--- testing 784 : set([105, 50, 34, 85, 14])p: 0.0024481474244
--- testing 785 : set([50, 34, 85, 38])p: 0.0024481474244
--- testing 786 : set([26, 50, 85])p: 1.0
--- testing 787 : set([105, 34, 85, 78])p: 0.034850830983
--- testing 788 : set([2, 34, 85])p: 0.034850830983
--- testing 789 : set([2, 50, 85, 14])p: 0.272805621699
--- testing 790 : set([34, 85, 63])p: 0.272805621699
--- testing 791 : set([105, 50, 85, 63])p: 0.272805621699
--- testing 792 : set([80, 105, 85, 14])p: 0.034850830983
--- testing 793 : set([80, 14, 85, 38])p: 0.272805621699
--- testing 794 : set([80, 34, 85])p: 0.0024481474244
--- testing 795 : set([80, 26, 85])p: 1.0
--- testing 796 : set([80, 2, 85, 14])p: 0.272805621699
--- testing 797 : set([10, 26, 85])p: 1.0
--- testing 798 : set([96, 14, 85, 38])p: 1.0
--- testing 799 : set([96, 50, 85, 14])p: 1.0
--- testing 800 : set([96, 2, 85])p: 1.0
--- testing 801 : set([105, 4, 14, 38])p: 0.272805621699
--- testing 802 : set([34, 4, 14])p: 1.0
--- testing 803 : set([50, 4, 34])p: 0.272805621699
--- testing 804 : set([34, 4, 78])p: 1.0
--- testing 805 : set([26, 4, 78])p: 1.0
--- testing 806 : set([4, 14, 63])p: 0.272805621699
--- testing 807 : set([4, 38, 63])p: 1.0
--- testing 808 : set([96, 4, 14])p: 1.0
--- testing 809 : set([96, 34, 4])p: 1.0
--- testing 810 : set([4, 85, 38])p: 1.0
--- testing 811 : set([34, 14, 6])p: 0.272805621699
--- testing 812 : set([34, 38, 23])p: 1.0
--- testing 813 : set([96, 23])p: 0.272805621699
--- testing 814 : set([8, 105, 34])p: 0.272805621699
--- testing 815 : set([8, 34, 38])p: 1.0
--- testing 816 : set([8, 14, 78])p: 0.034850830983
--- testing 817 : set([8, 105, 78])p: 0.0024481474244
--- testing 818 : set([8, 96, 105])p: 0.034850830983
--- testing 819 : set([8, 4])p: 0.272805621699
--- testing 820 : set([106, 2])p: 0.034850830983
--- testing 821 : set([50, 14, 31])p: 1.0
--- testing 822 : set([26, 38, 31])p: 1.0
--- testing 823 : set([10, 14, 31])p: 0.272805621699
--- testing 824 : set([10, 86])p: 1.0
--- testing 825 : set([50, 14, 95])p: 1.0
--- testing 826 : set([50, 38, 95])p: 1.0
--- testing 827 : set([50, 34, 95])p: 0.272805621699
--- testing 828 : set([26, 50, 95])p: 0.272805621699
--- testing 829 : set([86, 95])p: 0.272805621699
--- testing 830 : set([2, 59, 14])p: 1.0
--- testing 831 : set([105, 53, 14])p: 0.272805621699
--- testing 832 : set([105, 53, 38])p: 0.0024481474244
--- testing 833 : set([26, 53, 38])p: 0.034850830983
--- testing 834 : set([36, 14, 38])p: 1.0
--- testing 835 : set([92, 14, 38])p: 0.0024481474244
--- testing 836 : set([105, 38, 39])p: 0.0024481474244
--- testing 837 : set([34, 14, 39])p: 0.272805621699
--- testing 838 : set([34, 38, 39])p: 0.272805621699
--- testing 839 : set([2, 38, 39])p: 0.034850830983
--- testing 840 : set([63, 39])p: 1.0
--- testing 841 : set([10, 14, 39])p: 1.0
--- testing 842 : set([105, 98, 14])p: 0.272805621699
--- testing 843 : set([98, 63])p: 1.0
--- testing 844 : set([105, 14, 54])p: 0.272805621699
--- testing 845 : set([78, 54])p: 1.0
--- testing 846 : set([54, 63])p: 0.272805621699
--- testing 847 : set([41, 14, 38])p: 1.0
--- testing 848 : set([41, 34, 14])p: 1.0
--- testing 849 : set([41, 39])p: 0.034850830983
--- testing 850 : set([61, 38])p: 1.0
--- testing 851 : set([26, 61])p: 0.272805621699
--- testing 852 : set([74, 26])p: 1.0
--- testing 853 : set([64, 38])p: 1.0
--- testing 854 : set([69, 63])p: 1.0
--- testing 855 : set([34, 84])p: 1.0
--- testing 856 : set([26, 84])p: 1.0
--- testing 857 : set([100, 14])p: 1.0
--- testing 858 : set([12, 14])p: 1.0
--- testing 859 : set([3])p: 0.034850830983
--- testing 860 : set([17])p: 0.272805621699
--- testing 861 : set([24])p: 1.0
--- testing 862 : set([27])p: 1.0
--- testing 863 : set([81])p: 1.0
--- testing 864 : set([83])p: 1.0
--- testing 865 : set([50, 14, 34, 78])p: 1.0
--- testing 866 : set([105, 26, 14, 38, 78])p: 0.0240499364635
--- testing 867 : set([105, 26, 14, 34, 78])p: 1.0
--- testing 868 : set([105, 26, 38, 50, 78])p: 0.0240499364635
--- testing 869 : set([105, 2, 50, 26, 14])p: 0.00127300785429
--- testing 870 : set([105, 2, 14, 78])p: 0.0240499364635
--- testing 871 : set([105, 2, 38, 78])p: 0.0240499364635
--- testing 872 : set([105, 2, 34, 50, 78])p: 0.233146489913
--- testing 873 : set([105, 34, 14, 63])p: 0.233146489913
--- testing 874 : set([105, 50, 34, 63])p: 0.233146489913
--- testing 875 : set([105, 26, 50, 63])p: 0.233146489913
--- testing 876 : set([105, 50, 14, 78, 63])p: 0.0240499364635
--- testing 877 : set([26, 14, 78, 63])p: 0.233146489913
--- testing 878 : set([2, 14, 78, 63])p: 0.233146489913
--- testing 879 : set([80, 105, 50, 38])p: 0.233146489913
--- testing 880 : set([80, 26, 14, 38])p: 0.233146489913
--- testing 881 : set([80, 2, 14, 38])p: 1.0
--- testing 882 : set([80, 2, 26, 14])p: 1.0
--- testing 883 : set([80, 2, 14, 63])p: 0.0240499364635
--- testing 884 : set([105, 10, 34, 14])p: 1.0
--- testing 885 : set([105, 10, 34, 50])p: 1.0
--- testing 886 : set([10, 38, 34, 78])p: 0.233146489913
--- testing 887 : set([105, 10, 2])p: 0.0240499364635
--- testing 888 : set([10, 34, 63])p: 1.0
--- testing 889 : set([10, 2, 14, 63])p: 1.0
--- testing 890 : set([80, 105, 10])p: 0.233146489913
--- testing 891 : set([80, 10, 34])p: 0.233146489913
--- testing 892 : set([96, 26, 14, 38])p: 1.0
--- testing 893 : set([96, 34, 14, 78])p: 1.0
--- testing 894 : set([96, 50, 14, 78])p: 0.0240499364635
--- testing 895 : set([96, 26, 78])p: 0.0240499364635
--- testing 896 : set([96, 105, 2, 38])p: 0.233146489913
--- testing 897 : set([96, 105, 2, 50])p: 0.0240499364635
--- testing 898 : set([96, 2, 26])p: 1.0
--- testing 899 : set([96, 2, 78])p: 0.233146489913
--- testing 900 : set([96, 105, 63])p: 0.0240499364635
--- testing 901 : set([96, 26, 34, 63])p: 1.0
--- testing 902 : set([96, 80, 38])p: 0.233146489913
--- testing 903 : set([96, 105, 10])p: 0.233146489913
--- testing 904 : set([96, 10, 14, 38])p: 1.0
--- testing 905 : set([96, 10, 34])p: 1.0
--- testing 906 : set([105, 50, 34, 85, 38])p: 0.00127300785429
--- testing 907 : set([105, 26, 85, 38])p: 0.233146489913
--- testing 908 : set([105, 14, 85, 78])p: 1.0
--- testing 909 : set([50, 14, 85, 78])p: 1.0
--- testing 910 : set([105, 2, 85, 14])p: 0.233146489913
--- testing 911 : set([2, 14, 85, 38])p: 1.0
--- testing 912 : set([105, 2, 34, 85])p: 0.0240499364635
--- testing 913 : set([105, 2, 50, 85])p: 0.233146489913
--- testing 914 : set([2, 26, 85])p: 1.0
--- testing 915 : set([2, 85, 78])p: 0.233146489913
--- testing 916 : set([80, 105, 34, 85])p: 0.0240499364635
--- testing 917 : set([80, 50, 85, 14])p: 0.0240499364635
--- testing 918 : set([80, 105, 85, 78])p: 1.0
--- testing 919 : set([80, 85, 63])p: 0.233146489913
--- testing 920 : set([105, 10, 85, 38])p: 0.233146489913
--- testing 921 : set([10, 26, 85, 14])p: 1.0
--- testing 922 : set([105, 10, 85, 78])p: 0.233146489913
--- testing 923 : set([96, 105, 50, 85])p: 1.0
--- testing 924 : set([96, 85, 78])p: 1.0
--- testing 925 : set([96, 85, 14, 63])p: 1.0
--- testing 926 : set([50, 4, 14])p: 0.0240499364635
--- testing 927 : set([50, 4, 38])p: 0.233146489913
--- testing 928 : set([105, 26, 4, 38])p: 0.233146489913
--- testing 929 : set([4, 38, 78])p: 1.0
--- testing 930 : set([2, 4, 38])p: 1.0
--- testing 931 : set([34, 4, 63])p: 1.0
--- testing 932 : set([26, 4, 63])p: 0.233146489913
--- testing 933 : set([105, 10, 4])p: 0.0240499364635
--- testing 934 : set([10, 4, 14, 38])p: 1.0
--- testing 935 : set([96, 4, 38])p: 1.0
--- testing 936 : set([96, 2, 4])p: 1.0
--- testing 937 : set([34, 4, 85])p: 1.0
--- testing 938 : set([105, 38, 6])p: 1.0
--- testing 939 : set([50, 14, 6])p: 1.0
--- testing 940 : set([26, 38, 6])p: 1.0
--- testing 941 : set([105, 78, 6])p: 0.233146489913
--- testing 942 : set([2, 6])p: 0.233146489913
--- testing 943 : set([6, 63])p: 0.233146489913
--- testing 944 : set([4, 6])p: 0.233146489913
--- testing 945 : set([105, 34, 23])p: 0.0240499364635
--- testing 946 : set([50, 14, 23])p: 0.0240499364635
--- testing 947 : set([50, 38, 23])p: 0.0240499364635
--- testing 948 : set([105, 78, 23])p: 0.0240499364635
--- testing 949 : set([105, 2, 23])p: 0.00127300785429
--- testing 950 : set([85, 23])p: 1.0
--- testing 951 : set([38, 6, 23])p: 1.0
--- testing 952 : set([8, 105, 38])p: 1.0
--- testing 953 : set([8, 14, 63])p: 1.0
--- testing 954 : set([8, 80])p: 1.0
--- testing 955 : set([8, 96, 34])p: 0.233146489913
--- testing 956 : set([8, 85])p: 1.0
--- testing 957 : set([106, 14, 38])p: 0.233146489913
--- testing 958 : set([106, 50, 14])p: 0.233146489913
--- testing 959 : set([106, 26, 78])p: 1.0
--- testing 960 : set([105, 106, 10])p: 1.0
--- testing 961 : set([96, 106, 14])p: 0.233146489913
--- testing 962 : set([34, 14, 31])p: 1.0
--- testing 963 : set([105, 26, 14, 31])p: 0.233146489913
--- testing 964 : set([96, 14, 31])p: 1.0
--- testing 965 : set([85, 14, 31])p: 1.0
--- testing 966 : set([96, 85, 31])p: 1.0
--- testing 967 : set([105, 78, 86])p: 0.0240499364635
--- testing 968 : set([50, 78, 86])p: 0.0240499364635
--- testing 969 : set([14, 86, 63])p: 1.0
--- testing 970 : set([38, 86, 63])p: 1.0
--- testing 971 : set([4, 86])p: 1.0
--- testing 972 : set([6, 86])p: 1.0
--- testing 973 : set([105, 26, 95])p: 0.233146489913
--- testing 974 : set([26, 14, 38, 95])p: 1.0
--- testing 975 : set([26, 34, 14, 95])p: 1.0
--- testing 976 : set([2, 26, 95])p: 1.0
--- testing 977 : set([10, 95])p: 1.0
--- testing 978 : set([96, 38, 95])p: 1.0
--- testing 979 : set([8, 95])p: 1.0
--- testing 980 : set([106, 95])p: 1.0
--- testing 981 : set([34, 59, 38])p: 0.233146489913
--- testing 982 : set([26, 59, 38])p: 0.233146489913
--- testing 983 : set([10, 59, 14])p: 1.0
--- testing 984 : set([34, 20, 78])p: 1.0
--- testing 985 : set([2, 20])p: 0.0240499364635
--- testing 986 : set([10, 20])p: 0.233146489913
--- testing 987 : set([20, 6])p: 1.0
--- testing 988 : set([2, 38, 71])p: 1.0
--- testing 989 : set([63, 14, 71])p: 1.0
--- testing 990 : set([53, 38, 63])p: 0.233146489913
--- testing 991 : set([80, 53])p: 1.0
--- testing 992 : set([4, 53])p: 0.233146489913
--- testing 993 : set([2, 36])p: 1.0
--- testing 994 : set([80, 36])p: 0.233146489913
--- testing 995 : set([10, 36, 14])p: 1.0
--- testing 996 : set([96, 36])p: 1.0
--- testing 997 : set([26, 92, 14, 38])p: 0.00127300785429
--- testing 998 : set([26, 92, 34])p: 0.0240499364635
--- testing 999 : set([105, 92, 78])p: 0.233146489913
--- testing 1000 : set([2, 92])p: 0.0240499364635
--- testing 1001 : set([90, 63])p: 1.0
--- testing 1002 : set([32, 105, 34])p: 0.233146489913
--- testing 1003 : set([32, 50])p: 1.0
--- testing 1004 : set([34, 14, 38, 39])p: 0.233146489913
--- testing 1005 : set([63, 38, 39])p: 1.0
--- testing 1006 : set([80, 39])p: 0.233146489913
--- testing 1007 : set([105, 98, 50])p: 0.00127300785429
--- testing 1008 : set([98, 2, 14])p: 0.233146489913
--- testing 1009 : set([98, 85, 14])p: 1.0
--- testing 1010 : set([14, 38, 54])p: 1.0
--- testing 1011 : set([56, 105, 50])p: 0.233146489913
--- testing 1012 : set([56, 2])p: 0.233146489913
--- testing 1013 : set([34, 15])p: 1.0
--- testing 1014 : set([63, 15])p: 1.0
--- testing 1015 : set([41, 50])p: 1.0
--- testing 1016 : set([41, 10])p: 0.233146489913
--- testing 1017 : set([96, 41])p: 0.233146489913
--- testing 1018 : set([61, 14])p: 1.0
--- testing 1019 : set([74, 14])p: 1.0
--- testing 1020 : set([64, 34])p: 1.0
--- testing 1021 : set([84, 38])p: 1.0
--- testing 1022 : set([14, 55])p: 0.233146489913
--- testing 1023 : set([2, 55])p: 1.0
--- testing 1024 : set([14, 7])p: 1.0
--- testing 1025 : set([38, 7])p: 1.0
--- testing 1026 : set([14, 103])p: 1.0
--- testing 1027 : set([26, 103])p: 1.0
--- testing 1028 : set([72, 105])p: 0.0240499364635
--- testing 1029 : set([25, 14])p: 1.0
--- testing 1030 : set([105, 60])p: 0.0240499364635
--- testing 1031 : set([91, 14])p: 1.0
--- testing 1032 : set([105, 91])p: 0.233146489913
--- testing 1033 : set([48, 38])p: 1.0
--- testing 1034 : set([105, 62])p: 0.0240499364635
--- testing 1035 : set([34, 67])p: 1.0
--- testing 1036 : set([105, 19])p: 0.0240499364635
--- testing 1037 : set([65, 38])p: 1.0
--- testing 1038 : set([11])p: 1.0
--- testing 1039 : set([47])p: 1.0
--- testing 1040 : set([68])p: 0.233146489913
--- testing 1041 : set([14, 26, 34, 50, 38])p: 0.191327179223
--- testing 1042 : set([38, 105, 14, 50, 78, 26])p: 0.0149391650198
--- testing 1043 : set([26, 34, 50, 78])p: 1.0
--- testing 1044 : set([105, 2, 34, 50, 38])p: 0.191327179223
--- testing 1045 : set([105, 2, 34, 26])p: 0.191327179223
--- testing 1046 : set([14, 2, 50, 26, 38])p: 0.000529615799473
--- testing 1047 : set([34, 2, 50, 26])p: 0.191327179223
--- testing 1048 : set([2, 38, 34, 78])p: 0.191327179223
--- testing 1049 : set([105, 2, 14, 50, 78])p: 0.0149391650198
--- testing 1050 : set([105, 2, 38, 50, 78])p: 0.191327179223
--- testing 1051 : set([2, 34, 26, 78])p: 1.0
--- testing 1052 : set([2, 50, 26, 78])p: 0.0149391650198
--- testing 1053 : set([105, 50, 38, 63])p: 0.191327179223
--- testing 1054 : set([105, 26, 14, 38, 63])p: 0.191327179223
--- testing 1055 : set([26, 34, 14, 63])p: 1.0
--- testing 1056 : set([26, 34, 50, 63])p: 1.0
--- testing 1057 : set([105, 14, 38, 78, 63])p: 0.191327179223
--- testing 1058 : set([34, 78, 63])p: 1.0
--- testing 1059 : set([50, 38, 78, 63])p: 0.191327179223
--- testing 1060 : set([2, 34, 50, 63])p: 0.191327179223
--- testing 1061 : set([2, 34, 26, 63])p: 1.0
--- testing 1062 : set([80, 34, 14, 38])p: 0.191327179223
--- testing 1063 : set([80, 105, 50, 34])p: 0.0149391650198
--- testing 1064 : set([80, 105, 26, 38])p: 0.0149391650198
--- testing 1065 : set([80, 105, 50, 14, 78])p: 0.191327179223
--- testing 1066 : set([80, 2, 50, 14])p: 0.0149391650198
--- testing 1067 : set([80, 2, 78])p: 1.0
--- testing 1068 : set([105, 10, 14, 50, 38])p: 0.191327179223
--- testing 1069 : set([105, 10, 34, 50, 38])p: 1.0
--- testing 1070 : set([105, 10, 14, 26, 38])p: 0.191327179223
--- testing 1071 : set([10, 34, 26, 14])p: 1.0
--- testing 1072 : set([105, 10, 34, 26])p: 1.0
--- testing 1073 : set([10, 34, 26, 38])p: 1.0
--- testing 1074 : set([10, 50, 26])p: 0.191327179223
--- testing 1075 : set([105, 10, 38, 34, 78])p: 0.191327179223
--- testing 1076 : set([105, 10, 50, 78])p: 0.191327179223
--- testing 1077 : set([105, 10, 2, 38])p: 0.0149391650198
--- testing 1078 : set([10, 34, 2])p: 0.191327179223
--- testing 1079 : set([10, 50, 2])p: 0.191327179223
--- testing 1080 : set([38, 10, 26, 2, 14])p: 0.191327179223
--- testing 1081 : set([96, 105, 50, 38])p: 0.191327179223
--- testing 1082 : set([96, 105, 50, 34])p: 0.191327179223
--- testing 1083 : set([96, 105, 26, 38])p: 1.0
--- testing 1084 : set([96, 26, 34, 38])p: 1.0
--- testing 1085 : set([96, 26, 50])p: 0.191327179223
--- testing 1086 : set([96, 14, 38, 78])p: 1.0
--- testing 1087 : set([96, 105, 34, 78])p: 0.191327179223
--- testing 1088 : set([96, 105, 50, 14, 78])p: 0.0149391650198
--- testing 1089 : set([96, 2, 14, 38])p: 0.191327179223
--- testing 1090 : set([96, 105, 2, 34])p: 0.0149391650198
--- testing 1091 : set([96, 2, 34, 38])p: 0.191327179223
--- testing 1092 : set([96, 105, 2, 50, 78])p: 0.191327179223
--- testing 1093 : set([96, 80, 105])p: 0.191327179223
--- testing 1094 : set([96, 105, 10, 34])p: 1.0
--- testing 1095 : set([96, 10, 78])p: 0.191327179223
--- testing 1096 : set([105, 50, 14, 85, 38])p: 0.0149391650198
--- testing 1097 : set([105, 26, 50, 85])p: 1.0
--- testing 1098 : set([105, 38, 85, 78])p: 0.0149391650198
--- testing 1099 : set([26, 14, 85, 78])p: 1.0
--- testing 1100 : set([105, 2, 85, 38])p: 0.191327179223
--- testing 1101 : set([105, 85, 14, 63])p: 0.191327179223
--- testing 1102 : set([85, 78, 63])p: 1.0
--- testing 1103 : set([80, 105, 50, 85, 14])p: 0.0149391650198
--- testing 1104 : set([80, 85, 14, 63])p: 0.191327179223
--- testing 1105 : set([105, 10, 85, 14])p: 1.0
--- testing 1106 : set([10, 34, 85])p: 0.0149391650198
--- testing 1107 : set([10, 85, 63])p: 1.0
--- testing 1108 : set([96, 34, 85, 14])p: 1.0
--- testing 1109 : set([96, 34, 85, 38])p: 1.0
--- testing 1110 : set([96, 105, 50, 85, 14])p: 1.0
--- testing 1111 : set([96, 50, 34, 85])p: 1.0
--- testing 1112 : set([96, 34, 85, 78])p: 1.0
--- testing 1113 : set([96, 2, 85, 38])p: 1.0
--- testing 1114 : set([96, 85, 38, 63])p: 1.0
--- testing 1115 : set([96, 80, 85])p: 1.0
--- testing 1116 : set([105, 50, 4, 34])p: 0.191327179223
--- testing 1117 : set([26, 4, 14, 38])p: 1.0
--- testing 1118 : set([26, 4, 50])p: 1.0
--- testing 1119 : set([105, 4, 63])p: 0.191327179223
--- testing 1120 : set([50, 4, 63])p: 0.191327179223
--- testing 1121 : set([80, 105, 4])p: 1.0
--- testing 1122 : set([80, 4, 38])p: 1.0
--- testing 1123 : set([10, 4, 26])p: 1.0
--- testing 1124 : set([105, 4, 85])p: 1.0
--- testing 1125 : set([50, 4, 85])p: 1.0
--- testing 1126 : set([26, 4, 85])p: 1.0
--- testing 1127 : set([105, 14, 38, 6])p: 1.0
--- testing 1128 : set([34, 14, 38, 6])p: 1.0
--- testing 1129 : set([105, 50, 6])p: 1.0
--- testing 1130 : set([26, 34, 6])p: 0.191327179223
--- testing 1131 : set([10, 6])p: 1.0
--- testing 1132 : set([105, 26, 23])p: 1.0
--- testing 1133 : set([63, 14, 23])p: 1.0
--- testing 1134 : set([80, 23])p: 1.0
--- testing 1135 : set([4, 23])p: 0.191327179223
--- testing 1136 : set([34, 6, 23])p: 0.191327179223
--- testing 1137 : set([8, 34, 14, 38])p: 1.0
--- testing 1138 : set([8, 105, 50, 14])p: 0.191327179223
--- testing 1139 : set([8, 105, 26])p: 0.191327179223
--- testing 1140 : set([8, 26, 38])p: 1.0
--- testing 1141 : set([8, 2, 78])p: 0.0149391650198
--- testing 1142 : set([8, 96, 38])p: 1.0
--- testing 1143 : set([8, 96, 26])p: 0.191327179223
--- testing 1144 : set([8, 96, 78])p: 0.0149391650198
--- testing 1145 : set([8, 96, 63])p: 1.0
--- testing 1146 : set([8, 105, 23])p: 0.191327179223
--- testing 1147 : set([105, 106, 38])p: 1.0
--- testing 1148 : set([106, 34, 14])p: 1.0
--- testing 1149 : set([105, 106, 50, 14])p: 0.191327179223
--- testing 1150 : set([106, 50, 38])p: 0.191327179223
--- testing 1151 : set([106, 34, 50])p: 0.191327179223
--- testing 1152 : set([106, 26, 14])p: 1.0
--- testing 1153 : set([105, 106, 26])p: 1.0
--- testing 1154 : set([106, 34, 26])p: 1.0
--- testing 1155 : set([106, 14, 78])p: 0.191327179223
--- testing 1156 : set([106, 4])p: 1.0
--- testing 1157 : set([106, 6])p: 0.191327179223
--- testing 1158 : set([26, 34, 14, 31])p: 1.0
--- testing 1159 : set([105, 26, 34, 31])p: 0.191327179223
--- testing 1160 : set([26, 50, 31])p: 1.0
--- testing 1161 : set([105, 78, 31])p: 0.191327179223
--- testing 1162 : set([2, 26, 31])p: 1.0
--- testing 1163 : set([63, 14, 31])p: 1.0
--- testing 1164 : set([105, 63, 31])p: 0.191327179223
--- testing 1165 : set([85, 38, 31])p: 1.0
--- testing 1166 : set([105, 34, 86])p: 0.191327179223
--- testing 1167 : set([50, 38, 86])p: 1.0
--- testing 1168 : set([105, 50, 78, 86])p: 0.0149391650198
--- testing 1169 : set([96, 105, 86])p: 1.0
--- testing 1170 : set([85, 86])p: 1.0
--- testing 1171 : set([86, 23])p: 1.0
--- testing 1172 : set([8, 86])p: 1.0
--- testing 1173 : set([105, 38, 95])p: 1.0
--- testing 1174 : set([34, 14, 38, 95])p: 1.0
--- testing 1175 : set([50, 14, 38, 95])p: 1.0
--- testing 1176 : set([105, 50, 34, 95])p: 0.191327179223
--- testing 1177 : set([50, 34, 38, 95])p: 1.0
--- testing 1178 : set([26, 50, 38, 95])p: 1.0
--- testing 1179 : set([26, 34, 50, 95])p: 0.191327179223
--- testing 1180 : set([105, 2, 95])p: 0.191327179223
--- testing 1181 : set([2, 34, 95])p: 0.191327179223
--- testing 1182 : set([96, 26, 14, 95])p: 1.0
--- testing 1183 : set([96, 26, 38, 95])p: 1.0
--- testing 1184 : set([105, 85, 95])p: 0.191327179223
--- testing 1185 : set([34, 85, 95])p: 1.0
--- testing 1186 : set([26, 85, 95])p: 1.0
--- testing 1187 : set([8, 26, 95])p: 1.0
--- testing 1188 : set([106, 34, 95])p: 1.0
--- testing 1189 : set([26, 31, 95])p: 1.0
--- testing 1190 : set([50, 59, 38])p: 1.0
--- testing 1191 : set([59, 14, 78])p: 1.0
--- testing 1192 : set([59, 14, 63])p: 1.0
--- testing 1193 : set([59, 85])p: 1.0
--- testing 1194 : set([105, 34, 20])p: 0.191327179223
--- testing 1195 : set([26, 20])p: 1.0
--- testing 1196 : set([96, 20])p: 1.0
--- testing 1197 : set([105, 14, 71])p: 1.0
--- testing 1198 : set([105, 38, 71])p: 1.0
--- testing 1199 : set([34, 71])p: 1.0
--- testing 1200 : set([26, 71])p: 1.0
--- testing 1201 : set([63, 38, 71])p: 1.0
--- testing 1202 : set([10, 71])p: 1.0
--- testing 1203 : set([4, 71])p: 1.0
--- testing 1204 : set([50, 53])p: 1.0
--- testing 1205 : set([53, 78])p: 1.0
--- testing 1206 : set([53, 14, 63])p: 0.191327179223
--- testing 1207 : set([96, 53, 38])p: 1.0
--- testing 1208 : set([53, 85])p: 1.0
--- testing 1209 : set([105, 36, 14])p: 0.191327179223
--- testing 1210 : set([105, 34, 36])p: 0.191327179223
--- testing 1211 : set([105, 50, 92, 78])p: 0.191327179223
--- testing 1212 : set([92, 63])p: 0.191327179223
--- testing 1213 : set([92, 86])p: 1.0
--- testing 1214 : set([90, 14, 38])p: 1.0
--- testing 1215 : set([90, 34])p: 1.0
--- testing 1216 : set([105, 90, 50])p: 0.0149391650198
--- testing 1217 : set([90, 26, 14])p: 1.0
--- testing 1218 : set([90, 85])p: 1.0
--- testing 1219 : set([32, 26])p: 1.0
--- testing 1220 : set([105, 14, 39])p: 0.191327179223
--- testing 1221 : set([50, 39])p: 1.0
--- testing 1222 : set([26, 34, 39])p: 0.191327179223
--- testing 1223 : set([2, 14, 39])p: 0.191327179223
--- testing 1224 : set([80, 38, 39])p: 0.191327179223
--- testing 1225 : set([10, 38, 39])p: 0.191327179223
--- testing 1226 : set([96, 14, 39])p: 0.191327179223
--- testing 1227 : set([96, 105, 39])p: 0.0149391650198
--- testing 1228 : set([96, 38, 39])p: 0.000529615799473
--- testing 1229 : set([98, 50, 14])p: 0.191327179223
--- testing 1230 : set([98, 26, 14])p: 1.0
--- testing 1231 : set([98, 78])p: 0.191327179223
--- testing 1232 : set([98, 34, 2])p: 1.0
--- testing 1233 : set([98, 14, 63])p: 1.0
--- testing 1234 : set([98, 23])p: 0.191327179223
--- testing 1235 : set([98, 31])p: 0.191327179223
--- testing 1236 : set([14, 54, 63])p: 0.191327179223
--- testing 1237 : set([80, 54])p: 1.0
--- testing 1238 : set([4, 54])p: 1.0
--- testing 1239 : set([56, 105, 14])p: 1.0
--- testing 1240 : set([56, 14, 38])p: 1.0
--- testing 1241 : set([56, 105, 38])p: 0.191327179223
--- testing 1242 : set([56, 26, 14])p: 1.0
--- testing 1243 : set([56, 105, 26])p: 1.0
--- testing 1244 : set([56, 105, 78])p: 0.191327179223
--- testing 1245 : set([50, 15])p: 0.191327179223
--- testing 1246 : set([80, 15])p: 1.0
--- testing 1247 : set([41, 14, 105])p: 1.0
--- testing 1248 : set([41, 50, 34])p: 1.0
--- testing 1249 : set([41, 26, 14])p: 1.0
--- testing 1250 : set([41, 26, 34])p: 1.0
--- testing 1251 : set([41, 106])p: 1.0
--- testing 1252 : set([41, 34, 95])p: 1.0
--- testing 1253 : set([41, 38, 39])p: 0.0149391650198
--- testing 1254 : set([61, 63])p: 1.0
--- testing 1255 : set([74, 34])p: 1.0
--- testing 1256 : set([96, 74])p: 1.0
--- testing 1257 : set([64, 96])p: 1.0
--- testing 1258 : set([2, 69])p: 1.0
--- testing 1259 : set([84, 78])p: 1.0
--- testing 1260 : set([34, 55])p: 1.0
--- testing 1261 : set([14, 22])p: 1.0
--- testing 1262 : set([72, 34])p: 1.0
--- testing 1263 : set([72, 50])p: 0.191327179223
--- testing 1264 : set([10, 101])p: 1.0
--- testing 1265 : set([10, 100])p: 1.0
--- testing 1266 : set([60, 63])p: 1.0
--- testing 1267 : set([91, 38])p: 1.0
--- testing 1268 : set([16, 38])p: 0.191327179223
--- testing 1269 : set([105, 66])p: 0.191327179223
--- testing 1270 : set([21, 14])p: 1.0
--- testing 1271 : set([26, 21])p: 1.0
--- testing 1272 : set([34, 62])p: 1.0
--- testing 1273 : set([73, 105])p: 0.191327179223
--- testing 1274 : set([12, 38])p: 1.0
--- testing 1275 : set([14, 70])p: 1.0
--- testing 1276 : set([105, 34, 67])p: 1.0
--- testing 1277 : set([82, 14])p: 1.0
--- testing 1278 : set([105, 45])p: 1.0
--- testing 1279 : set([26, 99])p: 1.0
--- testing 1280 : set([37])p: 1.0
--- testing 1281 : set([40])p: 1.0
--- testing 1282 : set([51])p: 1.0
--- testing 1283 : set([58])p: 1.0
--- testing 1284 : set([87])p: 1.0
