trsact: data/conditions/data_472.csv.4lcm53 ,#transactions 16228 ,#items 107 ,size 18365 extracted database: #transactions 16228 ,#items 97 ,size 18346
 output to: data/conditions/data_472.csv.4lcm53.results.lcm/data_472.csv.4lcm53.lowsup4.closed
separated at 0
iters=1187
1182
1
97
393
475
198
18
finish calculation of K: 1181
4
--- testing 1 : set([14])p: 7.13872882862e-10
--- testing 2 : set([105])p: 1.39498625466e-265
--- testing 3 : set([38])p: 0.345867841543
--- testing 4 : set([34])p: 1.821709806e-14
--- testing 5 : set([26])p: 2.01440409449e-07
--- testing 6 : set([52])p: 1.647832819e-95
--- testing 7 : set([14, 38])p: 0.0226980541886
--- testing 8 : set([78])p: 5.43255825155e-49
--- testing 9 : set([2])p: 1.00658505013e-08
--- testing 10 : set([63])p: 0.00640199648678
--- testing 11 : set([80])p: 0.0175223410548
--- testing 12 : set([10])p: 0.666366470278
--- testing 13 : set([105, 52])p: 2.82915096892e-117
--- testing 14 : set([96])p: 0.0807527061351
--- testing 15 : set([105, 14])p: 1.20291909481e-52
--- testing 16 : set([85])p: 5.26073401083e-08
--- testing 17 : set([105, 38])p: 1.12301558935e-29
--- testing 18 : set([4])p: 0.231841800083
--- testing 19 : set([105, 34])p: 5.06097767752e-40
--- testing 20 : set([34, 14])p: 1.27092133531e-05
--- testing 21 : set([105, 78])p: 7.09404274819e-63
--- testing 22 : set([26, 14])p: 1.98923502943e-05
--- testing 23 : set([34, 38])p: 0.0151619608186
--- testing 24 : set([10, 38])p: 0.834062970314
--- testing 25 : set([26, 38])p: 0.00045412242074
--- testing 26 : set([2, 14])p: 2.15649845043e-08
--- testing 27 : set([10, 14])p: 0.133390210356
--- testing 28 : set([6])p: 0.947839231209
--- testing 29 : set([105, 26])p: 1.68669180785e-24
--- testing 30 : set([14, 63])p: 0.00890212854799
--- testing 31 : set([105, 2])p: 8.39596954783e-26
--- testing 32 : set([26, 34])p: 1.24798950007e-06
--- testing 33 : set([23])p: 0.113360197551
--- testing 34 : set([14, 78])p: 3.0514256515e-09
--- testing 35 : set([8])p: 0.338994247978
--- testing 36 : set([52, 14])p: 5.15112332139e-22
--- testing 37 : set([96, 14])p: 0.000787615465662
--- testing 38 : set([38, 63])p: 0.547956307962
--- testing 39 : set([106])p: 0.0235934375358
--- testing 40 : set([31])p: 0.00458851283109
--- testing 41 : set([86])p: 0.0595827715518
--- testing 42 : set([85, 14])p: 1.04560372676e-07
--- testing 43 : set([95])p: 0.0308604400472
--- testing 44 : set([105, 14, 38])p: 6.18840643724e-14
--- testing 45 : set([34, 78])p: 1.41135623576e-11
--- testing 46 : set([2, 38])p: 0.00371730448542
--- testing 47 : set([52, 38])p: 4.44271838166e-13
--- testing 48 : set([80, 14])p: 0.00699216817275
--- testing 49 : set([10, 14, 38])p: 0.389388001683
--- testing 50 : set([38, 78])p: 1.40467326112e-06
--- testing 51 : set([80, 105])p: 1.42045814156e-09
--- testing 52 : set([85, 38])p: 0.00356675337723
--- testing 53 : set([80, 38])p: 0.4405276
--- testing 54 : set([105, 85])p: 5.92178750557e-14
--- testing 55 : set([105, 63])p: 2.58821443598e-13
--- testing 56 : set([34, 52])p: 4.2491737937e-15
--- testing 57 : set([2, 34])p: 4.15389896741e-06
--- testing 58 : set([34, 14, 38])p: 0.195613009931
--- testing 59 : set([105, 52, 14])p: 2.82224795946e-26
--- testing 60 : set([96, 105])p: 1.00087975006e-07
--- testing 61 : set([59])p: 0.000608153720377
--- testing 62 : set([105, 10])p: 1.14232144257e-06
--- testing 63 : set([26, 14, 38])p: 0.00321512715838
--- testing 64 : set([96, 38])p: 0.209034105868
--- testing 65 : set([52, 78])p: 1.52850842647e-29
--- testing 66 : set([26, 78])p: 4.42635027291e-05
--- testing 67 : set([2, 63])p: 0.00125558776029
--- testing 68 : set([20])p: 0.164512057582
--- testing 69 : set([96, 34])p: 0.140202822087
--- testing 70 : set([71])p: 0.99800298816
--- testing 71 : set([105, 34, 14])p: 1.76576151684e-10
--- testing 72 : set([80, 78])p: 0.000144295680103
--- testing 73 : set([105, 52, 38])p: 5.01233392482e-16
--- testing 74 : set([53])p: 0.819436326878
--- testing 75 : set([26, 52])p: 2.35813123728e-11
--- testing 76 : set([105, 52, 78])p: 3.85279828706e-33
--- testing 77 : set([105, 34, 38])p: 1.00072138169e-07
--- testing 78 : set([14, 38, 63])p: 0.422011713281
--- testing 79 : set([105, 26, 14])p: 2.6673639734e-10
--- testing 80 : set([36])p: 0.0279994334083
--- testing 81 : set([4, 14])p: 0.563518059322
--- testing 82 : set([92])p: 0.00353641281715
--- testing 83 : set([4, 38])p: 0.549664633407
--- testing 84 : set([90])p: 0.115009019386
--- testing 85 : set([26, 85])p: 0.353077826207
--- testing 86 : set([32])p: 0.5356022854
--- testing 87 : set([2, 26])p: 0.00701603122532
--- testing 88 : set([34, 63])p: 0.00236180811
--- testing 89 : set([2, 14, 38])p: 0.00546647939155
--- testing 90 : set([80, 34])p: 0.312065168514
--- testing 91 : set([39])p: 0.685804339756
--- testing 92 : set([98])p: 0.0868281416828
--- testing 93 : set([26, 63])p: 0.0804845348247
--- testing 94 : set([54])p: 0.00152670652956
--- testing 95 : set([105, 34, 52])p: 5.54415424577e-21
--- testing 96 : set([105, 34, 78])p: 9.9439174908e-13
--- testing 97 : set([105, 14, 78])p: 5.56403548327e-12
--- testing 98 : set([105, 4])p: 5.773616464e-07
--- testing 99 : set([96, 26])p: 0.618880830909
--- testing 100 : set([56])p: 0.0579484867577
--- testing 101 : set([14, 85, 38])p: 0.0210383776017
--- testing 102 : set([34, 85])p: 0.00744917907734
--- testing 103 : set([96, 85])p: 0.0483676191191
--- testing 104 : set([15])p: 0.589741882817
--- testing 105 : set([26, 34, 14])p: 0.00569273091118
--- testing 106 : set([2, 78])p: 2.83802661543e-08
--- testing 107 : set([10, 34])p: 0.102131914236
--- testing 108 : set([96, 63])p: 0.0439894074823
--- testing 109 : set([80, 26])p: 0.184596926484
--- testing 110 : set([105, 26, 34])p: 9.86174447516e-09
--- testing 111 : set([105, 26, 38])p: 4.61831887971e-09
--- testing 112 : set([26, 34, 38])p: 0.00072668937322
--- testing 113 : set([10, 26])p: 0.495091453417
--- testing 114 : set([96, 2])p: 0.0260194373019
--- testing 115 : set([2, 52])p: 4.31903574924e-12
--- testing 116 : set([80, 85])p: 0.00060053496371
--- testing 117 : set([14, 6])p: 0.279926780121
--- testing 118 : set([105, 2, 14])p: 2.60446750494e-11
--- testing 119 : set([8, 14])p: 0.0501403368476
--- testing 120 : set([14, 38, 78])p: 0.00492200234991
--- testing 121 : set([105, 10, 38])p: 0.0159253727878
--- testing 122 : set([41])p: 0.236051242593
--- testing 123 : set([61])p: 0.968514842917
--- testing 124 : set([105, 26, 52])p: 2.67279463626e-13
--- testing 125 : set([78, 63])p: 7.80315675265e-06
--- testing 126 : set([80, 52])p: 7.80315675265e-06
--- testing 127 : set([85, 78])p: 4.26783623542e-05
--- testing 128 : set([80, 2])p: 0.0854361815632
--- testing 129 : set([85, 63])p: 0.01048167746
--- testing 130 : set([105, 106])p: 0.000746553031804
--- testing 131 : set([14, 31])p: 0.0854361815632
--- testing 132 : set([52, 14, 38])p: 1.25812162588e-09
--- testing 133 : set([105, 10, 14])p: 0.00206681748001
--- testing 134 : set([105, 38, 78])p: 4.7191018302e-10
--- testing 135 : set([52, 63])p: 4.39484530025e-11
--- testing 136 : set([80, 14, 38])p: 0.554918449062
--- testing 137 : set([96, 14, 38])p: 0.0633110318689
--- testing 138 : set([34, 4])p: 0.0633110318689
--- testing 139 : set([14, 23])p: 0.155594749646
--- testing 140 : set([38, 23])p: 0.155594749646
--- testing 141 : set([96, 78])p: 1.0179279904e-05
--- testing 142 : set([2, 85])p: 0.00553311442736
--- testing 143 : set([38, 6])p: 0.945383042095
--- testing 144 : set([14, 95])p: 0.0567802610142
--- testing 145 : set([34, 95])p: 0.0567802610142
--- testing 146 : set([26, 95])p: 0.0567802610142
--- testing 147 : set([2, 14, 63])p: 0.00463745159355
--- testing 148 : set([105, 2, 34])p: 1.03907102315e-08
--- testing 149 : set([105, 14, 63])p: 0.000904922773916
--- testing 150 : set([105, 6])p: 0.269803236506
--- testing 151 : set([74])p: 0.498492091498
--- testing 152 : set([105, 85, 14])p: 6.05097961163e-10
--- testing 153 : set([26, 4])p: 0.252737763842
--- testing 154 : set([105, 34, 14, 38])p: 0.00260303708874
--- testing 155 : set([14, 86])p: 0.458935563836
--- testing 156 : set([64])p: 0.458935563836
--- testing 157 : set([105, 26, 78])p: 2.16677092712e-07
--- testing 158 : set([2, 34, 14])p: 1.27095751311e-05
--- testing 159 : set([52, 85])p: 1.27095751311e-05
--- testing 160 : set([105, 23])p: 0.0021094135372
--- testing 161 : set([59, 14])p: 0.0021094135372
--- testing 162 : set([2, 26, 14])p: 0.00723739424374
--- testing 163 : set([105, 2, 52])p: 4.93947502493e-17
--- testing 164 : set([10, 63])p: 0.672813143624
--- testing 165 : set([96, 105, 14])p: 4.29136361771e-05
--- testing 166 : set([8, 105])p: 0.0013433913348
--- testing 167 : set([105, 31])p: 4.29136361771e-05
--- testing 168 : set([38, 86])p: 0.187303111397
--- testing 169 : set([80, 105, 14])p: 5.24554413401e-08
--- testing 170 : set([80, 63])p: 0.376299536765
--- testing 171 : set([96, 52])p: 0.000193727269645
--- testing 172 : set([8, 26])p: 0.376299536765
--- testing 173 : set([105, 95])p: 0.00490219356771
--- testing 174 : set([38, 71])p: 1.0
--- testing 175 : set([38, 39])p: 0.376299536765
--- testing 176 : set([34, 52, 14])p: 3.16466077069e-07
--- testing 177 : set([105, 2, 38])p: 2.15480711468e-05
--- testing 178 : set([80, 105, 78])p: 2.15480711468e-05
--- testing 179 : set([10, 26, 14])p: 0.35515295273
--- testing 180 : set([105, 86])p: 0.000816719660118
--- testing 181 : set([14, 39])p: 0.35515295273
--- testing 182 : set([10, 78])p: 0.0136723379823
--- testing 183 : set([96, 80])p: 0.615255195326
--- testing 184 : set([14, 71])p: 0.880081517115
--- testing 185 : set([26, 52, 14])p: 7.43154003547e-05
--- testing 186 : set([34, 14, 78])p: 0.0422941242206
--- testing 187 : set([80, 105, 52])p: 1.16137871124e-06
--- testing 188 : set([10, 34, 38])p: 0.128611260069
--- testing 189 : set([80, 10])p: 0.594415166087
--- testing 190 : set([96, 4])p: 0.312645560525
--- testing 191 : set([38, 31])p: 0.594415166087
--- testing 192 : set([26, 31])p: 0.128611260069
--- testing 193 : set([69])p: 0.312645560525
--- testing 194 : set([84])p: 0.594415166087
--- testing 195 : set([26, 14, 78])p: 0.00196847377895
--- testing 196 : set([10, 26, 38])p: 0.291410833549
--- testing 197 : set([96, 34, 14])p: 0.572740581043
--- testing 198 : set([4, 63])p: 0.115331700708
--- testing 199 : set([8, 34])p: 0.572740581043
--- testing 200 : set([106, 14])p: 0.0363417226126
--- testing 201 : set([106, 38])p: 0.115331700708
--- testing 202 : set([105, 52, 14, 38])p: 4.17200975353e-13
--- testing 203 : set([26, 34, 78])p: 0.102693304213
--- testing 204 : set([2, 34, 38])p: 0.102693304213
--- testing 205 : set([80, 105, 38])p: 0.0309345757706
--- testing 206 : set([105, 10, 14, 38])p: 0.102693304213
--- testing 207 : set([10, 85])p: 0.270281337608
--- testing 208 : set([4, 14, 38])p: 0.848186307675
--- testing 209 : set([34, 23])p: 0.550234201244
--- testing 210 : set([8, 38])p: 0.270281337608
--- testing 211 : set([105, 52, 63])p: 3.73410753857e-12
--- testing 212 : set([105, 10, 34])p: 0.0260617443377
--- testing 213 : set([105, 85, 38])p: 2.39109387044e-05
--- testing 214 : set([34, 6])p: 0.835771636574
--- testing 215 : set([106, 34])p: 0.090733516139
--- testing 216 : set([105, 59])p: 2.66417552113e-06
--- testing 217 : set([53, 38])p: 0.835771636574
--- testing 218 : set([14, 15])p: 0.526904795941
--- testing 219 : set([105, 26, 14, 38])p: 1.61505611854e-06
--- testing 220 : set([34, 38, 78])p: 0.0047616668395
--- testing 221 : set([105, 2, 78])p: 6.34769420644e-10
--- testing 222 : set([105, 38, 63])p: 0.0794862514779
--- testing 223 : set([10, 52])p: 0.0047616668395
--- testing 224 : set([34, 85, 14])p: 0.000852944306437
--- testing 225 : set([98, 14])p: 0.0794862514779
--- testing 226 : set([55])p: 0.22864596596
--- testing 227 : set([105, 26, 34, 14])p: 0.00369565160321
--- testing 228 : set([10, 2])p: 0.0689812305453
--- testing 229 : set([96, 105, 34])p: 0.0689812305453
--- testing 230 : set([96, 26, 14])p: 0.208306004895
--- testing 231 : set([96, 10])p: 0.807816528051
--- testing 232 : set([26, 6])p: 0.807816528051
--- testing 233 : set([34, 31])p: 0.477847909223
--- testing 234 : set([38, 95])p: 0.00369565160321
--- testing 235 : set([59, 38])p: 0.0689812305453
--- testing 236 : set([36, 38])p: 0.807816528051
--- testing 237 : set([38, 15])p: 0.477847909223
--- testing 238 : set([22])p: 0.477847909223
--- testing 239 : set([34, 14, 63])p: 0.00281739171608
--- testing 240 : set([26, 14, 63])p: 0.188402465702
--- testing 241 : set([96, 105, 38])p: 0.0592432918451
--- testing 242 : set([96, 105, 52])p: 6.04900831148e-06
--- testing 243 : set([26, 85, 14])p: 0.452177251668
--- testing 244 : set([105, 52, 85])p: 3.85818997411e-08
--- testing 245 : set([4, 78])p: 0.188402465702
--- testing 246 : set([36, 14])p: 0.188402465702
--- testing 247 : set([7])p: 0.792103736678
--- testing 248 : set([103])p: 0.452177251668
--- testing 249 : set([26, 14, 34, 38])p: 0.0502916915325
--- testing 250 : set([52, 14, 78])p: 3.56585120543e-06
--- testing 251 : set([14, 78, 63])p: 0.000308026707787
--- testing 252 : set([96, 26, 34])p: 0.775107412427
--- testing 253 : set([105, 34, 85])p: 3.66385656935e-05
--- testing 254 : set([105, 26, 85])p: 0.0502916915325
--- testing 255 : set([53, 14])p: 0.425799773071
--- testing 256 : set([72])p: 0.0502916915325
--- testing 257 : set([101])p: 0.775107412427
--- testing 258 : set([105, 34, 52, 14])p: 8.42270868318e-09
--- testing 259 : set([26, 52, 38])p: 2.01163668128e-06
--- testing 260 : set([26, 38, 78])p: 0.00153762203903
--- testing 261 : set([2, 26, 38])p: 0.042139401871
--- testing 262 : set([105, 2, 63])p: 2.27132122248e-05
--- testing 263 : set([10, 14, 26, 38])p: 0.398771227445
--- testing 264 : set([10, 38, 63])p: 0.75672279983
--- testing 265 : set([34, 85, 38])p: 0.00153762203903
--- testing 266 : set([85, 14, 63])p: 0.150280658346
--- testing 267 : set([52, 4])p: 0.00153762203903
--- testing 268 : set([96, 6])p: 1.0
--- testing 269 : set([34, 52, 38])p: 0.00698345272739
--- testing 270 : set([105, 26, 52, 14])p: 1.07815894068e-06
--- testing 271 : set([105, 52, 14, 78])p: 1.07815894068e-06
--- testing 272 : set([105, 34, 63])p: 0.00698345272739
--- testing 273 : set([26, 34, 63])p: 0.0347924243424
--- testing 274 : set([105, 78, 63])p: 1.07815894068e-06
--- testing 275 : set([2, 38, 63])p: 0.1322571156
--- testing 276 : set([80, 26, 38])p: 0.736836601364
--- testing 277 : set([10, 34, 14])p: 0.371161164212
--- testing 278 : set([10, 14, 63])p: 1.0
--- testing 279 : set([105, 85, 78])p: 1.35125119832e-05
--- testing 280 : set([96, 85, 14])p: 0.00109442856029
--- testing 281 : set([4, 85])p: 0.0347924243424
--- testing 282 : set([8, 96])p: 0.1322571156
--- testing 283 : set([106, 26])p: 0.371161164212
--- testing 284 : set([105, 20])p: 0.000135969450913
--- testing 285 : set([105, 53])p: 0.1322571156
--- testing 286 : set([98, 34])p: 0.371161164212
--- testing 287 : set([105, 54])p: 1.07815894068e-06
--- testing 288 : set([100])p: 0.736836601364
--- testing 289 : set([34, 52, 78])p: 0.000756148874625
--- testing 290 : set([105, 2, 26])p: 7.66105172792e-06
--- testing 291 : set([2, 14, 78])p: 8.55460054712e-05
--- testing 292 : set([80, 2, 14])p: 0.0282491369036
--- testing 293 : set([10, 2, 14])p: 0.115057464202
--- testing 294 : set([96, 34, 38])p: 0.343054805552
--- testing 295 : set([96, 105, 78])p: 5.43888815837e-07
--- testing 296 : set([96, 2, 14])p: 0.115057464202
--- testing 297 : set([2, 85, 14])p: 0.000756148874625
--- testing 298 : set([80, 105, 85])p: 7.66105172792e-06
--- testing 299 : set([2, 4])p: 0.343054805552
--- testing 300 : set([106, 52])p: 8.55460054712e-05
--- testing 301 : set([85, 31])p: 0.115057464202
--- testing 302 : set([34, 20])p: 0.115057464202
--- testing 303 : set([14, 38, 39])p: 0.115057464202
--- testing 304 : set([56, 38])p: 0.715326281531
--- testing 305 : set([41, 14])p: 0.343054805552
--- testing 306 : set([25])p: 0.343054805552
--- testing 307 : set([60])p: 0.115057464202
--- testing 308 : set([91])p: 0.343054805552
--- testing 309 : set([2, 34, 26])p: 0.0224996993766
--- testing 310 : set([2, 52, 14])p: 2.55092227947e-07
--- testing 311 : set([105, 26, 63])p: 0.00384662494549
--- testing 312 : set([80, 34, 14])p: 0.0987809028332
--- testing 313 : set([80, 105, 34])p: 0.0224996993766
--- testing 314 : set([96, 14, 78])p: 0.00384662494549
--- testing 315 : set([26, 85, 38])p: 0.692059314283
--- testing 316 : set([14, 85, 78])p: 0.00384662494549
--- testing 317 : set([80, 85, 14])p: 0.00384662494549
--- testing 318 : set([10, 85, 38])p: 0.314555137883
--- testing 319 : set([10, 4])p: 0.692059314283
--- testing 320 : set([52, 23])p: 0.00384662494549
--- testing 321 : set([26, 14, 95])p: 0.0987809028332
--- testing 322 : set([26, 34, 95])p: 0.0224996993766
--- testing 323 : set([14, 54])p: 0.0987809028332
--- testing 324 : set([38, 54])p: 0.692059314283
--- testing 325 : set([56, 105])p: 0.00384662494549
--- testing 326 : set([16])p: 0.692059314283
--- testing 327 : set([48])p: 0.314555137883
--- testing 328 : set([66])p: 0.692059314283
--- testing 329 : set([105, 26, 34, 38])p: 2.93658665047e-05
--- testing 330 : set([105, 14, 38, 78])p: 0.000323392214499
--- testing 331 : set([26, 52, 78])p: 2.05053531512e-06
--- testing 332 : set([105, 2, 14, 38])p: 0.000323392214499
--- testing 333 : set([105, 2, 34, 14])p: 2.93658665047e-05
--- testing 334 : set([2, 14, 26, 38])p: 0.017525546195
--- testing 335 : set([105, 14, 38, 63])p: 0.285785239876
--- testing 336 : set([2, 34, 63])p: 0.017525546195
--- testing 337 : set([2, 26, 63])p: 0.0835246621419
--- testing 338 : set([80, 26, 14])p: 0.666892369189
--- testing 339 : set([80, 14, 63])p: 0.285785239876
--- testing 340 : set([105, 10, 34, 38])p: 0.017525546195
--- testing 341 : set([105, 10, 26])p: 0.0835246621419
--- testing 342 : set([105, 10, 52])p: 0.00273264089656
--- testing 343 : set([105, 10, 78])p: 0.017525546195
--- testing 344 : set([96, 105, 26])p: 0.0835246621419
--- testing 345 : set([96, 14, 63])p: 0.0835246621419
--- testing 346 : set([96, 10, 38])p: 0.666892369189
--- testing 347 : set([85, 38, 63])p: 0.285785239876
--- testing 348 : set([105, 4, 38])p: 0.0835246621419
--- testing 349 : set([52, 31])p: 0.0835246621419
--- testing 350 : set([14, 38, 86])p: 0.0835246621419
--- testing 351 : set([34, 59])p: 0.0835246621419
--- testing 352 : set([26, 59])p: 0.666892369189
--- testing 353 : set([2, 59])p: 0.0835246621419
--- testing 354 : set([92, 14])p: 0.285785239876
--- testing 355 : set([90, 14])p: 0.285785239876
--- testing 356 : set([105, 90])p: 0.017525546195
--- testing 357 : set([105, 98])p: 0.00273264089656
--- testing 358 : set([41, 38])p: 0.666892369189
--- testing 359 : set([21])p: 0.666892369189
--- testing 360 : set([62])p: 0.0835246621419
--- testing 361 : set([73])p: 1.0
--- testing 362 : set([26, 52, 34])p: 0.00187219493868
--- testing 363 : set([105, 26, 14, 78])p: 0.000197380922501
--- testing 364 : set([52, 38, 78])p: 0.000197380922501
--- testing 365 : set([105, 2, 52, 14])p: 4.1887506767e-08
--- testing 366 : set([26, 38, 63])p: 0.069381994439
--- testing 367 : set([10, 85, 14])p: 0.639670431381
--- testing 368 : set([105, 4, 14])p: 0.069381994439
--- testing 369 : set([8, 78])p: 0.256890871628
--- testing 370 : set([8, 2])p: 0.069381994439
--- testing 371 : set([96, 31])p: 0.639670431381
--- testing 372 : set([34, 86])p: 0.069381994439
--- testing 373 : set([26, 86])p: 0.256890871628
--- testing 374 : set([96, 95])p: 0.256890871628
--- testing 375 : set([105, 36])p: 1.57082009099e-05
--- testing 376 : set([105, 92])p: 1.34412163683e-09
--- testing 377 : set([92, 38])p: 0.256890871628
--- testing 378 : set([46])p: 1.0
--- testing 379 : set([105, 26, 52, 38])p: 7.75679866364e-06
--- testing 380 : set([105, 34, 38, 78])p: 0.000113531974075
--- testing 381 : set([105, 34, 52, 78])p: 0.000113531974075
--- testing 382 : set([2, 34, 78])p: 7.75679866364e-06
--- testing 383 : set([2, 26, 78])p: 0.00978306124392
--- testing 384 : set([80, 14, 78])p: 0.00978306124392
--- testing 385 : set([10, 14, 78])p: 1.0
--- testing 386 : set([10, 2, 38])p: 0.056439765374
--- testing 387 : set([96, 105, 85])p: 0.00122803570169
--- testing 388 : set([96, 85, 38])p: 0.228043352061
--- testing 389 : set([96, 26, 85])p: 0.228043352061
--- testing 390 : set([96, 85, 63])p: 0.056439765374
--- testing 391 : set([26, 4, 38])p: 0.610225849862
--- testing 392 : set([80, 4])p: 1.0
--- testing 393 : set([105, 14, 23])p: 0.228043352061
--- testing 394 : set([26, 23])p: 0.610225849862
--- testing 395 : set([8, 14, 38])p: 0.610225849862
--- testing 396 : set([63, 31])p: 0.228043352061
--- testing 397 : set([86, 63])p: 0.610225849862
--- testing 398 : set([52, 95])p: 0.056439765374
--- testing 399 : set([2, 95])p: 0.228043352061
--- testing 400 : set([14, 38, 71])p: 1.0
--- testing 401 : set([34, 36])p: 0.610225849862
--- testing 402 : set([32, 34])p: 0.228043352061
--- testing 403 : set([98, 26])p: 0.610225849862
--- testing 404 : set([5])p: 0.056439765374
--- testing 405 : set([105, 34, 52, 38])p: 0.000763659148516
--- testing 406 : set([105, 26, 34, 78])p: 0.19944275428
--- testing 407 : set([2, 14, 34, 38])p: 0.19944275428
--- testing 408 : set([2, 52, 38])p: 0.00693138606317
--- testing 409 : set([2, 52, 34])p: 0.000763659148516
--- testing 410 : set([52, 14, 63])p: 6.06443863691e-05
--- testing 411 : set([80, 52, 14])p: 0.000763659148516
--- testing 412 : set([80, 34, 78])p: 0.19944275428
--- testing 413 : set([10, 14, 38, 63])p: 1.0
--- testing 414 : set([96, 26, 38])p: 0.19944275428
--- testing 415 : set([96, 105, 2])p: 0.000763659148516
--- testing 416 : set([96, 38, 63])p: 0.0447755893415
--- testing 417 : set([96, 34, 63])p: 0.19944275428
--- testing 418 : set([105, 14, 85, 38])p: 0.00693138606317
--- testing 419 : set([34, 14, 85, 38])p: 0.0447755893415
--- testing 420 : set([52, 85, 38])p: 0.00693138606317
--- testing 421 : set([80, 85, 38])p: 0.19944275428
--- testing 422 : set([105, 34, 4])p: 0.00693138606317
--- testing 423 : set([52, 4, 105])p: 6.06443863691e-05
--- testing 424 : set([14, 38, 6])p: 0.578377308378
--- testing 425 : set([26, 14, 6])p: 1.0
--- testing 426 : set([14, 38, 23])p: 0.0447755893415
--- testing 427 : set([8, 52])p: 0.0447755893415
--- testing 428 : set([106, 78])p: 0.578377308378
--- testing 429 : set([78, 86])p: 0.000763659148516
--- testing 430 : set([14, 38, 95])p: 0.00693138606317
--- testing 431 : set([34, 38, 95])p: 0.00693138606317
--- testing 432 : set([26, 38, 95])p: 0.00693138606317
--- testing 433 : set([85, 95])p: 0.19944275428
--- testing 434 : set([59, 14, 38])p: 0.0447755893415
--- testing 435 : set([59, 63])p: 0.578377308378
--- testing 436 : set([105, 71])p: 1.0
--- testing 437 : set([90, 38])p: 0.19944275428
--- testing 438 : set([32, 38])p: 0.578377308378
--- testing 439 : set([105, 39])p: 0.19944275428
--- testing 440 : set([14, 38, 15])p: 0.19944275428
--- testing 441 : set([12])p: 0.578377308378
--- testing 442 : set([33])p: 1.0
--- testing 443 : set([88])p: 0.578377308378
--- testing 444 : set([34, 52, 14, 38])p: 0.0344544429929
--- testing 445 : set([105, 26, 38, 78])p: 0.000444106983904
--- testing 446 : set([105, 52, 38, 78])p: 2.94519361096e-05
--- testing 447 : set([105, 26, 52, 78])p: 1.3456646743e-06
--- testing 448 : set([105, 2, 34, 38])p: 0.00468857627603
--- testing 449 : set([80, 52, 38])p: 0.171321451564
--- testing 450 : set([80, 26, 78])p: 0.543928712551
--- testing 451 : set([80, 2, 34])p: 0.171321451564
--- testing 452 : set([80, 38, 63])p: 1.0
--- testing 453 : set([10, 14, 34, 38])p: 1.0
--- testing 454 : set([10, 38, 78])p: 0.171321451564
--- testing 455 : set([105, 10, 63])p: 0.171321451564
--- testing 456 : set([80, 10, 14])p: 0.543928712551
--- testing 457 : set([80, 10, 38])p: 0.543928712551
--- testing 458 : set([96, 105, 14, 38])p: 0.0344544429929
--- testing 459 : set([96, 38, 78])p: 0.171321451564
--- testing 460 : set([96, 34, 78])p: 0.171321451564
--- testing 461 : set([96, 2, 38])p: 0.171321451564
--- testing 462 : set([96, 2, 34])p: 0.0344544429929
--- testing 463 : set([96, 2, 63])p: 0.171321451564
--- testing 464 : set([105, 2, 85])p: 0.000444106983904
--- testing 465 : set([105, 85, 63])p: 2.94519361096e-05
--- testing 466 : set([10, 14, 85, 38])p: 0.543928712551
--- testing 467 : set([78, 23])p: 0.171321451564
--- testing 468 : set([8, 34, 14])p: 0.543928712551
--- testing 469 : set([8, 26, 14])p: 0.171321451564
--- testing 470 : set([105, 106, 14])p: 0.00468857627603
--- testing 471 : set([105, 106, 34])p: 0.171321451564
--- testing 472 : set([105, 106, 52])p: 0.000444106983904
--- testing 473 : set([106, 63])p: 0.171321451564
--- testing 474 : set([80, 106])p: 1.0
--- testing 475 : set([105, 14, 31])p: 0.171321451564
--- testing 476 : set([26, 14, 31])p: 0.171321451564
--- testing 477 : set([105, 26, 31])p: 0.0344544429929
--- testing 478 : set([105, 34, 95])p: 0.00468857627603
--- testing 479 : set([78, 95])p: 0.171321451564
--- testing 480 : set([31, 95])p: 0.0344544429929
--- testing 481 : set([59, 52])p: 0.00468857627603
--- testing 482 : set([20, 38])p: 0.171321451564
--- testing 483 : set([26, 53])p: 1.0
--- testing 484 : set([32, 105])p: 0.171321451564
--- testing 485 : set([56, 14])p: 0.543928712551
--- testing 486 : set([41, 34])p: 0.00468857627603
--- testing 487 : set([42])p: 1.0
--- testing 488 : set([43])p: 0.543928712551
--- testing 489 : set([70])p: 1.0
--- testing 490 : set([105, 26, 52, 34])p: 0.000236779460007
--- testing 491 : set([105, 34, 14, 78])p: 0.0255246829778
--- testing 492 : set([26, 14, 34, 78])p: 0.0255246829778
--- testing 493 : set([105, 2, 26, 14])p: 0.000236779460007
--- testing 494 : set([105, 2, 52, 34])p: 0.000236779460007
--- testing 495 : set([2, 38, 78])p: 0.00299078855918
--- testing 496 : set([34, 38, 63])p: 0.0255246829778
--- testing 497 : set([52, 38, 63])p: 0.14394804985
--- testing 498 : set([38, 78, 63])p: 0.00299078855918
--- testing 499 : set([2, 14, 38, 63])p: 0.14394804985
--- testing 500 : set([80, 34, 38])p: 1.0
--- testing 501 : set([80, 105, 26])p: 0.506667986452
--- testing 502 : set([80, 38, 78])p: 0.506667986452
--- testing 503 : set([10, 34, 78])p: 0.14394804985
--- testing 504 : set([10, 14, 2, 38])p: 0.14394804985
--- testing 505 : set([96, 105, 34, 38])p: 0.506667986452
--- testing 506 : set([96, 26, 63])p: 0.506667986452
--- testing 507 : set([96, 10, 14])p: 1.0
--- testing 508 : set([26, 34, 85])p: 0.506667986452
--- testing 509 : set([52, 85, 14])p: 0.000236779460007
--- testing 510 : set([34, 85, 78])p: 0.0255246829778
--- testing 511 : set([2, 85, 38])p: 0.0255246829778
--- testing 512 : set([14, 85, 38, 63])p: 1.0
--- testing 513 : set([26, 85, 63])p: 0.14394804985
--- testing 514 : set([80, 85, 78])p: 0.0255246829778
--- testing 515 : set([80, 2, 85])p: 0.0255246829778
--- testing 516 : set([96, 34, 85])p: 0.00299078855918
--- testing 517 : set([34, 4, 38])p: 0.14394804985
--- testing 518 : set([105, 26, 4])p: 0.506667986452
--- testing 519 : set([2, 23])p: 0.14394804985
--- testing 520 : set([8, 105, 14])p: 0.00299078855918
--- testing 521 : set([8, 10])p: 1.0
--- testing 522 : set([8, 96, 14])p: 0.0255246829778
--- testing 523 : set([96, 106])p: 0.506667986452
--- testing 524 : set([14, 38, 31])p: 0.506667986452
--- testing 525 : set([2, 31])p: 0.0255246829778
--- testing 526 : set([105, 14, 86])p: 0.506667986452
--- testing 527 : set([105, 14, 95])p: 0.14394804985
--- testing 528 : set([34, 14, 95])p: 0.14394804985
--- testing 529 : set([20, 14])p: 0.506667986452
--- testing 530 : set([20, 78])p: 0.0255246829778
--- testing 531 : set([14, 53, 38])p: 1.0
--- testing 532 : set([53, 63])p: 1.0
--- testing 533 : set([34, 92])p: 0.14394804985
--- testing 534 : set([26, 92])p: 0.0255246829778
--- testing 535 : set([52, 92])p: 0.000236779460007
--- testing 536 : set([90, 26])p: 0.506667986452
--- testing 537 : set([32, 14])p: 0.0255246829778
--- testing 538 : set([10, 39])p: 0.506667986452
--- testing 539 : set([98, 38])p: 0.14394804985
--- testing 540 : set([41, 105])p: 0.14394804985
--- testing 541 : set([41, 26])p: 0.0255246829778
--- testing 542 : set([64, 14])p: 1.0
--- testing 543 : set([1])p: 0.506667986452
--- testing 544 : set([13])p: 0.14394804985
--- testing 545 : set([44])p: 1.0
--- testing 546 : set([49])p: 1.0
--- testing 547 : set([51])p: 0.506667986452
--- testing 548 : set([67])p: 0.0255246829778
--- testing 549 : set([79])p: 0.506667986452
--- testing 550 : set([93])p: 1.0
--- testing 551 : set([26, 52, 14, 38])p: 0.0017667845151
--- testing 552 : set([34, 14, 38, 78])p: 0.466365771274
--- testing 553 : set([105, 2, 26, 38])p: 0.0180133848383
--- testing 554 : set([105, 2, 52, 38])p: 0.0017667845151
--- testing 555 : set([105, 14, 78, 63])p: 0.000112228745141
--- testing 556 : set([2, 78, 63])p: 0.0180133848383
--- testing 557 : set([80, 105, 14, 38])p: 0.466365771274
--- testing 558 : set([80, 26, 34])p: 0.466365771274
--- testing 559 : set([80, 52, 78])p: 0.0180133848383
--- testing 560 : set([80, 2, 38])p: 0.466365771274
--- testing 561 : set([80, 2, 26])p: 1.0
--- testing 562 : set([105, 10, 26, 14])p: 0.1176317461
--- testing 563 : set([105, 10, 38, 63])p: 0.466365771274
--- testing 564 : set([96, 80, 14])p: 0.466365771274
--- testing 565 : set([105, 26, 85, 14])p: 0.1176317461
--- testing 566 : set([38, 85, 78])p: 0.0180133848383
--- testing 567 : set([26, 85, 78])p: 0.466365771274
--- testing 568 : set([105, 10, 85])p: 0.0180133848383
--- testing 569 : set([105, 4, 78])p: 0.1176317461
--- testing 570 : set([10, 4, 38])p: 0.466365771274
--- testing 571 : set([105, 14, 6])p: 0.0180133848383
--- testing 572 : set([34, 38, 6])p: 1.0
--- testing 573 : set([78, 6])p: 0.466365771274
--- testing 574 : set([80, 6])p: 0.466365771274
--- testing 575 : set([85, 6])p: 1.0
--- testing 576 : set([63, 23])p: 0.1176317461
--- testing 577 : set([8, 26, 34])p: 0.466365771274
--- testing 578 : set([8, 2, 14])p: 0.1176317461
--- testing 579 : set([8, 63])p: 1.0
--- testing 580 : set([8, 23])p: 0.466365771274
--- testing 581 : set([106, 85])p: 1.0
--- testing 582 : set([26, 34, 31])p: 0.466365771274
--- testing 583 : set([4, 31])p: 1.0
--- testing 584 : set([105, 38, 86])p: 0.466365771274
--- testing 585 : set([52, 86])p: 0.0180133848383
--- testing 586 : set([96, 86])p: 0.466365771274
--- testing 587 : set([80, 95])p: 1.0
--- testing 588 : set([59, 78])p: 0.466365771274
--- testing 589 : set([63, 71])p: 1.0
--- testing 590 : set([96, 53])p: 1.0
--- testing 591 : set([92, 78])p: 0.0017667845151
--- testing 592 : set([34, 39])p: 0.466365771274
--- testing 593 : set([26, 39])p: 0.466365771274
--- testing 594 : set([98, 2])p: 0.1176317461
--- testing 595 : set([56, 26])p: 0.1176317461
--- testing 596 : set([105, 15])p: 0.1176317461
--- testing 597 : set([64, 105])p: 0.466365771274
--- testing 598 : set([69, 14])p: 0.466365771274
--- testing 599 : set([69, 38])p: 0.0180133848383
--- testing 600 : set([105, 84])p: 0.1176317461
--- testing 601 : set([48, 105])p: 0.1176317461
--- testing 602 : set([9])p: 0.0180133848383
--- testing 603 : set([19])p: 0.0180133848383
--- testing 604 : set([65])p: 0.466365771274
--- testing 605 : set([82])p: 0.466365771274
--- testing 606 : set([94])p: 0.466365771274
--- testing 607 : set([2, 34, 26, 14])p: 0.0119209097171
--- testing 608 : set([105, 2, 34, 78])p: 4.48883253036e-05
--- testing 609 : set([2, 14, 26, 78])p: 0.0119209097171
--- testing 610 : set([2, 52, 78])p: 0.000939506630121
--- testing 611 : set([105, 26, 14, 63])p: 0.0927271557848
--- testing 612 : set([105, 26, 34, 63])p: 0.422774018128
--- testing 613 : set([105, 52, 14, 63])p: 4.48883253036e-05
--- testing 614 : set([26, 78, 63])p: 0.0119209097171
--- testing 615 : set([2, 52, 63])p: 0.0119209097171
--- testing 616 : set([80, 105, 52, 14])p: 4.48883253036e-05
--- testing 617 : set([80, 105, 2])p: 0.0119209097171
--- testing 618 : set([80, 14, 38, 63])p: 1.0
--- testing 619 : set([80, 2, 63])p: 0.0927271557848
--- testing 620 : set([10, 34, 26])p: 0.0927271557848
--- testing 621 : set([10, 52, 14])p: 0.0927271557848
--- testing 622 : set([10, 52, 38])p: 0.422774018128
--- testing 623 : set([105, 10, 34, 78])p: 0.0927271557848
--- testing 624 : set([80, 10, 14, 38])p: 0.422774018128
--- testing 625 : set([96, 34, 14, 38])p: 1.0
--- testing 626 : set([96, 105, 26, 14])p: 0.0119209097171
--- testing 627 : set([96, 26, 34, 14])p: 1.0
--- testing 628 : set([96, 105, 26, 34])p: 1.0
--- testing 629 : set([96, 52, 14])p: 0.0119209097171
--- testing 630 : set([96, 105, 14, 78])p: 0.000939506630121
--- testing 631 : set([96, 78, 63])p: 0.0927271557848
--- testing 632 : set([105, 34, 85, 14])p: 1.19807997931e-06
--- testing 633 : set([105, 34, 85, 38])p: 4.48883253036e-05
--- testing 634 : set([26, 14, 85, 38])p: 1.0
--- testing 635 : set([105, 52, 85, 14])p: 4.48883253036e-05
--- testing 636 : set([105, 52, 85, 38])p: 0.000939506630121
--- testing 637 : set([34, 52, 85])p: 0.000939506630121
--- testing 638 : set([2, 85, 63])p: 0.0927271557848
--- testing 639 : set([26, 4, 14])p: 0.422774018128
--- testing 640 : set([2, 4, 14])p: 1.0
--- testing 641 : set([10, 4, 14])p: 1.0
--- testing 642 : set([105, 34, 6])p: 1.0
--- testing 643 : set([105, 38, 23])p: 0.0927271557848
--- testing 644 : set([34, 14, 23])p: 1.0
--- testing 645 : set([6, 23])p: 1.0
--- testing 646 : set([106, 10])p: 0.0927271557848
--- testing 647 : set([105, 34, 31])p: 0.422774018128
--- testing 648 : set([105, 52, 31])p: 0.0119209097171
--- testing 649 : set([78, 31])p: 0.0927271557848
--- testing 650 : set([80, 31])p: 0.422774018128
--- testing 651 : set([10, 31])p: 0.0927271557848
--- testing 652 : set([105, 14, 38, 86])p: 0.422774018128
--- testing 653 : set([2, 86])p: 0.422774018128
--- testing 654 : set([80, 86])p: 1.0
--- testing 655 : set([26, 34, 38, 95])p: 0.0119209097171
--- testing 656 : set([96, 26, 95])p: 0.422774018128
--- testing 657 : set([4, 95])p: 0.422774018128
--- testing 658 : set([105, 59, 14])p: 0.0119209097171
--- testing 659 : set([26, 59, 14])p: 0.422774018128
--- testing 660 : set([80, 20])p: 1.0
--- testing 661 : set([34, 53])p: 1.0
--- testing 662 : set([10, 53])p: 1.0
--- testing 663 : set([34, 36, 38])p: 1.0
--- testing 664 : set([26, 36])p: 0.422774018128
--- testing 665 : set([36, 85])p: 0.422774018128
--- testing 666 : set([90, 78])p: 0.422774018128
--- testing 667 : set([90, 2])p: 0.422774018128
--- testing 668 : set([2, 39])p: 0.422774018128
--- testing 669 : set([96, 39])p: 0.422774018128
--- testing 670 : set([98, 34, 14])p: 0.0927271557848
--- testing 671 : set([98, 52])p: 0.000939506630121
--- testing 672 : set([98, 85])p: 0.422774018128
--- testing 673 : set([34, 54])p: 0.0119209097171
--- testing 674 : set([26, 54])p: 1.0
--- testing 675 : set([2, 54])p: 0.0927271557848
--- testing 676 : set([56, 34])p: 0.422774018128
--- testing 677 : set([105, 61])p: 1.0
--- testing 678 : set([34, 61])p: 1.0
--- testing 679 : set([38, 103])p: 0.422774018128
--- testing 680 : set([101, 38])p: 1.0
--- testing 681 : set([18])p: 0.0927271557848
--- testing 682 : set([28])p: 1.0
--- testing 683 : set([45])p: 0.0927271557848
--- testing 684 : set([89])p: 0.0927271557848
--- testing 685 : set([97])p: 1.0
--- testing 686 : set([99])p: 0.422774018128
--- testing 687 : set([105, 26, 14, 34, 38])p: 0.00721459410838
--- testing 688 : set([105, 34, 52, 14, 38])p: 0.00721459410838
--- testing 689 : set([26, 14, 38, 78])p: 0.000428296170225
--- testing 690 : set([105, 2, 14, 34, 38])p: 0.0696396569083
--- testing 691 : set([105, 2, 14, 26, 38])p: 0.00721459410838
--- testing 692 : set([2, 34, 26, 38])p: 0.375624466364
--- testing 693 : set([2, 52, 14, 38])p: 0.000428296170225
--- testing 694 : set([2, 52, 26])p: 0.000428296170225
--- testing 695 : set([105, 2, 52, 78])p: 0.000428296170225
--- testing 696 : set([26, 14, 38, 63])p: 0.0696396569083
--- testing 697 : set([14, 38, 78, 63])p: 0.00721459410838
--- testing 698 : set([105, 38, 78, 63])p: 0.00721459410838
--- testing 699 : set([105, 2, 14, 63])p: 0.00721459410838
--- testing 700 : set([2, 34, 14, 63])p: 0.0696396569083
--- testing 701 : set([2, 26, 14, 63])p: 0.0696396569083
--- testing 702 : set([80, 105, 52, 38])p: 0.375624466364
--- testing 703 : set([80, 105, 14, 78])p: 0.000428296170225
--- testing 704 : set([80, 105, 34, 78])p: 0.0696396569083
--- testing 705 : set([80, 105, 63])p: 0.0696396569083
--- testing 706 : set([105, 10, 26, 38])p: 0.0696396569083
--- testing 707 : set([105, 10, 14, 78])p: 1.0
--- testing 708 : set([10, 14, 38, 78])p: 1.0
--- testing 709 : set([105, 10, 38, 78])p: 0.0696396569083
--- testing 710 : set([105, 10, 14, 38, 63])p: 1.0
--- testing 711 : set([10, 2, 63])p: 0.375624466364
--- testing 712 : set([96, 105, 34, 14])p: 0.375624466364
--- testing 713 : set([96, 105, 52, 14])p: 0.00721459410838
--- testing 714 : set([96, 52, 38])p: 0.375624466364
--- testing 715 : set([96, 105, 52, 78])p: 0.00721459410838
--- testing 716 : set([96, 14, 38, 63])p: 0.375624466364
--- testing 717 : set([105, 34, 52, 85])p: 0.000428296170225
--- testing 718 : set([105, 34, 85, 78])p: 0.00721459410838
--- testing 719 : set([2, 34, 85])p: 0.00721459410838
--- testing 720 : set([34, 85, 63])p: 0.00721459410838
--- testing 721 : set([80, 105, 85, 14])p: 0.000428296170225
--- testing 722 : set([80, 14, 85, 38])p: 0.375624466364
--- testing 723 : set([80, 34, 85])p: 0.0696396569083
--- testing 724 : set([80, 26, 85])p: 0.375624466364
--- testing 725 : set([80, 2, 85, 14])p: 0.0696396569083
--- testing 726 : set([10, 26, 85])p: 1.0
--- testing 727 : set([96, 14, 85, 38])p: 1.0
--- testing 728 : set([96, 2, 85])p: 0.375624466364
--- testing 729 : set([105, 4, 14, 38])p: 0.375624466364
--- testing 730 : set([34, 4, 14])p: 1.0
--- testing 731 : set([34, 4, 78])p: 0.375624466364
--- testing 732 : set([26, 4, 78])p: 1.0
--- testing 733 : set([4, 14, 63])p: 1.0
--- testing 734 : set([4, 38, 63])p: 0.0696396569083
--- testing 735 : set([96, 4, 14])p: 1.0
--- testing 736 : set([96, 34, 4])p: 0.0696396569083
--- testing 737 : set([4, 85, 38])p: 0.00721459410838
--- testing 738 : set([34, 14, 6])p: 1.0
--- testing 739 : set([34, 38, 23])p: 1.0
--- testing 740 : set([105, 52, 23])p: 0.000428296170225
--- testing 741 : set([96, 23])p: 0.0696396569083
--- testing 742 : set([8, 105, 34])p: 1.0
--- testing 743 : set([8, 34, 38])p: 1.0
--- testing 744 : set([8, 14, 78])p: 0.375624466364
--- testing 745 : set([8, 105, 78])p: 0.0696396569083
--- testing 746 : set([8, 96, 105])p: 0.0696396569083
--- testing 747 : set([8, 4])p: 1.0
--- testing 748 : set([106, 2])p: 0.0696396569083
--- testing 749 : set([26, 38, 31])p: 0.375624466364
--- testing 750 : set([10, 14, 31])p: 0.0696396569083
--- testing 751 : set([105, 52, 86])p: 0.00721459410838
--- testing 752 : set([10, 86])p: 1.0
--- testing 753 : set([105, 52, 95])p: 0.00721459410838
--- testing 754 : set([86, 95])p: 0.375624466364
--- testing 755 : set([105, 59, 52])p: 0.000428296170225
--- testing 756 : set([2, 59, 14])p: 0.0696396569083
--- testing 757 : set([105, 53, 14])p: 0.0696396569083
--- testing 758 : set([105, 53, 38])p: 0.375624466364
--- testing 759 : set([26, 53, 38])p: 1.0
--- testing 760 : set([52, 53])p: 1.0
--- testing 761 : set([36, 14, 38])p: 1.0
--- testing 762 : set([92, 14, 38])p: 0.0696396569083
--- testing 763 : set([105, 38, 39])p: 0.375624466364
--- testing 764 : set([34, 14, 39])p: 0.375624466364
--- testing 765 : set([34, 38, 39])p: 0.375624466364
--- testing 766 : set([52, 39])p: 1.0
--- testing 767 : set([2, 38, 39])p: 0.375624466364
--- testing 768 : set([63, 39])p: 0.375624466364
--- testing 769 : set([10, 14, 39])p: 0.375624466364
--- testing 770 : set([105, 98, 14])p: 0.00721459410838
--- testing 771 : set([98, 63])p: 0.375624466364
--- testing 772 : set([105, 14, 54])p: 0.0696396569083
--- testing 773 : set([52, 54])p: 1.36810072148e-05
--- testing 774 : set([78, 54])p: 0.00721459410838
--- testing 775 : set([54, 63])p: 0.0696396569083
--- testing 776 : set([41, 14, 38])p: 0.375624466364
--- testing 777 : set([41, 34, 14])p: 0.0696396569083
--- testing 778 : set([41, 39])p: 1.0
--- testing 779 : set([61, 38])p: 1.0
--- testing 780 : set([26, 61])p: 1.0
--- testing 781 : set([74, 26])p: 1.0
--- testing 782 : set([64, 38])p: 1.0
--- testing 783 : set([69, 63])p: 1.0
--- testing 784 : set([34, 84])p: 1.0
--- testing 785 : set([26, 84])p: 0.375624466364
--- testing 786 : set([100, 14])p: 0.375624466364
--- testing 787 : set([12, 14])p: 0.375624466364
--- testing 788 : set([3])p: 1.0
--- testing 789 : set([17])p: 0.375624466364
--- testing 790 : set([24])p: 1.0
--- testing 791 : set([27])p: 1.0
--- testing 792 : set([81])p: 0.0696396569083
--- testing 793 : set([83])p: 0.0696396569083
--- testing 794 : set([105, 26, 52, 14, 38])p: 0.000151886061552
--- testing 795 : set([26, 52, 34, 14])p: 0.0488313026416
--- testing 796 : set([105, 26, 14, 38, 78])p: 0.000151886061552
--- testing 797 : set([105, 26, 14, 34, 78])p: 0.0488313026416
--- testing 798 : set([14, 52, 38, 78])p: 0.0038214451393
--- testing 799 : set([26, 52, 14, 78])p: 0.0038214451393
--- testing 800 : set([105, 2, 52, 14, 38])p: 0.000151886061552
--- testing 801 : set([105, 2, 52, 34, 14])p: 0.0038214451393
--- testing 802 : set([105, 2, 14, 78])p: 0.000151886061552
--- testing 803 : set([105, 2, 38, 78])p: 0.000151886061552
--- testing 804 : set([105, 34, 14, 63])p: 0.0488313026416
--- testing 805 : set([26, 14, 78, 63])p: 0.0038214451393
--- testing 806 : set([2, 14, 78, 63])p: 0.0488313026416
--- testing 807 : set([80, 26, 14, 38])p: 1.0
--- testing 808 : set([80, 34, 52])p: 0.0488313026416
--- testing 809 : set([80, 26, 52])p: 0.324626998122
--- testing 810 : set([80, 105, 52, 78])p: 0.0038214451393
--- testing 811 : set([80, 2, 14, 38])p: 0.324626998122
--- testing 812 : set([80, 2, 26, 14])p: 1.0
--- testing 813 : set([80, 2, 14, 63])p: 0.0488313026416
--- testing 814 : set([105, 10, 34, 14])p: 0.324626998122
--- testing 815 : set([10, 38, 34, 78])p: 0.0488313026416
--- testing 816 : set([105, 10, 2])p: 0.0038214451393
--- testing 817 : set([10, 34, 63])p: 0.324626998122
--- testing 818 : set([10, 2, 14, 63])p: 1.0
--- testing 819 : set([80, 105, 10])p: 0.0488313026416
--- testing 820 : set([80, 10, 34])p: 1.0
--- testing 821 : set([96, 26, 14, 38])p: 0.324626998122
--- testing 822 : set([96, 34, 14, 78])p: 0.324626998122
--- testing 823 : set([96, 26, 78])p: 0.324626998122
--- testing 824 : set([96, 105, 2, 38])p: 0.0488313026416
--- testing 825 : set([96, 2, 26])p: 1.0
--- testing 826 : set([96, 2, 78])p: 0.000151886061552
--- testing 827 : set([96, 105, 63])p: 0.0038214451393
--- testing 828 : set([96, 26, 34, 63])p: 0.324626998122
--- testing 829 : set([96, 80, 38])p: 1.0
--- testing 830 : set([96, 105, 10])p: 0.324626998122
--- testing 831 : set([96, 10, 14, 38])p: 1.0
--- testing 832 : set([96, 10, 34])p: 0.324626998122
--- testing 833 : set([105, 26, 85, 38])p: 1.0
--- testing 834 : set([34, 52, 85, 38])p: 0.0038214451393
--- testing 835 : set([105, 14, 85, 78])p: 0.0488313026416
--- testing 836 : set([105, 2, 85, 14])p: 0.0038214451393
--- testing 837 : set([2, 14, 85, 38])p: 0.0488313026416
--- testing 838 : set([105, 2, 34, 85])p: 0.0038214451393
--- testing 839 : set([2, 26, 85])p: 1.0
--- testing 840 : set([2, 85, 78])p: 0.324626998122
--- testing 841 : set([80, 105, 34, 85])p: 0.0488313026416
--- testing 842 : set([80, 52, 85])p: 0.0488313026416
--- testing 843 : set([80, 105, 85, 78])p: 0.0038214451393
--- testing 844 : set([80, 85, 63])p: 0.324626998122
--- testing 845 : set([105, 10, 85, 38])p: 0.0488313026416
--- testing 846 : set([10, 26, 85, 14])p: 1.0
--- testing 847 : set([105, 10, 85, 78])p: 0.0488313026416
--- testing 848 : set([96, 85, 78])p: 0.0488313026416
--- testing 849 : set([96, 85, 14, 63])p: 0.324626998122
--- testing 850 : set([105, 26, 4, 38])p: 1.0
--- testing 851 : set([52, 4, 14])p: 0.0488313026416
--- testing 852 : set([4, 38, 78])p: 0.324626998122
--- testing 853 : set([2, 4, 38])p: 0.324626998122
--- testing 854 : set([34, 4, 63])p: 0.0488313026416
--- testing 855 : set([26, 4, 63])p: 0.324626998122
--- testing 856 : set([105, 10, 4])p: 0.324626998122
--- testing 857 : set([10, 4, 14, 38])p: 1.0
--- testing 858 : set([96, 4, 38])p: 0.0488313026416
--- testing 859 : set([96, 2, 4])p: 0.324626998122
--- testing 860 : set([34, 4, 85])p: 0.0488313026416
--- testing 861 : set([105, 38, 6])p: 0.324626998122
--- testing 862 : set([26, 38, 6])p: 1.0
--- testing 863 : set([52, 6])p: 0.324626998122
--- testing 864 : set([105, 78, 6])p: 1.0
--- testing 865 : set([2, 6])p: 1.0
--- testing 866 : set([6, 63])p: 1.0
--- testing 867 : set([4, 6])p: 1.0
--- testing 868 : set([105, 34, 23])p: 1.0
--- testing 869 : set([52, 14, 23])p: 0.0488313026416
--- testing 870 : set([105, 78, 23])p: 0.324626998122
--- testing 871 : set([105, 2, 23])p: 0.0488313026416
--- testing 872 : set([85, 23])p: 0.324626998122
--- testing 873 : set([38, 6, 23])p: 1.0
--- testing 874 : set([8, 105, 38])p: 0.0488313026416
--- testing 875 : set([8, 105, 52])p: 0.0488313026416
--- testing 876 : set([8, 14, 63])p: 1.0
--- testing 877 : set([8, 80])p: 0.324626998122
--- testing 878 : set([8, 96, 34])p: 0.324626998122
--- testing 879 : set([8, 85])p: 0.0488313026416
--- testing 880 : set([106, 14, 38])p: 0.324626998122
--- testing 881 : set([106, 26, 78])p: 1.0
--- testing 882 : set([105, 106, 10])p: 0.324626998122
--- testing 883 : set([96, 106, 14])p: 0.324626998122
--- testing 884 : set([34, 14, 31])p: 0.324626998122
--- testing 885 : set([105, 26, 14, 31])p: 0.324626998122
--- testing 886 : set([96, 14, 31])p: 0.324626998122
--- testing 887 : set([85, 14, 31])p: 0.324626998122
--- testing 888 : set([96, 85, 31])p: 1.0
--- testing 889 : set([105, 78, 86])p: 0.000151886061552
--- testing 890 : set([14, 86, 63])p: 1.0
--- testing 891 : set([38, 86, 63])p: 0.324626998122
--- testing 892 : set([4, 86])p: 0.324626998122
--- testing 893 : set([6, 86])p: 1.0
--- testing 894 : set([105, 26, 95])p: 0.0038214451393
--- testing 895 : set([26, 14, 38, 95])p: 0.0488313026416
--- testing 896 : set([26, 34, 14, 95])p: 0.324626998122
--- testing 897 : set([2, 26, 95])p: 1.0
--- testing 898 : set([10, 95])p: 1.0
--- testing 899 : set([96, 38, 95])p: 0.324626998122
--- testing 900 : set([8, 95])p: 0.0488313026416
--- testing 901 : set([106, 95])p: 0.324626998122
--- testing 902 : set([34, 59, 38])p: 0.324626998122
--- testing 903 : set([26, 59, 38])p: 0.324626998122
--- testing 904 : set([10, 59, 14])p: 0.0488313026416
--- testing 905 : set([52, 20])p: 0.0488313026416
--- testing 906 : set([34, 20, 78])p: 0.0488313026416
--- testing 907 : set([2, 20])p: 0.324626998122
--- testing 908 : set([10, 20])p: 1.0
--- testing 909 : set([20, 6])p: 1.0
--- testing 910 : set([2, 38, 71])p: 1.0
--- testing 911 : set([63, 14, 71])p: 1.0
--- testing 912 : set([53, 38, 63])p: 1.0
--- testing 913 : set([80, 53])p: 1.0
--- testing 914 : set([4, 53])p: 0.324626998122
--- testing 915 : set([52, 36, 105])p: 2.43261557735e-06
--- testing 916 : set([2, 36])p: 1.0
--- testing 917 : set([80, 36])p: 0.0488313026416
--- testing 918 : set([10, 36, 14])p: 1.0
--- testing 919 : set([96, 36])p: 1.0
--- testing 920 : set([26, 92, 14, 38])p: 0.0488313026416
--- testing 921 : set([26, 92, 34])p: 0.324626998122
--- testing 922 : set([52, 92, 105])p: 2.43261557735e-06
--- testing 923 : set([105, 92, 78])p: 0.000151886061552
--- testing 924 : set([2, 92])p: 0.0488313026416
--- testing 925 : set([90, 63])p: 0.324626998122
--- testing 926 : set([32, 105, 34])p: 0.324626998122
--- testing 927 : set([34, 14, 38, 39])p: 0.324626998122
--- testing 928 : set([63, 38, 39])p: 0.324626998122
--- testing 929 : set([80, 39])p: 1.0
--- testing 930 : set([98, 2, 14])p: 0.0488313026416
--- testing 931 : set([98, 85, 14])p: 0.324626998122
--- testing 932 : set([14, 38, 54])p: 0.324626998122
--- testing 933 : set([105, 52, 54])p: 2.43261557735e-06
--- testing 934 : set([56, 2])p: 0.0038214451393
--- testing 935 : set([34, 15])p: 1.0
--- testing 936 : set([63, 15])p: 1.0
--- testing 937 : set([41, 10])p: 1.0
--- testing 938 : set([96, 41])p: 1.0
--- testing 939 : set([61, 14])p: 1.0
--- testing 940 : set([74, 14])p: 1.0
--- testing 941 : set([64, 34])p: 0.324626998122
--- testing 942 : set([84, 38])p: 0.324626998122
--- testing 943 : set([14, 55])p: 0.0488313026416
--- testing 944 : set([2, 55])p: 0.324626998122
--- testing 945 : set([14, 7])p: 0.324626998122
--- testing 946 : set([38, 7])p: 1.0
--- testing 947 : set([14, 103])p: 0.324626998122
--- testing 948 : set([26, 103])p: 1.0
--- testing 949 : set([72, 105])p: 0.324626998122
--- testing 950 : set([25, 14])p: 0.324626998122
--- testing 951 : set([105, 60])p: 0.0038214451393
--- testing 952 : set([91, 14])p: 1.0
--- testing 953 : set([105, 91])p: 0.0488313026416
--- testing 954 : set([48, 38])p: 0.324626998122
--- testing 955 : set([105, 62])p: 0.0038214451393
--- testing 956 : set([34, 67])p: 0.0038214451393
--- testing 957 : set([105, 19])p: 0.0038214451393
--- testing 958 : set([65, 38])p: 1.0
--- testing 959 : set([11])p: 0.0488313026416
--- testing 960 : set([47])p: 1.0
--- testing 961 : set([68])p: 1.0
--- testing 962 : set([105, 14, 52, 38, 78])p: 0.00161970969265
--- testing 963 : set([34, 52, 38, 78])p: 0.269467859026
--- testing 964 : set([105, 26, 52, 14, 78])p: 0.00161970969265
--- testing 965 : set([105, 2, 34, 26])p: 0.0308273596407
--- testing 966 : set([2, 52, 26, 14])p: 0.00161970969265
--- testing 967 : set([105, 2, 52, 26])p: 3.23233047722e-05
--- testing 968 : set([2, 38, 34, 78])p: 0.0308273596407
--- testing 969 : set([2, 34, 26, 78])p: 0.0308273596407
--- testing 970 : set([105, 26, 14, 38, 63])p: 0.0308273596407
--- testing 971 : set([26, 34, 14, 63])p: 0.269467859026
--- testing 972 : set([105, 52, 38, 63])p: 0.269467859026
--- testing 973 : set([105, 14, 38, 78, 63])p: 0.0308273596407
--- testing 974 : set([34, 78, 63])p: 0.0308273596407
--- testing 975 : set([105, 52, 78, 63])p: 3.23233047722e-05
--- testing 976 : set([2, 34, 26, 63])p: 0.0308273596407
--- testing 977 : set([2, 52, 14, 63])p: 0.00161970969265
--- testing 978 : set([80, 34, 14, 38])p: 1.0
--- testing 979 : set([80, 105, 26, 38])p: 1.0
--- testing 980 : set([80, 26, 52, 38])p: 0.269467859026
--- testing 981 : set([80, 2, 78])p: 1.0
--- testing 982 : set([80, 52, 63])p: 0.0308273596407
--- testing 983 : set([105, 10, 14, 26, 38])p: 0.269467859026
--- testing 984 : set([10, 34, 26, 14])p: 0.269467859026
--- testing 985 : set([105, 10, 34, 26])p: 0.0308273596407
--- testing 986 : set([10, 34, 26, 38])p: 0.269467859026
--- testing 987 : set([105, 10, 52, 38])p: 0.269467859026
--- testing 988 : set([105, 10, 38, 34, 78])p: 0.0308273596407
--- testing 989 : set([105, 10, 2, 38])p: 0.0308273596407
--- testing 990 : set([10, 34, 2])p: 0.269467859026
--- testing 991 : set([38, 10, 26, 2, 14])p: 0.269467859026
--- testing 992 : set([96, 105, 26, 38])p: 0.269467859026
--- testing 993 : set([96, 26, 34, 38])p: 0.269467859026
--- testing 994 : set([96, 105, 52, 38])p: 0.269467859026
--- testing 995 : set([96, 105, 34, 52])p: 0.269467859026
--- testing 996 : set([96, 14, 38, 78])p: 0.269467859026
--- testing 997 : set([96, 105, 34, 78])p: 0.0308273596407
--- testing 998 : set([96, 2, 14, 38])p: 0.269467859026
--- testing 999 : set([96, 105, 2, 34])p: 0.0308273596407
--- testing 1000 : set([96, 2, 34, 38])p: 0.269467859026
--- testing 1001 : set([96, 2, 52])p: 0.0308273596407
--- testing 1002 : set([96, 105, 2, 78])p: 3.23233047722e-05
--- testing 1003 : set([96, 80, 105])p: 0.269467859026
--- testing 1004 : set([96, 105, 10, 34])p: 0.269467859026
--- testing 1005 : set([96, 10, 78])p: 0.269467859026
--- testing 1006 : set([14, 52, 85, 38])p: 0.0308273596407
--- testing 1007 : set([34, 52, 85, 14])p: 0.00161970969265
--- testing 1008 : set([105, 34, 52, 85, 38])p: 0.00161970969265
--- testing 1009 : set([105, 38, 85, 78])p: 0.0308273596407
--- testing 1010 : set([26, 14, 85, 78])p: 1.0
--- testing 1011 : set([105, 2, 85, 38])p: 0.269467859026
--- testing 1012 : set([105, 85, 14, 63])p: 0.0308273596407
--- testing 1013 : set([85, 78, 63])p: 0.00161970969265
--- testing 1014 : set([80, 85, 14, 63])p: 0.269467859026
--- testing 1015 : set([105, 10, 85, 14])p: 0.269467859026
--- testing 1016 : set([10, 34, 85])p: 0.269467859026
--- testing 1017 : set([10, 85, 63])p: 0.0308273596407
--- testing 1018 : set([96, 105, 85, 14])p: 3.23233047722e-05
--- testing 1019 : set([96, 34, 85, 14])p: 0.0308273596407
--- testing 1020 : set([96, 34, 85, 38])p: 0.0308273596407
--- testing 1021 : set([96, 34, 85, 78])p: 0.0308273596407
--- testing 1022 : set([96, 2, 85, 38])p: 0.269467859026
--- testing 1023 : set([96, 85, 38, 63])p: 0.0308273596407
--- testing 1024 : set([96, 80, 85])p: 0.269467859026
--- testing 1025 : set([26, 4, 14, 38])p: 1.0
--- testing 1026 : set([52, 4, 14, 105])p: 0.0308273596407
--- testing 1027 : set([52, 26, 4])p: 1.0
--- testing 1028 : set([105, 4, 63])p: 0.00161970969265
--- testing 1029 : set([80, 105, 4])p: 1.0
--- testing 1030 : set([80, 4, 38])p: 1.0
--- testing 1031 : set([10, 4, 26])p: 1.0
--- testing 1032 : set([105, 4, 85])p: 0.0308273596407
--- testing 1033 : set([26, 4, 85])p: 0.269467859026
--- testing 1034 : set([105, 14, 38, 6])p: 0.269467859026
--- testing 1035 : set([34, 14, 38, 6])p: 1.0
--- testing 1036 : set([26, 34, 6])p: 0.269467859026
--- testing 1037 : set([10, 6])p: 1.0
--- testing 1038 : set([105, 26, 23])p: 0.269467859026
--- testing 1039 : set([34, 52, 23])p: 1.0
--- testing 1040 : set([2, 52, 23])p: 0.0308273596407
--- testing 1041 : set([63, 14, 23])p: 0.0308273596407
--- testing 1042 : set([80, 23])p: 1.0
--- testing 1043 : set([4, 23])p: 1.0
--- testing 1044 : set([34, 6, 23])p: 1.0
--- testing 1045 : set([8, 34, 14, 38])p: 1.0
--- testing 1046 : set([8, 105, 26])p: 0.269467859026
--- testing 1047 : set([8, 26, 38])p: 0.269467859026
--- testing 1048 : set([8, 52, 78])p: 0.269467859026
--- testing 1049 : set([8, 2, 78])p: 0.269467859026
--- testing 1050 : set([8, 96, 38])p: 0.269467859026
--- testing 1051 : set([8, 96, 26])p: 0.269467859026
--- testing 1052 : set([8, 96, 78])p: 0.269467859026
--- testing 1053 : set([8, 96, 63])p: 1.0
--- testing 1054 : set([8, 105, 23])p: 0.269467859026
--- testing 1055 : set([105, 106, 38])p: 1.0
--- testing 1056 : set([106, 34, 14])p: 0.269467859026
--- testing 1057 : set([106, 26, 14])p: 0.269467859026
--- testing 1058 : set([105, 106, 26])p: 1.0
--- testing 1059 : set([106, 34, 26])p: 0.269467859026
--- testing 1060 : set([106, 14, 78])p: 0.269467859026
--- testing 1061 : set([106, 4])p: 1.0
--- testing 1062 : set([106, 6])p: 0.269467859026
--- testing 1063 : set([26, 34, 14, 31])p: 0.269467859026
--- testing 1064 : set([105, 26, 34, 31])p: 0.269467859026
--- testing 1065 : set([26, 52, 31])p: 1.0
--- testing 1066 : set([105, 78, 31])p: 0.269467859026
--- testing 1067 : set([2, 26, 31])p: 1.0
--- testing 1068 : set([63, 14, 31])p: 1.0
--- testing 1069 : set([105, 63, 31])p: 0.0308273596407
--- testing 1070 : set([85, 38, 31])p: 1.0
--- testing 1071 : set([105, 34, 86])p: 0.0308273596407
--- testing 1072 : set([96, 105, 86])p: 1.0
--- testing 1073 : set([85, 86])p: 0.269467859026
--- testing 1074 : set([86, 23])p: 1.0
--- testing 1075 : set([8, 86])p: 1.0
--- testing 1076 : set([105, 38, 95])p: 0.00161970969265
--- testing 1077 : set([34, 14, 38, 95])p: 0.0308273596407
--- testing 1078 : set([52, 14, 95])p: 1.0
--- testing 1079 : set([34, 52, 95])p: 0.269467859026
--- testing 1080 : set([105, 2, 95])p: 0.269467859026
--- testing 1081 : set([2, 34, 95])p: 1.0
--- testing 1082 : set([96, 26, 14, 95])p: 0.269467859026
--- testing 1083 : set([96, 26, 38, 95])p: 0.269467859026
--- testing 1084 : set([105, 85, 95])p: 0.0308273596407
--- testing 1085 : set([34, 85, 95])p: 0.269467859026
--- testing 1086 : set([26, 85, 95])p: 1.0
--- testing 1087 : set([8, 26, 95])p: 0.0308273596407
--- testing 1088 : set([106, 34, 95])p: 0.269467859026
--- testing 1089 : set([26, 31, 95])p: 1.0
--- testing 1090 : set([59, 14, 78])p: 0.269467859026
--- testing 1091 : set([59, 14, 63])p: 0.269467859026
--- testing 1092 : set([59, 85])p: 0.0308273596407
--- testing 1093 : set([105, 34, 20])p: 0.0308273596407
--- testing 1094 : set([26, 20])p: 1.0
--- testing 1095 : set([52, 20, 105])p: 0.0308273596407
--- testing 1096 : set([96, 20])p: 1.0
--- testing 1097 : set([105, 14, 71])p: 1.0
--- testing 1098 : set([105, 38, 71])p: 1.0
--- testing 1099 : set([34, 71])p: 1.0
--- testing 1100 : set([26, 71])p: 1.0
--- testing 1101 : set([63, 38, 71])p: 1.0
--- testing 1102 : set([10, 71])p: 1.0
--- testing 1103 : set([4, 71])p: 1.0
--- testing 1104 : set([53, 78])p: 1.0
--- testing 1105 : set([53, 14, 63])p: 1.0
--- testing 1106 : set([96, 53, 38])p: 1.0
--- testing 1107 : set([53, 85])p: 0.269467859026
--- testing 1108 : set([105, 36, 14])p: 0.0308273596407
--- testing 1109 : set([105, 34, 36])p: 0.269467859026
--- testing 1110 : set([52, 26, 92])p: 0.0308273596407
--- testing 1111 : set([92, 63])p: 1.0
--- testing 1112 : set([92, 86])p: 1.0
--- testing 1113 : set([90, 14, 38])p: 0.0308273596407
--- testing 1114 : set([90, 34])p: 0.269467859026
--- testing 1115 : set([90, 26, 14])p: 1.0
--- testing 1116 : set([90, 85])p: 1.0
--- testing 1117 : set([32, 26])p: 0.269467859026
--- testing 1118 : set([32, 52])p: 1.0
--- testing 1119 : set([105, 14, 39])p: 0.269467859026
--- testing 1120 : set([26, 34, 39])p: 0.269467859026
--- testing 1121 : set([52, 38, 39])p: 1.0
--- testing 1122 : set([2, 14, 39])p: 0.269467859026
--- testing 1123 : set([80, 38, 39])p: 1.0
--- testing 1124 : set([10, 38, 39])p: 0.269467859026
--- testing 1125 : set([96, 14, 39])p: 0.269467859026
--- testing 1126 : set([96, 105, 39])p: 1.0
--- testing 1127 : set([96, 38, 39])p: 0.269467859026
--- testing 1128 : set([98, 26, 14])p: 0.269467859026
--- testing 1129 : set([105, 98, 52])p: 0.00161970969265
--- testing 1130 : set([98, 78])p: 0.00161970969265
--- testing 1131 : set([98, 34, 2])p: 0.269467859026
--- testing 1132 : set([98, 14, 63])p: 0.269467859026
--- testing 1133 : set([98, 23])p: 1.0
--- testing 1134 : set([98, 31])p: 1.0
--- testing 1135 : set([14, 54, 63])p: 0.0308273596407
--- testing 1136 : set([80, 54])p: 1.0
--- testing 1137 : set([4, 54])p: 0.269467859026
--- testing 1138 : set([56, 105, 14])p: 0.269467859026
--- testing 1139 : set([56, 14, 38])p: 0.269467859026
--- testing 1140 : set([56, 105, 38])p: 0.269467859026
--- testing 1141 : set([56, 26, 14])p: 0.269467859026
--- testing 1142 : set([56, 105, 26])p: 0.0308273596407
--- testing 1143 : set([56, 52])p: 0.269467859026
--- testing 1144 : set([56, 105, 78])p: 0.269467859026
--- testing 1145 : set([80, 15])p: 1.0
--- testing 1146 : set([41, 14, 105])p: 1.0
--- testing 1147 : set([41, 26, 14])p: 0.269467859026
--- testing 1148 : set([41, 26, 34])p: 0.00161970969265
--- testing 1149 : set([41, 106])p: 0.269467859026
--- testing 1150 : set([41, 34, 95])p: 0.269467859026
--- testing 1151 : set([41, 38, 39])p: 1.0
--- testing 1152 : set([61, 63])p: 1.0
--- testing 1153 : set([74, 34])p: 0.269467859026
--- testing 1154 : set([96, 74])p: 1.0
--- testing 1155 : set([64, 96])p: 0.269467859026
--- testing 1156 : set([2, 69])p: 0.269467859026
--- testing 1157 : set([84, 78])p: 0.269467859026
--- testing 1158 : set([34, 55])p: 0.269467859026
--- testing 1159 : set([14, 22])p: 0.269467859026
--- testing 1160 : set([72, 34])p: 0.269467859026
--- testing 1161 : set([10, 101])p: 1.0
--- testing 1162 : set([10, 100])p: 0.269467859026
--- testing 1163 : set([60, 63])p: 1.0
--- testing 1164 : set([91, 38])p: 1.0
--- testing 1165 : set([16, 38])p: 0.269467859026
--- testing 1166 : set([105, 66])p: 0.269467859026
--- testing 1167 : set([21, 14])p: 0.269467859026
--- testing 1168 : set([26, 21])p: 1.0
--- testing 1169 : set([34, 62])p: 0.269467859026
--- testing 1170 : set([73, 105])p: 1.0
--- testing 1171 : set([12, 38])p: 1.0
--- testing 1172 : set([14, 70])p: 1.0
--- testing 1173 : set([105, 34, 67])p: 0.0308273596407
--- testing 1174 : set([82, 14])p: 1.0
--- testing 1175 : set([105, 45])p: 0.0308273596407
--- testing 1176 : set([26, 99])p: 0.269467859026
--- testing 1177 : set([37])p: 0.269467859026
--- testing 1178 : set([40])p: 1.0
--- testing 1179 : set([50])p: 0.269467859026
--- testing 1180 : set([58])p: 0.269467859026
--- testing 1181 : set([87])p: 0.269467859026
