trsact: data/conditions/data_311.csv.4lcm53 ,#transactions 16228 ,#items 107 ,size 18683 extracted database: #transactions 16228 ,#items 97 ,size 18664
 output to: data/conditions/data_311.csv.4lcm53.results.lcm/data_311.csv.4lcm53.lowsup4.closed
separated at 0
iters=1227
1217
1
97
388
468
218
44
1
finish calculation of K: 1216
4
--- testing 1 : set([14])p: 2.31614232329e-18
--- testing 2 : set([105])p: 4.80278338612e-05
--- testing 3 : set([37])p: 3.07339994468e-11
--- testing 4 : set([33])p: 1.74791706262e-23
--- testing 5 : set([49])p: 2.01440409449e-07
--- testing 6 : set([52])p: 0.000294603311419
--- testing 7 : set([37, 14])p: 5.99258736279e-11
--- testing 8 : set([78])p: 1.10426097466e-09
--- testing 9 : set([2])p: 0.00023692113036
--- testing 10 : set([49, 105])p: 0.000174040094022
--- testing 11 : set([63])p: 2.25944699792e-05
--- testing 12 : set([80])p: 0.00145124750779
--- testing 13 : set([10])p: 0.00125939211362
--- testing 14 : set([105, 52])p: 0.0142892781812
--- testing 15 : set([96])p: 3.27025401162e-06
--- testing 16 : set([105, 14])p: 7.73297783894e-11
--- testing 17 : set([85])p: 5.62265757591e-11
--- testing 18 : set([105, 37])p: 3.11240240052e-08
--- testing 19 : set([4])p: 0.00171097886712
--- testing 20 : set([33, 105])p: 9.56233977169e-11
--- testing 21 : set([33, 14])p: 1.04011273792e-14
--- testing 22 : set([49, 14])p: 2.65776214315e-07
--- testing 23 : set([105, 78])p: 7.40430972476e-05
--- testing 24 : set([49, 52])p: 0.00555170180711
--- testing 25 : set([33, 37])p: 4.99727000958e-14
--- testing 26 : set([10, 37])p: 0.00112698189449
--- testing 27 : set([49, 52, 105])p: 0.016271919957
--- testing 28 : set([2, 14])p: 4.00101178048e-07
--- testing 29 : set([10, 14])p: 8.90938073915e-06
--- testing 30 : set([6])p: 0.00484238582233
--- testing 31 : set([14, 63])p: 0.00484931373281
--- testing 32 : set([49, 37])p: 1.86484510043e-07
--- testing 33 : set([49, 78])p: 0.0148977792048
--- testing 34 : set([49, 33])p: 7.70033849322e-09
--- testing 35 : set([105, 2])p: 0.0330356476638
--- testing 36 : set([23])p: 0.20703694273
--- testing 37 : set([14, 78])p: 3.59878908464e-06
--- testing 38 : set([8])p: 2.25158277605e-08
--- testing 39 : set([52, 14])p: 3.95390548858e-07
--- testing 40 : set([49, 14, 105])p: 1.35824839873e-05
--- testing 41 : set([96, 14])p: 8.34800356448e-05
--- testing 42 : set([37, 63])p: 0.0652258588989
--- testing 43 : set([106])p: 0.00282424165924
--- testing 44 : set([30])p: 6.42130230599e-08
--- testing 45 : set([86])p: 0.047446948479
--- testing 46 : set([85, 14])p: 8.24080052729e-05
--- testing 47 : set([95])p: 5.17419488445e-16
--- testing 48 : set([105, 37, 14])p: 4.31484464262e-06
--- testing 49 : set([33, 78])p: 1.72162841371e-07
--- testing 50 : set([2, 37])p: 0.000297423832862
--- testing 51 : set([52, 37])p: 0.00026970393431
--- testing 52 : set([80, 14])p: 0.0114674725209
--- testing 53 : set([49, 78, 105])p: 0.0176752976077
--- testing 54 : set([10, 37, 14])p: 8.42029008711e-05
--- testing 55 : set([37, 78])p: 7.50958114899e-05
--- testing 56 : set([80, 105])p: 0.200521668488
--- testing 57 : set([85, 37])p: 0.00117268528855
--- testing 58 : set([80, 37])p: 0.000110550308703
--- testing 59 : set([105, 85])p: 8.80675500406e-06
--- testing 60 : set([105, 63])p: 0.000968713027114
--- testing 61 : set([49, 105, 33])p: 2.18286837795e-05
--- testing 62 : set([33, 52])p: 0.00405985969366
--- testing 63 : set([33, 2])p: 0.000424396107694
--- testing 64 : set([49, 37, 105])p: 7.09459957877e-06
--- testing 65 : set([33, 37, 14])p: 1.45276354498e-06
--- testing 66 : set([105, 52, 14])p: 2.40336690963e-05
--- testing 67 : set([49, 2])p: 0.0193527933528
--- testing 68 : set([96, 105])p: 0.000781774294464
--- testing 69 : set([59])p: 0.000701901886296
--- testing 70 : set([105, 10])p: 0.000629042999151
--- testing 71 : set([96, 37])p: 0.00898668000107
--- testing 72 : set([52, 78])p: 0.000243798349612
--- testing 73 : set([2, 63])p: 0.000188244197051
--- testing 74 : set([20])p: 0.679646935221
--- testing 75 : set([96, 33])p: 4.77773084493e-08
--- testing 76 : set([71])p: 0.65089049433
--- testing 77 : set([33, 14, 105])p: 7.92833176668e-10
--- testing 78 : set([49, 37, 14])p: 1.66268828032e-05
--- testing 79 : set([80, 78])p: 0.00948682725711
--- testing 80 : set([105, 52, 37])p: 0.000868423239603
--- testing 81 : set([53])p: 0.00788843402334
--- testing 82 : set([105, 52, 78])p: 0.00588926401527
--- testing 83 : set([49, 85])p: 0.196061334214
--- testing 84 : set([33, 37, 105])p: 2.27820047368e-05
--- testing 85 : set([37, 14, 63])p: 0.187422038336
--- testing 86 : set([35])p: 0.0794860642122
--- testing 87 : set([4, 14])p: 0.0745880054798
--- testing 88 : set([92])p: 0.0107947188001
--- testing 89 : set([4, 37])p: 0.00022354519443
--- testing 90 : set([90])p: 0.00979402577143
--- testing 91 : set([49, 63])p: 0.0255710340894
--- testing 92 : set([31])p: 0.483653635954
--- testing 93 : set([33, 63])p: 3.87215072248e-08
--- testing 94 : set([2, 37, 14])p: 5.03497707e-06
--- testing 95 : set([49, 2, 105])p: 0.0196709019573
--- testing 96 : set([80, 33])p: 0.0196709019573
--- testing 97 : set([38])p: 0.0196709019573
--- testing 98 : set([98])p: 0.000118759479461
--- testing 99 : set([54])p: 0.0490308546624
--- testing 100 : set([33, 52, 105])p: 0.0051799567313
--- testing 101 : set([80, 49])p: 0.110496670559
--- testing 102 : set([33, 78, 105])p: 0.000317174082388
--- testing 103 : set([105, 14, 78])p: 1.17521679923e-05
--- testing 104 : set([105, 4])p: 0.00409549521735
--- testing 105 : set([56])p: 0.0120976771155
--- testing 106 : set([85, 14, 37])p: 0.0326391510294
--- testing 107 : set([33, 85])p: 0.00319699819437
--- testing 108 : set([96, 85])p: 3.35387614205e-05
--- testing 109 : set([15])p: 0.587754348966
--- testing 110 : set([49, 52, 14])p: 0.00246139006523
--- testing 111 : set([2, 78])p: 2.74672049553e-05
--- testing 112 : set([33, 10])p: 0.0272648978906
--- testing 113 : set([96, 63])p: 0.00246139006523
--- testing 114 : set([96, 49])p: 0.292584983665
--- testing 115 : set([96, 2])p: 0.128548609788
--- testing 116 : set([2, 52])p: 0.0456733533858
--- testing 117 : set([80, 85])p: 0.0456733533858
--- testing 118 : set([14, 6])p: 4.25871960711e-05
--- testing 119 : set([49, 52, 14, 105])p: 0.00086788859693
--- testing 120 : set([49, 52, 78])p: 0.003624934399
--- testing 121 : set([105, 2, 14])p: 0.00086788859693
--- testing 122 : set([49, 52, 78, 105])p: 0.0117671432865
--- testing 123 : set([8, 14])p: 0.000150820352453
--- testing 124 : set([14, 37, 78])p: 0.0345161275013
--- testing 125 : set([105, 10, 37])p: 0.0345161275013
--- testing 126 : set([40])p: 0.000617302686403
--- testing 127 : set([61])p: 0.0345161275013
--- testing 128 : set([49, 14, 33])p: 0.000100338197938
--- testing 129 : set([78, 63])p: 0.0080820411354
--- testing 130 : set([80, 52])p: 0.0833216833368
--- testing 131 : set([85, 78])p: 0.00199664830024
--- testing 132 : set([80, 2])p: 0.0016980910538
--- testing 133 : set([85, 63])p: 0.000354607855889
--- testing 134 : set([105, 106])p: 0.194477360006
--- testing 135 : set([14, 30])p: 6.49506874636e-05
--- testing 136 : set([52, 37, 14])p: 0.00143594799079
--- testing 137 : set([49, 2, 14])p: 0.00615102788409
--- testing 138 : set([49, 37, 14, 105])p: 4.0779325917e-05
--- testing 139 : set([105, 10, 14])p: 0.00120696330764
--- testing 140 : set([49, 10])p: 0.171740797137
--- testing 141 : set([105, 37, 78])p: 3.19079568929e-05
--- testing 142 : set([52, 63])p: 0.357733579305
--- testing 143 : set([80, 37, 14])p: 0.0588110548654
--- testing 144 : set([96, 37, 14])p: 0.0588110548654
--- testing 145 : set([33, 4])p: 0.357733579305
--- testing 146 : set([14, 23])p: 0.635010111836
--- testing 147 : set([37, 23])p: 0.635010111836
--- testing 148 : set([49, 52, 37])p: 0.00015396857319
--- testing 149 : set([96, 78])p: 0.0534241947385
--- testing 150 : set([2, 85])p: 0.0534241947385
--- testing 151 : set([37, 6])p: 0.0534241947385
--- testing 152 : set([14, 95])p: 4.25393131059e-10
--- testing 153 : set([33, 95])p: 4.25393131059e-10
--- testing 154 : set([49, 14, 78])p: 0.00334256737074
--- testing 155 : set([2, 14, 63])p: 0.0138524189593
--- testing 156 : set([49, 52, 33])p: 0.0435468277991
--- testing 157 : set([49, 78, 33])p: 0.129432864012
--- testing 158 : set([33, 2, 105])p: 0.129432864012
--- testing 159 : set([105, 14, 63])p: 0.00282653631522
--- testing 160 : set([49, 85, 105])p: 0.129432864012
--- testing 161 : set([105, 6])p: 0.589889286427
--- testing 162 : set([74])p: 0.0121007770279
--- testing 163 : set([49, 105, 63])p: 0.0390545348318
--- testing 164 : set([105, 85, 14])p: 0.000456313564204
--- testing 165 : set([33, 37, 14, 105])p: 0.00907494800246
--- testing 166 : set([14, 86])p: 1.0
--- testing 167 : set([64])p: 0.850413610189
--- testing 168 : set([49, 52, 105, 33])p: 0.0309505797243
--- testing 169 : set([33, 2, 14])p: 0.00163702132648
--- testing 170 : set([52, 85])p: 0.540744637321
--- testing 171 : set([105, 23])p: 0.101014203234
--- testing 172 : set([59, 14])p: 0.00163702132648
--- testing 173 : set([49, 52, 37, 105])p: 0.00134279119807
--- testing 174 : set([105, 2, 52])p: 0.0922562502957
--- testing 175 : set([49, 4])p: 0.0922562502957
--- testing 176 : set([80, 49, 105])p: 0.822182962125
--- testing 177 : set([10, 63])p: 0.233987330262
--- testing 178 : set([96, 105, 14])p: 0.00109154831311
--- testing 179 : set([49, 85, 14])p: 0.505782125049
--- testing 180 : set([8, 105])p: 0.0838787887886
--- testing 181 : set([105, 30])p: 3.05108195217e-06
--- testing 182 : set([37, 86])p: 0.233987330262
--- testing 183 : set([49, 37, 33])p: 2.13658196287e-07
--- testing 184 : set([80, 105, 14])p: 0.218976476115
--- testing 185 : set([80, 63])p: 0.811636267556
--- testing 186 : set([96, 52])p: 0.218976476115
--- testing 187 : set([105, 95])p: 0.0209283903505
--- testing 188 : set([37, 71])p: 1.0
--- testing 189 : set([37, 38])p: 0.487662472063
--- testing 190 : set([33, 52, 14])p: 0.0181312513717
--- testing 191 : set([105, 2, 37])p: 0.00010529080618
--- testing 192 : set([80, 105, 78])p: 0.469132403377
--- testing 193 : set([105, 86])p: 0.204174834129
--- testing 194 : set([14, 38])p: 0.469132403377
--- testing 195 : set([10, 78])p: 0.189618153567
--- testing 196 : set([96, 80])p: 0.450206862716
--- testing 197 : set([14, 71])p: 0.78863145901
--- testing 198 : set([33, 14, 78])p: 6.74054053863e-06
--- testing 199 : set([80, 105, 52])p: 0.430903995372
--- testing 200 : set([33, 10, 37])p: 0.0543953800846
--- testing 201 : set([80, 10])p: 0.430903995372
--- testing 202 : set([96, 4])p: 0.430903995372
--- testing 203 : set([37, 30])p: 0.00263067575991
--- testing 204 : set([69])p: 0.430903995372
--- testing 205 : set([84])p: 0.00263067575991
--- testing 206 : set([49, 105, 14, 33])p: 0.0021225713017
--- testing 207 : set([49, 37, 78])p: 0.0021225713017
--- testing 208 : set([96, 33, 14])p: 0.000329163787142
--- testing 209 : set([4, 63])p: 0.011249862362
--- testing 210 : set([8, 33])p: 4.25594496e-05
--- testing 211 : set([106, 14])p: 0.0480733292483
--- testing 212 : set([106, 37])p: 0.411245474049
--- testing 213 : set([105, 52, 37, 14])p: 0.00942440414991
--- testing 214 : set([49, 105, 78, 33])p: 0.391256851996
--- testing 215 : set([33, 2, 37])p: 0.00169215349821
--- testing 216 : set([49, 14, 63])p: 0.147789974091
--- testing 217 : set([80, 105, 37])p: 0.0421815745465
--- testing 218 : set([105, 10, 37, 14])p: 0.0421815745465
--- testing 219 : set([96, 49, 105])p: 0.147789974091
--- testing 220 : set([10, 85])p: 0.00169215349821
--- testing 221 : set([4, 37, 14])p: 0.0421815745465
--- testing 222 : set([33, 23])p: 0.748757549286
--- testing 223 : set([8, 37])p: 0.0421815745465
--- testing 224 : set([49, 14, 78, 105])p: 0.00133134376681
--- testing 225 : set([105, 52, 63])p: 0.733861686899
--- testing 226 : set([33, 10, 105])p: 0.036722046147
--- testing 227 : set([96, 49, 14])p: 0.134588924148
--- testing 228 : set([105, 85, 37])p: 0.00781351859747
--- testing 229 : set([33, 6])p: 0.036722046147
--- testing 230 : set([33, 106])p: 0.036722046147
--- testing 231 : set([105, 59])p: 0.733861686899
--- testing 232 : set([53, 37])p: 0.00133134376681
--- testing 233 : set([14, 15])p: 0.370967945504
--- testing 234 : set([33, 37, 78])p: 0.121823679191
--- testing 235 : set([49, 2, 33])p: 0.0316944761384
--- testing 236 : set([105, 2, 78])p: 0.121823679191
--- testing 237 : set([105, 37, 63])p: 0.0316944761384
--- testing 238 : set([49, 10, 105])p: 0.121823679191
--- testing 239 : set([10, 52])p: 0.350413247994
--- testing 240 : set([33, 85, 14])p: 0.718083698142
--- testing 241 : set([98, 14])p: 0.0316944761384
--- testing 242 : set([55])p: 0.350413247994
--- testing 243 : set([49, 2, 52, 105])p: 0.0270962714143
--- testing 244 : set([10, 2])p: 0.0270962714143
--- testing 245 : set([96, 33, 105])p: 9.69130455804e-05
--- testing 246 : set([96, 10])p: 0.701371404954
--- testing 247 : set([33, 30])p: 9.78192203859e-06
--- testing 248 : set([37, 95])p: 3.29490004051e-09
--- testing 249 : set([59, 37])p: 0.00518344026996
--- testing 250 : set([35, 37])p: 0.329632378103
--- testing 251 : set([37, 15])p: 0.701371404954
--- testing 252 : set([22])p: 0.10953333332
--- testing 253 : set([49, 105, 37, 33])p: 6.78693377331e-05
--- testing 254 : set([49, 2, 14, 105])p: 0.00413683592063
--- testing 255 : set([33, 14, 63])p: 0.0229223988154
--- testing 256 : set([49, 10, 14])p: 0.0977566101909
--- testing 257 : set([96, 105, 37])p: 0.0229223988154
--- testing 258 : set([96, 105, 52])p: 0.0977566101909
--- testing 259 : set([105, 52, 85])p: 0.308670564314
--- testing 260 : set([4, 78])p: 0.000590333729285
--- testing 261 : set([49, 30])p: 0.0229223988154
--- testing 262 : set([35, 14])p: 0.308670564314
--- testing 263 : set([7])p: 0.683669546532
--- testing 264 : set([103])p: 0.00413683592063
--- testing 265 : set([52, 14, 78])p: 0.0032502103728
--- testing 266 : set([49, 2, 37])p: 0.0191652862365
--- testing 267 : set([14, 78, 63])p: 0.0032502103728
--- testing 268 : set([33, 85, 105])p: 0.287579168902
--- testing 269 : set([53, 14])p: 0.0865314784846
--- testing 270 : set([72])p: 0.664919597422
--- testing 271 : set([101])p: 0.0865314784846
--- testing 272 : set([33, 52, 14, 105])p: 0.0758947112875
--- testing 273 : set([49, 2, 78])p: 0.0158147439494
--- testing 274 : set([49, 52, 63])p: 0.645059574868
--- testing 275 : set([105, 2, 63])p: 0.645059574868
--- testing 276 : set([80, 49, 14])p: 0.645059574868
--- testing 277 : set([10, 37, 63])p: 0.266416254121
--- testing 278 : set([33, 85, 37])p: 0.0758947112875
--- testing 279 : set([85, 14, 63])p: 0.645059574868
--- testing 280 : set([52, 4])p: 0.0158147439494
--- testing 281 : set([96, 6])p: 0.266416254121
--- testing 282 : set([49, 106])p: 0.266416254121
--- testing 283 : set([33, 52, 37])p: 0.0658813833978
--- testing 284 : set([49, 52, 37, 14])p: 0.0128579109931
--- testing 285 : set([49, 37, 78, 105])p: 0.0018985259207
--- testing 286 : set([105, 52, 14, 78])p: 0.0128579109931
--- testing 287 : set([33, 105, 63])p: 1.97421548149e-05
--- testing 288 : set([105, 78, 63])p: 0.0658813833978
--- testing 289 : set([2, 37, 63])p: 0.0658813833978
--- testing 290 : set([33, 10, 14])p: 0.0128579109931
--- testing 291 : set([10, 14, 63])p: 0.245247193806
--- testing 292 : set([49, 85, 37])p: 0.624023834826
--- testing 293 : set([105, 85, 78])p: 0.245247193806
--- testing 294 : set([96, 85, 14])p: 0.245247193806
--- testing 295 : set([49, 4, 105])p: 0.624023834826
--- testing 296 : set([4, 85])p: 0.0128579109931
--- testing 297 : set([49, 23])p: 0.624023834826
--- testing 298 : set([8, 96])p: 0.0128579109931
--- testing 299 : set([49, 95])p: 0.000217786207267
--- testing 300 : set([49, 59])p: 0.624023834826
--- testing 301 : set([105, 20])p: 0.624023834826
--- testing 302 : set([105, 53])p: 0.245247193806
--- testing 303 : set([33, 98])p: 0.0658813833978
--- testing 304 : set([105, 54])p: 0.245247193806
--- testing 305 : set([100])p: 0.245247193806
--- testing 306 : set([49, 52, 37, 14, 105])p: 0.0102792321525
--- testing 307 : set([33, 52, 78])p: 0.0565243000323
--- testing 308 : set([2, 14, 78])p: 1.22011919399e-05
--- testing 309 : set([80, 49, 78])p: 0.601742855943
--- testing 310 : set([80, 2, 14])p: 0.00140419071087
--- testing 311 : set([10, 2, 14])p: 0.0102792321525
--- testing 312 : set([96, 33, 37])p: 0.0102792321525
--- testing 313 : set([96, 105, 78])p: 0.224145333758
--- testing 314 : set([96, 2, 14])p: 0.224145333758
--- testing 315 : set([49, 85, 14, 105])p: 0.224145333758
--- testing 316 : set([2, 85, 14])p: 0.224145333758
--- testing 317 : set([80, 105, 85])p: 0.224145333758
--- testing 318 : set([2, 4])p: 0.0565243000323
--- testing 319 : set([106, 52])p: 1.0
--- testing 320 : set([85, 30])p: 0.601742855943
--- testing 321 : set([49, 86])p: 0.224145333758
--- testing 322 : set([33, 20])p: 0.224145333758
--- testing 323 : set([14, 37, 38])p: 0.601742855943
--- testing 324 : set([56, 37])p: 0.224145333758
--- testing 325 : set([40, 14])p: 0.0102792321525
--- testing 326 : set([25])p: 0.601742855943
--- testing 327 : set([60])p: 0.224145333758
--- testing 328 : set([91])p: 0.224145333758
--- testing 329 : set([49, 2, 105, 33])p: 0.203192704543
--- testing 330 : set([2, 52, 14])p: 0.00806047179213
--- testing 331 : set([49, 52, 105, 63])p: 0.578143010806
--- testing 332 : set([49, 2, 63])p: 0.0478533498048
--- testing 333 : set([80, 33, 14])p: 0.0478533498048
--- testing 334 : set([80, 33, 105])p: 0.0478533498048
--- testing 335 : set([96, 14, 78])p: 0.203192704543
--- testing 336 : set([14, 85, 78])p: 0.00806047179213
--- testing 337 : set([80, 85, 14])p: 0.0478533498048
--- testing 338 : set([10, 85, 37])p: 0.0478533498048
--- testing 339 : set([10, 4])p: 0.00806047179213
--- testing 340 : set([52, 23])p: 0.578143010806
--- testing 341 : set([14, 54])p: 0.0478533498048
--- testing 342 : set([37, 54])p: 0.203192704543
--- testing 343 : set([56, 105])p: 0.00806047179213
--- testing 344 : set([16])p: 0.203192704543
--- testing 345 : set([47])p: 0.578143010806
--- testing 346 : set([66])p: 0.578143010806
--- testing 347 : set([105, 14, 37, 78])p: 0.000706732685808
--- testing 348 : set([105, 2, 37, 14])p: 6.10878095409e-05
--- testing 349 : set([33, 2, 14, 105])p: 0.0398947742023
--- testing 350 : set([105, 37, 14, 63])p: 0.00618077163675
--- testing 351 : set([33, 2, 63])p: 0.00618077163675
--- testing 352 : set([80, 14, 63])p: 0.553146323722
--- testing 353 : set([33, 10, 37, 105])p: 0.182480790578
--- testing 354 : set([49, 10, 37])p: 0.0398947742023
--- testing 355 : set([105, 10, 52])p: 0.182480790578
--- testing 356 : set([105, 10, 78])p: 0.182480790578
--- testing 357 : set([96, 14, 63])p: 1.0
--- testing 358 : set([96, 10, 37])p: 0.553146323722
--- testing 359 : set([37, 85, 63])p: 0.182480790578
--- testing 360 : set([105, 4, 37])p: 0.000706732685808
--- testing 361 : set([8, 49])p: 0.0398947742023
--- testing 362 : set([52, 30])p: 0.00618077163675
--- testing 363 : set([14, 37, 86])p: 1.0
--- testing 364 : set([33, 59])p: 0.0398947742023
--- testing 365 : set([2, 59])p: 0.0398947742023
--- testing 366 : set([92, 14])p: 0.000706732685808
--- testing 367 : set([90, 14])p: 0.00618077163675
--- testing 368 : set([105, 90])p: 0.553146323722
--- testing 369 : set([105, 98])p: 0.0398947742023
--- testing 370 : set([40, 37])p: 0.0398947742023
--- testing 371 : set([21])p: 0.00618077163675
--- testing 372 : set([62])p: 0.0398947742023
--- testing 373 : set([73])p: 0.553146323722
--- testing 374 : set([52, 37, 78])p: 0.162111359667
--- testing 375 : set([105, 2, 52, 14])p: 0.0326703450811
--- testing 376 : set([49, 2, 78, 105])p: 0.0326703450811
--- testing 377 : set([49, 78, 63])p: 0.0326703450811
--- testing 378 : set([80, 49, 14, 105])p: 1.0
--- testing 379 : set([80, 49, 52])p: 0.526670214212
--- testing 380 : set([10, 85, 14])p: 0.000476145229998
--- testing 381 : set([105, 4, 14])p: 0.526670214212
--- testing 382 : set([8, 78])p: 0.162111359667
--- testing 383 : set([8, 2])p: 0.162111359667
--- testing 384 : set([96, 30])p: 0.162111359667
--- testing 385 : set([33, 86])p: 0.0326703450811
--- testing 386 : set([96, 95])p: 2.12310323029e-06
--- testing 387 : set([105, 35])p: 0.0326703450811
--- testing 388 : set([105, 92])p: 0.0326703450811
--- testing 389 : set([92, 37])p: 0.000476145229998
--- testing 390 : set([45])p: 1.0
--- testing 391 : set([49, 52, 14, 33])p: 0.142197357423
--- testing 392 : set([33, 37, 78, 105])p: 0.142197357423
--- testing 393 : set([33, 52, 78, 105])p: 0.142197357423
--- testing 394 : set([33, 2, 78])p: 0.00334272503778
--- testing 395 : set([49, 33, 63])p: 0.00334272503778
--- testing 396 : set([80, 14, 78])p: 0.0261964409488
--- testing 397 : set([10, 14, 78])p: 0.142197357423
--- testing 398 : set([10, 2, 37])p: 0.00334272503778
--- testing 399 : set([96, 49, 78])p: 0.498627225401
--- testing 400 : set([49, 85, 78])p: 0.498627225401
--- testing 401 : set([96, 105, 85])p: 0.0261964409488
--- testing 402 : set([96, 85, 37])p: 0.0261964409488
--- testing 403 : set([96, 85, 63])p: 0.142197357423
--- testing 404 : set([80, 4])p: 0.498627225401
--- testing 405 : set([105, 14, 23])p: 1.0
--- testing 406 : set([8, 37, 14])p: 0.0261964409488
--- testing 407 : set([30, 63])p: 0.0261964409488
--- testing 408 : set([86, 63])p: 0.142197357423
--- testing 409 : set([52, 95])p: 0.0261964409488
--- testing 410 : set([2, 95])p: 0.000307104443318
--- testing 411 : set([37, 14, 71])p: 1.0
--- testing 412 : set([33, 35])p: 0.142197357423
--- testing 413 : set([49, 92])p: 0.0261964409488
--- testing 414 : set([33, 31])p: 0.498627225401
--- testing 415 : set([49, 54])p: 1.0
--- testing 416 : set([5])p: 0.498627225401
--- testing 417 : set([33, 52, 37, 105])p: 0.122863871344
--- testing 418 : set([49, 52, 105, 14, 33])p: 0.122863871344
--- testing 419 : set([33, 2, 37, 14])p: 0.0204830119711
--- testing 420 : set([49, 2, 37, 14])p: 0.0023308515063
--- testing 421 : set([49, 2, 14, 33])p: 0.0204830119711
--- testing 422 : set([2, 52, 37])p: 0.0204830119711
--- testing 423 : set([33, 2, 52])p: 0.468924736402
--- testing 424 : set([49, 37, 63])p: 0.0204830119711
--- testing 425 : set([52, 14, 63])p: 0.122863871344
--- testing 426 : set([80, 52, 14])p: 0.468924736402
--- testing 427 : set([80, 49, 52, 105])p: 1.0
--- testing 428 : set([80, 33, 78])p: 0.0204830119711
--- testing 429 : set([10, 37, 14, 63])p: 0.122863871344
--- testing 430 : set([96, 105, 2])p: 0.468924736402
--- testing 431 : set([96, 37, 63])p: 0.122863871344
--- testing 432 : set([96, 33, 63])p: 0.00018777287757
--- testing 433 : set([105, 85, 14, 37])p: 0.0204830119711
--- testing 434 : set([33, 85, 14, 37])p: 1.0
--- testing 435 : set([52, 85, 37])p: 0.468924736402
--- testing 436 : set([49, 52, 85, 105])p: 1.0
--- testing 437 : set([80, 85, 37])p: 1.0
--- testing 438 : set([80, 49, 85])p: 0.468924736402
--- testing 439 : set([33, 4, 105])p: 0.468924736402
--- testing 440 : set([52, 4, 105])p: 0.122863871344
--- testing 441 : set([14, 37, 6])p: 0.0204830119711
--- testing 442 : set([37, 14, 23])p: 0.468924736402
--- testing 443 : set([8, 52])p: 0.0204830119711
--- testing 444 : set([106, 78])p: 0.00018777287757
--- testing 445 : set([78, 86])p: 0.122863871344
--- testing 446 : set([37, 14, 95])p: 0.00018777287757
--- testing 447 : set([33, 37, 95])p: 4.50859163322e-07
--- testing 448 : set([85, 95])p: 0.0023308515063
--- testing 449 : set([59, 37, 14])p: 0.0204830119711
--- testing 450 : set([59, 63])p: 0.122863871344
--- testing 451 : set([105, 71])p: 1.0
--- testing 452 : set([90, 37])p: 0.122863871344
--- testing 453 : set([37, 31])p: 0.468924736402
--- testing 454 : set([105, 38])p: 0.0204830119711
--- testing 455 : set([37, 14, 15])p: 0.468924736402
--- testing 456 : set([12])p: 0.468924736402
--- testing 457 : set([32])p: 0.122863871344
--- testing 458 : set([88])p: 0.0204830119711
--- testing 459 : set([49, 37, 14, 33])p: 0.00155155018676
--- testing 460 : set([33, 52, 37, 14])p: 0.10424916964
--- testing 461 : set([105, 52, 37, 78])p: 0.10424916964
--- testing 462 : set([33, 2, 37, 105])p: 0.0155324227534
--- testing 463 : set([49, 2, 37, 105])p: 0.0155324227534
--- testing 464 : set([80, 52, 37])p: 0.00155155018676
--- testing 465 : set([80, 49, 78, 105])p: 0.437464657761
--- testing 466 : set([80, 33, 2])p: 0.437464657761
--- testing 467 : set([80, 37, 63])p: 0.437464657761
--- testing 468 : set([33, 10, 37, 14])p: 0.0155324227534
--- testing 469 : set([49, 10, 37, 14])p: 0.10424916964
--- testing 470 : set([10, 37, 78])p: 1.0
--- testing 471 : set([105, 10, 63])p: 0.437464657761
--- testing 472 : set([80, 10, 14])p: 0.10424916964
--- testing 473 : set([80, 10, 37])p: 0.10424916964
--- testing 474 : set([96, 105, 37, 14])p: 0.10424916964
--- testing 475 : set([96, 49, 14, 105])p: 0.0155324227534
--- testing 476 : set([96, 37, 78])p: 0.437464657761
--- testing 477 : set([96, 33, 78])p: 0.0155324227534
--- testing 478 : set([96, 2, 37])p: 0.437464657761
--- testing 479 : set([96, 33, 2])p: 0.0155324227534
--- testing 480 : set([96, 2, 63])p: 0.10424916964
--- testing 481 : set([49, 85, 33])p: 0.437464657761
--- testing 482 : set([105, 2, 85])p: 0.10424916964
--- testing 483 : set([105, 85, 63])p: 0.0155324227534
--- testing 484 : set([10, 85, 14, 37])p: 0.0155324227534
--- testing 485 : set([49, 6])p: 0.437464657761
--- testing 486 : set([78, 23])p: 0.0155324227534
--- testing 487 : set([8, 33, 14])p: 0.10424916964
--- testing 488 : set([105, 106, 14])p: 0.10424916964
--- testing 489 : set([33, 106, 105])p: 0.437464657761
--- testing 490 : set([49, 106, 105])p: 1.0
--- testing 491 : set([105, 106, 52])p: 1.0
--- testing 492 : set([106, 63])p: 0.10424916964
--- testing 493 : set([80, 106])p: 1.0
--- testing 494 : set([105, 14, 30])p: 0.000107362109683
--- testing 495 : set([49, 30, 105])p: 0.0155324227534
--- testing 496 : set([33, 105, 95])p: 0.0155324227534
--- testing 497 : set([78, 95])p: 0.10424916964
--- testing 498 : set([30, 95])p: 0.00155155018676
--- testing 499 : set([49, 59, 105])p: 1.0
--- testing 500 : set([59, 52])p: 0.437464657761
--- testing 501 : set([20, 37])p: 1.0
--- testing 502 : set([49, 35])p: 0.437464657761
--- testing 503 : set([49, 92, 105])p: 0.10424916964
--- testing 504 : set([105, 31])p: 1.0
--- testing 505 : set([56, 14])p: 0.00155155018676
--- testing 506 : set([40, 33])p: 0.00155155018676
--- testing 507 : set([41])p: 1.0
--- testing 508 : set([42])p: 0.10424916964
--- testing 509 : set([70])p: 0.437464657761
--- testing 510 : set([33, 14, 78, 105])p: 5.62742864808e-05
--- testing 511 : set([49, 14, 37, 78])p: 0.000973874955929
--- testing 512 : set([49, 52, 14, 78, 105])p: 0.0113381609834
--- testing 513 : set([33, 2, 52, 105])p: 0.404143108949
--- testing 514 : set([49, 2, 52, 14, 105])p: 0.0113381609834
--- testing 515 : set([2, 37, 78])p: 0.404143108949
--- testing 516 : set([33, 37, 63])p: 0.0865058202624
--- testing 517 : set([49, 105, 14, 63])p: 0.0865058202624
--- testing 518 : set([52, 37, 63])p: 0.404143108949
--- testing 519 : set([37, 78, 63])p: 0.0113381609834
--- testing 520 : set([49, 105, 78, 63])p: 0.0865058202624
--- testing 521 : set([2, 37, 14, 63])p: 0.0865058202624
--- testing 522 : set([80, 33, 37])p: 0.0865058202624
--- testing 523 : set([80, 49, 37])p: 0.404143108949
--- testing 524 : set([80, 37, 78])p: 0.0865058202624
--- testing 525 : set([49, 10, 14, 105])p: 0.0865058202624
--- testing 526 : set([33, 10, 78])p: 0.404143108949
--- testing 527 : set([10, 2, 14, 37])p: 0.000973874955929
--- testing 528 : set([96, 33, 37, 105])p: 0.0113381609834
--- testing 529 : set([96, 49, 37])p: 0.0865058202624
--- testing 530 : set([96, 49, 33])p: 0.404143108949
--- testing 531 : set([96, 49, 52, 105])p: 0.404143108949
--- testing 532 : set([96, 49, 78, 105])p: 0.404143108949
--- testing 533 : set([96, 10, 14])p: 0.404143108949
--- testing 534 : set([49, 85, 14, 37])p: 1.0
--- testing 535 : set([49, 105, 85, 37])p: 1.0
--- testing 536 : set([52, 85, 14])p: 1.0
--- testing 537 : set([33, 85, 78])p: 0.404143108949
--- testing 538 : set([2, 85, 37])p: 0.0865058202624
--- testing 539 : set([37, 85, 14, 63])p: 0.404143108949
--- testing 540 : set([80, 85, 78])p: 0.0113381609834
--- testing 541 : set([80, 2, 85])p: 0.404143108949
--- testing 542 : set([96, 33, 85])p: 0.0113381609834
--- testing 543 : set([33, 4, 37])p: 0.404143108949
--- testing 544 : set([2, 23])p: 1.0
--- testing 545 : set([8, 105, 14])p: 0.0865058202624
--- testing 546 : set([8, 10])p: 1.0
--- testing 547 : set([8, 96, 14])p: 0.0113381609834
--- testing 548 : set([96, 106])p: 0.404143108949
--- testing 549 : set([14, 37, 30])p: 0.0113381609834
--- testing 550 : set([2, 30])p: 0.000973874955929
--- testing 551 : set([105, 14, 86])p: 1.0
--- testing 552 : set([105, 14, 95])p: 0.0865058202624
--- testing 553 : set([33, 14, 95])p: 5.62742864808e-05
--- testing 554 : set([20, 14])p: 1.0
--- testing 555 : set([49, 20])p: 1.0
--- testing 556 : set([20, 78])p: 0.0113381609834
--- testing 557 : set([53, 14, 37])p: 0.404143108949
--- testing 558 : set([53, 63])p: 0.0865058202624
--- testing 559 : set([33, 92])p: 5.62742864808e-05
--- testing 560 : set([52, 92])p: 0.000973874955929
--- testing 561 : set([14, 31])p: 0.404143108949
--- testing 562 : set([10, 38])p: 1.0
--- testing 563 : set([98, 37])p: 0.404143108949
--- testing 564 : set([49, 54, 105])p: 1.0
--- testing 565 : set([40, 105])p: 0.0113381609834
--- testing 566 : set([64, 14])p: 0.404143108949
--- testing 567 : set([1])p: 0.0865058202624
--- testing 568 : set([13])p: 0.404143108949
--- testing 569 : set([43])p: 1.0
--- testing 570 : set([48])p: 0.404143108949
--- testing 571 : set([51])p: 0.404143108949
--- testing 572 : set([67])p: 0.404143108949
--- testing 573 : set([79])p: 0.404143108949
--- testing 574 : set([93])p: 1.0
--- testing 575 : set([49, 105, 37, 14, 33])p: 0.00788339897425
--- testing 576 : set([33, 14, 37, 78])p: 0.368850076872
--- testing 577 : set([105, 2, 52, 37])p: 0.00788339897425
--- testing 578 : set([105, 14, 78, 63])p: 0.00788339897425
--- testing 579 : set([49, 2, 14, 63])p: 0.0698018959782
--- testing 580 : set([49, 2, 105, 63])p: 0.368850076872
--- testing 581 : set([2, 78, 63])p: 0.00788339897425
--- testing 582 : set([80, 105, 37, 14])p: 0.0698018959782
--- testing 583 : set([80, 52, 78])p: 1.0
--- testing 584 : set([80, 2, 37])p: 0.0698018959782
--- testing 585 : set([49, 10, 37, 105])p: 0.0698018959782
--- testing 586 : set([105, 10, 37, 63])p: 0.368850076872
--- testing 587 : set([96, 49, 2])p: 1.0
--- testing 588 : set([96, 49, 63])p: 0.368850076872
--- testing 589 : set([96, 80, 14])p: 0.368850076872
--- testing 590 : set([49, 105, 85, 33])p: 1.0
--- testing 591 : set([85, 78, 37])p: 1.0
--- testing 592 : set([49, 85, 78, 105])p: 0.368850076872
--- testing 593 : set([49, 2, 85])p: 1.0
--- testing 594 : set([49, 85, 63])p: 0.0698018959782
--- testing 595 : set([80, 49, 85, 105])p: 0.368850076872
--- testing 596 : set([105, 10, 85])p: 0.0698018959782
--- testing 597 : set([96, 49, 85])p: 0.0698018959782
--- testing 598 : set([105, 4, 78])p: 0.00788339897425
--- testing 599 : set([10, 4, 37])p: 0.00788339897425
--- testing 600 : set([105, 14, 6])p: 0.0698018959782
--- testing 601 : set([33, 37, 6])p: 0.0698018959782
--- testing 602 : set([78, 6])p: 1.0
--- testing 603 : set([80, 6])p: 0.0698018959782
--- testing 604 : set([85, 6])p: 1.0
--- testing 605 : set([49, 105, 23])p: 0.368850076872
--- testing 606 : set([63, 23])p: 1.0
--- testing 607 : set([8, 49, 105])p: 0.368850076872
--- testing 608 : set([8, 2, 14])p: 0.368850076872
--- testing 609 : set([8, 63])p: 1.0
--- testing 610 : set([8, 23])p: 0.368850076872
--- testing 611 : set([106, 85])p: 0.0698018959782
--- testing 612 : set([4, 30])p: 0.368850076872
--- testing 613 : set([105, 37, 86])p: 1.0
--- testing 614 : set([49, 86, 105])p: 0.368850076872
--- testing 615 : set([52, 86])p: 0.368850076872
--- testing 616 : set([96, 86])p: 0.0698018959782
--- testing 617 : set([80, 95])p: 0.368850076872
--- testing 618 : set([49, 59, 14])p: 0.368850076872
--- testing 619 : set([59, 78])p: 0.0698018959782
--- testing 620 : set([63, 71])p: 1.0
--- testing 621 : set([96, 53])p: 0.368850076872
--- testing 622 : set([92, 78])p: 0.368850076872
--- testing 623 : set([49, 90])p: 0.368850076872
--- testing 624 : set([33, 38])p: 0.000566052436174
--- testing 625 : set([49, 98])p: 0.368850076872
--- testing 626 : set([98, 2])p: 0.368850076872
--- testing 627 : set([56, 49])p: 0.0698018959782
--- testing 628 : set([105, 15])p: 0.0698018959782
--- testing 629 : set([64, 105])p: 0.368850076872
--- testing 630 : set([69, 14])p: 0.368850076872
--- testing 631 : set([69, 37])p: 1.0
--- testing 632 : set([105, 84])p: 0.0698018959782
--- testing 633 : set([105, 47])p: 1.0
--- testing 634 : set([9])p: 0.368850076872
--- testing 635 : set([19])p: 0.00788339897425
--- testing 636 : set([65])p: 1.0
--- testing 637 : set([82])p: 1.0
--- testing 638 : set([94])p: 1.0
--- testing 639 : set([49, 2, 105, 14, 33])p: 0.0543222717272
--- testing 640 : set([33, 2, 78, 105])p: 0.331469054261
--- testing 641 : set([49, 2, 14, 78])p: 0.00513939402247
--- testing 642 : set([49, 2, 78, 33])p: 0.0543222717272
--- testing 643 : set([2, 52, 78])p: 0.0543222717272
--- testing 644 : set([105, 52, 14, 63])p: 0.331469054261
--- testing 645 : set([49, 14, 78, 63])p: 0.00513939402247
--- testing 646 : set([2, 52, 63])p: 0.00513939402247
--- testing 647 : set([80, 105, 52, 14])p: 0.331469054261
--- testing 648 : set([80, 105, 2])p: 0.331469054261
--- testing 649 : set([80, 37, 14, 63])p: 0.331469054261
--- testing 650 : set([80, 2, 63])p: 0.331469054261
--- testing 651 : set([49, 10, 33])p: 0.0543222717272
--- testing 652 : set([10, 52, 14])p: 0.331469054261
--- testing 653 : set([10, 52, 37])p: 0.0543222717272
--- testing 654 : set([33, 10, 78, 105])p: 1.0
--- testing 655 : set([80, 10, 37, 14])p: 0.0543222717272
--- testing 656 : set([96, 33, 37, 14])p: 0.331469054261
--- testing 657 : set([96, 52, 14])p: 0.0543222717272
--- testing 658 : set([96, 105, 14, 78])p: 0.331469054261
--- testing 659 : set([96, 78, 63])p: 0.331469054261
--- testing 660 : set([33, 85, 14, 105])p: 1.0
--- testing 661 : set([33, 105, 85, 37])p: 0.331469054261
--- testing 662 : set([49, 85, 14, 33])p: 1.0
--- testing 663 : set([105, 52, 85, 14])p: 1.0
--- testing 664 : set([105, 52, 85, 37])p: 0.331469054261
--- testing 665 : set([33, 52, 85])p: 1.0
--- testing 666 : set([2, 85, 63])p: 0.0543222717272
--- testing 667 : set([2, 4, 14])p: 0.0543222717272
--- testing 668 : set([10, 4, 14])p: 0.00513939402247
--- testing 669 : set([33, 6, 105])p: 0.0543222717272
--- testing 670 : set([105, 37, 23])p: 0.331469054261
--- testing 671 : set([33, 14, 23])p: 1.0
--- testing 672 : set([6, 23])p: 1.0
--- testing 673 : set([8, 49, 14])p: 0.0543222717272
--- testing 674 : set([49, 106, 52])p: 1.0
--- testing 675 : set([106, 10])p: 0.331469054261
--- testing 676 : set([33, 30, 105])p: 0.000296136604483
--- testing 677 : set([105, 52, 30])p: 0.00513939402247
--- testing 678 : set([78, 30])p: 0.0543222717272
--- testing 679 : set([80, 30])p: 1.0
--- testing 680 : set([10, 30])p: 0.00513939402247
--- testing 681 : set([105, 14, 37, 86])p: 1.0
--- testing 682 : set([2, 86])p: 0.00513939402247
--- testing 683 : set([80, 86])p: 0.0543222717272
--- testing 684 : set([49, 105, 95])p: 0.00513939402247
--- testing 685 : set([4, 95])p: 0.331469054261
--- testing 686 : set([105, 59, 14])p: 0.331469054261
--- testing 687 : set([49, 20, 105])p: 1.0
--- testing 688 : set([80, 20])p: 0.331469054261
--- testing 689 : set([33, 53])p: 0.0543222717272
--- testing 690 : set([10, 53])p: 0.331469054261
--- testing 691 : set([33, 35, 37])p: 0.0543222717272
--- testing 692 : set([49, 35, 105])p: 1.0
--- testing 693 : set([35, 85])p: 0.331469054261
--- testing 694 : set([90, 78])p: 1.0
--- testing 695 : set([90, 2])p: 0.331469054261
--- testing 696 : set([2, 38])p: 1.0
--- testing 697 : set([96, 38])p: 0.0543222717272
--- testing 698 : set([33, 98, 14])p: 0.0543222717272
--- testing 699 : set([98, 52])p: 0.331469054261
--- testing 700 : set([98, 85])p: 0.331469054261
--- testing 701 : set([33, 54])p: 1.0
--- testing 702 : set([2, 54])p: 0.331469054261
--- testing 703 : set([56, 33])p: 0.0543222717272
--- testing 704 : set([105, 61])p: 1.0
--- testing 705 : set([33, 61])p: 0.00513939402247
--- testing 706 : set([37, 103])p: 0.331469054261
--- testing 707 : set([101, 37])p: 0.00513939402247
--- testing 708 : set([18])p: 0.331469054261
--- testing 709 : set([27])p: 1.0
--- testing 710 : set([44])p: 0.0543222717272
--- testing 711 : set([89])p: 0.331469054261
--- testing 712 : set([97])p: 0.00513939402247
--- testing 713 : set([99])p: 0.000296136604483
--- testing 714 : set([33, 52, 37, 14, 105])p: 0.291876656756
--- testing 715 : set([49, 14, 37, 78, 105])p: 0.000132806639517
--- testing 716 : set([49, 105, 37, 78, 33])p: 0.291876656756
--- testing 717 : set([49, 52, 37, 78, 105])p: 0.0402700209544
--- testing 718 : set([49, 52, 105, 78, 33])p: 1.0
--- testing 719 : set([33, 2, 37, 14, 105])p: 0.0402700209544
--- testing 720 : set([49, 2, 37, 14, 105])p: 0.0030637122719
--- testing 721 : set([2, 52, 37, 14])p: 0.0030637122719
--- testing 722 : set([105, 2, 52, 78])p: 0.0402700209544
--- testing 723 : set([49, 37, 14, 63])p: 0.0402700209544
--- testing 724 : set([49, 33, 14, 63])p: 0.291876656756
--- testing 725 : set([49, 52, 14, 63])p: 0.291876656756
--- testing 726 : set([14, 37, 78, 63])p: 0.0030637122719
--- testing 727 : set([105, 37, 78, 63])p: 0.0030637122719
--- testing 728 : set([105, 2, 14, 63])p: 0.291876656756
--- testing 729 : set([33, 2, 14, 63])p: 0.291876656756
--- testing 730 : set([80, 49, 33])p: 0.291876656756
--- testing 731 : set([80, 105, 52, 37])p: 0.0402700209544
--- testing 732 : set([80, 105, 14, 78])p: 1.0
--- testing 733 : set([80, 33, 78, 105])p: 0.291876656756
--- testing 734 : set([80, 49, 2])p: 1.0
--- testing 735 : set([80, 105, 63])p: 1.0
--- testing 736 : set([49, 10, 52])p: 0.291876656756
--- testing 737 : set([105, 10, 14, 78])p: 0.0402700209544
--- testing 738 : set([10, 14, 37, 78])p: 1.0
--- testing 739 : set([105, 10, 37, 78])p: 1.0
--- testing 740 : set([49, 10, 78])p: 1.0
--- testing 741 : set([105, 10, 37, 14, 63])p: 0.291876656756
--- testing 742 : set([10, 2, 63])p: 0.291876656756
--- testing 743 : set([96, 33, 14, 105])p: 0.0030637122719
--- testing 744 : set([96, 49, 37, 14])p: 0.291876656756
--- testing 745 : set([96, 105, 52, 14])p: 0.0402700209544
--- testing 746 : set([96, 52, 37])p: 1.0
--- testing 747 : set([96, 105, 52, 78])p: 0.0402700209544
--- testing 748 : set([96, 37, 14, 63])p: 1.0
--- testing 749 : set([49, 105, 85, 14, 33])p: 1.0
--- testing 750 : set([49, 37, 85, 33])p: 0.291876656756
--- testing 751 : set([33, 52, 85, 105])p: 1.0
--- testing 752 : set([33, 85, 78, 105])p: 1.0
--- testing 753 : set([33, 2, 85])p: 0.291876656756
--- testing 754 : set([49, 2, 85, 14])p: 1.0
--- testing 755 : set([33, 85, 63])p: 0.0030637122719
--- testing 756 : set([49, 105, 85, 63])p: 0.291876656756
--- testing 757 : set([80, 105, 85, 14])p: 0.291876656756
--- testing 758 : set([80, 85, 14, 37])p: 1.0
--- testing 759 : set([80, 33, 85])p: 1.0
--- testing 760 : set([80, 2, 85, 14])p: 0.291876656756
--- testing 761 : set([96, 85, 14, 37])p: 1.0
--- testing 762 : set([96, 49, 85, 14])p: 0.291876656756
--- testing 763 : set([96, 2, 85])p: 0.291876656756
--- testing 764 : set([105, 4, 37, 14])p: 0.291876656756
--- testing 765 : set([33, 4, 14])p: 1.0
--- testing 766 : set([49, 4, 33])p: 0.291876656756
--- testing 767 : set([52, 4, 105, 49])p: 1.0
--- testing 768 : set([33, 4, 78])p: 0.0402700209544
--- testing 769 : set([4, 14, 63])p: 0.0402700209544
--- testing 770 : set([4, 37, 63])p: 0.0030637122719
--- testing 771 : set([96, 4, 14])p: 1.0
--- testing 772 : set([96, 33, 4])p: 0.291876656756
--- testing 773 : set([4, 85, 37])p: 0.0402700209544
--- testing 774 : set([33, 14, 6])p: 0.0402700209544
--- testing 775 : set([33, 37, 23])p: 1.0
--- testing 776 : set([105, 52, 23])p: 1.0
--- testing 777 : set([96, 23])p: 1.0
--- testing 778 : set([8, 33, 105])p: 0.291876656756
--- testing 779 : set([8, 33, 37])p: 0.291876656756
--- testing 780 : set([8, 14, 78])p: 0.291876656756
--- testing 781 : set([8, 105, 78])p: 0.291876656756
--- testing 782 : set([8, 96, 105])p: 0.0402700209544
--- testing 783 : set([8, 4])p: 1.0
--- testing 784 : set([106, 2])p: 0.0402700209544
--- testing 785 : set([49, 14, 30])p: 0.0402700209544
--- testing 786 : set([10, 14, 30])p: 0.0030637122719
--- testing 787 : set([105, 52, 86])p: 0.291876656756
--- testing 788 : set([10, 86])p: 1.0
--- testing 789 : set([49, 14, 95])p: 0.0030637122719
--- testing 790 : set([49, 37, 95])p: 0.000132806639517
--- testing 791 : set([49, 33, 95])p: 0.000132806639517
--- testing 792 : set([105, 52, 95])p: 0.291876656756
--- testing 793 : set([86, 95])p: 0.0402700209544
--- testing 794 : set([105, 59, 52])p: 1.0
--- testing 795 : set([2, 59, 14])p: 0.291876656756
--- testing 796 : set([105, 53, 14])p: 1.0
--- testing 797 : set([105, 53, 37])p: 0.0402700209544
--- testing 798 : set([52, 53])p: 0.0402700209544
--- testing 799 : set([35, 37, 14])p: 0.291876656756
--- testing 800 : set([92, 37, 14])p: 3.08837992048e-06
--- testing 801 : set([105, 37, 38])p: 0.291876656756
--- testing 802 : set([33, 14, 38])p: 0.0402700209544
--- testing 803 : set([33, 37, 38])p: 0.0402700209544
--- testing 804 : set([52, 38])p: 0.291876656756
--- testing 805 : set([2, 37, 38])p: 1.0
--- testing 806 : set([38, 63])p: 1.0
--- testing 807 : set([10, 14, 38])p: 1.0
--- testing 808 : set([105, 98, 14])p: 0.291876656756
--- testing 809 : set([98, 63])p: 0.0030637122719
--- testing 810 : set([105, 14, 54])p: 0.0402700209544
--- testing 811 : set([52, 54])p: 1.0
--- testing 812 : set([78, 54])p: 0.0402700209544
--- testing 813 : set([54, 63])p: 0.0402700209544
--- testing 814 : set([40, 37, 14])p: 0.0402700209544
--- testing 815 : set([40, 33, 14])p: 0.0402700209544
--- testing 816 : set([40, 38])p: 1.0
--- testing 817 : set([61, 37])p: 1.0
--- testing 818 : set([64, 37])p: 1.0
--- testing 819 : set([69, 63])p: 0.291876656756
--- testing 820 : set([33, 84])p: 0.291876656756
--- testing 821 : set([100, 14])p: 0.291876656756
--- testing 822 : set([12, 14])p: 0.291876656756
--- testing 823 : set([3])p: 1.0
--- testing 824 : set([17])p: 0.291876656756
--- testing 825 : set([24])p: 0.291876656756
--- testing 826 : set([26])p: 0.291876656756
--- testing 827 : set([81])p: 1.0
--- testing 828 : set([83])p: 1.0
--- testing 829 : set([49, 105, 52, 37, 33])p: 0.0278679180603
--- testing 830 : set([49, 14, 78, 33])p: 0.00159825945571
--- testing 831 : set([14, 52, 37, 78])p: 0.0278679180603
--- testing 832 : set([105, 2, 52, 37, 14])p: 0.00159825945571
--- testing 833 : set([33, 2, 52, 14, 105])p: 0.249942217456
--- testing 834 : set([49, 2, 52, 105, 33])p: 0.249942217456
--- testing 835 : set([105, 2, 14, 78])p: 0.0278679180603
--- testing 836 : set([105, 2, 37, 78])p: 0.249942217456
--- testing 837 : set([49, 2, 105, 78, 33])p: 0.249942217456
--- testing 838 : set([33, 105, 14, 63])p: 0.00159825945571
--- testing 839 : set([49, 105, 33, 63])p: 0.249942217456
--- testing 840 : set([49, 52, 105, 14, 63])p: 0.249942217456
--- testing 841 : set([49, 105, 14, 78, 63])p: 0.0278679180603
--- testing 842 : set([2, 14, 78, 63])p: 0.00159825945571
--- testing 843 : set([80, 49, 37, 105])p: 1.0
--- testing 844 : set([80, 33, 52])p: 1.0
--- testing 845 : set([80, 49, 52, 14, 105])p: 1.0
--- testing 846 : set([80, 105, 52, 78])p: 1.0
--- testing 847 : set([80, 2, 37, 14])p: 0.0278679180603
--- testing 848 : set([80, 2, 14, 63])p: 0.249942217456
--- testing 849 : set([33, 10, 14, 105])p: 0.0278679180603
--- testing 850 : set([49, 10, 105, 33])p: 0.0278679180603
--- testing 851 : set([49, 10, 52, 105])p: 0.249942217456
--- testing 852 : set([33, 10, 37, 78])p: 1.0
--- testing 853 : set([105, 10, 2])p: 0.0278679180603
--- testing 854 : set([33, 10, 63])p: 1.0
--- testing 855 : set([10, 2, 14, 63])p: 0.249942217456
--- testing 856 : set([80, 105, 10])p: 1.0
--- testing 857 : set([80, 33, 10])p: 1.0
--- testing 858 : set([96, 33, 14, 78])p: 0.249942217456
--- testing 859 : set([96, 49, 14, 78])p: 0.249942217456
--- testing 860 : set([96, 105, 2, 37])p: 0.249942217456
--- testing 861 : set([96, 49, 2, 105])p: 1.0
--- testing 862 : set([96, 2, 78])p: 1.0
--- testing 863 : set([96, 105, 63])p: 1.0
--- testing 864 : set([96, 80, 37])p: 1.0
--- testing 865 : set([96, 105, 10])p: 1.0
--- testing 866 : set([96, 10, 37, 14])p: 0.249942217456
--- testing 867 : set([96, 33, 10])p: 1.0
--- testing 868 : set([49, 37, 105, 85, 33])p: 1.0
--- testing 869 : set([33, 52, 85, 37])p: 1.0
--- testing 870 : set([49, 52, 85, 14, 105])p: 1.0
--- testing 871 : set([105, 14, 85, 78])p: 0.249942217456
--- testing 872 : set([49, 14, 85, 78])p: 1.0
--- testing 873 : set([105, 2, 85, 14])p: 0.249942217456
--- testing 874 : set([2, 85, 14, 37])p: 0.249942217456
--- testing 875 : set([33, 2, 85, 105])p: 0.249942217456
--- testing 876 : set([49, 2, 85, 105])p: 1.0
--- testing 877 : set([2, 85, 78])p: 0.249942217456
--- testing 878 : set([80, 33, 85, 105])p: 1.0
--- testing 879 : set([80, 49, 85, 14])p: 1.0
--- testing 880 : set([80, 52, 85])p: 1.0
--- testing 881 : set([80, 105, 85, 78])p: 0.249942217456
--- testing 882 : set([80, 85, 63])p: 1.0
--- testing 883 : set([105, 10, 85, 37])p: 0.249942217456
--- testing 884 : set([105, 10, 85, 78])p: 0.249942217456
--- testing 885 : set([96, 49, 85, 105])p: 0.249942217456
--- testing 886 : set([96, 85, 78])p: 0.249942217456
--- testing 887 : set([96, 85, 14, 63])p: 1.0
--- testing 888 : set([49, 4, 14])p: 0.249942217456
--- testing 889 : set([49, 4, 37])p: 0.249942217456
--- testing 890 : set([52, 4, 14])p: 0.249942217456
--- testing 891 : set([4, 37, 78])p: 0.00159825945571
--- testing 892 : set([2, 4, 37])p: 0.249942217456
--- testing 893 : set([33, 4, 63])p: 0.249942217456
--- testing 894 : set([105, 10, 4])p: 0.249942217456
--- testing 895 : set([10, 4, 37, 14])p: 0.00159825945571
--- testing 896 : set([96, 4, 37])p: 0.249942217456
--- testing 897 : set([96, 2, 4])p: 1.0
--- testing 898 : set([33, 4, 85])p: 0.249942217456
--- testing 899 : set([105, 37, 6])p: 0.249942217456
--- testing 900 : set([49, 14, 6])p: 1.0
--- testing 901 : set([52, 6])p: 0.0278679180603
--- testing 902 : set([105, 78, 6])p: 1.0
--- testing 903 : set([2, 6])p: 0.249942217456
--- testing 904 : set([6, 63])p: 0.0278679180603
--- testing 905 : set([4, 6])p: 0.249942217456
--- testing 906 : set([33, 105, 23])p: 1.0
--- testing 907 : set([49, 14, 23])p: 1.0
--- testing 908 : set([49, 37, 23])p: 1.0
--- testing 909 : set([52, 14, 23])p: 1.0
--- testing 910 : set([49, 52, 23])p: 1.0
--- testing 911 : set([105, 78, 23])p: 0.249942217456
--- testing 912 : set([105, 2, 23])p: 1.0
--- testing 913 : set([85, 23])p: 0.0278679180603
--- testing 914 : set([37, 6, 23])p: 1.0
--- testing 915 : set([8, 105, 37])p: 0.0278679180603
--- testing 916 : set([8, 105, 52])p: 0.249942217456
--- testing 917 : set([8, 14, 63])p: 1.0
--- testing 918 : set([8, 80])p: 0.0278679180603
--- testing 919 : set([8, 96, 33])p: 0.249942217456
--- testing 920 : set([8, 85])p: 0.249942217456
--- testing 921 : set([106, 37, 14])p: 0.249942217456
--- testing 922 : set([49, 106, 14])p: 0.249942217456
--- testing 923 : set([49, 106, 52, 105])p: 1.0
--- testing 924 : set([105, 106, 10])p: 0.249942217456
--- testing 925 : set([96, 106, 14])p: 0.249942217456
--- testing 926 : set([33, 14, 30])p: 4.6327799786e-05
--- testing 927 : set([96, 14, 30])p: 0.249942217456
--- testing 928 : set([14, 85, 30])p: 1.0
--- testing 929 : set([96, 85, 30])p: 0.249942217456
--- testing 930 : set([105, 78, 86])p: 0.249942217456
--- testing 931 : set([49, 78, 86])p: 0.249942217456
--- testing 932 : set([14, 86, 63])p: 1.0
--- testing 933 : set([37, 86, 63])p: 0.0278679180603
--- testing 934 : set([4, 86])p: 0.249942217456
--- testing 935 : set([6, 86])p: 0.249942217456
--- testing 936 : set([10, 95])p: 0.0278679180603
--- testing 937 : set([96, 37, 95])p: 4.6327799786e-05
--- testing 938 : set([8, 95])p: 4.6327799786e-05
--- testing 939 : set([106, 95])p: 0.0278679180603
--- testing 940 : set([33, 59, 37])p: 0.00159825945571
--- testing 941 : set([10, 59, 14])p: 0.249942217456
--- testing 942 : set([52, 20])p: 1.0
--- testing 943 : set([33, 20, 78])p: 0.0278679180603
--- testing 944 : set([2, 20])p: 0.0278679180603
--- testing 945 : set([10, 20])p: 1.0
--- testing 946 : set([20, 6])p: 1.0
--- testing 947 : set([2, 37, 71])p: 1.0
--- testing 948 : set([63, 14, 71])p: 1.0
--- testing 949 : set([37, 53, 63])p: 0.249942217456
--- testing 950 : set([80, 53])p: 1.0
--- testing 951 : set([4, 53])p: 0.249942217456
--- testing 952 : set([105, 35, 52, 49])p: 1.0
--- testing 953 : set([2, 35])p: 1.0
--- testing 954 : set([80, 35])p: 0.249942217456
--- testing 955 : set([10, 35, 14])p: 0.0278679180603
--- testing 956 : set([96, 35])p: 0.249942217456
--- testing 957 : set([52, 92, 105, 49])p: 0.0278679180603
--- testing 958 : set([105, 92, 78])p: 1.0
--- testing 959 : set([2, 92])p: 0.0278679180603
--- testing 960 : set([90, 63])p: 0.0278679180603
--- testing 961 : set([33, 105, 31])p: 1.0
--- testing 962 : set([49, 31])p: 0.249942217456
--- testing 963 : set([33, 14, 37, 38])p: 0.249942217456
--- testing 964 : set([37, 38, 63])p: 1.0
--- testing 965 : set([80, 38])p: 1.0
--- testing 966 : set([49, 98, 105])p: 1.0
--- testing 967 : set([98, 2, 14])p: 0.249942217456
--- testing 968 : set([98, 85, 14])p: 1.0
--- testing 969 : set([14, 37, 54])p: 0.249942217456
--- testing 970 : set([49, 52, 54, 105])p: 1.0
--- testing 971 : set([56, 49, 105])p: 0.0278679180603
--- testing 972 : set([56, 2])p: 0.249942217456
--- testing 973 : set([33, 15])p: 0.249942217456
--- testing 974 : set([63, 15])p: 1.0
--- testing 975 : set([40, 49])p: 0.00159825945571
--- testing 976 : set([40, 10])p: 0.249942217456
--- testing 977 : set([40, 96])p: 1.0
--- testing 978 : set([61, 14])p: 1.0
--- testing 979 : set([74, 14])p: 0.0278679180603
--- testing 980 : set([64, 33])p: 0.249942217456
--- testing 981 : set([84, 37])p: 0.00159825945571
--- testing 982 : set([14, 55])p: 1.0
--- testing 983 : set([2, 55])p: 1.0
--- testing 984 : set([14, 7])p: 1.0
--- testing 985 : set([37, 7])p: 1.0
--- testing 986 : set([14, 103])p: 1.0
--- testing 987 : set([72, 105])p: 1.0
--- testing 988 : set([25, 14])p: 1.0
--- testing 989 : set([105, 60])p: 0.249942217456
--- testing 990 : set([91, 14])p: 0.249942217456
--- testing 991 : set([105, 91])p: 0.249942217456
--- testing 992 : set([37, 47])p: 0.249942217456
--- testing 993 : set([105, 62])p: 0.249942217456
--- testing 994 : set([33, 67])p: 1.0
--- testing 995 : set([105, 19])p: 0.0278679180603
--- testing 996 : set([65, 37])p: 1.0
--- testing 997 : set([11])p: 1.0
--- testing 998 : set([46])p: 1.0
--- testing 999 : set([68])p: 1.0
--- testing 1000 : set([105, 14, 52, 37, 78])p: 0.0173600546184
--- testing 1001 : set([33, 52, 37, 78])p: 1.0
--- testing 1002 : set([49, 2, 105, 37, 33])p: 0.205527357577
--- testing 1003 : set([2, 37, 105, 14, 49, 52])p: 0.000667100462156
--- testing 1004 : set([33, 2, 37, 78])p: 1.0
--- testing 1005 : set([49, 2, 14, 78, 105])p: 0.0173600546184
--- testing 1006 : set([49, 2, 37, 78, 105])p: 0.205527357577
--- testing 1007 : set([49, 2, 52, 78, 105])p: 0.0173600546184
--- testing 1008 : set([49, 105, 37, 63])p: 0.0173600546184
--- testing 1009 : set([105, 52, 37, 63])p: 0.205527357577
--- testing 1010 : set([105, 14, 37, 78, 63])p: 0.000667100462156
--- testing 1011 : set([33, 78, 63])p: 0.0173600546184
--- testing 1012 : set([49, 37, 78, 63])p: 0.0173600546184
--- testing 1013 : set([105, 52, 49, 78, 63])p: 0.205527357577
--- testing 1014 : set([49, 2, 33, 63])p: 0.0173600546184
--- testing 1015 : set([2, 52, 14, 63])p: 0.0173600546184
--- testing 1016 : set([80, 33, 37, 14])p: 0.205527357577
--- testing 1017 : set([80, 49, 105, 33])p: 1.0
--- testing 1018 : set([80, 49, 14, 78, 105])p: 1.0
--- testing 1019 : set([80, 49, 2, 14])p: 1.0
--- testing 1020 : set([80, 2, 78])p: 0.000667100462156
--- testing 1021 : set([80, 52, 63])p: 1.0
--- testing 1022 : set([49, 10, 37, 14, 105])p: 0.205527357577
--- testing 1023 : set([49, 10, 105, 37, 33])p: 0.205527357577
--- testing 1024 : set([105, 10, 52, 37])p: 0.0173600546184
--- testing 1025 : set([33, 10, 37, 78, 105])p: 1.0
--- testing 1026 : set([49, 10, 78, 105])p: 1.0
--- testing 1027 : set([105, 10, 2, 37])p: 0.0173600546184
--- testing 1028 : set([33, 10, 2])p: 0.205527357577
--- testing 1029 : set([49, 10, 2])p: 0.205527357577
--- testing 1030 : set([96, 49, 37, 105])p: 0.205527357577
--- testing 1031 : set([96, 49, 105, 33])p: 1.0
--- testing 1032 : set([96, 105, 52, 37])p: 1.0
--- testing 1033 : set([96, 33, 52, 105])p: 0.205527357577
--- testing 1034 : set([96, 14, 37, 78])p: 1.0
--- testing 1035 : set([96, 33, 78, 105])p: 0.205527357577
--- testing 1036 : set([96, 49, 14, 78, 105])p: 0.205527357577
--- testing 1037 : set([96, 2, 37, 14])p: 1.0
--- testing 1038 : set([96, 33, 2, 105])p: 0.205527357577
--- testing 1039 : set([96, 33, 2, 37])p: 0.205527357577
--- testing 1040 : set([96, 2, 52])p: 1.0
--- testing 1041 : set([96, 49, 2, 78, 105])p: 1.0
--- testing 1042 : set([96, 80, 105])p: 1.0
--- testing 1043 : set([96, 33, 10, 105])p: 1.0
--- testing 1044 : set([96, 10, 78])p: 1.0
--- testing 1045 : set([49, 105, 85, 14, 37])p: 1.0
--- testing 1046 : set([52, 85, 14, 37])p: 1.0
--- testing 1047 : set([33, 52, 85, 14])p: 1.0
--- testing 1048 : set([33, 105, 52, 85, 37])p: 1.0
--- testing 1049 : set([49, 105, 52, 85, 37])p: 1.0
--- testing 1050 : set([49, 105, 52, 85, 33])p: 1.0
--- testing 1051 : set([105, 85, 78, 37])p: 1.0
--- testing 1052 : set([105, 2, 85, 37])p: 0.0173600546184
--- testing 1053 : set([105, 85, 14, 63])p: 0.205527357577
--- testing 1054 : set([85, 78, 63])p: 1.0
--- testing 1055 : set([80, 49, 85, 14, 105])p: 1.0
--- testing 1056 : set([80, 85, 14, 63])p: 1.0
--- testing 1057 : set([105, 10, 85, 14])p: 0.0173600546184
--- testing 1058 : set([33, 10, 85])p: 1.0
--- testing 1059 : set([10, 85, 63])p: 0.205527357577
--- testing 1060 : set([96, 33, 85, 14])p: 0.205527357577
--- testing 1061 : set([96, 33, 85, 37])p: 0.0173600546184
--- testing 1062 : set([96, 49, 85, 14, 105])p: 0.205527357577
--- testing 1063 : set([96, 49, 85, 33])p: 0.205527357577
--- testing 1064 : set([96, 33, 85, 78])p: 0.205527357577
--- testing 1065 : set([96, 2, 85, 37])p: 0.205527357577
--- testing 1066 : set([96, 37, 85, 63])p: 0.205527357577
--- testing 1067 : set([96, 80, 85])p: 0.205527357577
--- testing 1068 : set([49, 4, 105, 33])p: 1.0
--- testing 1069 : set([52, 4, 14, 105])p: 1.0
--- testing 1070 : set([105, 4, 63])p: 0.205527357577
--- testing 1071 : set([49, 4, 63])p: 0.205527357577
--- testing 1072 : set([80, 105, 4])p: 1.0
--- testing 1073 : set([80, 4, 37])p: 0.205527357577
--- testing 1074 : set([105, 4, 85])p: 0.205527357577
--- testing 1075 : set([49, 4, 85])p: 0.205527357577
--- testing 1076 : set([105, 14, 37, 6])p: 0.205527357577
--- testing 1077 : set([33, 14, 37, 6])p: 0.205527357577
--- testing 1078 : set([49, 6, 105])p: 1.0
--- testing 1079 : set([10, 6])p: 0.205527357577
--- testing 1080 : set([33, 52, 23])p: 1.0
--- testing 1081 : set([49, 52, 105, 23])p: 1.0
--- testing 1082 : set([2, 52, 23])p: 1.0
--- testing 1083 : set([63, 14, 23])p: 1.0
--- testing 1084 : set([80, 23])p: 0.205527357577
--- testing 1085 : set([4, 23])p: 0.205527357577
--- testing 1086 : set([33, 6, 23])p: 1.0
--- testing 1087 : set([8, 33, 37, 14])p: 1.0
--- testing 1088 : set([8, 49, 14, 105])p: 0.205527357577
--- testing 1089 : set([8, 52, 78])p: 0.205527357577
--- testing 1090 : set([8, 2, 78])p: 0.205527357577
--- testing 1091 : set([8, 96, 37])p: 0.0173600546184
--- testing 1092 : set([8, 96, 78])p: 0.205527357577
--- testing 1093 : set([8, 96, 63])p: 1.0
--- testing 1094 : set([8, 105, 23])p: 0.205527357577
--- testing 1095 : set([105, 106, 37])p: 0.205527357577
--- testing 1096 : set([33, 106, 14])p: 0.0173600546184
--- testing 1097 : set([49, 106, 14, 105])p: 1.0
--- testing 1098 : set([49, 106, 37])p: 0.205527357577
--- testing 1099 : set([49, 106, 33])p: 0.205527357577
--- testing 1100 : set([106, 14, 78])p: 0.0173600546184
--- testing 1101 : set([106, 4])p: 1.0
--- testing 1102 : set([106, 6])p: 1.0
--- testing 1103 : set([105, 78, 30])p: 0.0173600546184
--- testing 1104 : set([14, 30, 63])p: 0.0173600546184
--- testing 1105 : set([105, 30, 63])p: 0.0173600546184
--- testing 1106 : set([85, 30, 37])p: 1.0
--- testing 1107 : set([33, 86, 105])p: 0.205527357577
--- testing 1108 : set([49, 37, 86])p: 0.205527357577
--- testing 1109 : set([49, 78, 86, 105])p: 0.205527357577
--- testing 1110 : set([96, 105, 86])p: 0.205527357577
--- testing 1111 : set([85, 86])p: 0.0173600546184
--- testing 1112 : set([86, 23])p: 0.205527357577
--- testing 1113 : set([8, 86])p: 0.205527357577
--- testing 1114 : set([105, 37, 95])p: 0.000667100462156
--- testing 1115 : set([33, 37, 14, 95])p: 0.0173600546184
--- testing 1116 : set([49, 37, 14, 95])p: 0.0173600546184
--- testing 1117 : set([49, 105, 33, 95])p: 0.0173600546184
--- testing 1118 : set([49, 37, 33, 95])p: 0.000667100462156
--- testing 1119 : set([52, 14, 95])p: 0.205527357577
--- testing 1120 : set([33, 52, 95])p: 0.205527357577
--- testing 1121 : set([105, 2, 95])p: 0.205527357577
--- testing 1122 : set([33, 2, 95])p: 0.000667100462156
--- testing 1123 : set([96, 14, 95])p: 9.69735025711e-06
--- testing 1124 : set([105, 85, 95])p: 0.205527357577
--- testing 1125 : set([33, 85, 95])p: 0.0173600546184
--- testing 1126 : set([33, 106, 95])p: 0.205527357577
--- testing 1127 : set([49, 59, 37])p: 0.205527357577
--- testing 1128 : set([49, 59, 52, 105])p: 1.0
--- testing 1129 : set([59, 14, 78])p: 0.205527357577
--- testing 1130 : set([59, 14, 63])p: 0.205527357577
--- testing 1131 : set([59, 85])p: 0.205527357577
--- testing 1132 : set([33, 20, 105])p: 0.205527357577
--- testing 1133 : set([52, 20, 105])p: 1.0
--- testing 1134 : set([96, 20])p: 1.0
--- testing 1135 : set([105, 14, 71])p: 1.0
--- testing 1136 : set([105, 37, 71])p: 1.0
--- testing 1137 : set([33, 71])p: 1.0
--- testing 1138 : set([63, 37, 71])p: 1.0
--- testing 1139 : set([10, 71])p: 0.205527357577
--- testing 1140 : set([4, 71])p: 1.0
--- testing 1141 : set([49, 53])p: 1.0
--- testing 1142 : set([53, 78])p: 1.0
--- testing 1143 : set([53, 14, 63])p: 1.0
--- testing 1144 : set([96, 53, 37])p: 0.205527357577
--- testing 1145 : set([53, 85])p: 1.0
--- testing 1146 : set([105, 35, 14])p: 0.205527357577
--- testing 1147 : set([33, 35, 105])p: 0.205527357577
--- testing 1148 : set([49, 92, 78, 105])p: 1.0
--- testing 1149 : set([92, 63])p: 0.205527357577
--- testing 1150 : set([92, 86])p: 0.205527357577
--- testing 1151 : set([90, 37, 14])p: 0.205527357577
--- testing 1152 : set([33, 90])p: 0.0173600546184
--- testing 1153 : set([49, 90, 105])p: 1.0
--- testing 1154 : set([90, 85])p: 1.0
--- testing 1155 : set([52, 31])p: 1.0
--- testing 1156 : set([105, 14, 38])p: 0.0173600546184
--- testing 1157 : set([49, 38])p: 0.205527357577
--- testing 1158 : set([52, 37, 38])p: 1.0
--- testing 1159 : set([2, 14, 38])p: 1.0
--- testing 1160 : set([80, 37, 38])p: 1.0
--- testing 1161 : set([10, 37, 38])p: 1.0
--- testing 1162 : set([96, 14, 38])p: 0.205527357577
--- testing 1163 : set([96, 105, 38])p: 0.0173600546184
--- testing 1164 : set([96, 37, 38])p: 1.0
--- testing 1165 : set([49, 98, 14])p: 0.205527357577
--- testing 1166 : set([105, 98, 52])p: 0.205527357577
--- testing 1167 : set([49, 98, 52])p: 1.0
--- testing 1168 : set([98, 78])p: 0.0173600546184
--- testing 1169 : set([33, 98, 2])p: 0.205527357577
--- testing 1170 : set([98, 14, 63])p: 0.0173600546184
--- testing 1171 : set([98, 23])p: 0.205527357577
--- testing 1172 : set([98, 30])p: 0.0173600546184
--- testing 1173 : set([14, 54, 63])p: 0.205527357577
--- testing 1174 : set([80, 54])p: 0.205527357577
--- testing 1175 : set([4, 54])p: 0.205527357577
--- testing 1176 : set([56, 105, 14])p: 0.0173600546184
--- testing 1177 : set([56, 37, 14])p: 0.0173600546184
--- testing 1178 : set([56, 105, 37])p: 0.205527357577
--- testing 1179 : set([56, 52])p: 1.0
--- testing 1180 : set([56, 105, 78])p: 0.205527357577
--- testing 1181 : set([49, 15])p: 1.0
--- testing 1182 : set([80, 15])p: 1.0
--- testing 1183 : set([40, 105, 14])p: 0.0173600546184
--- testing 1184 : set([40, 49, 33])p: 0.000667100462156
--- testing 1185 : set([40, 106])p: 0.0173600546184
--- testing 1186 : set([40, 33, 95])p: 0.0173600546184
--- testing 1187 : set([40, 37, 38])p: 1.0
--- testing 1188 : set([61, 63])p: 0.0173600546184
--- testing 1189 : set([33, 74])p: 1.0
--- testing 1190 : set([96, 74])p: 0.0173600546184
--- testing 1191 : set([64, 96])p: 1.0
--- testing 1192 : set([2, 69])p: 1.0
--- testing 1193 : set([84, 78])p: 0.0173600546184
--- testing 1194 : set([33, 55])p: 0.205527357577
--- testing 1195 : set([14, 22])p: 0.205527357577
--- testing 1196 : set([72, 33])p: 1.0
--- testing 1197 : set([72, 49])p: 0.205527357577
--- testing 1198 : set([10, 101])p: 0.205527357577
--- testing 1199 : set([10, 100])p: 0.205527357577
--- testing 1200 : set([60, 63])p: 1.0
--- testing 1201 : set([91, 37])p: 0.205527357577
--- testing 1202 : set([16, 37])p: 0.205527357577
--- testing 1203 : set([105, 66])p: 1.0
--- testing 1204 : set([21, 14])p: 0.205527357577
--- testing 1205 : set([33, 62])p: 0.205527357577
--- testing 1206 : set([73, 105])p: 0.205527357577
--- testing 1207 : set([12, 37])p: 0.205527357577
--- testing 1208 : set([14, 70])p: 0.205527357577
--- testing 1209 : set([33, 67, 105])p: 1.0
--- testing 1210 : set([82, 14])p: 1.0
--- testing 1211 : set([105, 44])p: 0.0173600546184
--- testing 1212 : set([36])p: 1.0
--- testing 1213 : set([39])p: 1.0
--- testing 1214 : set([50])p: 1.0
--- testing 1215 : set([58])p: 1.0
--- testing 1216 : set([87])p: 1.0
