trsact: data/conditions/data_401.csv.4lcm53 ,#transactions 16228 ,#items 107 ,size 17168 extracted database: #transactions 16228 ,#items 89 ,size 17114
 output to: data/conditions/data_401.csv.4lcm53.results.lcm/data_401.csv.4lcm53.lowsup6.closed
separated at 0
iters=755
753
1
89
278
280
95
10
finish calculation of K: 752
6
--- testing 1 : set([14])p: 9.1717414573e-101
--- testing 2 : set([105])p: 0.972685948285
--- testing 3 : set([34])p: 0.000398177295909
--- testing 4 : set([49])p: 0.345867841543
--- testing 5 : set([26])p: 3.07339994468e-11
--- testing 6 : set([52])p: 0.406415004555
--- testing 7 : set([78])p: 0.398296314688
--- testing 8 : set([2])p: 0.0119454752568
--- testing 9 : set([49, 105])p: 0.814391880163
--- testing 10 : set([63])p: 5.02788009634e-09
--- testing 11 : set([80])p: 0.0108374375226
--- testing 12 : set([10])p: 2.77721834281e-55
--- testing 13 : set([105, 52])p: 0.712626273057
--- testing 14 : set([96])p: 0.178969481831
--- testing 15 : set([105, 14])p: 4.26299334607e-11
--- testing 16 : set([85])p: 1.18635995107e-06
--- testing 17 : set([4])p: 0.0487292507276
--- testing 18 : set([105, 34])p: 0.0018033793815
--- testing 19 : set([34, 14])p: 8.62364471141e-16
--- testing 20 : set([49, 14])p: 2.54009937507e-07
--- testing 21 : set([105, 78])p: 0.731482545677
--- testing 22 : set([49, 52])p: 0.641155034651
--- testing 23 : set([26, 14])p: 1.49979977122e-16
--- testing 24 : set([49, 52, 105])p: 0.73267069634
--- testing 25 : set([2, 14])p: 4.06646875104e-08
--- testing 26 : set([10, 14])p: 2.48766205138e-45
--- testing 27 : set([6])p: 0.111283860658
--- testing 28 : set([105, 26])p: 0.000187062794004
--- testing 29 : set([14, 63])p: 2.13996014003e-13
--- testing 30 : set([49, 78])p: 0.726132460268
--- testing 31 : set([49, 34])p: 0.39356721627
--- testing 32 : set([105, 2])p: 0.351389662565
--- testing 33 : set([26, 34])p: 5.55071442902e-06
--- testing 34 : set([23])p: 0.00324205289516
--- testing 35 : set([14, 78])p: 3.80899977459e-05
--- testing 36 : set([8])p: 0.549798992137
--- testing 37 : set([52, 14])p: 0.000237401010122
--- testing 38 : set([49, 14, 105])p: 0.000424941295295
--- testing 39 : set([96, 14])p: 0.00049461592725
--- testing 40 : set([106])p: 0.235695276036
--- testing 41 : set([31])p: 0.14550234802
--- testing 42 : set([86])p: 0.021883988359
--- testing 43 : set([85, 14])p: 7.65067519178e-13
--- testing 44 : set([95])p: 0.498132985181
--- testing 45 : set([34, 78])p: 0.281997180827
--- testing 46 : set([80, 14])p: 1.20638178349e-05
--- testing 47 : set([49, 78, 105])p: 0.645700699024
--- testing 48 : set([80, 105])p: 0.0573194048551
--- testing 49 : set([49, 26])p: 0.000670794735452
--- testing 50 : set([105, 85])p: 0.0511067112217
--- testing 51 : set([105, 63])p: 0.0764745646585
--- testing 52 : set([49, 34, 105])p: 0.156868005524
--- testing 53 : set([34, 52])p: 0.334926956241
--- testing 54 : set([2, 34])p: 0.0109813355711
--- testing 55 : set([105, 52, 14])p: 0.00745318884296
--- testing 56 : set([49, 2])p: 0.126717267338
--- testing 57 : set([96, 105])p: 0.0668259974731
--- testing 58 : set([59])p: 0.0351264491411
--- testing 59 : set([105, 10])p: 1.15745770475e-13
--- testing 60 : set([52, 78])p: 0.508414235037
--- testing 61 : set([26, 78])p: 0.0686284171571
--- testing 62 : set([2, 63])p: 0.105083432854
--- testing 63 : set([20])p: 0.799864931395
--- testing 64 : set([96, 34])p: 0.122196897742
--- testing 65 : set([71])p: 1.48476942906e-06
--- testing 66 : set([105, 34, 14])p: 3.2450408202e-09
--- testing 67 : set([80, 78])p: 0.819193483954
--- testing 68 : set([53])p: 0.000328314822202
--- testing 69 : set([26, 52])p: 0.0147158361613
--- testing 70 : set([105, 52, 78])p: 0.629753680889
--- testing 71 : set([49, 85])p: 0.0261790826984
--- testing 72 : set([105, 26, 14])p: 0.000182711777933
--- testing 73 : set([36])p: 0.000517642649357
--- testing 74 : set([4, 14])p: 1.40587775768e-05
--- testing 75 : set([92])p: 0.177461209431
--- testing 76 : set([90])p: 0.376090912474
--- testing 77 : set([49, 63])p: 0.355977733651
--- testing 78 : set([26, 85])p: 0.0469488197229
--- testing 79 : set([32])p: 0.355977733651
--- testing 80 : set([49, 26, 105])p: 0.00395764625945
--- testing 81 : set([2, 26])p: 0.00395764625945
--- testing 82 : set([34, 63])p: 0.610793568158
--- testing 83 : set([49, 2, 105])p: 0.427168672582
--- testing 84 : set([80, 34])p: 0.570003332958
--- testing 85 : set([38])p: 1.52699643955e-09
--- testing 86 : set([98])p: 0.570003332958
--- testing 87 : set([26, 63])p: 0.102713791046
--- testing 88 : set([54])p: 0.027735712316
--- testing 89 : set([105, 34, 52])p: 0.259063487727
--- testing 90 : set([80, 49])p: 0.527461243422
--- testing 91 : set([105, 34, 78])p: 0.147165835931
--- testing 92 : set([105, 14, 78])p: 0.0376733859131
--- testing 93 : set([105, 4])p: 0.0376733859131
--- testing 94 : set([96, 26])p: 0.20583606656
--- testing 95 : set([56])p: 0.00639460178529
--- testing 96 : set([34, 85])p: 0.000717541553764
--- testing 97 : set([96, 85])p: 0.0981622561771
--- testing 98 : set([15])p: 1.45826765111e-05
--- testing 99 : set([26, 34, 14])p: 0.00013468435832
--- testing 100 : set([49, 52, 14])p: 0.00128660857361
--- testing 101 : set([2, 78])p: 0.393491597503
--- testing 102 : set([10, 34])p: 4.6095875774e-09
--- testing 103 : set([96, 63])p: 0.157954059304
--- testing 104 : set([80, 26])p: 0.000790082104533
--- testing 105 : set([105, 26, 34])p: 0.0124978994292
--- testing 106 : set([96, 49])p: 0.304238300641
--- testing 107 : set([10, 26])p: 1.83525211753e-09
--- testing 108 : set([96, 2])p: 0.16979110797
--- testing 109 : set([2, 52])p: 0.0819635037358
--- testing 110 : set([80, 85])p: 0.0819635037358
--- testing 111 : set([14, 6])p: 0.0819635037358
--- testing 112 : set([49, 52, 14, 105])p: 0.000658925188702
--- testing 113 : set([49, 52, 78])p: 0.702213736337
--- testing 114 : set([105, 2, 14])p: 0.00569183408598
--- testing 115 : set([49, 52, 78, 105])p: 0.68117458299
--- testing 116 : set([8, 14])p: 0.0289457385892
--- testing 117 : set([40])p: 0.0036440820765
--- testing 118 : set([61])p: 0.659191152816
--- testing 119 : set([49, 34, 14])p: 0.097772507147
--- testing 120 : set([105, 26, 52])p: 0.0170130359427
--- testing 121 : set([78, 63])p: 0.16503487375
--- testing 122 : set([80, 52])p: 0.0859882850738
--- testing 123 : set([85, 78])p: 0.284416641777
--- testing 124 : set([80, 2])p: 0.261677257391
--- testing 125 : set([85, 63])p: 0.00172740543977
--- testing 126 : set([105, 106])p: 0.879841855636
--- testing 127 : set([14, 31])p: 0.148096319034
--- testing 128 : set([49, 2, 14])p: 0.0287777979417
--- testing 129 : set([49, 26, 14])p: 0.000277784514489
--- testing 130 : set([105, 10, 14])p: 3.43079301391e-11
--- testing 131 : set([49, 10])p: 0.000989631478447
--- testing 132 : set([52, 63])p: 0.102941580453
--- testing 133 : set([34, 4])p: 0.102941580453
--- testing 134 : set([14, 23])p: 0.0198343720963
--- testing 135 : set([96, 78])p: 0.0404602661807
--- testing 136 : set([2, 85])p: 0.0898880459332
--- testing 137 : set([14, 95])p: 0.0162238302187
--- testing 138 : set([34, 95])p: 0.0162238302187
--- testing 139 : set([26, 95])p: 0.0162238302187
--- testing 140 : set([49, 14, 78])p: 0.0778650724799
--- testing 141 : set([2, 14, 63])p: 0.0778650724799
--- testing 142 : set([49, 34, 52])p: 0.614731210461
--- testing 143 : set([49, 34, 78])p: 0.426162304734
--- testing 144 : set([105, 2, 34])p: 0.0281371703136
--- testing 145 : set([105, 14, 63])p: 0.000273192245928
--- testing 146 : set([49, 85, 105])p: 0.0668762738806
--- testing 147 : set([105, 6])p: 0.614731210461
--- testing 148 : set([74])p: 0.975172840487
--- testing 149 : set([49, 105, 63])p: 0.76820664738
--- testing 150 : set([105, 85, 14])p: 0.00829655998881
--- testing 151 : set([26, 4])p: 0.00264503748153
--- testing 152 : set([14, 86])p: 0.000129302733627
--- testing 153 : set([64])p: 0.369379199754
--- testing 154 : set([49, 26, 34])p: 0.00497086075024
--- testing 155 : set([49, 34, 52, 105])p: 0.530993844534
--- testing 156 : set([105, 26, 78])p: 0.0150246384512
--- testing 157 : set([2, 34, 14])p: 0.00497086075024
--- testing 158 : set([52, 85])p: 0.00497086075024
--- testing 159 : set([105, 23])p: 0.191092415285
--- testing 160 : set([59, 14])p: 0.00497086075024
--- testing 161 : set([2, 26, 14])p: 5.6191265071e-05
--- testing 162 : set([105, 2, 52])p: 0.0800922893999
--- testing 163 : set([49, 4])p: 0.501312005471
--- testing 164 : set([80, 49, 105])p: 0.470925676108
--- testing 165 : set([10, 63])p: 1.80663013356e-08
--- testing 166 : set([96, 105, 14])p: 0.00926303315535
--- testing 167 : set([49, 85, 14])p: 0.0268492397788
--- testing 168 : set([8, 105])p: 0.470925676108
--- testing 169 : set([105, 31])p: 0.992200960381
--- testing 170 : set([80, 105, 14])p: 0.0569767283832
--- testing 171 : set([80, 63])p: 0.00710832101204
--- testing 172 : set([96, 52])p: 0.258061926379
--- testing 173 : set([8, 26])p: 0.647340644931
--- testing 174 : set([105, 95])p: 0.647340644931
--- testing 175 : set([34, 52, 14])p: 0.00536233931467
--- testing 176 : set([80, 105, 78])p: 0.98921789622
--- testing 177 : set([10, 26, 14])p: 3.70500894431e-09
--- testing 178 : set([105, 86])p: 0.0472102868407
--- testing 179 : set([14, 38])p: 2.9228762032e-07
--- testing 180 : set([10, 78])p: 0.00397030802854
--- testing 181 : set([96, 80])p: 0.377010715347
--- testing 182 : set([14, 71])p: 0.000230564731354
--- testing 183 : set([26, 52, 14])p: 0.0311105833213
--- testing 184 : set([34, 14, 78])p: 0.0311105833213
--- testing 185 : set([80, 105, 52])p: 0.181768769938
--- testing 186 : set([80, 10])p: 0.00287995587021
--- testing 187 : set([96, 4])p: 0.34537453338
--- testing 188 : set([26, 31])p: 0.181768769938
--- testing 189 : set([69])p: 0.0311105833213
--- testing 190 : set([84])p: 0.34537453338
--- testing 191 : set([49, 34, 14, 105])p: 0.0246768916677
--- testing 192 : set([49, 26, 52])p: 0.00766684828591
--- testing 193 : set([26, 14, 78])p: 0.158601069888
--- testing 194 : set([96, 34, 14])p: 0.0678425669734
--- testing 195 : set([4, 63])p: 0.158601069888
--- testing 196 : set([8, 34])p: 0.158601069888
--- testing 197 : set([106, 14])p: 0.313911886564
--- testing 198 : set([49, 34, 78, 105])p: 0.136819029189
--- testing 199 : set([26, 34, 78])p: 0.716974667599
--- testing 200 : set([49, 14, 63])p: 0.136819029189
--- testing 201 : set([96, 49, 105])p: 0.491009894727
--- testing 202 : set([10, 85])p: 1.3327503746e-07
--- testing 203 : set([34, 23])p: 0.136819029189
--- testing 204 : set([49, 26, 14, 105])p: 0.000950013125843
--- testing 205 : set([49, 14, 78, 105])p: 0.116553316363
--- testing 206 : set([105, 52, 63])p: 0.456316532811
--- testing 207 : set([105, 10, 34])p: 5.6450197441e-07
--- testing 208 : set([96, 49, 14])p: 0.116553316363
--- testing 209 : set([34, 6])p: 0.0147031265356
--- testing 210 : set([106, 34])p: 0.68872907099
--- testing 211 : set([105, 59])p: 0.68872907099
--- testing 212 : set([14, 15])p: 0.000189302104618
--- testing 213 : set([49, 2, 34])p: 0.420857424839
--- testing 214 : set([105, 2, 78])p: 0.222888978143
--- testing 215 : set([49, 10, 105])p: 0.0109997619339
--- testing 216 : set([10, 52])p: 0.0358514086149
--- testing 217 : set([34, 85, 14])p: 0.000114118644949
--- testing 218 : set([98, 14])p: 0.658414392097
--- testing 219 : set([55])p: 0.658414392097
--- testing 220 : set([105, 26, 34, 14])p: 0.0809880622808
--- testing 221 : set([49, 26, 52, 105])p: 0.0279440664891
--- testing 222 : set([49, 2, 52, 105])p: 0.384863161803
--- testing 223 : set([10, 2])p: 9.34634013241e-06
--- testing 224 : set([96, 105, 34])p: 0.0019318651433
--- testing 225 : set([96, 26, 14])p: 0.194485643884
--- testing 226 : set([96, 10])p: 1.08071784214e-07
--- testing 227 : set([26, 6])p: 0.194485643884
--- testing 228 : set([34, 31])p: 0.626020260198
--- testing 229 : set([22])p: 0.626020260198
--- testing 230 : set([49, 2, 14, 105])p: 0.0658326349117
--- testing 231 : set([34, 14, 63])p: 0.822305624583
--- testing 232 : set([26, 14, 63])p: 0.0658326349117
--- testing 233 : set([49, 10, 14])p: 0.000235506198399
--- testing 234 : set([96, 105, 52])p: 0.348600777438
--- testing 235 : set([26, 85, 14])p: 0.0213069738768
--- testing 236 : set([105, 52, 85])p: 0.0213069738768
--- testing 237 : set([4, 78])p: 0.167462410169
--- testing 238 : set([49, 31])p: 0.822305624583
--- testing 239 : set([36, 14])p: 0.0658326349117
--- testing 240 : set([7])p: 0.167462410169
--- testing 241 : set([103])p: 0.0213069738768
--- testing 242 : set([52, 14, 78])p: 0.142054966355
--- testing 243 : set([14, 78, 63])p: 0.0524749366013
--- testing 244 : set([96, 26, 34])p: 0.312373103984
--- testing 245 : set([105, 34, 85])p: 0.0158475525804
--- testing 246 : set([105, 26, 85])p: 0.142054966355
--- testing 247 : set([53, 14])p: 0.000804982729591
--- testing 248 : set([72])p: 0.799231986739
--- testing 249 : set([101])p: 0.0158475525804
--- testing 250 : set([49, 26, 34, 105])p: 0.0114581808576
--- testing 251 : set([105, 34, 52, 14])p: 0.0409083942789
--- testing 252 : set([49, 26, 78])p: 0.0409083942789
--- testing 253 : set([49, 2, 78])p: 0.276516653957
--- testing 254 : set([49, 52, 63])p: 0.773536406644
--- testing 255 : set([105, 2, 63])p: 0.516794890807
--- testing 256 : set([80, 49, 14])p: 0.516794890807
--- testing 257 : set([85, 14, 63])p: 0.000488049500101
--- testing 258 : set([52, 4])p: 0.773536406644
--- testing 259 : set([96, 6])p: 0.94558322752
--- testing 260 : set([49, 106])p: 0.276516653957
--- testing 261 : set([105, 26, 52, 14])p: 0.0969332520823
--- testing 262 : set([105, 52, 14, 78])p: 0.241397680703
--- testing 263 : set([105, 34, 63])p: 0.745009571551
--- testing 264 : set([26, 34, 63])p: 0.745009571551
--- testing 265 : set([105, 78, 63])p: 0.0310916564718
--- testing 266 : set([10, 34, 14])p: 3.81360211259e-05
--- testing 267 : set([10, 14, 63])p: 4.135389816e-06
--- testing 268 : set([105, 85, 78])p: 0.241397680703
--- testing 269 : set([96, 85, 14])p: 0.0310916564718
--- testing 270 : set([49, 4, 105])p: 0.476748517999
--- testing 271 : set([4, 85])p: 0.0310916564718
--- testing 272 : set([49, 23])p: 0.0969332520823
--- testing 273 : set([8, 96])p: 0.241397680703
--- testing 274 : set([106, 26])p: 0.745009571551
--- testing 275 : set([49, 95])p: 0.0310916564718
--- testing 276 : set([49, 59])p: 0.241397680703
--- testing 277 : set([105, 20])p: 0.936025070804
--- testing 278 : set([105, 53])p: 0.0310916564718
--- testing 279 : set([98, 34])p: 0.745009571551
--- testing 280 : set([105, 54])p: 0.936025070804
--- testing 281 : set([100])p: 0.476748517999
--- testing 282 : set([34, 52, 78])p: 0.207406050439
--- testing 283 : set([105, 2, 26])p: 0.0010166425266
--- testing 284 : set([2, 14, 78])p: 0.435216017299
--- testing 285 : set([80, 49, 78])p: 0.924788864966
--- testing 286 : set([80, 2, 14])p: 0.0775680769028
--- testing 287 : set([10, 2, 14])p: 0.000152510295631
--- testing 288 : set([96, 105, 78])p: 0.435216017299
--- testing 289 : set([96, 2, 14])p: 0.207406050439
--- testing 290 : set([49, 85, 14, 105])p: 0.207406050439
--- testing 291 : set([2, 85, 14])p: 0.0775680769028
--- testing 292 : set([80, 105, 85])p: 0.713449447604
--- testing 293 : set([2, 4])p: 0.0775680769028
--- testing 294 : set([106, 52])p: 0.713449447604
--- testing 295 : set([85, 31])p: 0.207406050439
--- testing 296 : set([49, 86])p: 0.207406050439
--- testing 297 : set([34, 20])p: 0.435216017299
--- testing 298 : set([40, 14])p: 0.0229485967993
--- testing 299 : set([25])p: 0.435216017299
--- testing 300 : set([60])p: 0.435216017299
--- testing 301 : set([91])p: 0.207406050439
--- testing 302 : set([49, 2, 34, 105])p: 0.174946557055
--- testing 303 : set([2, 34, 26])p: 0.0163698415554
--- testing 304 : set([2, 52, 14])p: 0.0163698415554
--- testing 305 : set([105, 26, 63])p: 0.174946557055
--- testing 306 : set([49, 52, 105, 63])p: 0.911580151381
--- testing 307 : set([49, 2, 63])p: 0.392501648513
--- testing 308 : set([80, 34, 14])p: 0.174946557055
--- testing 309 : set([80, 105, 34])p: 0.911580151381
--- testing 310 : set([96, 14, 78])p: 0.174946557055
--- testing 311 : set([14, 85, 78])p: 0.678670268816
--- testing 312 : set([80, 85, 14])p: 0.0163698415554
--- testing 313 : set([10, 4])p: 0.000584576411114
--- testing 314 : set([52, 23])p: 0.678670268816
--- testing 315 : set([26, 14, 95])p: 0.0604994893704
--- testing 316 : set([26, 34, 95])p: 0.0034852339392
--- testing 317 : set([14, 54])p: 0.0604994893704
--- testing 318 : set([56, 105])p: 0.174946557055
--- testing 319 : set([16])p: 0.174946557055
--- testing 320 : set([47])p: 0.0604994893704
--- testing 321 : set([66])p: 0.911580151381
--- testing 322 : set([26, 52, 78])p: 0.640514452775
--- testing 323 : set([105, 2, 34, 14])p: 0.0112159985089
--- testing 324 : set([2, 34, 63])p: 0.348990630222
--- testing 325 : set([2, 26, 63])p: 0.348990630222
--- testing 326 : set([80, 26, 14])p: 0.0457896067654
--- testing 327 : set([80, 14, 63])p: 0.00213159375943
--- testing 328 : set([105, 10, 26])p: 0.0112159985089
--- testing 329 : set([105, 10, 52])p: 0.144427339006
--- testing 330 : set([105, 10, 78])p: 0.0112159985089
--- testing 331 : set([96, 105, 26])p: 0.144427339006
--- testing 332 : set([96, 14, 63])p: 0.0112159985089
--- testing 333 : set([8, 49])p: 0.348990630222
--- testing 334 : set([52, 31])p: 0.640514452775
--- testing 335 : set([34, 59])p: 0.0457896067654
--- testing 336 : set([26, 59])p: 0.0457896067654
--- testing 337 : set([2, 59])p: 0.348990630222
--- testing 338 : set([92, 14])p: 0.0112159985089
--- testing 339 : set([90, 14])p: 0.144427339006
--- testing 340 : set([105, 90])p: 0.896052825876
--- testing 341 : set([105, 98])p: 0.348990630222
--- testing 342 : set([21])p: 0.348990630222
--- testing 343 : set([62])p: 0.640514452775
--- testing 344 : set([73])p: 0.896052825876
--- testing 345 : set([26, 52, 34])p: 0.305155639247
--- testing 346 : set([105, 26, 14, 78])p: 0.033441889531
--- testing 347 : set([49, 26, 78, 105])p: 0.033441889531
--- testing 348 : set([105, 2, 52, 14])p: 0.033441889531
--- testing 349 : set([49, 2, 78, 105])p: 0.116245129794
--- testing 350 : set([49, 78, 63])p: 0.116245129794
--- testing 351 : set([80, 49, 14, 105])p: 0.877800084941
--- testing 352 : set([80, 49, 52])p: 0.59886819241
--- testing 353 : set([10, 85, 14])p: 9.99034079536e-07
--- testing 354 : set([105, 4, 14])p: 0.00732268218772
--- testing 355 : set([8, 78])p: 0.877800084941
--- testing 356 : set([8, 2])p: 0.59886819241
--- testing 357 : set([96, 31])p: 0.305155639247
--- testing 358 : set([34, 86])p: 0.305155639247
--- testing 359 : set([26, 86])p: 0.305155639247
--- testing 360 : set([96, 95])p: 0.033441889531
--- testing 361 : set([105, 36])p: 0.877800084941
--- testing 362 : set([105, 92])p: 0.877800084941
--- testing 363 : set([45])p: 0.59886819241
--- testing 364 : set([49, 34, 52, 14])p: 0.261560906296
--- testing 365 : set([105, 34, 52, 78])p: 0.261560906296
--- testing 366 : set([2, 34, 78])p: 0.0907672097133
--- testing 367 : set([2, 26, 78])p: 0.856343785515
--- testing 368 : set([49, 34, 63])p: 0.261560906296
--- testing 369 : set([80, 14, 78])p: 0.55368164577
--- testing 370 : set([10, 14, 78])p: 0.0045073109892
--- testing 371 : set([96, 49, 78])p: 0.55368164577
--- testing 372 : set([49, 85, 78])p: 0.261560906296
--- testing 373 : set([96, 105, 85])p: 0.261560906296
--- testing 374 : set([96, 26, 85])p: 0.261560906296
--- testing 375 : set([96, 85, 63])p: 0.0907672097133
--- testing 376 : set([80, 4])p: 0.0907672097133
--- testing 377 : set([105, 14, 23])p: 0.261560906296
--- testing 378 : set([26, 23])p: 0.55368164577
--- testing 379 : set([63, 31])p: 0.261560906296
--- testing 380 : set([86, 63])p: 0.0233960405528
--- testing 381 : set([52, 95])p: 1.0
--- testing 382 : set([2, 95])p: 0.55368164577
--- testing 383 : set([34, 36])p: 0.00064766829009
--- testing 384 : set([49, 92])p: 0.55368164577
--- testing 385 : set([32, 34])p: 0.261560906296
--- testing 386 : set([98, 26])p: 0.856343785515
--- testing 387 : set([49, 54])p: 0.856343785515
--- testing 388 : set([5])p: 0.55368164577
--- testing 389 : set([49, 34, 52, 14, 105])p: 0.21886248215
--- testing 390 : set([105, 26, 34, 78])p: 0.504994855858
--- testing 391 : set([49, 2, 34, 14])p: 0.504994855858
--- testing 392 : set([49, 2, 26])p: 0.0683101533265
--- testing 393 : set([2, 52, 34])p: 0.21886248215
--- testing 394 : set([52, 14, 63])p: 0.504994855858
--- testing 395 : set([80, 52, 14])p: 0.504994855858
--- testing 396 : set([80, 49, 52, 105])p: 0.831121940536
--- testing 397 : set([80, 34, 78])p: 1.0
--- testing 398 : set([96, 105, 2])p: 0.015525736568
--- testing 399 : set([96, 34, 63])p: 0.21886248215
--- testing 400 : set([49, 52, 85, 105])p: 0.0683101533265
--- testing 401 : set([80, 49, 85])p: 0.504994855858
--- testing 402 : set([105, 34, 4])p: 0.21886248215
--- testing 403 : set([52, 4, 105])p: 0.504994855858
--- testing 404 : set([26, 14, 6])p: 0.21886248215
--- testing 405 : set([8, 52])p: 0.831121940536
--- testing 406 : set([106, 78])p: 0.504994855858
--- testing 407 : set([78, 86])p: 0.831121940536
--- testing 408 : set([85, 95])p: 0.21886248215
--- testing 409 : set([59, 63])p: 0.504994855858
--- testing 410 : set([105, 71])p: 0.0683101533265
--- testing 411 : set([105, 38])p: 0.00257748963965
--- testing 412 : set([12])p: 0.0683101533265
--- testing 413 : set([33])p: 0.504994855858
--- testing 414 : set([88])p: 1.0
--- testing 415 : set([49, 26, 34, 14])p: 0.0491158199597
--- testing 416 : set([105, 26, 52, 78])p: 0.452970787911
--- testing 417 : set([80, 49, 78, 105])p: 1.0
--- testing 418 : set([80, 26, 78])p: 0.452970787911
--- testing 419 : set([80, 2, 34])p: 0.801474023747
--- testing 420 : set([105, 10, 63])p: 8.26187885601e-06
--- testing 421 : set([80, 10, 14])p: 0.000129403966328
--- testing 422 : set([96, 49, 14, 105])p: 0.177802756108
--- testing 423 : set([96, 34, 78])p: 0.177802756108
--- testing 424 : set([96, 2, 34])p: 0.0491158199597
--- testing 425 : set([96, 2, 63])p: 0.801474023747
--- testing 426 : set([49, 34, 85])p: 0.00134058666849
--- testing 427 : set([105, 2, 85])p: 0.0491158199597
--- testing 428 : set([105, 85, 63])p: 0.177802756108
--- testing 429 : set([49, 6])p: 0.801474023747
--- testing 430 : set([78, 23])p: 0.452970787911
--- testing 431 : set([8, 34, 14])p: 0.0491158199597
--- testing 432 : set([8, 26, 14])p: 0.177802756108
--- testing 433 : set([105, 106, 14])p: 0.452970787911
--- testing 434 : set([105, 106, 34])p: 0.801474023747
--- testing 435 : set([49, 106, 105])p: 1.0
--- testing 436 : set([105, 106, 52])p: 1.0
--- testing 437 : set([106, 63])p: 0.801474023747
--- testing 438 : set([80, 106])p: 0.452970787911
--- testing 439 : set([105, 14, 31])p: 1.0
--- testing 440 : set([49, 105, 31])p: 1.0
--- testing 441 : set([26, 14, 31])p: 0.177802756108
--- testing 442 : set([105, 26, 31])p: 0.801474023747
--- testing 443 : set([105, 34, 95])p: 0.177802756108
--- testing 444 : set([78, 95])p: 0.801474023747
--- testing 445 : set([31, 95])p: 0.452970787911
--- testing 446 : set([49, 59, 105])p: 1.0
--- testing 447 : set([59, 52])p: 0.801474023747
--- testing 448 : set([26, 53])p: 0.00134058666849
--- testing 449 : set([49, 36])p: 0.801474023747
--- testing 450 : set([49, 92, 105])p: 0.801474023747
--- testing 451 : set([32, 105])p: 0.801474023747
--- testing 452 : set([56, 14])p: 0.0491158199597
--- testing 453 : set([40, 34])p: 0.452970787911
--- testing 454 : set([41])p: 0.452970787911
--- testing 455 : set([42])p: 0.177802756108
--- testing 456 : set([70])p: 0.801474023747
--- testing 457 : set([105, 26, 52, 34])p: 0.39793718155
--- testing 458 : set([49, 26, 52, 14, 105])p: 0.0333255598888
--- testing 459 : set([105, 34, 14, 78])p: 0.139196675263
--- testing 460 : set([26, 14, 34, 78])p: 0.766623700164
--- testing 461 : set([49, 52, 14, 78, 105])p: 0.139196675263
--- testing 462 : set([105, 2, 26, 14])p: 0.000613877047192
--- testing 463 : set([105, 2, 52, 34])p: 0.139196675263
--- testing 464 : set([49, 2, 52, 14, 105])p: 0.0333255598888
--- testing 465 : set([49, 105, 14, 63])p: 0.39793718155
--- testing 466 : set([49, 105, 78, 63])p: 0.139196675263
--- testing 467 : set([80, 105, 26])p: 0.0333255598888
--- testing 468 : set([49, 10, 14, 105])p: 0.0333255598888
--- testing 469 : set([10, 34, 78])p: 0.00549037822543
--- testing 470 : set([96, 49, 34])p: 0.39793718155
--- testing 471 : set([96, 49, 52, 105])p: 0.766623700164
--- testing 472 : set([96, 49, 78, 105])p: 0.39793718155
--- testing 473 : set([96, 26, 63])p: 0.39793718155
--- testing 474 : set([96, 10, 14])p: 0.00549037822543
--- testing 475 : set([26, 34, 85])p: 0.139196675263
--- testing 476 : set([52, 85, 14])p: 0.0333255598888
--- testing 477 : set([34, 85, 78])p: 0.139196675263
--- testing 478 : set([26, 85, 63])p: 0.39793718155
--- testing 479 : set([80, 85, 78])p: 0.766623700164
--- testing 480 : set([80, 2, 85])p: 0.39793718155
--- testing 481 : set([96, 34, 85])p: 0.0333255598888
--- testing 482 : set([105, 26, 4])p: 0.00549037822543
--- testing 483 : set([2, 23])p: 0.766623700164
--- testing 484 : set([8, 105, 14])p: 0.139196675263
--- testing 485 : set([8, 10])p: 0.766623700164
--- testing 486 : set([8, 96, 14])p: 0.139196675263
--- testing 487 : set([96, 106])p: 1.0
--- testing 488 : set([2, 31])p: 0.139196675263
--- testing 489 : set([105, 14, 86])p: 4.46045050977e-05
--- testing 490 : set([105, 14, 95])p: 0.39793718155
--- testing 491 : set([34, 14, 95])p: 0.0333255598888
--- testing 492 : set([20, 14])p: 0.139196675263
--- testing 493 : set([49, 20])p: 0.39793718155
--- testing 494 : set([20, 78])p: 0.766623700164
--- testing 495 : set([53, 63])p: 0.00549037822543
--- testing 496 : set([34, 92])p: 0.39793718155
--- testing 497 : set([26, 92])p: 0.00549037822543
--- testing 498 : set([52, 92])p: 0.139196675263
--- testing 499 : set([90, 26])p: 0.39793718155
--- testing 500 : set([32, 14])p: 0.139196675263
--- testing 501 : set([10, 38])p: 0.0333255598888
--- testing 502 : set([49, 54, 105])p: 1.0
--- testing 503 : set([40, 105])p: 0.139196675263
--- testing 504 : set([40, 26])p: 0.139196675263
--- testing 505 : set([64, 14])p: 0.39793718155
--- testing 506 : set([1])p: 1.0
--- testing 507 : set([13])p: 0.139196675263
--- testing 508 : set([43])p: 1.0
--- testing 509 : set([48])p: 0.39793718155
--- testing 510 : set([51])p: 1.0
--- testing 511 : set([67])p: 0.139196675263
--- testing 512 : set([79])p: 0.39793718155
--- testing 513 : set([93])p: 0.766623700164
--- testing 514 : set([49, 26, 52, 78])p: 0.340439291264
--- testing 515 : set([49, 2, 26, 105])p: 0.103906303472
--- testing 516 : set([49, 26, 63])p: 0.103906303472
--- testing 517 : set([105, 14, 78, 63])p: 0.0209543680384
--- testing 518 : set([49, 2, 14, 63])p: 0.340439291264
--- testing 519 : set([49, 2, 105, 63])p: 0.340439291264
--- testing 520 : set([2, 78, 63])p: 0.103906303472
--- testing 521 : set([80, 26, 34])p: 0.340439291264
--- testing 522 : set([80, 52, 78])p: 1.0
--- testing 523 : set([80, 2, 26])p: 0.340439291264
--- testing 524 : set([105, 10, 26, 14])p: 0.0209543680384
--- testing 525 : set([96, 49, 2])p: 0.340439291264
--- testing 526 : set([96, 49, 63])p: 0.103906303472
--- testing 527 : set([96, 80, 14])p: 0.725658531429
--- testing 528 : set([49, 34, 85, 105])p: 0.00278121090419
--- testing 529 : set([105, 26, 85, 14])p: 0.103906303472
--- testing 530 : set([49, 85, 78, 105])p: 0.340439291264
--- testing 531 : set([26, 85, 78])p: 1.0
--- testing 532 : set([49, 2, 85])p: 0.103906303472
--- testing 533 : set([49, 85, 63])p: 0.340439291264
--- testing 534 : set([80, 49, 85, 105])p: 0.725658531429
--- testing 535 : set([105, 10, 85])p: 0.00278121090419
--- testing 536 : set([96, 49, 85])p: 0.340439291264
--- testing 537 : set([105, 4, 78])p: 0.103906303472
--- testing 538 : set([105, 14, 6])p: 0.0209543680384
--- testing 539 : set([78, 6])p: 1.0
--- testing 540 : set([80, 6])p: 0.340439291264
--- testing 541 : set([85, 6])p: 0.340439291264
--- testing 542 : set([49, 105, 23])p: 0.340439291264
--- testing 543 : set([63, 23])p: 0.103906303472
--- testing 544 : set([8, 49, 105])p: 0.340439291264
--- testing 545 : set([8, 26, 34])p: 0.725658531429
--- testing 546 : set([8, 2, 14])p: 0.340439291264
--- testing 547 : set([8, 63])p: 1.0
--- testing 548 : set([8, 23])p: 0.725658531429
--- testing 549 : set([106, 85])p: 0.340439291264
--- testing 550 : set([26, 34, 31])p: 1.0
--- testing 551 : set([4, 31])p: 1.0
--- testing 552 : set([49, 86, 105])p: 0.725658531429
--- testing 553 : set([52, 86])p: 0.725658531429
--- testing 554 : set([96, 86])p: 0.340439291264
--- testing 555 : set([80, 95])p: 0.725658531429
--- testing 556 : set([49, 59, 14])p: 0.103906303472
--- testing 557 : set([59, 78])p: 0.103906303472
--- testing 558 : set([63, 71])p: 0.0209543680384
--- testing 559 : set([96, 53])p: 0.0209543680384
--- testing 560 : set([92, 78])p: 0.725658531429
--- testing 561 : set([49, 90])p: 0.340439291264
--- testing 562 : set([34, 38])p: 0.000234362019129
--- testing 563 : set([26, 38])p: 0.340439291264
--- testing 564 : set([49, 98])p: 0.340439291264
--- testing 565 : set([98, 2])p: 0.725658531429
--- testing 566 : set([56, 49])p: 0.725658531429
--- testing 567 : set([56, 26])p: 0.340439291264
--- testing 568 : set([105, 15])p: 0.725658531429
--- testing 569 : set([64, 105])p: 0.725658531429
--- testing 570 : set([69, 14])p: 0.103906303472
--- testing 571 : set([105, 84])p: 0.103906303472
--- testing 572 : set([105, 47])p: 0.340439291264
--- testing 573 : set([9])p: 0.340439291264
--- testing 574 : set([19])p: 0.725658531429
--- testing 575 : set([65])p: 0.00278121090419
--- testing 576 : set([82])p: 0.725658531429
--- testing 577 : set([94])p: 0.725658531429
--- testing 578 : set([49, 26, 14, 78])p: 0.0118677894713
--- testing 579 : set([49, 26, 52, 78, 105])p: 0.281306044316
--- testing 580 : set([49, 2, 34, 14, 105])p: 0.281306044316
--- testing 581 : set([2, 34, 26, 14])p: 0.0727993276842
--- testing 582 : set([49, 2, 26, 14])p: 0.0118677894713
--- testing 583 : set([105, 2, 34, 78])p: 0.0727993276842
--- testing 584 : set([49, 2, 14, 78])p: 0.281306044316
--- testing 585 : set([49, 2, 34, 78])p: 0.281306044316
--- testing 586 : set([2, 14, 26, 78])p: 0.677506126408
--- testing 587 : set([2, 52, 78])p: 0.281306044316
--- testing 588 : set([105, 26, 14, 63])p: 0.0118677894713
--- testing 589 : set([105, 26, 34, 63])p: 1.0
--- testing 590 : set([105, 52, 14, 63])p: 0.281306044316
--- testing 591 : set([49, 14, 78, 63])p: 0.0727993276842
--- testing 592 : set([26, 78, 63])p: 0.0727993276842
--- testing 593 : set([2, 52, 63])p: 0.281306044316
--- testing 594 : set([80, 105, 52, 14])p: 0.677506126408
--- testing 595 : set([80, 105, 2])p: 1.0
--- testing 596 : set([80, 2, 63])p: 0.0727993276842
--- testing 597 : set([49, 10, 34])p: 0.0118677894713
--- testing 598 : set([10, 34, 26])p: 0.0118677894713
--- testing 599 : set([10, 52, 14])p: 0.281306044316
--- testing 600 : set([105, 10, 34, 78])p: 0.0118677894713
--- testing 601 : set([96, 105, 26, 14])p: 0.281306044316
--- testing 602 : set([96, 26, 34, 14])p: 0.677506126408
--- testing 603 : set([96, 105, 26, 34])p: 0.0727993276842
--- testing 604 : set([96, 52, 14])p: 0.281306044316
--- testing 605 : set([96, 105, 14, 78])p: 0.677506126408
--- testing 606 : set([96, 78, 63])p: 0.281306044316
--- testing 607 : set([105, 34, 85, 14])p: 0.0727993276842
--- testing 608 : set([49, 34, 85, 14])p: 0.0727993276842
--- testing 609 : set([105, 52, 85, 14])p: 0.0727993276842
--- testing 610 : set([34, 52, 85])p: 0.00118943035103
--- testing 611 : set([2, 85, 63])p: 0.281306044316
--- testing 612 : set([26, 4, 14])p: 0.0118677894713
--- testing 613 : set([2, 4, 14])p: 0.0727993276842
--- testing 614 : set([10, 4, 14])p: 0.00118943035103
--- testing 615 : set([105, 34, 6])p: 0.281306044316
--- testing 616 : set([34, 14, 23])p: 0.677506126408
--- testing 617 : set([6, 23])p: 0.00118943035103
--- testing 618 : set([8, 49, 14])p: 0.677506126408
--- testing 619 : set([49, 106, 52])p: 0.677506126408
--- testing 620 : set([106, 10])p: 0.677506126408
--- testing 621 : set([105, 34, 31])p: 1.0
--- testing 622 : set([105, 52, 31])p: 1.0
--- testing 623 : set([78, 31])p: 0.281306044316
--- testing 624 : set([80, 31])p: 1.0
--- testing 625 : set([10, 31])p: 0.677506126408
--- testing 626 : set([2, 86])p: 0.281306044316
--- testing 627 : set([80, 86])p: 0.677506126408
--- testing 628 : set([49, 105, 95])p: 0.0727993276842
--- testing 629 : set([96, 26, 95])p: 0.0118677894713
--- testing 630 : set([4, 95])p: 0.677506126408
--- testing 631 : set([105, 59, 14])p: 0.677506126408
--- testing 632 : set([26, 59, 14])p: 0.0727993276842
--- testing 633 : set([49, 20, 105])p: 0.677506126408
--- testing 634 : set([80, 20])p: 1.0
--- testing 635 : set([34, 53])p: 0.0727993276842
--- testing 636 : set([10, 53])p: 0.0727993276842
--- testing 637 : set([49, 36, 105])p: 1.0
--- testing 638 : set([26, 36])p: 0.281306044316
--- testing 639 : set([36, 85])p: 0.281306044316
--- testing 640 : set([90, 78])p: 1.0
--- testing 641 : set([90, 2])p: 1.0
--- testing 642 : set([2, 38])p: 6.7135116913e-05
--- testing 643 : set([96, 38])p: 0.0118677894713
--- testing 644 : set([98, 34, 14])p: 1.0
--- testing 645 : set([98, 52])p: 0.281306044316
--- testing 646 : set([98, 85])p: 1.0
--- testing 647 : set([34, 54])p: 0.281306044316
--- testing 648 : set([26, 54])p: 0.281306044316
--- testing 649 : set([2, 54])p: 0.677506126408
--- testing 650 : set([56, 34])p: 1.0
--- testing 651 : set([105, 61])p: 1.0
--- testing 652 : set([34, 61])p: 0.677506126408
--- testing 653 : set([18])p: 0.0727993276842
--- testing 654 : set([28])p: 1.0
--- testing 655 : set([44])p: 0.677506126408
--- testing 656 : set([89])p: 1.0
--- testing 657 : set([97])p: 1.0
--- testing 658 : set([99])p: 0.0727993276842
--- testing 659 : set([49, 26, 34, 14, 105])p: 0.0466858113073
--- testing 660 : set([49, 26, 14, 78, 105])p: 0.005765869974
--- testing 661 : set([49, 34, 52, 78, 105])p: 0.620906114681
--- testing 662 : set([2, 52, 26])p: 0.0466858113073
--- testing 663 : set([105, 2, 52, 78])p: 0.221732696707
--- testing 664 : set([49, 34, 14, 63])p: 1.0
--- testing 665 : set([49, 52, 14, 63])p: 0.620906114681
--- testing 666 : set([105, 2, 14, 63])p: 0.221732696707
--- testing 667 : set([2, 34, 14, 63])p: 1.0
--- testing 668 : set([2, 26, 14, 63])p: 0.221732696707
--- testing 669 : set([80, 49, 34])p: 1.0
--- testing 670 : set([80, 49, 26])p: 0.620906114681
--- testing 671 : set([80, 105, 14, 78])p: 0.620906114681
--- testing 672 : set([80, 105, 34, 78])p: 1.0
--- testing 673 : set([80, 49, 2])p: 0.620906114681
--- testing 674 : set([80, 105, 63])p: 0.221732696707
--- testing 675 : set([49, 10, 52])p: 0.620906114681
--- testing 676 : set([105, 10, 14, 78])p: 0.221732696707
--- testing 677 : set([49, 10, 78])p: 0.221732696707
--- testing 678 : set([105, 10, 14, 63])p: 1.09942242581e-05
--- testing 679 : set([10, 2, 63])p: 0.0466858113073
--- testing 680 : set([96, 105, 34, 14])p: 0.0466858113073
--- testing 681 : set([96, 105, 52, 14])p: 0.221732696707
--- testing 682 : set([96, 105, 52, 78])p: 1.0
--- testing 683 : set([49, 34, 85, 14, 105])p: 0.0466858113073
--- testing 684 : set([49, 26, 85])p: 0.620906114681
--- testing 685 : set([105, 34, 52, 85])p: 0.005765869974
--- testing 686 : set([105, 34, 85, 78])p: 0.0466858113073
--- testing 687 : set([2, 34, 85])p: 0.0466858113073
--- testing 688 : set([49, 2, 85, 14])p: 0.221732696707
--- testing 689 : set([34, 85, 63])p: 0.0466858113073
--- testing 690 : set([49, 105, 85, 63])p: 0.620906114681
--- testing 691 : set([80, 105, 85, 14])p: 0.620906114681
--- testing 692 : set([80, 34, 85])p: 0.620906114681
--- testing 693 : set([80, 26, 85])p: 1.0
--- testing 694 : set([80, 2, 85, 14])p: 0.221732696707
--- testing 695 : set([10, 26, 85])p: 0.0466858113073
--- testing 696 : set([96, 49, 85, 14])p: 1.0
--- testing 697 : set([96, 2, 85])p: 0.005765869974
--- testing 698 : set([34, 4, 14])p: 0.0466858113073
--- testing 699 : set([49, 34, 4])p: 0.221732696707
--- testing 700 : set([52, 4, 105, 49])p: 0.620906114681
--- testing 701 : set([34, 4, 78])p: 0.620906114681
--- testing 702 : set([26, 4, 78])p: 0.0466858113073
--- testing 703 : set([4, 14, 63])p: 0.0466858113073
--- testing 704 : set([96, 4, 14])p: 0.620906114681
--- testing 705 : set([96, 34, 4])p: 0.221732696707
--- testing 706 : set([34, 14, 6])p: 0.005765869974
--- testing 707 : set([105, 52, 23])p: 0.221732696707
--- testing 708 : set([96, 23])p: 0.620906114681
--- testing 709 : set([8, 105, 34])p: 0.221732696707
--- testing 710 : set([8, 14, 78])p: 0.620906114681
--- testing 711 : set([8, 105, 78])p: 1.0
--- testing 712 : set([8, 96, 105])p: 0.221732696707
--- testing 713 : set([8, 4])p: 0.620906114681
--- testing 714 : set([106, 2])p: 1.0
--- testing 715 : set([49, 14, 31])p: 0.620906114681
--- testing 716 : set([10, 14, 31])p: 0.620906114681
--- testing 717 : set([105, 52, 86])p: 0.620906114681
--- testing 718 : set([10, 86])p: 0.221732696707
--- testing 719 : set([49, 14, 95])p: 0.005765869974
--- testing 720 : set([49, 34, 95])p: 0.005765869974
--- testing 721 : set([49, 26, 95])p: 0.005765869974
--- testing 722 : set([105, 52, 95])p: 1.0
--- testing 723 : set([86, 95])p: 0.620906114681
--- testing 724 : set([105, 59, 52])p: 1.0
--- testing 725 : set([2, 59, 14])p: 0.221732696707
--- testing 726 : set([105, 53, 14])p: 0.221732696707
--- testing 727 : set([52, 53])p: 0.0466858113073
--- testing 728 : set([34, 14, 38])p: 0.000387790898088
--- testing 729 : set([52, 38])p: 0.005765869974
--- testing 730 : set([38, 63])p: 0.000387790898088
--- testing 731 : set([10, 14, 38])p: 0.0466858113073
--- testing 732 : set([105, 98, 14])p: 0.221732696707
--- testing 733 : set([98, 63])p: 0.620906114681
--- testing 734 : set([105, 14, 54])p: 0.620906114681
--- testing 735 : set([52, 54])p: 1.0
--- testing 736 : set([78, 54])p: 0.0466858113073
--- testing 737 : set([54, 63])p: 0.0466858113073
--- testing 738 : set([40, 34, 14])p: 0.221732696707
--- testing 739 : set([40, 38])p: 0.005765869974
--- testing 740 : set([26, 61])p: 1.0
--- testing 741 : set([74, 26])p: 0.620906114681
--- testing 742 : set([69, 63])p: 1.0
--- testing 743 : set([34, 84])p: 0.0466858113073
--- testing 744 : set([26, 84])p: 0.0466858113073
--- testing 745 : set([100, 14])p: 0.221732696707
--- testing 746 : set([12, 14])p: 0.0466858113073
--- testing 747 : set([3])p: 0.620906114681
--- testing 748 : set([17])p: 0.221732696707
--- testing 749 : set([24])p: 0.620906114681
--- testing 750 : set([27])p: 0.620906114681
--- testing 751 : set([81])p: 1.0
--- testing 752 : set([83])p: 1.0
