trsact: data/conditions/data_569.csv.4lcm53 ,#transactions 16228 ,#items 107 ,size 18970 extracted database: #transactions 16228 ,#items 97 ,size 18951
 output to: data/conditions/data_569.csv.4lcm53.results.lcm/data_569.csv.4lcm53.lowsup4.closed
separated at 0
iters=1332
1317
1
97
396
502
258
60
3
finish calculation of K: 1316
4
--- testing 1 : set([14])p: 8.87924281674e-18
--- testing 2 : set([105])p: 0.261340542521
--- testing 3 : set([38])p: 5.02788009634e-09
--- testing 4 : set([14, 38])p: 1.8710880289e-10
--- testing 5 : set([34])p: 0.0896929540212
--- testing 6 : set([50])p: 0.00640199648678
--- testing 7 : set([105, 50])p: 0.102150231833
--- testing 8 : set([26])p: 2.25944699792e-05
--- testing 9 : set([53])p: 0.156788104794
--- testing 10 : set([78])p: 0.0101057732086
--- testing 11 : set([2])p: 6.43965859082e-20
--- testing 12 : set([80])p: 0.103918665806
--- testing 13 : set([10])p: 0.029704620776
--- testing 14 : set([105, 53])p: 0.293649701318
--- testing 15 : set([96])p: 1.41402114226e-10
--- testing 16 : set([105, 14])p: 0.000732649930705
--- testing 17 : set([85])p: 1.11971035986e-06
--- testing 18 : set([105, 38])p: 0.0245870571183
--- testing 19 : set([4])p: 0.00271366125456
--- testing 20 : set([105, 34])p: 0.128530385203
--- testing 21 : set([34, 14])p: 0.00753167490862
--- testing 22 : set([50, 14])p: 0.000299256943901
--- testing 23 : set([105, 78])p: 0.0365156328302
--- testing 24 : set([50, 53])p: 0.0108001414649
--- testing 25 : set([26, 14])p: 0.00201978459975
--- testing 26 : set([34, 38])p: 0.629120392559
--- testing 27 : set([10, 38])p: 0.00324769662823
--- testing 28 : set([105, 50, 53])p: 0.0281326843446
--- testing 29 : set([26, 38])p: 0.0564006664849
--- testing 30 : set([2, 14])p: 1.34341767034e-14
--- testing 31 : set([10, 14])p: 0.00206855173582
--- testing 32 : set([6])p: 0.891671051987
--- testing 33 : set([105, 26])p: 0.00730726248828
--- testing 34 : set([50, 38])p: 0.10651878035
--- testing 35 : set([50, 78])p: 0.0245262259178
--- testing 36 : set([50, 34])p: 0.0485022181418
--- testing 37 : set([105, 2])p: 0.000113811148775
--- testing 38 : set([26, 34])p: 0.000281425063443
--- testing 39 : set([23])p: 0.290684506774
--- testing 40 : set([14, 78])p: 1.3925069952e-05
--- testing 41 : set([8])p: 0.279576430364
--- testing 42 : set([53, 14])p: 0.0342693451992
--- testing 43 : set([105, 50, 14])p: 0.132074479363
--- testing 44 : set([96, 14])p: 0.00172475790356
--- testing 45 : set([106])p: 0.0495620232192
--- testing 46 : set([31])p: 0.00785806188278
--- testing 47 : set([86])p: 0.00703753267987
--- testing 48 : set([85, 14])p: 5.27830873318e-06
--- testing 49 : set([95])p: 0.970475655382
--- testing 50 : set([105, 14, 38])p: 0.000567071064563
--- testing 51 : set([34, 78])p: 0.73131740459
--- testing 52 : set([2, 38])p: 8.34547051524e-06
--- testing 53 : set([53, 38])p: 0.0567550946609
--- testing 54 : set([80, 14])p: 0.00035378598055
--- testing 55 : set([105, 50, 78])p: 0.0422918254116
--- testing 56 : set([10, 14, 38])p: 0.00516062451551
--- testing 57 : set([38, 78])p: 0.0336349278621
--- testing 58 : set([80, 105])p: 0.283180539074
--- testing 59 : set([26, 50])p: 0.0623461477417
--- testing 60 : set([85, 38])p: 7.60252002551e-05
--- testing 61 : set([80, 38])p: 0.00884629787006
--- testing 62 : set([105, 85])p: 0.00884629787006
--- testing 63 : set([105, 50, 34])p: 0.38106326253
--- testing 64 : set([34, 53])p: 0.747037086008
--- testing 65 : set([2, 34])p: 2.59615434497e-05
--- testing 66 : set([105, 50, 38])p: 0.518475057577
--- testing 67 : set([34, 14, 38])p: 0.889805022038
--- testing 68 : set([105, 53, 14])p: 0.077768343693
--- testing 69 : set([2, 50])p: 3.86669553711e-06
--- testing 70 : set([96, 105])p: 0.297557854798
--- testing 71 : set([60])p: 0.00090080698886
--- testing 72 : set([105, 10])p: 0.00287733763903
--- testing 73 : set([26, 14, 38])p: 0.134825979044
--- testing 74 : set([96, 38])p: 0.000464647339758
--- testing 75 : set([53, 78])p: 0.409209631597
--- testing 76 : set([26, 78])p: 0.0414488107362
--- testing 77 : set([20])p: 0.611236496638
--- testing 78 : set([96, 34])p: 0.000197455894506
--- testing 79 : set([71])p: 0.0104519472058
--- testing 80 : set([105, 34, 14])p: 0.171179832534
--- testing 81 : set([50, 14, 38])p: 0.0701949414856
--- testing 82 : set([80, 78])p: 0.559425657452
--- testing 83 : set([105, 53, 38])p: 0.321934699398
--- testing 84 : set([54])p: 0.00197431347087
--- testing 85 : set([26, 53])p: 0.513214707506
--- testing 86 : set([105, 53, 78])p: 0.287246912856
--- testing 87 : set([50, 85])p: 0.00509151979679
--- testing 88 : set([105, 34, 38])p: 0.746171078517
--- testing 89 : set([105, 26, 14])p: 0.0137561803843
--- testing 90 : set([36])p: 0.474463460675
--- testing 91 : set([4, 14])p: 0.0398701164894
--- testing 92 : set([92])p: 0.244762556654
--- testing 93 : set([4, 38])p: 0.0374023718199
--- testing 94 : set([90])p: 0.102257911808
--- testing 95 : set([26, 85])p: 0.000689354493684
--- testing 96 : set([32])p: 0.917753846998
--- testing 97 : set([105, 26, 50])p: 0.09240695216
--- testing 98 : set([2, 26])p: 8.07709387685e-08
--- testing 99 : set([2, 14, 38])p: 0.00048044446938
--- testing 100 : set([105, 2, 50])p: 0.00214152098132
--- testing 101 : set([80, 34])p: 0.413878340169
--- testing 102 : set([39])p: 0.0285188023302
--- testing 103 : set([98])p: 0.0285188023302
--- testing 104 : set([55])p: 0.0265385255522
--- testing 105 : set([105, 34, 53])p: 0.899993139728
--- testing 106 : set([80, 50])p: 0.393171075431
--- testing 107 : set([105, 34, 78])p: 0.896005727936
--- testing 108 : set([105, 14, 78])p: 0.00137303434045
--- testing 109 : set([105, 4])p: 0.172804197038
--- testing 110 : set([96, 26])p: 0.000248645883763
--- testing 111 : set([57])p: 0.361781436402
--- testing 112 : set([14, 85, 38])p: 0.000215887870161
--- testing 113 : set([34, 85])p: 0.018003562875
--- testing 114 : set([96, 85])p: 6.85293386105e-07
--- testing 115 : set([15])p: 0.0545984834175
--- testing 116 : set([26, 34, 14])p: 0.143566473565
--- testing 117 : set([50, 53, 14])p: 0.0151927311977
--- testing 118 : set([2, 78])p: 0.000841745346636
--- testing 119 : set([10, 34])p: 0.0510761309571
--- testing 120 : set([80, 26])p: 0.863278495023
--- testing 121 : set([105, 26, 34])p: 0.00275061582203
--- testing 122 : set([96, 50])p: 0.000489656613196
--- testing 123 : set([105, 26, 38])p: 0.110138451004
--- testing 124 : set([26, 34, 38])p: 0.55227762975
--- testing 125 : set([10, 26])p: 0.277465854567
--- testing 126 : set([96, 2])p: 1.08400641975e-05
--- testing 127 : set([2, 53])p: 0.00191122300868
--- testing 128 : set([80, 85])p: 0.0328063510058
--- testing 129 : set([14, 6])p: 0.267007891844
--- testing 130 : set([105, 50, 53, 14])p: 0.0302316577694
--- testing 131 : set([50, 53, 78])p: 0.0978675115852
--- testing 132 : set([105, 2, 14])p: 0.0077498075745
--- testing 133 : set([105, 50, 53, 78])p: 0.0919861329925
--- testing 134 : set([8, 14])p: 0.0277879784004
--- testing 135 : set([14, 38, 78])p: 0.00622683226239
--- testing 136 : set([105, 10, 38])p: 0.000227578117316
--- testing 137 : set([41])p: 0.235962026749
--- testing 138 : set([62])p: 0.0862796303621
--- testing 139 : set([50, 34, 14])p: 0.00555299449573
--- testing 140 : set([105, 26, 53])p: 0.805670869697
--- testing 141 : set([80, 53])p: 0.0754061896889
--- testing 142 : set([85, 78])p: 0.0754061896889
--- testing 143 : set([80, 2])p: 0.00083249170587
--- testing 144 : set([105, 106])p: 0.467985764789
--- testing 145 : set([14, 31])p: 0.0702460196856
--- testing 146 : set([14, 53, 38])p: 0.45518758707
--- testing 147 : set([2, 50, 14])p: 0.000112966472833
--- testing 148 : set([105, 50, 14, 38])p: 0.442214081713
--- testing 149 : set([26, 50, 14])p: 0.185934235454
--- testing 150 : set([105, 10, 14])p: 0.0033795016142
--- testing 151 : set([10, 50])p: 0.442214081713
--- testing 152 : set([105, 38, 78])p: 0.00295318295011
--- testing 153 : set([80, 14, 38])p: 0.000516001039235
--- testing 154 : set([96, 14, 38])p: 0.00295318295011
--- testing 155 : set([34, 4])p: 0.0141761084324
--- testing 156 : set([14, 23])p: 0.055905736103
--- testing 157 : set([38, 23])p: 0.176284938945
--- testing 158 : set([50, 53, 38])p: 0.415766968308
--- testing 159 : set([96, 78])p: 0.000435102835431
--- testing 160 : set([2, 85])p: 0.000435102835431
--- testing 161 : set([38, 6])p: 0.166781317668
--- testing 162 : set([14, 95])p: 0.415766968308
--- testing 163 : set([34, 95])p: 1.0
--- testing 164 : set([26, 95])p: 0.76377033731
--- testing 165 : set([50, 14, 78])p: 0.000364656108148
--- testing 166 : set([50, 34, 53])p: 0.388704226991
--- testing 167 : set([50, 34, 78])p: 0.388704226991
--- testing 168 : set([105, 2, 34])p: 0.388704226991
--- testing 169 : set([105, 50, 85])p: 0.00191280134181
--- testing 170 : set([105, 6])p: 0.744585492063
--- testing 171 : set([74])p: 0.388704226991
--- testing 172 : set([105, 85, 14])p: 0.0395181765955
--- testing 173 : set([26, 4])p: 0.00890070817628
--- testing 174 : set([105, 34, 14, 38])p: 1.0
--- testing 175 : set([14, 86])p: 0.00783250773982
--- testing 176 : set([64])p: 0.130462770558
--- testing 177 : set([26, 34, 50])p: 0.0325120470937
--- testing 178 : set([105, 50, 34, 53])p: 0.712853019769
--- testing 179 : set([105, 26, 78])p: 0.121867620642
--- testing 180 : set([2, 34, 14])p: 0.00117669943307
--- testing 181 : set([85, 53])p: 0.34712174367
--- testing 182 : set([105, 23])p: 0.712853019769
--- testing 183 : set([60, 14])p: 0.0325120470937
--- testing 184 : set([105, 50, 53, 38])p: 0.701423917391
--- testing 185 : set([2, 26, 14])p: 0.00098754502035
--- testing 186 : set([105, 2, 53])p: 0.113490535622
--- testing 187 : set([50, 4])p: 0.0293051326251
--- testing 188 : set([26, 50, 38])p: 0.105343561138
--- testing 189 : set([80, 105, 50])p: 0.318878662571
--- testing 190 : set([96, 105, 14])p: 0.689540673636
--- testing 191 : set([50, 85, 14])p: 0.105343561138
--- testing 192 : set([8, 105])p: 0.689540673636
--- testing 193 : set([105, 31])p: 0.0262940479455
--- testing 194 : set([38, 86])p: 0.00516572936821
--- testing 195 : set([50, 34, 38])p: 0.0974386098192
--- testing 196 : set([80, 105, 14])p: 0.0974386098192
--- testing 197 : set([96, 53])p: 0.0974386098192
--- testing 198 : set([8, 26])p: 1.0
--- testing 199 : set([105, 95])p: 1.0
--- testing 200 : set([38, 71])p: 0.0234769388018
--- testing 201 : set([38, 39])p: 0.00444188254724
--- testing 202 : set([34, 53, 14])p: 0.290353031947
--- testing 203 : set([105, 2, 38])p: 0.0897874024726
--- testing 204 : set([80, 105, 78])p: 0.664338987607
--- testing 205 : set([10, 26, 14])p: 0.290353031947
--- testing 206 : set([105, 86])p: 0.290353031947
--- testing 207 : set([14, 39])p: 0.0897874024726
--- testing 208 : set([10, 78])p: 0.0824014036863
--- testing 209 : set([96, 80])p: 0.650982346334
--- testing 210 : set([14, 71])p: 0.0032153423003
--- testing 211 : set([26, 53, 14])p: 0.261684285047
--- testing 212 : set([34, 14, 78])p: 0.261684285047
--- testing 213 : set([80, 105, 53])p: 0.0752917514352
--- testing 214 : set([10, 34, 38])p: 0.261684285047
--- testing 215 : set([80, 10])p: 0.0752917514352
--- testing 216 : set([96, 4])p: 0.0752917514352
--- testing 217 : set([38, 31])p: 0.0752917514352
--- testing 218 : set([26, 31])p: 0.0752917514352
--- testing 219 : set([69])p: 0.000363228370529
--- testing 220 : set([84])p: 0.261684285047
--- testing 221 : set([105, 50, 34, 14])p: 0.247346397846
--- testing 222 : set([26, 50, 53])p: 0.622656230345
--- testing 223 : set([50, 38, 78])p: 0.014092158795
--- testing 224 : set([26, 14, 78])p: 0.00225354826038
--- testing 225 : set([10, 26, 38])p: 0.247346397846
--- testing 226 : set([96, 34, 14])p: 0.622656230345
--- testing 227 : set([8, 34])p: 0.247346397846
--- testing 228 : set([106, 14])p: 0.0684691802782
--- testing 229 : set([106, 38])p: 0.622656230345
--- testing 230 : set([105, 14, 53, 38])p: 0.233036220441
--- testing 231 : set([105, 50, 34, 78])p: 0.607643837045
--- testing 232 : set([26, 34, 78])p: 0.233036220441
--- testing 233 : set([2, 34, 38])p: 0.0619439377002
--- testing 234 : set([80, 105, 38])p: 0.233036220441
--- testing 235 : set([105, 10, 14, 38])p: 0.00022663514078
--- testing 236 : set([96, 105, 50])p: 0.0619439377002
--- testing 237 : set([10, 85])p: 0.0121979811095
--- testing 238 : set([4, 14, 38])p: 0.0619439377002
--- testing 239 : set([34, 23])p: 0.607643837045
--- testing 240 : set([8, 38])p: 1.0
--- testing 241 : set([105, 26, 50, 14])p: 0.218778530212
--- testing 242 : set([105, 50, 14, 78])p: 0.00152016560864
--- testing 243 : set([105, 10, 34])p: 0.0557256931264
--- testing 244 : set([96, 50, 14])p: 0.0557256931264
--- testing 245 : set([105, 85, 38])p: 0.0557256931264
--- testing 246 : set([34, 6])p: 1.0
--- testing 247 : set([106, 34])p: 1.0
--- testing 248 : set([105, 60])p: 0.218778530212
--- testing 249 : set([38, 54])p: 0.00152016560864
--- testing 250 : set([14, 15])p: 0.0557256931264
--- testing 251 : set([105, 26, 14, 38])p: 0.00891770274573
--- testing 252 : set([34, 38, 78])p: 0.575806636086
--- testing 253 : set([2, 34, 50])p: 0.00891770274573
--- testing 254 : set([105, 2, 78])p: 0.20460002264
--- testing 255 : set([105, 10, 50])p: 0.20460002264
--- testing 256 : set([10, 53])p: 0.575806636086
--- testing 257 : set([34, 85, 14])p: 0.20460002264
--- testing 258 : set([98, 14])p: 0.00891770274573
--- testing 259 : set([56])p: 0.575806636086
--- testing 260 : set([105, 26, 34, 14])p: 0.0442453841495
--- testing 261 : set([105, 26, 50, 53])p: 0.558933608202
--- testing 262 : set([105, 2, 50, 53])p: 0.0442453841495
--- testing 263 : set([10, 2])p: 0.000100763159211
--- testing 264 : set([96, 105, 34])p: 0.190529424137
--- testing 265 : set([96, 26, 14])p: 1.0
--- testing 266 : set([96, 10])p: 0.0442453841495
--- testing 267 : set([26, 6])p: 0.190529424137
--- testing 268 : set([34, 31])p: 0.190529424137
--- testing 269 : set([38, 95])p: 1.0
--- testing 270 : set([60, 38])p: 0.190529424137
--- testing 271 : set([36, 38])p: 0.558933608202
--- testing 272 : set([38, 15])p: 0.558933608202
--- testing 273 : set([22])p: 1.0
--- testing 274 : set([105, 50, 34, 38])p: 0.541390551818
--- testing 275 : set([105, 2, 50, 14])p: 0.0389988366143
--- testing 276 : set([10, 50, 14])p: 1.0
--- testing 277 : set([96, 105, 38])p: 0.541390551818
--- testing 278 : set([96, 105, 53])p: 0.176597610805
--- testing 279 : set([26, 85, 14])p: 0.541390551818
--- testing 280 : set([105, 85, 53])p: 0.541390551818
--- testing 281 : set([4, 78])p: 0.541390551818
--- testing 282 : set([50, 31])p: 0.176597610805
--- testing 283 : set([36, 14])p: 0.176597610805
--- testing 284 : set([7])p: 1.0
--- testing 285 : set([103])p: 0.541390551818
--- testing 286 : set([26, 14, 34, 38])p: 1.0
--- testing 287 : set([14, 53, 78])p: 0.162837733386
--- testing 288 : set([2, 50, 38])p: 0.0340900791129
--- testing 289 : set([96, 26, 34])p: 0.000596176402043
--- testing 290 : set([105, 34, 85])p: 0.0340900791129
--- testing 291 : set([105, 26, 85])p: 0.0340900791129
--- testing 292 : set([14, 54])p: 0.005173052095
--- testing 293 : set([72])p: 1.0
--- testing 294 : set([101])p: 0.523150904767
--- testing 295 : set([105, 26, 50, 38])p: 0.149285348725
--- testing 296 : set([105, 26, 34, 50])p: 0.504187053642
--- testing 297 : set([105, 34, 53, 14])p: 0.504187053642
--- testing 298 : set([26, 53, 38])p: 0.504187053642
--- testing 299 : set([26, 38, 78])p: 0.0295242327417
--- testing 300 : set([26, 50, 78])p: 0.0295242327417
--- testing 301 : set([2, 26, 38])p: 0.0295242327417
--- testing 302 : set([2, 50, 78])p: 0.0295242327417
--- testing 303 : set([80, 50, 14])p: 0.149285348725
--- testing 304 : set([10, 14, 26, 38])p: 0.149285348725
--- testing 305 : set([34, 85, 38])p: 0.0295242327417
--- testing 306 : set([4, 53])p: 0.149285348725
--- testing 307 : set([96, 6])p: 1.0
--- testing 308 : set([106, 50])p: 0.149285348725
--- testing 309 : set([34, 53, 38])p: 1.0
--- testing 310 : set([50, 14, 53, 38])p: 0.484470292258
--- testing 311 : set([105, 26, 53, 14])p: 0.484470292258
--- testing 312 : set([105, 50, 38, 78])p: 0.0253051105043
--- testing 313 : set([105, 14, 53, 78])p: 0.135978558061
--- testing 314 : set([80, 26, 38])p: 0.484470292258
--- testing 315 : set([10, 34, 14])p: 0.135978558061
--- testing 316 : set([50, 85, 38])p: 0.135978558061
--- testing 317 : set([105, 85, 78])p: 0.0253051105043
--- testing 318 : set([96, 85, 14])p: 0.000338047601151
--- testing 319 : set([105, 50, 4])p: 0.0253051105043
--- testing 320 : set([4, 85])p: 0.0253051105043
--- testing 321 : set([50, 23])p: 0.135978558061
--- testing 322 : set([8, 96])p: 0.00337481981886
--- testing 323 : set([106, 26])p: 0.135978558061
--- testing 324 : set([50, 95])p: 1.0
--- testing 325 : set([50, 60])p: 0.484470292258
--- testing 326 : set([105, 20])p: 1.0
--- testing 327 : set([105, 54])p: 0.135978558061
--- testing 328 : set([98, 34])p: 0.0253051105043
--- testing 329 : set([105, 55])p: 0.135978558061
--- testing 330 : set([100])p: 0.484470292258
--- testing 331 : set([105, 50, 14, 53, 38])p: 0.463970778481
--- testing 332 : set([34, 53, 78])p: 1.0
--- testing 333 : set([105, 2, 26])p: 0.463970778481
--- testing 334 : set([2, 14, 78])p: 0.000246325470592
--- testing 335 : set([80, 50, 78])p: 0.463970778481
--- testing 336 : set([80, 2, 14])p: 0.000246325470592
--- testing 337 : set([10, 2, 14])p: 0.000246325470592
--- testing 338 : set([96, 34, 38])p: 0.0214350592069
--- testing 339 : set([96, 105, 78])p: 0.0214350592069
--- testing 340 : set([96, 2, 14])p: 0.122958152466
--- testing 341 : set([105, 50, 85, 14])p: 0.122958152466
--- testing 342 : set([2, 85, 14])p: 0.0214350592069
--- testing 343 : set([80, 105, 85])p: 0.122958152466
--- testing 344 : set([2, 4])p: 0.0214350592069
--- testing 345 : set([106, 53])p: 0.122958152466
--- testing 346 : set([85, 31])p: 0.463970778481
--- testing 347 : set([50, 86])p: 0.463970778481
--- testing 348 : set([34, 20])p: 0.463970778481
--- testing 349 : set([14, 38, 39])p: 0.0214350592069
--- testing 350 : set([57, 38])p: 0.463970778481
--- testing 351 : set([41, 14])p: 0.122958152466
--- testing 352 : set([25])p: 0.122958152466
--- testing 353 : set([61])p: 0.0026602851794
--- testing 354 : set([91])p: 1.0
--- testing 355 : set([26, 14, 50, 38])p: 0.110267765808
--- testing 356 : set([105, 2, 34, 50])p: 0.110267765808
--- testing 357 : set([2, 34, 26])p: 0.0020567952522
--- testing 358 : set([2, 53, 14])p: 0.0020567952522
--- testing 359 : set([80, 34, 14])p: 0.110267765808
--- testing 360 : set([80, 105, 34])p: 0.442657489355
--- testing 361 : set([96, 14, 78])p: 0.110267765808
--- testing 362 : set([26, 85, 38])p: 0.110267765808
--- testing 363 : set([14, 85, 78])p: 0.442657489355
--- testing 364 : set([80, 85, 14])p: 0.0020567952522
--- testing 365 : set([10, 85, 38])p: 0.0179147890767
--- testing 366 : set([10, 4])p: 0.110267765808
--- testing 367 : set([53, 23])p: 1.0
--- testing 368 : set([26, 14, 95])p: 0.442657489355
--- testing 369 : set([26, 34, 95])p: 1.0
--- testing 370 : set([14, 55])p: 0.0020567952522
--- testing 371 : set([38, 55])p: 0.0179147890767
--- testing 372 : set([57, 105])p: 0.442657489355
--- testing 373 : set([16])p: 1.0
--- testing 374 : set([48])p: 0.110267765808
--- testing 375 : set([66])p: 0.442657489355
--- testing 376 : set([105, 26, 34, 38])p: 1.0
--- testing 377 : set([105, 14, 38, 78])p: 0.0015549355515
--- testing 378 : set([26, 53, 78])p: 0.420498174452
--- testing 379 : set([105, 2, 14, 38])p: 0.0979540355775
--- testing 380 : set([105, 2, 34, 14])p: 0.420498174452
--- testing 381 : set([2, 14, 26, 38])p: 0.0979540355775
--- testing 382 : set([80, 26, 14])p: 0.420498174452
--- testing 383 : set([105, 10, 34, 38])p: 0.0979540355775
--- testing 384 : set([10, 50, 38])p: 0.420498174452
--- testing 385 : set([105, 10, 26])p: 0.420498174452
--- testing 386 : set([105, 10, 53])p: 1.0
--- testing 387 : set([105, 10, 78])p: 0.0979540355775
--- testing 388 : set([96, 105, 26])p: 1.0
--- testing 389 : set([96, 10, 38])p: 0.0979540355775
--- testing 390 : set([105, 4, 38])p: 0.0979540355775
--- testing 391 : set([8, 50])p: 1.0
--- testing 392 : set([53, 31])p: 0.420498174452
--- testing 393 : set([14, 38, 86])p: 0.0147431903118
--- testing 394 : set([34, 60])p: 0.420498174452
--- testing 395 : set([26, 60])p: 0.0979540355775
--- testing 396 : set([2, 60])p: 0.0147431903118
--- testing 397 : set([92, 14])p: 0.0979540355775
--- testing 398 : set([90, 14])p: 0.0979540355775
--- testing 399 : set([105, 90])p: 1.0
--- testing 400 : set([105, 98])p: 0.0979540355775
--- testing 401 : set([41, 38])p: 0.420498174452
--- testing 402 : set([21])p: 0.420498174452
--- testing 403 : set([63])p: 1.0
--- testing 404 : set([73])p: 1.0
--- testing 405 : set([26, 34, 53])p: 1.0
--- testing 406 : set([105, 26, 14, 78])p: 0.0119171357203
--- testing 407 : set([105, 26, 50, 78])p: 0.0860667719681
--- testing 408 : set([38, 53, 78])p: 0.39745930739
--- testing 409 : set([105, 2, 53, 14])p: 0.0119171357203
--- testing 410 : set([105, 2, 50, 78])p: 0.0860667719681
--- testing 411 : set([80, 105, 50, 14])p: 0.0860667719681
--- testing 412 : set([80, 50, 53])p: 0.0860667719681
--- testing 413 : set([10, 85, 14])p: 0.0860667719681
--- testing 414 : set([105, 4, 14])p: 0.39745930739
--- testing 415 : set([8, 78])p: 0.0119171357203
--- testing 416 : set([8, 2])p: 0.0860667719681
--- testing 417 : set([96, 31])p: 0.39745930739
--- testing 418 : set([34, 86])p: 0.39745930739
--- testing 419 : set([26, 86])p: 0.0860667719681
--- testing 420 : set([96, 95])p: 1.0
--- testing 421 : set([105, 36])p: 1.0
--- testing 422 : set([105, 92])p: 1.0
--- testing 423 : set([92, 38])p: 0.39745930739
--- testing 424 : set([46])p: 1.0
--- testing 425 : set([50, 34, 53, 14])p: 0.0746591356223
--- testing 426 : set([105, 26, 53, 38])p: 0.373506035434
--- testing 427 : set([105, 34, 38, 78])p: 0.373506035434
--- testing 428 : set([105, 34, 53, 78])p: 1.0
--- testing 429 : set([2, 34, 78])p: 0.0746591356223
--- testing 430 : set([2, 26, 78])p: 0.00943126856175
--- testing 431 : set([80, 14, 78])p: 1.0
--- testing 432 : set([10, 14, 78])p: 0.373506035434
--- testing 433 : set([10, 2, 38])p: 0.00943126856175
--- testing 434 : set([96, 50, 78])p: 0.0746591356223
--- testing 435 : set([50, 85, 78])p: 0.00943126856175
--- testing 436 : set([96, 105, 85])p: 0.373506035434
--- testing 437 : set([96, 85, 38])p: 0.000817292913011
--- testing 438 : set([96, 26, 85])p: 0.0746591356223
--- testing 439 : set([26, 4, 38])p: 0.00943126856175
--- testing 440 : set([80, 4])p: 1.0
--- testing 441 : set([105, 14, 23])p: 0.373506035434
--- testing 442 : set([26, 23])p: 1.0
--- testing 443 : set([8, 14, 38])p: 1.0
--- testing 444 : set([53, 95])p: 1.0
--- testing 445 : set([2, 95])p: 0.373506035434
--- testing 446 : set([14, 38, 71])p: 0.00943126856175
--- testing 447 : set([34, 36])p: 1.0
--- testing 448 : set([50, 92])p: 1.0
--- testing 449 : set([32, 34])p: 1.0
--- testing 450 : set([98, 26])p: 0.00943126856175
--- testing 451 : set([50, 55])p: 0.0746591356223
--- testing 452 : set([5])p: 1.0
--- testing 453 : set([26, 34, 50, 38])p: 0.348602127117
--- testing 454 : set([105, 34, 53, 38])p: 1.0
--- testing 455 : set([105, 50, 34, 53, 14])p: 0.348602127117
--- testing 456 : set([105, 26, 34, 78])p: 1.0
--- testing 457 : set([2, 14, 34, 38])p: 1.0
--- testing 458 : set([2, 14, 50, 38])p: 0.0637878244455
--- testing 459 : set([2, 34, 50, 14])p: 0.0637878244455
--- testing 460 : set([2, 50, 26])p: 0.00727777464957
--- testing 461 : set([2, 53, 38])p: 0.0637878244455
--- testing 462 : set([2, 34, 53])p: 0.0637878244455
--- testing 463 : set([80, 53, 14])p: 0.00727777464957
--- testing 464 : set([80, 105, 50, 53])p: 0.0637878244455
--- testing 465 : set([80, 34, 78])p: 1.0
--- testing 466 : set([96, 26, 38])p: 0.0637878244455
--- testing 467 : set([96, 105, 2])p: 0.348602127117
--- testing 468 : set([105, 14, 85, 38])p: 0.0637878244455
--- testing 469 : set([34, 14, 85, 38])p: 0.348602127117
--- testing 470 : set([85, 38, 53])p: 0.348602127117
--- testing 471 : set([105, 50, 85, 53])p: 0.348602127117
--- testing 472 : set([80, 85, 38])p: 0.00727777464957
--- testing 473 : set([80, 50, 85])p: 0.348602127117
--- testing 474 : set([105, 34, 4])p: 0.348602127117
--- testing 475 : set([105, 4, 53])p: 0.348602127117
--- testing 476 : set([14, 38, 6])p: 0.0637878244455
--- testing 477 : set([26, 14, 6])p: 0.348602127117
--- testing 478 : set([14, 38, 23])p: 0.0637878244455
--- testing 479 : set([8, 53])p: 1.0
--- testing 480 : set([106, 78])p: 0.0637878244455
--- testing 481 : set([78, 86])p: 1.0
--- testing 482 : set([14, 38, 95])p: 1.0
--- testing 483 : set([34, 38, 95])p: 1.0
--- testing 484 : set([26, 38, 95])p: 1.0
--- testing 485 : set([85, 95])p: 1.0
--- testing 486 : set([60, 14, 38])p: 1.0
--- testing 487 : set([105, 71])p: 0.0637878244455
--- testing 488 : set([90, 38])p: 1.0
--- testing 489 : set([32, 38])p: 1.0
--- testing 490 : set([105, 39])p: 0.348602127117
--- testing 491 : set([14, 38, 15])p: 1.0
--- testing 492 : set([12])p: 0.0637878244455
--- testing 493 : set([33])p: 0.348602127117
--- testing 494 : set([88])p: 0.348602127117
--- testing 495 : set([50, 14, 34, 38])p: 1.0
--- testing 496 : set([105, 26, 14, 50, 38])p: 0.0535132699372
--- testing 497 : set([26, 34, 50, 14])p: 0.322709917783
--- testing 498 : set([34, 14, 53, 38])p: 1.0
--- testing 499 : set([105, 26, 38, 78])p: 0.00544613772086
--- testing 500 : set([105, 38, 53, 78])p: 0.322709917783
--- testing 501 : set([105, 26, 53, 78])p: 0.322709917783
--- testing 502 : set([105, 2, 34, 38])p: 0.322709917783
--- testing 503 : set([105, 2, 50, 38])p: 0.0535132699372
--- testing 504 : set([80, 53, 38])p: 0.322709917783
--- testing 505 : set([80, 105, 50, 78])p: 1.0
--- testing 506 : set([80, 26, 78])p: 1.0
--- testing 507 : set([80, 2, 34])p: 0.0535132699372
--- testing 508 : set([10, 14, 34, 38])p: 1.0
--- testing 509 : set([10, 14, 50, 38])p: 1.0
--- testing 510 : set([10, 38, 78])p: 0.0535132699372
--- testing 511 : set([80, 10, 14])p: 0.00544613772086
--- testing 512 : set([80, 10, 38])p: 0.322709917783
--- testing 513 : set([96, 105, 14, 38])p: 1.0
--- testing 514 : set([96, 105, 50, 14])p: 1.0
--- testing 515 : set([96, 38, 78])p: 0.0535132699372
--- testing 516 : set([96, 34, 78])p: 0.0535132699372
--- testing 517 : set([96, 2, 38])p: 0.322709917783
--- testing 518 : set([96, 2, 34])p: 0.00544613772086
--- testing 519 : set([50, 34, 85])p: 0.00544613772086
--- testing 520 : set([105, 2, 85])p: 0.0535132699372
--- testing 521 : set([10, 14, 85, 38])p: 0.0535132699372
--- testing 522 : set([50, 6])p: 1.0
--- testing 523 : set([78, 23])p: 1.0
--- testing 524 : set([8, 34, 14])p: 0.0535132699372
--- testing 525 : set([8, 26, 14])p: 1.0
--- testing 526 : set([105, 106, 14])p: 0.322709917783
--- testing 527 : set([105, 106, 34])p: 1.0
--- testing 528 : set([105, 106, 50])p: 0.322709917783
--- testing 529 : set([105, 106, 53])p: 0.322709917783
--- testing 530 : set([80, 106])p: 1.0
--- testing 531 : set([105, 14, 31])p: 0.0535132699372
--- testing 532 : set([105, 50, 31])p: 0.0535132699372
--- testing 533 : set([26, 14, 31])p: 0.0535132699372
--- testing 534 : set([105, 26, 31])p: 0.0535132699372
--- testing 535 : set([105, 34, 95])p: 1.0
--- testing 536 : set([78, 95])p: 0.322709917783
--- testing 537 : set([31, 95])p: 1.0
--- testing 538 : set([105, 50, 60])p: 1.0
--- testing 539 : set([60, 53])p: 0.322709917783
--- testing 540 : set([20, 38])p: 0.322709917783
--- testing 541 : set([26, 54])p: 0.0535132699372
--- testing 542 : set([50, 36])p: 1.0
--- testing 543 : set([105, 50, 92])p: 1.0
--- testing 544 : set([32, 105])p: 1.0
--- testing 545 : set([57, 14])p: 0.0535132699372
--- testing 546 : set([41, 34])p: 1.0
--- testing 547 : set([42])p: 0.322709917783
--- testing 548 : set([43])p: 0.322709917783
--- testing 549 : set([70])p: 0.322709917783
--- testing 550 : set([105, 26, 34, 53])p: 1.0
--- testing 551 : set([105, 26, 50, 53, 14])p: 0.295790252998
--- testing 552 : set([26, 50, 53, 38])p: 0.295790252998
--- testing 553 : set([105, 34, 14, 78])p: 1.0
--- testing 554 : set([50, 14, 38, 78])p: 0.0039228770217
--- testing 555 : set([26, 14, 34, 78])p: 0.295790252998
--- testing 556 : set([105, 50, 14, 53, 78])p: 0.0438998434939
--- testing 557 : set([105, 2, 26, 14])p: 0.295790252998
--- testing 558 : set([105, 2, 34, 53])p: 0.295790252998
--- testing 559 : set([105, 2, 50, 53, 14])p: 0.0039228770217
--- testing 560 : set([2, 38, 78])p: 0.0039228770217
--- testing 561 : set([80, 34, 38])p: 1.0
--- testing 562 : set([80, 50, 38])p: 1.0
--- testing 563 : set([80, 105, 26])p: 1.0
--- testing 564 : set([80, 38, 78])p: 1.0
--- testing 565 : set([105, 10, 50, 14])p: 1.0
--- testing 566 : set([10, 34, 78])p: 0.295790252998
--- testing 567 : set([10, 14, 2, 38])p: 0.0438998434939
--- testing 568 : set([96, 105, 34, 38])p: 0.295790252998
--- testing 569 : set([96, 50, 38])p: 0.0039228770217
--- testing 570 : set([96, 50, 34])p: 0.0438998434939
--- testing 571 : set([96, 105, 50, 53])p: 0.0438998434939
--- testing 572 : set([96, 105, 50, 78])p: 0.0438998434939
--- testing 573 : set([96, 10, 14])p: 0.295790252998
--- testing 574 : set([50, 14, 85, 38])p: 1.0
--- testing 575 : set([105, 50, 85, 38])p: 0.295790252998
--- testing 576 : set([26, 34, 85])p: 0.0039228770217
--- testing 577 : set([85, 14, 53])p: 0.295790252998
--- testing 578 : set([34, 85, 78])p: 0.295790252998
--- testing 579 : set([2, 85, 38])p: 0.0438998434939
--- testing 580 : set([80, 85, 78])p: 0.295790252998
--- testing 581 : set([80, 2, 85])p: 0.0039228770217
--- testing 582 : set([96, 34, 85])p: 0.0039228770217
--- testing 583 : set([34, 4, 38])p: 0.0438998434939
--- testing 584 : set([105, 26, 4])p: 0.295790252998
--- testing 585 : set([2, 23])p: 0.0438998434939
--- testing 586 : set([8, 105, 14])p: 1.0
--- testing 587 : set([8, 10])p: 1.0
--- testing 588 : set([8, 96, 14])p: 0.0438998434939
--- testing 589 : set([96, 106])p: 0.295790252998
--- testing 590 : set([14, 38, 31])p: 0.295790252998
--- testing 591 : set([2, 31])p: 0.0438998434939
--- testing 592 : set([105, 14, 86])p: 0.295790252998
--- testing 593 : set([105, 14, 95])p: 1.0
--- testing 594 : set([34, 14, 95])p: 1.0
--- testing 595 : set([20, 14])p: 1.0
--- testing 596 : set([50, 20])p: 1.0
--- testing 597 : set([20, 78])p: 1.0
--- testing 598 : set([14, 38, 54])p: 0.0039228770217
--- testing 599 : set([34, 92])p: 1.0
--- testing 600 : set([26, 92])p: 0.295790252998
--- testing 601 : set([92, 53])p: 0.295790252998
--- testing 602 : set([90, 26])p: 0.0438998434939
--- testing 603 : set([32, 14])p: 0.295790252998
--- testing 604 : set([10, 39])p: 0.295790252998
--- testing 605 : set([98, 38])p: 0.295790252998
--- testing 606 : set([105, 50, 55])p: 0.295790252998
--- testing 607 : set([41, 105])p: 0.295790252998
--- testing 608 : set([41, 26])p: 0.295790252998
--- testing 609 : set([64, 14])p: 0.0438998434939
--- testing 610 : set([1])p: 0.295790252998
--- testing 611 : set([13])p: 0.0438998434939
--- testing 612 : set([44])p: 1.0
--- testing 613 : set([49])p: 0.0438998434939
--- testing 614 : set([52])p: 1.0
--- testing 615 : set([67])p: 1.0
--- testing 616 : set([79])p: 1.0
--- testing 617 : set([93])p: 0.295790252998
--- testing 618 : set([105, 50, 14, 34, 38])p: 1.0
--- testing 619 : set([26, 14, 53, 38])p: 0.26780242972
--- testing 620 : set([34, 14, 38, 78])p: 1.0
--- testing 621 : set([26, 50, 53, 78])p: 0.26780242972
--- testing 622 : set([105, 2, 26, 38])p: 0.26780242972
--- testing 623 : set([105, 2, 50, 26])p: 0.26780242972
--- testing 624 : set([105, 2, 53, 38])p: 0.26780242972
--- testing 625 : set([80, 105, 14, 38])p: 0.26780242972
--- testing 626 : set([80, 26, 34])p: 1.0
--- testing 627 : set([80, 53, 78])p: 1.0
--- testing 628 : set([80, 2, 38])p: 0.00269126599634
--- testing 629 : set([80, 2, 26])p: 0.26780242972
--- testing 630 : set([105, 10, 50, 38])p: 0.26780242972
--- testing 631 : set([105, 10, 26, 14])p: 0.26780242972
--- testing 632 : set([96, 2, 50])p: 0.0350160731667
--- testing 633 : set([96, 80, 14])p: 1.0
--- testing 634 : set([105, 50, 34, 85])p: 0.0350160731667
--- testing 635 : set([105, 26, 85, 14])p: 0.26780242972
--- testing 636 : set([38, 85, 78])p: 0.26780242972
--- testing 637 : set([105, 50, 85, 78])p: 0.00269126599634
--- testing 638 : set([26, 85, 78])p: 1.0
--- testing 639 : set([2, 50, 85])p: 0.0350160731667
--- testing 640 : set([80, 105, 50, 85])p: 0.26780242972
--- testing 641 : set([105, 10, 85])p: 0.00269126599634
--- testing 642 : set([96, 50, 85])p: 0.00269126599634
--- testing 643 : set([105, 4, 78])p: 0.26780242972
--- testing 644 : set([10, 4, 38])p: 0.0350160731667
--- testing 645 : set([105, 14, 6])p: 0.26780242972
--- testing 646 : set([34, 38, 6])p: 1.0
--- testing 647 : set([78, 6])p: 1.0
--- testing 648 : set([80, 6])p: 0.26780242972
--- testing 649 : set([85, 6])p: 0.26780242972
--- testing 650 : set([105, 50, 23])p: 1.0
--- testing 651 : set([8, 105, 50])p: 1.0
--- testing 652 : set([8, 26, 34])p: 1.0
--- testing 653 : set([8, 2, 14])p: 0.0350160731667
--- testing 654 : set([8, 23])p: 1.0
--- testing 655 : set([106, 85])p: 1.0
--- testing 656 : set([26, 34, 31])p: 0.26780242972
--- testing 657 : set([4, 31])p: 0.0350160731667
--- testing 658 : set([105, 38, 86])p: 0.26780242972
--- testing 659 : set([105, 50, 86])p: 1.0
--- testing 660 : set([53, 86])p: 1.0
--- testing 661 : set([96, 86])p: 0.26780242972
--- testing 662 : set([80, 95])p: 1.0
--- testing 663 : set([50, 60, 14])p: 0.26780242972
--- testing 664 : set([60, 78])p: 0.26780242972
--- testing 665 : set([96, 54])p: 0.0350160731667
--- testing 666 : set([92, 78])p: 1.0
--- testing 667 : set([90, 50])p: 0.26780242972
--- testing 668 : set([34, 39])p: 1.0
--- testing 669 : set([26, 39])p: 1.0
--- testing 670 : set([98, 50])p: 0.26780242972
--- testing 671 : set([98, 2])p: 0.00269126599634
--- testing 672 : set([57, 50])p: 1.0
--- testing 673 : set([57, 26])p: 0.26780242972
--- testing 674 : set([105, 15])p: 1.0
--- testing 675 : set([64, 105])p: 0.26780242972
--- testing 676 : set([69, 14])p: 0.00269126599634
--- testing 677 : set([69, 38])p: 1.0
--- testing 678 : set([105, 84])p: 0.26780242972
--- testing 679 : set([48, 105])p: 0.0350160731667
--- testing 680 : set([9])p: 0.26780242972
--- testing 681 : set([19])p: 1.0
--- testing 682 : set([65])p: 0.26780242972
--- testing 683 : set([82])p: 1.0
--- testing 684 : set([94])p: 0.0350160731667
--- testing 685 : set([105, 26, 34, 50, 38])p: 1.0
--- testing 686 : set([105, 26, 50, 53, 38])p: 0.238704135151
--- testing 687 : set([26, 14, 50, 78])p: 0.00173103090543
--- testing 688 : set([105, 26, 50, 53, 78])p: 0.238704135151
--- testing 689 : set([105, 2, 34, 50, 14])p: 0.238704135151
--- testing 690 : set([2, 34, 26, 14])p: 0.238704135151
--- testing 691 : set([2, 50, 26, 14])p: 0.0269348713741
--- testing 692 : set([105, 2, 34, 78])p: 0.238704135151
--- testing 693 : set([2, 14, 50, 78])p: 0.0269348713741
--- testing 694 : set([2, 34, 50, 78])p: 0.0269348713741
--- testing 695 : set([2, 14, 26, 78])p: 0.00173103090543
--- testing 696 : set([2, 53, 78])p: 0.238704135151
--- testing 697 : set([80, 105, 53, 14])p: 0.0269348713741
--- testing 698 : set([80, 105, 2])p: 0.0269348713741
--- testing 699 : set([10, 34, 50])p: 0.238704135151
--- testing 700 : set([10, 34, 26])p: 1.0
--- testing 701 : set([10, 53, 14])p: 0.238704135151
--- testing 702 : set([10, 53, 38])p: 1.0
--- testing 703 : set([105, 10, 34, 78])p: 0.238704135151
--- testing 704 : set([80, 10, 14, 38])p: 0.238704135151
--- testing 705 : set([96, 34, 14, 38])p: 0.238704135151
--- testing 706 : set([96, 105, 26, 14])p: 1.0
--- testing 707 : set([96, 26, 34, 14])p: 1.0
--- testing 708 : set([96, 105, 26, 34])p: 1.0
--- testing 709 : set([96, 53, 14])p: 1.0
--- testing 710 : set([96, 105, 14, 78])p: 0.238704135151
--- testing 711 : set([105, 34, 85, 14])p: 0.238704135151
--- testing 712 : set([105, 34, 85, 38])p: 0.238704135151
--- testing 713 : set([50, 34, 85, 14])p: 0.238704135151
--- testing 714 : set([26, 14, 85, 38])p: 0.238704135151
--- testing 715 : set([105, 85, 14, 53])p: 0.238704135151
--- testing 716 : set([105, 85, 38, 53])p: 1.0
--- testing 717 : set([34, 85, 53])p: 0.238704135151
--- testing 718 : set([26, 4, 14])p: 0.0269348713741
--- testing 719 : set([2, 4, 14])p: 0.238704135151
--- testing 720 : set([10, 4, 14])p: 0.238704135151
--- testing 721 : set([105, 34, 6])p: 1.0
--- testing 722 : set([105, 38, 23])p: 0.238704135151
--- testing 723 : set([34, 14, 23])p: 0.238704135151
--- testing 724 : set([6, 23])p: 1.0
--- testing 725 : set([8, 50, 14])p: 1.0
--- testing 726 : set([106, 50, 53])p: 0.0269348713741
--- testing 727 : set([106, 10])p: 1.0
--- testing 728 : set([105, 34, 31])p: 0.238704135151
--- testing 729 : set([105, 53, 31])p: 0.238704135151
--- testing 730 : set([78, 31])p: 1.0
--- testing 731 : set([80, 31])p: 1.0
--- testing 732 : set([10, 31])p: 1.0
--- testing 733 : set([105, 14, 38, 86])p: 0.238704135151
--- testing 734 : set([2, 86])p: 1.0
--- testing 735 : set([80, 86])p: 1.0
--- testing 736 : set([105, 50, 95])p: 1.0
--- testing 737 : set([26, 34, 38, 95])p: 1.0
--- testing 738 : set([96, 26, 95])p: 1.0
--- testing 739 : set([4, 95])p: 1.0
--- testing 740 : set([105, 60, 14])p: 1.0
--- testing 741 : set([26, 60, 14])p: 0.238704135151
--- testing 742 : set([105, 50, 20])p: 1.0
--- testing 743 : set([80, 20])p: 1.0
--- testing 744 : set([34, 54])p: 0.238704135151
--- testing 745 : set([10, 54])p: 1.0
--- testing 746 : set([34, 36, 38])p: 1.0
--- testing 747 : set([105, 50, 36])p: 1.0
--- testing 748 : set([26, 36])p: 1.0
--- testing 749 : set([36, 85])p: 0.238704135151
--- testing 750 : set([90, 78])p: 1.0
--- testing 751 : set([90, 2])p: 0.00173103090543
--- testing 752 : set([2, 39])p: 0.238704135151
--- testing 753 : set([96, 39])p: 0.238704135151
--- testing 754 : set([98, 34, 14])p: 0.0269348713741
--- testing 755 : set([98, 53])p: 1.0
--- testing 756 : set([98, 85])p: 0.0269348713741
--- testing 757 : set([34, 55])p: 1.0
--- testing 758 : set([26, 55])p: 0.0269348713741
--- testing 759 : set([2, 55])p: 0.238704135151
--- testing 760 : set([57, 34])p: 0.238704135151
--- testing 761 : set([105, 62])p: 1.0
--- testing 762 : set([34, 62])p: 0.0269348713741
--- testing 763 : set([38, 103])p: 1.0
--- testing 764 : set([101, 38])p: 1.0
--- testing 765 : set([18])p: 0.238704135151
--- testing 766 : set([28])p: 1.0
--- testing 767 : set([45])p: 0.238704135151
--- testing 768 : set([89])p: 0.238704135151
--- testing 769 : set([97])p: 0.238704135151
--- testing 770 : set([99])p: 1.0
--- testing 771 : set([105, 26, 14, 34, 38])p: 1.0
--- testing 772 : set([105, 26, 34, 50, 14])p: 1.0
--- testing 773 : set([105, 34, 14, 53, 38])p: 1.0
--- testing 774 : set([105, 50, 14, 38, 78])p: 0.0197337740974
--- testing 775 : set([105, 50, 38, 34, 78])p: 0.208451383183
--- testing 776 : set([26, 14, 38, 78])p: 0.00101802813097
--- testing 777 : set([105, 26, 14, 50, 78])p: 0.0197337740974
--- testing 778 : set([26, 38, 50, 78])p: 0.0197337740974
--- testing 779 : set([105, 50, 38, 53, 78])p: 0.208451383183
--- testing 780 : set([105, 50, 34, 53, 78])p: 1.0
--- testing 781 : set([105, 2, 14, 34, 38])p: 1.0
--- testing 782 : set([105, 2, 14, 50, 38])p: 0.208451383183
--- testing 783 : set([105, 2, 14, 26, 38])p: 0.208451383183
--- testing 784 : set([2, 34, 26, 38])p: 0.208451383183
--- testing 785 : set([2, 14, 53, 38])p: 0.208451383183
--- testing 786 : set([2, 26, 53])p: 0.00101802813097
--- testing 787 : set([105, 2, 53, 78])p: 0.208451383183
--- testing 788 : set([80, 50, 34])p: 0.208451383183
--- testing 789 : set([80, 26, 50])p: 1.0
--- testing 790 : set([80, 105, 53, 38])p: 0.208451383183
--- testing 791 : set([80, 105, 14, 78])p: 1.0
--- testing 792 : set([80, 105, 34, 78])p: 1.0
--- testing 793 : set([80, 2, 50])p: 0.0197337740974
--- testing 794 : set([105, 10, 26, 38])p: 0.208451383183
--- testing 795 : set([10, 50, 53])p: 1.0
--- testing 796 : set([105, 10, 14, 78])p: 1.0
--- testing 797 : set([10, 14, 38, 78])p: 0.208451383183
--- testing 798 : set([105, 10, 38, 78])p: 0.208451383183
--- testing 799 : set([10, 50, 78])p: 0.0197337740974
--- testing 800 : set([96, 105, 34, 14])p: 1.0
--- testing 801 : set([96, 50, 14, 38])p: 0.208451383183
--- testing 802 : set([96, 105, 53, 14])p: 1.0
--- testing 803 : set([96, 53, 38])p: 0.208451383183
--- testing 804 : set([96, 105, 53, 78])p: 0.208451383183
--- testing 805 : set([105, 50, 34, 85, 14])p: 0.208451383183
--- testing 806 : set([50, 34, 85, 38])p: 0.0197337740974
--- testing 807 : set([26, 50, 85])p: 0.0197337740974
--- testing 808 : set([105, 34, 85, 53])p: 0.208451383183
--- testing 809 : set([105, 34, 85, 78])p: 0.208451383183
--- testing 810 : set([2, 34, 85])p: 0.0197337740974
--- testing 811 : set([2, 50, 85, 14])p: 0.208451383183
--- testing 812 : set([80, 105, 85, 14])p: 0.0197337740974
--- testing 813 : set([80, 14, 85, 38])p: 0.00101802813097
--- testing 814 : set([80, 34, 85])p: 0.208451383183
--- testing 815 : set([80, 26, 85])p: 1.0
--- testing 816 : set([80, 2, 85, 14])p: 0.0197337740974
--- testing 817 : set([10, 26, 85])p: 0.208451383183
--- testing 818 : set([96, 14, 85, 38])p: 0.0197337740974
--- testing 819 : set([96, 50, 85, 14])p: 0.208451383183
--- testing 820 : set([96, 2, 85])p: 0.0197337740974
--- testing 821 : set([105, 4, 14, 38])p: 0.208451383183
--- testing 822 : set([34, 4, 14])p: 1.0
--- testing 823 : set([50, 4, 34])p: 0.0197337740974
--- testing 824 : set([105, 50, 4, 53])p: 0.208451383183
--- testing 825 : set([34, 4, 78])p: 0.208451383183
--- testing 826 : set([26, 4, 78])p: 1.0
--- testing 827 : set([96, 4, 14])p: 1.0
--- testing 828 : set([96, 34, 4])p: 0.0197337740974
--- testing 829 : set([4, 85, 38])p: 0.00101802813097
--- testing 830 : set([34, 14, 6])p: 1.0
--- testing 831 : set([34, 38, 23])p: 1.0
--- testing 832 : set([105, 53, 23])p: 1.0
--- testing 833 : set([96, 23])p: 0.208451383183
--- testing 834 : set([8, 105, 34])p: 1.0
--- testing 835 : set([8, 34, 38])p: 1.0
--- testing 836 : set([8, 14, 78])p: 0.208451383183
--- testing 837 : set([8, 105, 78])p: 0.208451383183
--- testing 838 : set([8, 96, 105])p: 1.0
--- testing 839 : set([8, 4])p: 1.0
--- testing 840 : set([106, 2])p: 0.0197337740974
--- testing 841 : set([50, 14, 31])p: 1.0
--- testing 842 : set([26, 38, 31])p: 1.0
--- testing 843 : set([10, 14, 31])p: 1.0
--- testing 844 : set([105, 53, 86])p: 1.0
--- testing 845 : set([10, 86])p: 0.0197337740974
--- testing 846 : set([50, 14, 95])p: 1.0
--- testing 847 : set([50, 38, 95])p: 1.0
--- testing 848 : set([50, 34, 95])p: 1.0
--- testing 849 : set([26, 50, 95])p: 1.0
--- testing 850 : set([105, 53, 95])p: 1.0
--- testing 851 : set([86, 95])p: 1.0
--- testing 852 : set([105, 60, 53])p: 1.0
--- testing 853 : set([2, 60, 14])p: 0.0197337740974
--- testing 854 : set([105, 14, 54])p: 0.208451383183
--- testing 855 : set([105, 38, 54])p: 0.208451383183
--- testing 856 : set([26, 38, 54])p: 0.208451383183
--- testing 857 : set([53, 54])p: 0.208451383183
--- testing 858 : set([36, 14, 38])p: 0.208451383183
--- testing 859 : set([92, 14, 38])p: 0.208451383183
--- testing 860 : set([105, 38, 39])p: 0.208451383183
--- testing 861 : set([34, 14, 39])p: 1.0
--- testing 862 : set([34, 38, 39])p: 1.0
--- testing 863 : set([53, 39])p: 1.0
--- testing 864 : set([2, 38, 39])p: 0.208451383183
--- testing 865 : set([10, 14, 39])p: 0.208451383183
--- testing 866 : set([105, 98, 14])p: 0.208451383183
--- testing 867 : set([105, 14, 55])p: 0.0197337740974
--- testing 868 : set([53, 55])p: 0.208451383183
--- testing 869 : set([78, 55])p: 0.208451383183
--- testing 870 : set([41, 14, 38])p: 0.208451383183
--- testing 871 : set([41, 34, 14])p: 1.0
--- testing 872 : set([41, 39])p: 0.208451383183
--- testing 873 : set([38, 62])p: 1.0
--- testing 874 : set([26, 62])p: 0.0197337740974
--- testing 875 : set([74, 26])p: 0.208451383183
--- testing 876 : set([64, 38])p: 0.208451383183
--- testing 877 : set([34, 84])p: 1.0
--- testing 878 : set([26, 84])p: 0.0197337740974
--- testing 879 : set([100, 14])p: 0.208451383183
--- testing 880 : set([12, 14])p: 0.0197337740974
--- testing 881 : set([3])p: 1.0
--- testing 882 : set([17])p: 1.0
--- testing 883 : set([24])p: 1.0
--- testing 884 : set([27])p: 1.0
--- testing 885 : set([81])p: 1.0
--- testing 886 : set([83])p: 1.0
--- testing 887 : set([105, 50, 34, 53, 38])p: 1.0
--- testing 888 : set([105, 26, 14, 53, 38])p: 0.176998448335
--- testing 889 : set([26, 34, 53, 14])p: 1.0
--- testing 890 : set([34, 105, 26, 50, 53])p: 1.0
--- testing 891 : set([50, 14, 34, 78])p: 0.176998448335
--- testing 892 : set([105, 26, 14, 38, 78])p: 0.000523898855855
--- testing 893 : set([105, 26, 14, 34, 78])p: 1.0
--- testing 894 : set([105, 26, 38, 50, 78])p: 0.0134951921086
--- testing 895 : set([14, 38, 53, 78])p: 0.176998448335
--- testing 896 : set([26, 14, 53, 78])p: 0.176998448335
--- testing 897 : set([105, 2, 50, 26, 14])p: 0.176998448335
--- testing 898 : set([105, 2, 14, 53, 38])p: 0.176998448335
--- testing 899 : set([105, 2, 34, 53, 14])p: 0.176998448335
--- testing 900 : set([34, 105, 2, 50, 53])p: 0.176998448335
--- testing 901 : set([105, 2, 14, 78])p: 0.176998448335
--- testing 902 : set([105, 2, 38, 78])p: 0.0134951921086
--- testing 903 : set([105, 2, 34, 50, 78])p: 0.176998448335
--- testing 904 : set([80, 105, 50, 38])p: 1.0
--- testing 905 : set([80, 26, 14, 38])p: 0.176998448335
--- testing 906 : set([80, 34, 53])p: 0.176998448335
--- testing 907 : set([80, 105, 50, 53, 14])p: 0.0134951921086
--- testing 908 : set([80, 26, 53])p: 1.0
--- testing 909 : set([80, 105, 53, 78])p: 1.0
--- testing 910 : set([80, 2, 14, 38])p: 0.000523898855855
--- testing 911 : set([80, 2, 26, 14])p: 0.176998448335
--- testing 912 : set([105, 10, 34, 14])p: 1.0
--- testing 913 : set([105, 10, 34, 50])p: 0.176998448335
--- testing 914 : set([105, 10, 50, 53])p: 1.0
--- testing 915 : set([10, 38, 34, 78])p: 0.176998448335
--- testing 916 : set([105, 10, 2])p: 0.176998448335
--- testing 917 : set([80, 105, 10])p: 1.0
--- testing 918 : set([80, 10, 34])p: 0.176998448335
--- testing 919 : set([96, 26, 14, 38])p: 1.0
--- testing 920 : set([96, 34, 14, 78])p: 1.0
--- testing 921 : set([96, 50, 14, 78])p: 1.0
--- testing 922 : set([96, 26, 78])p: 0.176998448335
--- testing 923 : set([96, 105, 2, 38])p: 0.176998448335
--- testing 924 : set([96, 105, 2, 50])p: 0.176998448335
--- testing 925 : set([96, 2, 26])p: 0.0134951921086
--- testing 926 : set([96, 2, 78])p: 0.0134951921086
--- testing 927 : set([96, 80, 38])p: 1.0
--- testing 928 : set([96, 105, 10])p: 0.0134951921086
--- testing 929 : set([96, 10, 14, 38])p: 0.176998448335
--- testing 930 : set([96, 10, 34])p: 0.0134951921086
--- testing 931 : set([105, 50, 34, 85, 38])p: 0.176998448335
--- testing 932 : set([105, 26, 85, 38])p: 0.176998448335
--- testing 933 : set([34, 85, 38, 53])p: 1.0
--- testing 934 : set([105, 50, 85, 14, 53])p: 0.176998448335
--- testing 935 : set([105, 14, 85, 78])p: 0.176998448335
--- testing 936 : set([50, 14, 85, 78])p: 0.176998448335
--- testing 937 : set([105, 2, 85, 14])p: 0.176998448335
--- testing 938 : set([2, 14, 85, 38])p: 0.176998448335
--- testing 939 : set([105, 2, 34, 85])p: 0.0134951921086
--- testing 940 : set([105, 2, 50, 85])p: 0.0134951921086
--- testing 941 : set([2, 26, 85])p: 0.0134951921086
--- testing 942 : set([2, 85, 78])p: 0.0134951921086
--- testing 943 : set([80, 105, 34, 85])p: 0.176998448335
--- testing 944 : set([80, 50, 85, 14])p: 0.176998448335
--- testing 945 : set([80, 85, 53])p: 0.176998448335
--- testing 946 : set([80, 105, 85, 78])p: 1.0
--- testing 947 : set([105, 10, 85, 38])p: 0.0134951921086
--- testing 948 : set([10, 26, 85, 14])p: 0.176998448335
--- testing 949 : set([105, 10, 85, 78])p: 0.0134951921086
--- testing 950 : set([96, 105, 50, 85])p: 0.176998448335
--- testing 951 : set([96, 85, 78])p: 0.0134951921086
--- testing 952 : set([50, 4, 14])p: 1.0
--- testing 953 : set([50, 4, 38])p: 0.0134951921086
--- testing 954 : set([105, 26, 4, 38])p: 0.176998448335
--- testing 955 : set([4, 53, 14])p: 0.176998448335
--- testing 956 : set([4, 38, 78])p: 0.176998448335
--- testing 957 : set([2, 4, 38])p: 0.176998448335
--- testing 958 : set([105, 10, 4])p: 0.0134951921086
--- testing 959 : set([10, 4, 14, 38])p: 0.176998448335
--- testing 960 : set([96, 4, 38])p: 0.0134951921086
--- testing 961 : set([96, 2, 4])p: 0.176998448335
--- testing 962 : set([34, 4, 85])p: 0.0134951921086
--- testing 963 : set([105, 38, 6])p: 0.176998448335
--- testing 964 : set([50, 14, 6])p: 1.0
--- testing 965 : set([26, 38, 6])p: 0.176998448335
--- testing 966 : set([53, 6])p: 0.176998448335
--- testing 967 : set([105, 78, 6])p: 1.0
--- testing 968 : set([2, 6])p: 0.0134951921086
--- testing 969 : set([4, 6])p: 0.176998448335
--- testing 970 : set([105, 34, 23])p: 1.0
--- testing 971 : set([50, 14, 23])p: 0.0134951921086
--- testing 972 : set([50, 38, 23])p: 0.176998448335
--- testing 973 : set([53, 14, 23])p: 1.0
--- testing 974 : set([50, 53, 23])p: 1.0
--- testing 975 : set([105, 78, 23])p: 1.0
--- testing 976 : set([105, 2, 23])p: 1.0
--- testing 977 : set([85, 23])p: 0.0134951921086
--- testing 978 : set([38, 6, 23])p: 1.0
--- testing 979 : set([8, 105, 38])p: 1.0
--- testing 980 : set([8, 105, 53])p: 1.0
--- testing 981 : set([8, 80])p: 0.176998448335
--- testing 982 : set([8, 96, 34])p: 1.0
--- testing 983 : set([8, 85])p: 1.0
--- testing 984 : set([106, 14, 38])p: 1.0
--- testing 985 : set([106, 50, 14])p: 1.0
--- testing 986 : set([105, 106, 50, 53])p: 0.176998448335
--- testing 987 : set([106, 26, 78])p: 0.176998448335
--- testing 988 : set([105, 106, 10])p: 1.0
--- testing 989 : set([96, 106, 14])p: 0.176998448335
--- testing 990 : set([34, 14, 31])p: 0.0134951921086
--- testing 991 : set([105, 26, 14, 31])p: 0.176998448335
--- testing 992 : set([96, 14, 31])p: 0.176998448335
--- testing 993 : set([85, 14, 31])p: 0.176998448335
--- testing 994 : set([96, 85, 31])p: 0.176998448335
--- testing 995 : set([105, 78, 86])p: 1.0
--- testing 996 : set([50, 78, 86])p: 1.0
--- testing 997 : set([4, 86])p: 0.176998448335
--- testing 998 : set([6, 86])p: 0.0134951921086
--- testing 999 : set([105, 26, 95])p: 1.0
--- testing 1000 : set([26, 14, 38, 95])p: 1.0
--- testing 1001 : set([26, 34, 14, 95])p: 1.0
--- testing 1002 : set([2, 26, 95])p: 0.176998448335
--- testing 1003 : set([10, 95])p: 1.0
--- testing 1004 : set([96, 38, 95])p: 1.0
--- testing 1005 : set([8, 95])p: 1.0
--- testing 1006 : set([106, 95])p: 0.176998448335
--- testing 1007 : set([34, 60, 38])p: 1.0
--- testing 1008 : set([26, 60, 38])p: 1.0
--- testing 1009 : set([10, 60, 14])p: 1.0
--- testing 1010 : set([20, 53])p: 1.0
--- testing 1011 : set([34, 20, 78])p: 1.0
--- testing 1012 : set([2, 20])p: 0.176998448335
--- testing 1013 : set([10, 20])p: 1.0
--- testing 1014 : set([20, 6])p: 1.0
--- testing 1015 : set([2, 38, 71])p: 0.000523898855855
--- testing 1016 : set([80, 54])p: 1.0
--- testing 1017 : set([4, 54])p: 0.176998448335
--- testing 1018 : set([105, 50, 36, 53])p: 1.0
--- testing 1019 : set([2, 36])p: 0.0134951921086
--- testing 1020 : set([80, 36])p: 0.176998448335
--- testing 1021 : set([10, 36, 14])p: 1.0
--- testing 1022 : set([96, 36])p: 1.0
--- testing 1023 : set([26, 92, 14, 38])p: 0.176998448335
--- testing 1024 : set([26, 92, 34])p: 1.0
--- testing 1025 : set([105, 50, 92, 53])p: 1.0
--- testing 1026 : set([105, 92, 78])p: 1.0
--- testing 1027 : set([2, 92])p: 1.0
--- testing 1028 : set([32, 105, 34])p: 1.0
--- testing 1029 : set([32, 50])p: 1.0
--- testing 1030 : set([34, 14, 38, 39])p: 1.0
--- testing 1031 : set([80, 39])p: 0.176998448335
--- testing 1032 : set([105, 98, 50])p: 1.0
--- testing 1033 : set([98, 2, 14])p: 0.000523898855855
--- testing 1034 : set([98, 85, 14])p: 0.176998448335
--- testing 1035 : set([14, 38, 55])p: 0.000523898855855
--- testing 1036 : set([105, 50, 53, 55])p: 0.176998448335
--- testing 1037 : set([57, 50, 105])p: 1.0
--- testing 1038 : set([57, 2])p: 0.176998448335
--- testing 1039 : set([34, 15])p: 1.0
--- testing 1040 : set([41, 50])p: 1.0
--- testing 1041 : set([41, 10])p: 0.176998448335
--- testing 1042 : set([96, 41])p: 1.0
--- testing 1043 : set([14, 62])p: 0.0134951921086
--- testing 1044 : set([74, 14])p: 0.176998448335
--- testing 1045 : set([64, 34])p: 0.176998448335
--- testing 1046 : set([84, 38])p: 0.176998448335
--- testing 1047 : set([56, 14])p: 0.176998448335
--- testing 1048 : set([56, 2])p: 0.176998448335
--- testing 1049 : set([14, 7])p: 1.0
--- testing 1050 : set([38, 7])p: 1.0
--- testing 1051 : set([14, 103])p: 1.0
--- testing 1052 : set([26, 103])p: 1.0
--- testing 1053 : set([72, 105])p: 1.0
--- testing 1054 : set([25, 14])p: 0.0134951921086
--- testing 1055 : set([105, 61])p: 1.0
--- testing 1056 : set([91, 14])p: 1.0
--- testing 1057 : set([105, 91])p: 1.0
--- testing 1058 : set([48, 38])p: 0.176998448335
--- testing 1059 : set([105, 63])p: 1.0
--- testing 1060 : set([34, 67])p: 1.0
--- testing 1061 : set([105, 19])p: 1.0
--- testing 1062 : set([65, 38])p: 1.0
--- testing 1063 : set([11])p: 1.0
--- testing 1064 : set([47])p: 1.0
--- testing 1065 : set([68])p: 1.0
--- testing 1066 : set([14, 26, 34, 50, 38])p: 1.0
--- testing 1067 : set([38, 105, 14, 50, 53, 26])p: 0.14429779709
--- testing 1068 : set([38, 105, 14, 50, 78, 26])p: 0.00830667480748
--- testing 1069 : set([26, 34, 50, 78])p: 0.14429779709
--- testing 1070 : set([105, 14, 38, 53, 78])p: 0.14429779709
--- testing 1071 : set([34, 38, 53, 78])p: 1.0
--- testing 1072 : set([105, 26, 14, 53, 78])p: 0.14429779709
--- testing 1073 : set([105, 2, 34, 50, 38])p: 0.14429779709
--- testing 1074 : set([105, 2, 34, 26])p: 1.0
--- testing 1075 : set([14, 2, 50, 26, 38])p: 0.14429779709
--- testing 1076 : set([34, 2, 50, 26])p: 0.00830667480748
--- testing 1077 : set([2, 38, 105, 14, 50, 53])p: 0.14429779709
--- testing 1078 : set([2, 26, 53, 14])p: 0.00830667480748
--- testing 1079 : set([50, 105, 2, 26, 53])p: 0.14429779709
--- testing 1080 : set([2, 38, 34, 78])p: 0.14429779709
--- testing 1081 : set([105, 2, 14, 50, 78])p: 0.14429779709
--- testing 1082 : set([105, 2, 38, 50, 78])p: 0.00830667480748
--- testing 1083 : set([2, 34, 26, 78])p: 0.14429779709
--- testing 1084 : set([2, 50, 26, 78])p: 0.00830667480748
--- testing 1085 : set([105, 2, 50, 53, 78])p: 0.14429779709
--- testing 1086 : set([80, 34, 14, 38])p: 1.0
--- testing 1087 : set([80, 105, 50, 34])p: 0.14429779709
--- testing 1088 : set([80, 105, 26, 38])p: 1.0
--- testing 1089 : set([80, 26, 53, 38])p: 1.0
--- testing 1090 : set([80, 105, 50, 14, 78])p: 1.0
--- testing 1091 : set([80, 2, 50, 14])p: 0.00830667480748
--- testing 1092 : set([80, 2, 78])p: 0.14429779709
--- testing 1093 : set([105, 10, 14, 50, 38])p: 1.0
--- testing 1094 : set([105, 10, 34, 50, 38])p: 0.14429779709
--- testing 1095 : set([105, 10, 14, 26, 38])p: 0.14429779709
--- testing 1096 : set([10, 34, 26, 14])p: 1.0
--- testing 1097 : set([105, 10, 34, 26])p: 1.0
--- testing 1098 : set([10, 34, 26, 38])p: 1.0
--- testing 1099 : set([10, 50, 26])p: 1.0
--- testing 1100 : set([105, 10, 53, 38])p: 1.0
--- testing 1101 : set([105, 10, 38, 34, 78])p: 0.14429779709
--- testing 1102 : set([105, 10, 50, 78])p: 0.00830667480748
--- testing 1103 : set([105, 10, 2, 38])p: 0.14429779709
--- testing 1104 : set([10, 34, 2])p: 0.00830667480748
--- testing 1105 : set([10, 50, 2])p: 0.14429779709
--- testing 1106 : set([38, 10, 26, 2, 14])p: 0.14429779709
--- testing 1107 : set([96, 105, 50, 38])p: 0.14429779709
--- testing 1108 : set([96, 105, 50, 34])p: 0.14429779709
--- testing 1109 : set([96, 105, 26, 38])p: 1.0
--- testing 1110 : set([96, 26, 34, 38])p: 0.14429779709
--- testing 1111 : set([96, 26, 50])p: 0.14429779709
--- testing 1112 : set([96, 105, 53, 38])p: 1.0
--- testing 1113 : set([96, 105, 34, 53])p: 1.0
--- testing 1114 : set([96, 14, 38, 78])p: 0.14429779709
--- testing 1115 : set([96, 105, 34, 78])p: 0.14429779709
--- testing 1116 : set([96, 105, 50, 14, 78])p: 1.0
--- testing 1117 : set([96, 2, 14, 38])p: 1.0
--- testing 1118 : set([96, 105, 2, 34])p: 0.14429779709
--- testing 1119 : set([96, 2, 34, 38])p: 0.14429779709
--- testing 1120 : set([96, 2, 53])p: 1.0
--- testing 1121 : set([96, 105, 2, 50, 78])p: 0.14429779709
--- testing 1122 : set([96, 80, 105])p: 1.0
--- testing 1123 : set([96, 105, 10, 34])p: 0.00830667480748
--- testing 1124 : set([96, 10, 78])p: 0.00830667480748
--- testing 1125 : set([105, 50, 14, 85, 38])p: 1.0
--- testing 1126 : set([105, 26, 50, 85])p: 0.14429779709
--- testing 1127 : set([14, 85, 38, 53])p: 1.0
--- testing 1128 : set([34, 85, 14, 53])p: 0.14429779709
--- testing 1129 : set([105, 34, 85, 38, 53])p: 1.0
--- testing 1130 : set([105, 50, 85, 38, 53])p: 1.0
--- testing 1131 : set([105, 50, 34, 85, 53])p: 0.14429779709
--- testing 1132 : set([105, 38, 85, 78])p: 0.14429779709
--- testing 1133 : set([26, 14, 85, 78])p: 1.0
--- testing 1134 : set([105, 2, 85, 38])p: 0.14429779709
--- testing 1135 : set([80, 105, 50, 85, 14])p: 0.14429779709
--- testing 1136 : set([105, 10, 85, 14])p: 0.14429779709
--- testing 1137 : set([10, 34, 85])p: 0.14429779709
--- testing 1138 : set([96, 34, 85, 14])p: 0.14429779709
--- testing 1139 : set([96, 34, 85, 38])p: 0.00021569973128
--- testing 1140 : set([96, 105, 50, 85, 14])p: 1.0
--- testing 1141 : set([96, 50, 34, 85])p: 0.00830667480748
--- testing 1142 : set([96, 34, 85, 78])p: 0.14429779709
--- testing 1143 : set([96, 2, 85, 38])p: 0.14429779709
--- testing 1144 : set([96, 80, 85])p: 0.14429779709
--- testing 1145 : set([105, 50, 4, 34])p: 0.14429779709
--- testing 1146 : set([26, 4, 14, 38])p: 0.14429779709
--- testing 1147 : set([26, 4, 50])p: 0.14429779709
--- testing 1148 : set([105, 4, 53, 14])p: 1.0
--- testing 1149 : set([26, 4, 53])p: 0.14429779709
--- testing 1150 : set([80, 105, 4])p: 1.0
--- testing 1151 : set([80, 4, 38])p: 1.0
--- testing 1152 : set([10, 4, 26])p: 0.14429779709
--- testing 1153 : set([105, 4, 85])p: 0.00830667480748
--- testing 1154 : set([50, 4, 85])p: 0.00830667480748
--- testing 1155 : set([26, 4, 85])p: 0.00830667480748
--- testing 1156 : set([105, 14, 38, 6])p: 0.14429779709
--- testing 1157 : set([34, 14, 38, 6])p: 1.0
--- testing 1158 : set([105, 50, 6])p: 1.0
--- testing 1159 : set([26, 34, 6])p: 1.0
--- testing 1160 : set([10, 6])p: 0.14429779709
--- testing 1161 : set([105, 26, 23])p: 1.0
--- testing 1162 : set([34, 53, 23])p: 1.0
--- testing 1163 : set([105, 50, 53, 23])p: 1.0
--- testing 1164 : set([2, 53, 23])p: 1.0
--- testing 1165 : set([80, 23])p: 0.14429779709
--- testing 1166 : set([4, 23])p: 0.14429779709
--- testing 1167 : set([34, 6, 23])p: 1.0
--- testing 1168 : set([8, 34, 14, 38])p: 1.0
--- testing 1169 : set([8, 105, 50, 14])p: 1.0
--- testing 1170 : set([8, 105, 26])p: 1.0
--- testing 1171 : set([8, 26, 38])p: 1.0
--- testing 1172 : set([8, 53, 78])p: 1.0
--- testing 1173 : set([8, 2, 78])p: 0.14429779709
--- testing 1174 : set([8, 96, 38])p: 1.0
--- testing 1175 : set([8, 96, 26])p: 1.0
--- testing 1176 : set([8, 96, 78])p: 0.14429779709
--- testing 1177 : set([8, 105, 23])p: 1.0
--- testing 1178 : set([105, 106, 38])p: 1.0
--- testing 1179 : set([106, 34, 14])p: 1.0
--- testing 1180 : set([105, 106, 50, 14])p: 1.0
--- testing 1181 : set([106, 50, 38])p: 0.14429779709
--- testing 1182 : set([106, 34, 50])p: 1.0
--- testing 1183 : set([106, 26, 14])p: 0.14429779709
--- testing 1184 : set([105, 106, 26])p: 1.0
--- testing 1185 : set([106, 34, 26])p: 1.0
--- testing 1186 : set([106, 14, 78])p: 0.14429779709
--- testing 1187 : set([106, 4])p: 1.0
--- testing 1188 : set([106, 6])p: 1.0
--- testing 1189 : set([26, 34, 14, 31])p: 0.14429779709
--- testing 1190 : set([105, 26, 34, 31])p: 0.14429779709
--- testing 1191 : set([26, 50, 31])p: 0.14429779709
--- testing 1192 : set([26, 53, 31])p: 1.0
--- testing 1193 : set([105, 78, 31])p: 1.0
--- testing 1194 : set([2, 26, 31])p: 0.14429779709
--- testing 1195 : set([85, 38, 31])p: 0.14429779709
--- testing 1196 : set([105, 34, 86])p: 1.0
--- testing 1197 : set([50, 38, 86])p: 0.14429779709
--- testing 1198 : set([105, 50, 78, 86])p: 1.0
--- testing 1199 : set([96, 105, 86])p: 1.0
--- testing 1200 : set([85, 86])p: 0.14429779709
--- testing 1201 : set([86, 23])p: 1.0
--- testing 1202 : set([8, 86])p: 1.0
--- testing 1203 : set([105, 38, 95])p: 1.0
--- testing 1204 : set([34, 14, 38, 95])p: 1.0
--- testing 1205 : set([50, 14, 38, 95])p: 1.0
--- testing 1206 : set([105, 50, 34, 95])p: 1.0
--- testing 1207 : set([50, 34, 38, 95])p: 1.0
--- testing 1208 : set([26, 50, 38, 95])p: 1.0
--- testing 1209 : set([26, 34, 50, 95])p: 1.0
--- testing 1210 : set([53, 14, 95])p: 1.0
--- testing 1211 : set([34, 53, 95])p: 1.0
--- testing 1212 : set([105, 2, 95])p: 1.0
--- testing 1213 : set([2, 34, 95])p: 1.0
--- testing 1214 : set([96, 26, 14, 95])p: 1.0
--- testing 1215 : set([96, 26, 38, 95])p: 1.0
--- testing 1216 : set([105, 85, 95])p: 1.0
--- testing 1217 : set([34, 85, 95])p: 1.0
--- testing 1218 : set([26, 85, 95])p: 1.0
--- testing 1219 : set([8, 26, 95])p: 1.0
--- testing 1220 : set([106, 34, 95])p: 1.0
--- testing 1221 : set([26, 31, 95])p: 1.0
--- testing 1222 : set([50, 60, 38])p: 1.0
--- testing 1223 : set([105, 50, 60, 53])p: 1.0
--- testing 1224 : set([60, 14, 78])p: 0.14429779709
--- testing 1225 : set([60, 85])p: 1.0
--- testing 1226 : set([105, 34, 20])p: 1.0
--- testing 1227 : set([26, 20])p: 0.14429779709
--- testing 1228 : set([105, 20, 53])p: 1.0
--- testing 1229 : set([96, 20])p: 1.0
--- testing 1230 : set([105, 14, 71])p: 0.14429779709
--- testing 1231 : set([105, 38, 71])p: 1.0
--- testing 1232 : set([34, 71])p: 0.14429779709
--- testing 1233 : set([26, 71])p: 1.0
--- testing 1234 : set([10, 71])p: 1.0
--- testing 1235 : set([4, 71])p: 1.0
--- testing 1236 : set([50, 54])p: 1.0
--- testing 1237 : set([78, 54])p: 1.0
--- testing 1238 : set([96, 38, 54])p: 0.00830667480748
--- testing 1239 : set([85, 54])p: 0.14429779709
--- testing 1240 : set([105, 36, 14])p: 1.0
--- testing 1241 : set([105, 34, 36])p: 1.0
--- testing 1242 : set([26, 92, 53])p: 1.0
--- testing 1243 : set([105, 50, 92, 78])p: 1.0
--- testing 1244 : set([92, 86])p: 1.0
--- testing 1245 : set([90, 14, 38])p: 1.0
--- testing 1246 : set([90, 34])p: 0.00830667480748
--- testing 1247 : set([105, 90, 50])p: 1.0
--- testing 1248 : set([90, 26, 14])p: 0.14429779709
--- testing 1249 : set([90, 85])p: 1.0
--- testing 1250 : set([32, 26])p: 1.0
--- testing 1251 : set([32, 53])p: 1.0
--- testing 1252 : set([105, 14, 39])p: 0.14429779709
--- testing 1253 : set([50, 39])p: 0.14429779709
--- testing 1254 : set([26, 34, 39])p: 1.0
--- testing 1255 : set([53, 38, 39])p: 1.0
--- testing 1256 : set([2, 14, 39])p: 1.0
--- testing 1257 : set([80, 38, 39])p: 0.14429779709
--- testing 1258 : set([10, 38, 39])p: 0.14429779709
--- testing 1259 : set([96, 14, 39])p: 0.14429779709
--- testing 1260 : set([96, 105, 39])p: 1.0
--- testing 1261 : set([96, 38, 39])p: 0.14429779709
--- testing 1262 : set([98, 50, 14])p: 0.14429779709
--- testing 1263 : set([98, 26, 14])p: 0.00830667480748
--- testing 1264 : set([105, 98, 53])p: 1.0
--- testing 1265 : set([98, 50, 53])p: 1.0
--- testing 1266 : set([98, 78])p: 0.00830667480748
--- testing 1267 : set([98, 34, 2])p: 0.00830667480748
--- testing 1268 : set([98, 23])p: 1.0
--- testing 1269 : set([98, 31])p: 1.0
--- testing 1270 : set([80, 55])p: 1.0
--- testing 1271 : set([4, 55])p: 0.14429779709
--- testing 1272 : set([57, 14, 105])p: 0.14429779709
--- testing 1273 : set([57, 14, 38])p: 1.0
--- testing 1274 : set([57, 38, 105])p: 1.0
--- testing 1275 : set([57, 26, 14])p: 0.14429779709
--- testing 1276 : set([57, 26, 105])p: 0.14429779709
--- testing 1277 : set([57, 53])p: 1.0
--- testing 1278 : set([57, 78, 105])p: 1.0
--- testing 1279 : set([50, 15])p: 1.0
--- testing 1280 : set([80, 15])p: 0.00830667480748
--- testing 1281 : set([41, 14, 105])p: 0.14429779709
--- testing 1282 : set([41, 50, 34])p: 1.0
--- testing 1283 : set([41, 26, 14])p: 1.0
--- testing 1284 : set([41, 26, 34])p: 1.0
--- testing 1285 : set([41, 106])p: 1.0
--- testing 1286 : set([41, 34, 95])p: 1.0
--- testing 1287 : set([41, 38, 39])p: 0.14429779709
--- testing 1288 : set([74, 34])p: 1.0
--- testing 1289 : set([96, 74])p: 0.14429779709
--- testing 1290 : set([64, 96])p: 1.0
--- testing 1291 : set([2, 69])p: 0.14429779709
--- testing 1292 : set([84, 78])p: 0.14429779709
--- testing 1293 : set([56, 34])p: 1.0
--- testing 1294 : set([14, 22])p: 1.0
--- testing 1295 : set([72, 34])p: 1.0
--- testing 1296 : set([72, 50])p: 1.0
--- testing 1297 : set([10, 101])p: 1.0
--- testing 1298 : set([10, 100])p: 0.14429779709
--- testing 1299 : set([91, 38])p: 1.0
--- testing 1300 : set([16, 38])p: 1.0
--- testing 1301 : set([105, 66])p: 1.0
--- testing 1302 : set([21, 14])p: 0.14429779709
--- testing 1303 : set([26, 21])p: 1.0
--- testing 1304 : set([34, 63])p: 1.0
--- testing 1305 : set([73, 105])p: 1.0
--- testing 1306 : set([12, 38])p: 0.14429779709
--- testing 1307 : set([14, 70])p: 0.14429779709
--- testing 1308 : set([105, 34, 67])p: 1.0
--- testing 1309 : set([82, 14])p: 1.0
--- testing 1310 : set([105, 45])p: 1.0
--- testing 1311 : set([26, 99])p: 1.0
--- testing 1312 : set([37])p: 1.0
--- testing 1313 : set([40])p: 0.00830667480748
--- testing 1314 : set([51])p: 1.0
--- testing 1315 : set([59])p: 0.14429779709
--- testing 1316 : set([87])p: 1.0
